AGG 28009.3 AMYLO 1.68514e+06 TURN 3512.37 HELIX 157.472 HELAGG 0 BETA 13225
AGG 13864.5 AMYLO 3032.53 TURN 2166.9 HELIX 126.793 HELAGG 0 BETA 6840.85
AGG 23141.9 AMYLO 609537 TURN 3989.74 HELIX 124.388 HELAGG 0 BETA 11264.9
AGG 28964.6 AMYLO 1.05887e+06 TURN 4324.14 HELIX -nan HELAGG inf BETA 13823.2
AGG 34540.4 AMYLO 1.0113e+07 TURN 6615.18 HELIX 546.222 HELAGG 0 BETA 15909
AGG 32762.2 AMYLO 954925 TURN 5325.48 HELIX -nan HELAGG inf BETA 14195.2
AGG 13756.3 AMYLO 884363 TURN 2926.2 HELIX 226.571 HELAGG 0 BETA 6666.51
AGG 13533.1 AMYLO 1.35823e+06 TURN 1377.03 HELIX 363.08 HELAGG 0 BETA 5356.19
AGG 4371.17 AMYLO 25317.8 TURN 608.251 HELIX 105.423 HELAGG 0 BETA 1971.12
AGG 5745.89 AMYLO 428463 TURN 457.991 HELIX 98.7654 HELAGG 0 BETA 2092.38
AGG 5037.44 AMYLO 374483 TURN 438.067 HELIX 100.067 HELAGG 0 BETA 1885.73
AGG 10596.3 AMYLO 729357 TURN 1557.69 HELIX 159.971 HELAGG 0.000296157 BETA 4422.88
AGG 6851.06 AMYLO 146286 TURN 934.444 HELIX 147.687 HELAGG 0 BETA 2902.35
AGG 4029.2 AMYLO 40259 TURN 1128.48 HELIX 152.093 HELAGG 4.1151e-09 BETA 1384.53
AGG 18581.9 AMYLO 1.15336e+06 TURN 2389.85 HELIX 124.596 HELAGG 0 BETA 10354.1
AGG 3131.83 AMYLO 16150.8 TURN 594.962 HELIX 82.681 HELAGG 0 BETA 1827.58
AGG 5771.16 AMYLO 11.0912 TURN 486.453 HELIX 122.991 HELAGG 0.103702 BETA 1920.46
AGG 4235.46 AMYLO 18388.2 TURN 953.083 HELIX 165.799 HELAGG 0.000798694 BETA 1752.03
AGG 3476.15 AMYLO 19064.2 TURN 871.886 HELIX 166.199 HELAGG 0.000798694 BETA 1694.79
AGG 14909.3 AMYLO 1.84045e+06 TURN 2729.55 HELIX 168.673 HELAGG 0.00545818 BETA 5866.16
AGG 11497.2 AMYLO 40793.6 TURN 1679.75 HELIX 81.8954 HELAGG 0 BETA 5633.86
AGG 7991.48 AMYLO 1.83815e+06 TURN 3400.18 HELIX 151.163 HELAGG 0.0110848 BETA 6563.96
AGG 5331.54 AMYLO 3.41188e+06 TURN 1172.26 HELIX 268.411 HELAGG 5.1543e-11 BETA 4283.44
AGG 19928.2 AMYLO 60.4205 TURN 2536.68 HELIX -nan HELAGG inf BETA 14105.5
AGG 3506.33 AMYLO 719649 TURN 1651.3 HELIX 132.25 HELAGG 7.26115e-07 BETA 3930.98
AGG 3839.42 AMYLO 0.053887 TURN 4936.34 HELIX 315.248 HELAGG 0 BETA 6912.83
AGG 4504.97 AMYLO 1.96792e+06 TURN 1845.91 HELIX 133.117 HELAGG 0 BETA 3731.96
AGG 5821.97 AMYLO 474001 TURN 489.127 HELIX 189.676 HELAGG 0.0538722 BETA 2888.31
AGG 3997.16 AMYLO 70.823 TURN 674.847 HELIX 64.6117 HELAGG 0 BETA 2951.51
AGG 4973.83 AMYLO 11.6113 TURN 1210.1 HELIX 121.549 HELAGG 0 BETA 1340.24
AGG 5810.57 AMYLO 418642 TURN 234.576 HELIX 188.781 HELAGG 0.000652536 BETA 1538.11
AGG 6764.33 AMYLO 866.202 TURN 188.55 HELIX 79.9554 HELAGG 0 BETA 1343.1
AGG 10596.8 AMYLO 494889 TURN 2240.35 HELIX 173.33 HELAGG 0 BETA 5648.31
AGG 3803.72 AMYLO 33.8134 TURN 704.641 HELIX 137.164 HELAGG 0 BETA 2214.99
AGG 1914.93 AMYLO 927971 TURN 1578.67 HELIX 85.0583 HELAGG 0 BETA 2475.87
AGG 2051.46 AMYLO 54268.2 TURN 1811.64 HELIX 105.016 HELAGG 0 BETA 1145.97
AGG 2066.6 AMYLO 765369 TURN 1298.48 HELIX 180.608 HELAGG 2.16169e-09 BETA 1238.82
AGG 8615.01 AMYLO 763362 TURN 2126.12 HELIX 217.253 HELAGG 0 BETA 5265.87
AGG 2862.28 AMYLO 710256 TURN 1521.92 HELIX 103.767 HELAGG 0 BETA 2272.21
AGG 4259.3 AMYLO 31.1427 TURN 517.52 HELIX 187.402 HELAGG 5.72963e-11 BETA 2155.57
AGG 9327.22 AMYLO 294373 TURN 223.17 HELIX 110.179 HELAGG 0 BETA 2325.2
AGG 3592.48 AMYLO 616602 TURN 4118.69 HELIX 82.4295 HELAGG 0 BETA 1806.95
AGG 3880.9 AMYLO 33.7325 TURN 640.89 HELIX 147.653 HELAGG 0 BETA 2542.49
AGG 4171.61 AMYLO 33.4391 TURN 711.176 HELIX 253.414 HELAGG 6.33542e-08 BETA 2302.45
AGG 1918.04 AMYLO 788588 TURN 791.415 HELIX 157.625 HELAGG 0.000175921 BETA 1433.02
AGG 2156.68 AMYLO 902632 TURN 915.63 HELIX 290.571 HELAGG 0.000225737 BETA 1467.46
AGG 1654.78 AMYLO 1.25484e+07 TURN 1490.9 HELIX 318.051 HELAGG 0 BETA 4679.99
AGG 3030.15 AMYLO 333100 TURN 176.316 HELIX 187.492 HELAGG 0 BETA 1051.22
AGG 4735.72 AMYLO 0.00776119 TURN 256.272 HELIX 71.1935 HELAGG 0 BETA 1925.06
AGG 2465.57 AMYLO 10.4366 TURN 172.967 HELIX 99.7885 HELAGG 0 BETA 1319.89
AGG 3424.73 AMYLO 362076 TURN 120.844 HELIX 63.7272 HELAGG 0 BETA 1268.5
AGG 4595.04 AMYLO 366266 TURN 116.135 HELIX 64.9135 HELAGG 0 BETA 1277.44
AGG 3205.64 AMYLO 693670 TURN 102.627 HELIX 83.1621 HELAGG 7.50963e-10 BETA 1433.82
AGG 3444.77 AMYLO 364937 TURN 144.289 HELIX 115.766 HELAGG 0 BETA 1254.93
AGG 3996.32 AMYLO 364351 TURN 133.191 HELIX 96.6387 HELAGG 0 BETA 1273.51
AGG 2799.38 AMYLO 1632.16 TURN 98.7207 HELIX 62.7376 HELAGG 0 BETA 783.946
AGG 4526.51 AMYLO 105797 TURN 69.3779 HELIX 299.796 HELAGG 8734.19 BETA 662.484
AGG 2252.11 AMYLO 147536 TURN 74.778 HELIX 62.0092 HELAGG 0 BETA 554.994
AGG 1807.42 AMYLO 313740 TURN 126.967 HELIX 47.7099 HELAGG 0 BETA 759.874
AGG 3387.04 AMYLO 288766 TURN 171.432 HELIX 160.182 HELAGG 0 BETA 1473.37
AGG 3289.64 AMYLO 205615 TURN 194.301 HELIX 306.613 HELAGG 4.19613 BETA 1068.58
AGG 1225.26 AMYLO 468166 TURN 258.044 HELIX 99.7054 HELAGG 0 BETA 932.634
AGG 474.173 AMYLO 22775.7 TURN 110.431 HELIX 54.0386 HELAGG 0 BETA 679.17
AGG 2929.25 AMYLO 208585 TURN 200.588 HELIX 180.023 HELAGG 0 BETA 1197.81
AGG 2463.97 AMYLO 470698 TURN 127.426 HELIX 190.835 HELAGG 0.0013536 BETA 1351.32
AGG 4120.38 AMYLO 350541 TURN 220.975 HELIX 184.63 HELAGG 0.0969641 BETA 2366.91
AGG 3976.44 AMYLO 958.182 TURN 211.991 HELIX 121.811 HELAGG 2.33243 BETA 1263.4
AGG 2709.24 AMYLO 0.0604315 TURN 174.997 HELIX 128.662 HELAGG 42.2597 BETA 1002.61
AGG 1400.81 AMYLO 673796 TURN 181.064 HELIX 155.677 HELAGG 9.19496e-07 BETA 1008.24
AGG 1965.07 AMYLO 366.214 TURN 77.5211 HELIX 54.4334 HELAGG 0 BETA 689.347
AGG 2040.05 AMYLO 189447 TURN 98.1719 HELIX 74.6569 HELAGG 0 BETA 739.426
AGG 7076.95 AMYLO 456.745 TURN 412.91 HELIX 223.16 HELAGG 0.793576 BETA 3493.94
AGG 2280.05 AMYLO 76.5907 TURN 106.518 HELIX 121.275 HELAGG 0 BETA 791.334
AGG 3076.83 AMYLO 0.000176711 TURN 285.386 HELIX 241.922 HELAGG 0.0187237 BETA 1215.58
AGG 2233.99 AMYLO 0.196835 TURN 1884.21 HELIX 167.768 HELAGG 0 BETA 1580.45
AGG 7858.81 AMYLO 903.892 TURN 521.128 HELIX 101.176 HELAGG 0 BETA 2741.49
AGG 1494.82 AMYLO 1.1794e+06 TURN 226.489 HELIX 62.0181 HELAGG 0 BETA 1568.7
AGG 1851.65 AMYLO 0.729667 TURN 106.815 HELIX 124.823 HELAGG 0 BETA 637.449
AGG 4038.79 AMYLO -nan TURN 1542.46 HELIX 155.024 HELAGG 0.0136864 BETA 7616.44
AGG 3325.5 AMYLO 656246 TURN 294.733 HELIX 267.875 HELAGG 4.24921e-08 BETA 1390.35
AGG 3408.81 AMYLO -nan TURN 3383.85 HELIX 89.5178 HELAGG 0 BETA 15817.5
AGG 3523.99 AMYLO 2.21674e+06 TURN 746.923 HELIX 108.622 HELAGG 0 BETA 2033.92
AGG 1329.96 AMYLO 351910 TURN 192.457 HELIX 217.986 HELAGG 3.37236 BETA 867.02
AGG 2132.94 AMYLO 8930.29 TURN 100.204 HELIX 27.3458 HELAGG 0 BETA 714.847
AGG 5079.67 AMYLO 14452.9 TURN 1136 HELIX 120.719 HELAGG 0 BETA 2416.49
AGG 4260.76 AMYLO 251.479 TURN 1209.74 HELIX 137.928 HELAGG 0 BETA 2548.59
AGG 5662.61 AMYLO 772214 TURN 1864.69 HELIX 104.881 HELAGG 4.93356e-12 BETA 3214.03
AGG 5927.01 AMYLO 572752 TURN 1073.99 HELIX 221.551 HELAGG 0.000142825 BETA 4978.29
AGG 2420.86 AMYLO 520908 TURN 417.661 HELIX 210.432 HELAGG 0.175478 BETA 1623.77
AGG 2951.7 AMYLO 1.01442e+06 TURN 1095.91 HELIX 191.27 HELAGG 2.31374e-08 BETA 2524.71
AGG 4414.16 AMYLO 1.61926e+06 TURN 2599.3 HELIX 235.351 HELAGG 2.31523e-08 BETA 4965.49
AGG 5542.84 AMYLO 558213 TURN 471.074 HELIX 244.908 HELAGG 0.000598616 BETA 3287.04
AGG 7450.95 AMYLO 1.59751e+06 TURN 915.371 HELIX 183.491 HELAGG 0 BETA 4637.52
AGG 4406.37 AMYLO 814.248 TURN 2438.88 HELIX 150.829 HELAGG 0 BETA 2849.22
AGG 5971.62 AMYLO 445387 TURN 538.443 HELIX 251.419 HELAGG 0.00128469 BETA 3216.72
AGG 5191.94 AMYLO 758123 TURN 536.067 HELIX 252.259 HELAGG 0.00128469 BETA 3153.6
AGG 5514.21 AMYLO 558096 TURN 480.715 HELIX 220.47 HELAGG 1.42932e-10 BETA 3282.5
AGG 2743.06 AMYLO 1.06572e+06 TURN 729.792 HELIX 229.454 HELAGG 0.896187 BETA 1827.8
AGG 8499.63 AMYLO 1160.69 TURN 2107.46 HELIX 248.013 HELAGG 0.241933 BETA 8046.9
AGG 6415.51 AMYLO 2.48042e+06 TURN 805.042 HELIX 249.086 HELAGG 0 BETA 4864.27
AGG 1918.42 AMYLO 1.5832e+06 TURN 720.755 HELIX 185.703 HELAGG 1.46784e-08 BETA 1778.06
AGG 7688.37 AMYLO 678253 TURN 1440.82 HELIX 240.681 HELAGG 0.0299879 BETA 5478.83
AGG 5551.9 AMYLO 2.6626e+06 TURN 1047.44 HELIX 252.142 HELAGG 0 BETA 4985.13
AGG 4668.49 AMYLO 46167.6 TURN 687.989 HELIX 121.014 HELAGG 0 BETA 1716.33
AGG 8612.95 AMYLO 2.28752e+06 TURN 869.382 HELIX 231.512 HELAGG 0.00391981 BETA 4475.85
AGG 7405.43 AMYLO 769285 TURN 842.165 HELIX 364.417 HELAGG 0.0169683 BETA 4365.1
AGG 4628.47 AMYLO 191226 TURN 406.57 HELIX 115.45 HELAGG 0 BETA 2129.3
AGG 3832.85 AMYLO 379488 TURN 632.774 HELIX 100.911 HELAGG 0 BETA 1961.72
AGG 4848.44 AMYLO 429069 TURN 1416.21 HELIX 86.7999 HELAGG 0 BETA 1382.81
AGG 6978.42 AMYLO 3.34689e+06 TURN 749.002 HELIX 159.667 HELAGG 0 BETA 4941.11
AGG 6152.61 AMYLO 1.09918e+06 TURN 594.041 HELIX 233.969 HELAGG 3.31978 BETA 4527.04
AGG 894.166 AMYLO 4101.6 TURN 860.431 HELIX 70.4587 HELAGG 0 BETA 1375.48
AGG 5155.08 AMYLO 102010 TURN 1103.03 HELIX 112.487 HELAGG 0 BETA 6476.74
AGG 4141.53 AMYLO 284.171 TURN 170.41 HELIX 112.437 HELAGG 0 BETA 1004.7
AGG 4578.93 AMYLO 4287.22 TURN 198.384 HELIX 124.706 HELAGG 0 BETA 1036.49
AGG 2799.44 AMYLO 0.150409 TURN 1863.73 HELIX 240.411 HELAGG 1.46784e-08 BETA 5018.73
AGG 2566.99 AMYLO 1.54288e+06 TURN 1592.84 HELIX 105.804 HELAGG 0 BETA 1719.32
AGG 2396.44 AMYLO 5173.94 TURN 207.902 HELIX 100.796 HELAGG 0 BETA 1137.27
AGG 3690.33 AMYLO 822663 TURN 2022.98 HELIX 86.6431 HELAGG 0 BETA 1901.69
AGG 3654.22 AMYLO 1188.87 TURN 893.97 HELIX 98.5758 HELAGG 0.0058943 BETA 1597.41
AGG 3628.46 AMYLO 376170 TURN 223.047 HELIX 73.8786 HELAGG 0 BETA 1174.94
AGG 19455.3 AMYLO 858271 TURN 2047.22 HELIX -nan HELAGG inf BETA 10553
AGG 3016.83 AMYLO 176499 TURN 214.196 HELIX 129.761 HELAGG 0 BETA 1468.84
AGG 6974.69 AMYLO 966967 TURN 1092.96 HELIX 498.86 HELAGG 0.00367661 BETA 6159.2
AGG 8292.23 AMYLO 114.47 TURN 1398.23 HELIX 212.078 HELAGG 0 BETA 4604.88
AGG 3278.02 AMYLO 142.091 TURN 222.637 HELIX 153.07 HELAGG 0.699836 BETA 1143.63
AGG 3796.71 AMYLO 28339.9 TURN 229.871 HELIX 68.0257 HELAGG 0 BETA 1189.45
AGG 5624.44 AMYLO 172936 TURN 1296.69 HELIX 126.824 HELAGG 0 BETA 3546.62
AGG 5530.49 AMYLO 386957 TURN 920.64 HELIX 208.024 HELAGG 0 BETA 3268.35
AGG 5267.96 AMYLO 1.40156e+06 TURN 620.08 HELIX 134.803 HELAGG 0 BETA 3658.8
AGG 3444.5 AMYLO 22.4102 TURN 240.016 HELIX 85.4593 HELAGG 0 BETA 1528.87
AGG 3071.26 AMYLO 89.1678 TURN 219.3 HELIX 124.418 HELAGG 0.65909 BETA 1247.92
AGG 2729.51 AMYLO 56531.8 TURN 377.361 HELIX 123.482 HELAGG 128.841 BETA 1102.24
AGG 1159.47 AMYLO 15836.1 TURN 213.259 HELIX 53.6955 HELAGG 0 BETA 1052.96
AGG 5715.72 AMYLO 307950 TURN 990.821 HELIX 361.488 HELAGG 0 BETA 2922.98
AGG 3421.07 AMYLO 139.255 TURN 262.601 HELIX 153.875 HELAGG 0.699836 BETA 1143.48
AGG 3275.07 AMYLO 434256 TURN 192.914 HELIX 108.694 HELAGG 0.410699 BETA 1437.12
AGG 6069.97 AMYLO 456018 TURN 656.317 HELIX 141.328 HELAGG 0 BETA 1903.33
AGG 3020.86 AMYLO 970326 TURN 198.059 HELIX 215.489 HELAGG 0 BETA 1613.98
AGG 2530.39 AMYLO 253414 TURN 245.683 HELIX 90.7817 HELAGG 0 BETA 1278.22
AGG 3302.69 AMYLO 1.03399e+06 TURN 238.659 HELIX 105.433 HELAGG 0 BETA 1945.22
AGG 5661.91 AMYLO 421796 TURN 2842.49 HELIX 187.403 HELAGG 0.00907454 BETA 1246.01
AGG 3502.84 AMYLO 1.08781e+06 TURN 246.245 HELIX 93.9067 HELAGG 0 BETA 1988.77
AGG 3232.84 AMYLO 254.336 TURN 176.618 HELIX 76.5142 HELAGG 0 BETA 1374.13
AGG 2038.52 AMYLO 682879 TURN 162.43 HELIX 166.842 HELAGG 4.25151e-10 BETA 1045.1
AGG 3513.07 AMYLO 554189 TURN 223.133 HELIX 63.8098 HELAGG 0 BETA 1423.15
AGG 6420.37 AMYLO 878756 TURN 2295.09 HELIX 131.171 HELAGG 0 BETA 2317.12
AGG 6536.15 AMYLO 1.256e+06 TURN 852.934 HELIX 278.429 HELAGG 1.76273e-05 BETA 3978.5
AGG 3388.64 AMYLO 3.51629e+06 TURN 353.517 HELIX 185.595 HELAGG 4.16815e-10 BETA 2593.75
AGG 2638.52 AMYLO 340400 TURN 1080.68 HELIX 146.847 HELAGG 0 BETA 1164.72
AGG 7029.04 AMYLO 1.64955e+06 TURN 948.338 HELIX 258.115 HELAGG 0 BETA 3553.11
AGG 7504.19 AMYLO 1.63728e+06 TURN 454.63 HELIX 187.056 HELAGG 0.000360673 BETA 3528.89
AGG 8289.84 AMYLO 1.40756e+06 TURN 3855.44 HELIX 221.957 HELAGG 0.257655 BETA 3543.8
AGG 4185.84 AMYLO 425369 TURN 268.617 HELIX 68.8808 HELAGG 0 BETA 1381.86
AGG 5256.78 AMYLO 859735 TURN 474.426 HELIX 162.256 HELAGG 1.98855e-11 BETA 2444.6
AGG 3594.24 AMYLO 9439.67 TURN 413.026 HELIX 63.9416 HELAGG 0 BETA 1494.16
AGG 7681.06 AMYLO 845249 TURN 1397.15 HELIX 238.875 HELAGG 0.0119926 BETA 5055.63
AGG 4280.1 AMYLO 641283 TURN 516.08 HELIX 77.9533 HELAGG 0 BETA 2019.33
AGG 1704.47 AMYLO 12.9471 TURN 195.869 HELIX 16.1906 HELAGG 0 BETA 611.086
AGG 8266.81 AMYLO 0.997269 TURN 409.819 HELIX 232.911 HELAGG 0 BETA 3184.25
AGG 4322.54 AMYLO 683339 TURN 611.15 HELIX 132.654 HELAGG 0 BETA 6148.37
AGG 5073.19 AMYLO 1.02339e+07 TURN 1304 HELIX 80.3903 HELAGG 0 BETA 3112.39
AGG 6292.53 AMYLO 1568.48 TURN 500.214 HELIX 1066.75 HELAGG 26747.7 BETA 2970.63
AGG 968.388 AMYLO 65.7174 TURN 266.834 HELIX 127.106 HELAGG 0 BETA 1234.4
AGG 5835.91 AMYLO 2.00672e+06 TURN 1169.38 HELIX 571.345 HELAGG 0.719538 BETA 6086.01
AGG 733.614 AMYLO 0.415147 TURN 146.698 HELIX 35.6704 HELAGG 0 BETA 672.692
AGG 1039.52 AMYLO 581918 TURN 153.944 HELIX 111.705 HELAGG 0 BETA 1171.07
AGG 2741.87 AMYLO 255754 TURN 319.814 HELIX 111.636 HELAGG 0 BETA 1525.39
AGG 8076.22 AMYLO 2.77936e+06 TURN 632.742 HELIX 443.161 HELAGG 1.6394e-12 BETA 3761.98
AGG 7609.34 AMYLO 309449 TURN 522.817 HELIX 136.558 HELAGG 0 BETA 2563.01
AGG 9103.37 AMYLO 3.62478e+06 TURN 585.367 HELIX 383.685 HELAGG 0.000608455 BETA 3499.55
AGG 6652.05 AMYLO 631812 TURN 622.543 HELIX 105.259 HELAGG 0 BETA 3320.3
AGG 4079.48 AMYLO 263770 TURN 1440.63 HELIX 199.045 HELAGG 0 BETA 1547.33
AGG 230.157 AMYLO 15.0586 TURN 167.57 HELIX 40.4843 HELAGG 0 BETA 840.235
AGG 2200.65 AMYLO 494829 TURN 160.979 HELIX 30.5311 HELAGG 0 BETA 1067.37
AGG 3567.96 AMYLO 0.0374497 TURN 486.861 HELIX 82.9042 HELAGG 0 BETA 2245.99
AGG 4569.7 AMYLO 530411 TURN 755.379 HELIX 194.457 HELAGG 0 BETA 3914.64
AGG 2597 AMYLO 275668 TURN 688.961 HELIX 167.836 HELAGG 0.0876903 BETA 1391.2
AGG 4148.36 AMYLO 1.67992e+06 TURN 291.832 HELIX 108.572 HELAGG 0 BETA 2897.59
AGG 3748.83 AMYLO 262007 TURN 3007.73 HELIX 63.9981 HELAGG 0 BETA 14748
AGG 6916.04 AMYLO 3.24923e+06 TURN 3071.62 HELIX 122.261 HELAGG 0 BETA 9821.21
AGG 5196.71 AMYLO 16.8123 TURN 1303.84 HELIX 296.847 HELAGG 0.207656 BETA 5072.6
AGG 11736.3 AMYLO 1.89259e+06 TURN 615.878 HELIX 70.3325 HELAGG 0 BETA 14766.7
AGG 7018.92 AMYLO 469087 TURN 1809.83 HELIX 152.446 HELAGG 5.62741e-08 BETA 4587.77
AGG 11674.1 AMYLO 1.09196e+06 TURN 570.233 HELIX 137.374 HELAGG 1.45434e-11 BETA 7910.98
AGG 4669.71 AMYLO 1.72616e+06 TURN 623.306 HELIX 204.14 HELAGG 0.00580368 BETA 3502.52
AGG 7548.66 AMYLO 785457 TURN 1000.4 HELIX 419.218 HELAGG 2.21609e-05 BETA 6167.52
AGG 7480.57 AMYLO 921615 TURN 3322.5 HELIX 261.99 HELAGG 0 BETA 7740.81
AGG 11782.5 AMYLO 3.48491e+06 TURN 2045.58 HELIX 220.383 HELAGG 0 BETA 8379.87
AGG 4330.85 AMYLO 495814 TURN 640.323 HELIX 308.481 HELAGG 65.2686 BETA 3176.96
AGG 4264.15 AMYLO 1.43475e+07 TURN 7810.98 HELIX 111.281 HELAGG 0 BETA 2883.97
AGG 6192.42 AMYLO 115221 TURN 1684.79 HELIX 138.078 HELAGG 0 BETA 5491.29
AGG 6931.49 AMYLO 936449 TURN 2081.56 HELIX 503.794 HELAGG 0.921808 BETA 5522.03
AGG 5246.85 AMYLO 1.93549e+06 TURN 930.55 HELIX 226.847 HELAGG 0 BETA 3793.06
AGG 7791.47 AMYLO 887023 TURN 3056.71 HELIX 269.512 HELAGG 0 BETA 7663.09
AGG 7404.86 AMYLO 719326 TURN 4809.42 HELIX -nan HELAGG inf BETA 10906.4
AGG 7914.19 AMYLO 152943 TURN 2006.3 HELIX 519.13 HELAGG 982.173 BETA 7477.26
AGG 8837.1 AMYLO 378242 TURN 9579.84 HELIX 222.147 HELAGG 0.0900654 BETA 15485.6
AGG 5175.63 AMYLO 846524 TURN 294.022 HELIX 79.5975 HELAGG 0.0454351 BETA 2316.98
AGG 3622.06 AMYLO 55.1234 TURN 698.363 HELIX 245.274 HELAGG 8.62801 BETA 2753.63
AGG 3983.27 AMYLO 401.146 TURN 937.846 HELIX 249.416 HELAGG 8.62794 BETA 2814.06
AGG 3390.36 AMYLO 690845 TURN 615.372 HELIX 240.719 HELAGG 0 BETA 3043.65
AGG 4403.71 AMYLO 522013 TURN 629.662 HELIX 201.709 HELAGG 0 BETA 3144.18
AGG 1938.75 AMYLO 224230 TURN 277.078 HELIX 72.7693 HELAGG 0 BETA 1311.11
AGG 1353.52 AMYLO 35760.4 TURN 227.177 HELIX 114.697 HELAGG 0.00177734 BETA 1249.54
AGG 1874.9 AMYLO 242731 TURN 295.149 HELIX 105.872 HELAGG 0 BETA 1552.87
AGG 4039.77 AMYLO 674882 TURN 275.08 HELIX 150.38 HELAGG 0.388185 BETA 1808.68
AGG 3924.1 AMYLO 413969 TURN 493.925 HELIX 318.645 HELAGG 25.5838 BETA 2319.05
AGG 4279.78 AMYLO 9914.68 TURN 1441.32 HELIX 141.55 HELAGG 0.00740716 BETA 4906.69
AGG 3949.96 AMYLO 40000.9 TURN 528.746 HELIX 130.821 HELAGG 0 BETA 2487.7
AGG 4067.66 AMYLO 0.480018 TURN 282.726 HELIX 342.185 HELAGG 0.0115141 BETA 1924.7
AGG 2868.93 AMYLO 21074.9 TURN 310.434 HELIX 50.7078 HELAGG 0 BETA 1527.21
AGG 2971.66 AMYLO 7605.45 TURN 444.631 HELIX 283.55 HELAGG 31.0658 BETA 1002.13
AGG 6022.52 AMYLO 1.14455e+06 TURN 803.178 HELIX 135.984 HELAGG 0 BETA 2921.98
AGG 10920.8 AMYLO 744703 TURN 1768.29 HELIX 122.804 HELAGG 0.000612754 BETA 5083.95
