GeneRax was called as follow:
generax --families families.txt --species-tree generax/species-tree.nwk --rec-model UndatedDL --per-family-rates --prefix ../output/generax --max-spr-radius 5 

Parameters summary: 
Families information: families.txt
Species tree: generax/species-tree.nwk
Species Strategy: SPR
Strategy: SPR
Reconciliation model: UndatedDL
Reconciliation opt: grid
DTL rates: per family rates
Prefix: ../output/generax
Unrooted reconciliation likelihood: OFF
Prune species tree: OFF
Reconciliation radius: 0
MPI Ranks: 2
Max gene SPR radius: 5
Gene support threshold: -1
Reconciliation likelihood weight: 1
Random seed: 123
Infer ML reconciliation: OFF

[00:00:00] Filtering invalid families...

[00:00:00] Filtering invalid families based on the starting species tree...

[00:00:00] Gathering statistics about the families...
[00:00:00] Input data information:
- Number of gene families: 1
- Number of species: 18
- Total number of genes: 104
- Average number of genes per family: 104
- Maximum number of genes per family: 104
- Species covered with the smallest family coverage: "Ndelphensis" (covered by 1/1 families)
- Average (over species) species family coverage: 1

[00:00:00] Optimizing reconciliation rates and gene trees with radius=1... 
	JointLL=-40699.9 RecLL=-1180.18 LibpllLL=-39519.7

[00:04:04] Optimizing reconciliation rates and gene trees with radius=2... 
	JointLL=-40694.4 RecLL=-1164.06 LibpllLL=-39530.3

[00:05:55] Optimizing reconciliation rates and gene trees with radius=3... 
	JointLL=-40692.6 RecLL=-1131.82 LibpllLL=-39560.8

[00:09:37] Optimizing reconciliation rates and gene trees with radius=4... 
	JointLL=-40669.8 RecLL=-1083.47 LibpllLL=-39586.3

[00:16:06] Optimizing reconciliation rates and gene trees with radius=5... 
	JointLL=-40667.4 RecLL=-1083.47 LibpllLL=-39583.9

[00:21:31] Terminating the instance..

[00:21:31] Reconciliation likelihood: -1083.47
[00:21:31] Phylogenetic likelihood: -39583.9
[00:21:31] Joint likelihood: -40667.4
[00:21:31] Results directory: ../output/generax
[00:21:31] End of GeneRax execution
