GeneRax was called as follow:
generax --families families-clustalo.txt --species-tree generax/species-tree-shen2018.nwk --rec-model UndatedDL --per-family-rates --prefix ../output/generax/generax-clustalo-shen2018 --max-spr-radius 5 

General information:
- Output prefix: ../output/generax/generax-clustalo-shen2018
- Families information: families-clustalo.txt
- Species tree: generax/species-tree-shen2018.nwk
- MPI Ranks: 56
- Random seed: 123
- Reconciliation model: UndatedDL
- DTL rates: per family rates
- Infer ML reconciliation: ON
- Unrooted reconciliation likelihood: OFF
- Prune species tree mode: OFF

Gene tree correction information:
- Gene tree strategy: SPR
- Max gene SPR radius: 5

[00:00:00] Filtering invalid families...

End of instance initialization
[00:00:00] Starting species tree initialization...
[00:00:00] End of species tree initialization
[00:00:00] Filtering invalid families based on the starting species tree...

[00:00:00] Gathering statistics about the families...
[00:00:00] Input data information:
- Number of gene families: 1
- Number of species: 31
- Total number of genes: 186
- Average number of genes per family: 186
- Maximum number of genes per family: 186
- Species covered with the smallest family coverage: "Candida_nivariensis" (covered by 1/1 families)
- Average (over species) species family coverage: 1

[00:00:00] Optimizing reconciliation rates and gene trees with radius=1... 
	JointLL=-73405 RecLL=-480.844 LibpllLL=-72924.2

[00:00:12] Optimizing reconciliation rates and gene trees with radius=2... 
	JointLL=-73390.6 RecLL=-453.455 LibpllLL=-72937.1

[00:00:42] Optimizing reconciliation rates and gene trees with radius=3... 
	JointLL=-73372.9 RecLL=-427.353 LibpllLL=-72945.5

[00:02:23] Optimizing reconciliation rates and gene trees with radius=4... 
	JointLL=-73369.4 RecLL=-426.437 LibpllLL=-72943

[00:02:42] Optimizing reconciliation rates and gene trees with radius=5... 
	JointLL=-73369.4 RecLL=-426.437 LibpllLL=-72943

[00:03:09] Reconciling gene trees with the species tree...
[00:03:10] Terminating the instance..

[00:03:10] Reconciliation likelihood: -426.437
[00:03:10] Phylogenetic likelihood: -72943
[00:03:10] Joint likelihood: -73369.4
[00:03:10] Results directory: ../output/generax/generax-clustalo-shen2018
[00:03:10] End of GeneRax execution
