
RAxML-NG v. 1.1.0 released on 29.11.2021 by The Exelixis Lab.
Developed by: Alexey M. Kozlov and Alexandros Stamatakis.
Contributors: Diego Darriba, Tomas Flouri, Benoit Morel, Sarah Lutteropp, Ben Bettisworth.
Latest version: https://github.com/amkozlov/raxml-ng
Questions/problems/suggestions? Please visit: https://groups.google.com/forum/#!forum/raxml

System: Apple M1, 8 cores, 16 GB RAM

RAxML-NG was called at 02-Jul-2022 22:21:47 as follows:

raxml-ng --all --msa ../input/homologs/B8441-OG-Hil-PF11765-1-695.nuc --model GTR+G --seed 123 --threads 4 --bs-trees autoMRE --outgroup OG --prefix ../input/gene-tree/B8441-Hil-PF11765-split/B8441-OG-Hil-PF11765-1-695

Analysis options:
  run mode: ML tree search + bootstrapping (Felsenstein Bootstrap)
  start tree(s): random (10) + parsimony (10)
  bootstrap replicates: max: 1000 + bootstopping (autoMRE, cutoff: 0.030000)
  outgroup taxa: OG
  random seed: 123
  tip-inner: OFF
  pattern compression: ON
  per-rate scalers: OFF
  site repeats: ON
  branch lengths: proportional (ML estimate, algorithm: NR-FAST)
  SIMD kernels: SSE3
  parallelization: coarse-grained (auto), PTHREADS (4 threads), thread pinning: OFF

[00:00:00] Reading alignment from file: ../input/homologs/B8441-OG-Hil-PF11765-1-695.nuc
[00:00:00] Loaded alignment with 9 taxa and 695 sites

Alignment comprises 1 partitions and 517 patterns

Partition 0: noname
Model: GTR+FO+G4m
Alignment sites / patterns: 695 / 517
Gaps: 3.50 %
Invariant sites: 17.84 %


NOTE: Binary MSA file created: ../input/gene-tree/B8441-Hil-PF11765-split/B8441-OG-Hil-PF11765-1-695.raxml.rba

Parallelization scheme autoconfig: 4 worker(s) x 1 thread(s)

Parallel reduction/worker buffer size: 1 KB  / 0 KB

[00:00:00] Generating 10 random starting tree(s) with 9 taxa
[00:00:00] Generating 10 parsimony starting tree(s) with 9 taxa
[00:00:00] Data distribution: max. partitions/sites/weight per thread: 1 / 517 / 8272
[00:00:00] Data distribution: max. searches per worker: 255

Starting ML tree search with 20 distinct starting trees

[00:00:00] [worker #3] ML tree search #4, logLikelihood: -5986.801552
[00:00:00] [worker #2] ML tree search #3, logLikelihood: -5986.810847
[00:00:00] [worker #0] ML tree search #1, logLikelihood: -5986.809564
[00:00:00] [worker #1] ML tree search #2, logLikelihood: -5986.815629
[00:00:01] [worker #3] ML tree search #8, logLikelihood: -5986.805752
[00:00:01] [worker #2] ML tree search #7, logLikelihood: -5986.808700
[00:00:01] [worker #0] ML tree search #5, logLikelihood: -5986.810438
[00:00:01] [worker #1] ML tree search #6, logLikelihood: -5986.796371
[00:00:01] [worker #3] ML tree search #12, logLikelihood: -5986.780208
[00:00:01] [worker #2] ML tree search #11, logLikelihood: -5986.780009
[00:00:02] [worker #0] ML tree search #9, logLikelihood: -5986.798600
[00:00:02] [worker #1] ML tree search #10, logLikelihood: -5986.805259
[00:00:02] [worker #3] ML tree search #16, logLikelihood: -5986.779880
[00:00:02] [worker #2] ML tree search #15, logLikelihood: -5986.780791
[00:00:02] [worker #0] ML tree search #13, logLikelihood: -5986.779418
[00:00:02] [worker #1] ML tree search #14, logLikelihood: -5986.780638
[00:00:03] [worker #3] ML tree search #20, logLikelihood: -5986.780781
[00:00:03] [worker #2] ML tree search #19, logLikelihood: -5986.779660
[00:00:03] [worker #0] ML tree search #17, logLikelihood: -5986.780765
[00:00:03] [worker #1] ML tree search #18, logLikelihood: -5986.779764

[00:00:03] ML tree search completed, best tree logLH: -5986.779418

[00:00:03] Starting bootstrapping analysis with 1000 replicates.

[00:00:04] [worker #2] Bootstrap tree #3, logLikelihood: -6063.519138
[00:00:04] [worker #0] Bootstrap tree #1, logLikelihood: -6090.437588
[00:00:04] [worker #3] Bootstrap tree #4, logLikelihood: -5980.041814
[00:00:04] [worker #1] Bootstrap tree #2, logLikelihood: -6121.525448
[00:00:04] [worker #2] Bootstrap tree #7, logLikelihood: -6060.150660
[00:00:04] [worker #0] Bootstrap tree #5, logLikelihood: -5950.114729
[00:00:04] [worker #3] Bootstrap tree #8, logLikelihood: -6002.718516
[00:00:04] [worker #1] Bootstrap tree #6, logLikelihood: -5913.094033
[00:00:04] [worker #2] Bootstrap tree #11, logLikelihood: -5804.709512
[00:00:04] [worker #0] Bootstrap tree #9, logLikelihood: -6021.267515
[00:00:05] [worker #1] Bootstrap tree #10, logLikelihood: -5872.454063
[00:00:05] [worker #3] Bootstrap tree #12, logLikelihood: -5982.006554
[00:00:05] [worker #2] Bootstrap tree #15, logLikelihood: -6000.364601
[00:00:05] [worker #0] Bootstrap tree #13, logLikelihood: -5944.276982
[00:00:05] [worker #3] Bootstrap tree #16, logLikelihood: -5910.228773
[00:00:05] [worker #1] Bootstrap tree #14, logLikelihood: -5963.933996
[00:00:05] [worker #2] Bootstrap tree #19, logLikelihood: -5983.468541
[00:00:05] [worker #0] Bootstrap tree #17, logLikelihood: -5850.447596
[00:00:06] [worker #1] Bootstrap tree #18, logLikelihood: -5946.653361
[00:00:06] [worker #2] Bootstrap tree #23, logLikelihood: -5948.485482
[00:00:06] [worker #3] Bootstrap tree #20, logLikelihood: -6013.332160
[00:00:06] [worker #0] Bootstrap tree #21, logLikelihood: -5918.868730
[00:00:06] [worker #1] Bootstrap tree #22, logLikelihood: -5971.534784
[00:00:06] [worker #3] Bootstrap tree #24, logLikelihood: -6056.521186
[00:00:06] [worker #2] Bootstrap tree #27, logLikelihood: -5966.160607
[00:00:06] [worker #0] Bootstrap tree #25, logLikelihood: -5918.938731
[00:00:06] [worker #1] Bootstrap tree #26, logLikelihood: -5966.977847
[00:00:07] [worker #3] Bootstrap tree #28, logLikelihood: -6010.429321
[00:00:07] [worker #2] Bootstrap tree #31, logLikelihood: -5886.503506
[00:00:07] [worker #0] Bootstrap tree #29, logLikelihood: -5927.268082
[00:00:07] [worker #1] Bootstrap tree #30, logLikelihood: -5948.029912
[00:00:07] [worker #3] Bootstrap tree #32, logLikelihood: -5996.880886
[00:00:07] [worker #2] Bootstrap tree #35, logLikelihood: -5973.067222
[00:00:07] [worker #1] Bootstrap tree #34, logLikelihood: -6001.771344
[00:00:07] [worker #0] Bootstrap tree #33, logLikelihood: -5965.052920
[00:00:08] [worker #3] Bootstrap tree #36, logLikelihood: -5898.437110
[00:00:08] [worker #1] Bootstrap tree #38, logLikelihood: -6076.792694
[00:00:08] [worker #2] Bootstrap tree #39, logLikelihood: -5935.803077
[00:00:08] [worker #0] Bootstrap tree #37, logLikelihood: -6097.340333
[00:00:08] [worker #3] Bootstrap tree #40, logLikelihood: -5967.755791
[00:00:08] [worker #1] Bootstrap tree #42, logLikelihood: -5918.393764
[00:00:08] [worker #2] Bootstrap tree #43, logLikelihood: -6008.488927
[00:00:08] [worker #0] Bootstrap tree #41, logLikelihood: -6030.046121
[00:00:09] [worker #3] Bootstrap tree #44, logLikelihood: -5946.410994
[00:00:09] [worker #1] Bootstrap tree #46, logLikelihood: -5973.463909
[00:00:09] [worker #2] Bootstrap tree #47, logLikelihood: -5870.614659
[00:00:09] [worker #0] Bootstrap tree #45, logLikelihood: -5802.525597
[00:00:09] [worker #3] Bootstrap tree #48, logLikelihood: -5958.620455
[00:00:09] [worker #1] Bootstrap tree #50, logLikelihood: -6094.753418
[00:00:09] [worker #0] Bootstrap tree #49, logLikelihood: -5973.402972
[00:00:10] [worker #2] Bootstrap tree #51, logLikelihood: -5880.426728
[00:00:10] [worker #0] Bootstrap tree #53, logLikelihood: -6066.479805
[00:00:10] [worker #1] Bootstrap tree #54, logLikelihood: -5886.863699
[00:00:10] [worker #3] Bootstrap tree #52, logLikelihood: -5829.902255
[00:00:10] [worker #2] Bootstrap tree #55, logLikelihood: -5935.193435
[00:00:10] [worker #0] Bootstrap tree #57, logLikelihood: -6080.635657
[00:00:10] [worker #1] Bootstrap tree #58, logLikelihood: -5892.070822
[00:00:10] [worker #3] Bootstrap tree #56, logLikelihood: -5953.894000
[00:00:11] [worker #2] Bootstrap tree #59, logLikelihood: -5960.996031
[00:00:11] [worker #1] Bootstrap tree #62, logLikelihood: -5919.883500
[00:00:11] [worker #3] Bootstrap tree #60, logLikelihood: -6138.498412
[00:00:11] [worker #0] Bootstrap tree #61, logLikelihood: -5947.031354
[00:00:11] [worker #3] Bootstrap tree #64, logLikelihood: -6053.436990
[00:00:11] [worker #2] Bootstrap tree #63, logLikelihood: -6039.626911
[00:00:11] [worker #1] Bootstrap tree #66, logLikelihood: -6173.750049
[00:00:12] [worker #0] Bootstrap tree #65, logLikelihood: -6088.058937
[00:00:12] [worker #3] Bootstrap tree #68, logLikelihood: -5743.659722
[00:00:12] [worker #2] Bootstrap tree #67, logLikelihood: -6033.939431
[00:00:12] [worker #1] Bootstrap tree #70, logLikelihood: -5916.823095
[00:00:12] [worker #0] Bootstrap tree #69, logLikelihood: -6045.459041
[00:00:12] [worker #2] Bootstrap tree #71, logLikelihood: -6087.683049
[00:00:12] [worker #3] Bootstrap tree #72, logLikelihood: -6040.570107
[00:00:12] [worker #1] Bootstrap tree #74, logLikelihood: -5985.545076
[00:00:12] [worker #0] Bootstrap tree #73, logLikelihood: -5873.574937
[00:00:13] [worker #2] Bootstrap tree #75, logLikelihood: -6023.742387
[00:00:13] [worker #3] Bootstrap tree #76, logLikelihood: -6001.948837
[00:00:13] [worker #1] Bootstrap tree #78, logLikelihood: -5891.763310
[00:00:13] [worker #3] Bootstrap tree #80, logLikelihood: -5862.395804
[00:00:13] [worker #0] Bootstrap tree #77, logLikelihood: -6213.919010
[00:00:13] [worker #2] Bootstrap tree #79, logLikelihood: -6027.739294
[00:00:13] [worker #1] Bootstrap tree #82, logLikelihood: -5846.194741
[00:00:14] [worker #3] Bootstrap tree #84, logLikelihood: -5858.066571
[00:00:14] [worker #2] Bootstrap tree #83, logLikelihood: -5815.335558
[00:00:14] [worker #0] Bootstrap tree #81, logLikelihood: -5961.521662
[00:00:14] [worker #1] Bootstrap tree #86, logLikelihood: -6045.849426
[00:00:14] [worker #2] Bootstrap tree #87, logLikelihood: -6008.830476
[00:00:14] [worker #0] Bootstrap tree #85, logLikelihood: -6125.829479
[00:00:14] [worker #3] Bootstrap tree #88, logLikelihood: -6050.549445
[00:00:14] [worker #1] Bootstrap tree #90, logLikelihood: -5923.294762
[00:00:14] [worker #2] Bootstrap tree #91, logLikelihood: -5973.044936
[00:00:15] [worker #0] Bootstrap tree #89, logLikelihood: -6123.408999
[00:00:15] [worker #3] Bootstrap tree #92, logLikelihood: -6038.031816
[00:00:15] [worker #1] Bootstrap tree #94, logLikelihood: -5929.218998
[00:00:15] [worker #2] Bootstrap tree #95, logLikelihood: -6076.780807
[00:00:15] [worker #0] Bootstrap tree #93, logLikelihood: -5910.397116
[00:00:15] [worker #1] Bootstrap tree #98, logLikelihood: -5949.655123
[00:00:15] [worker #3] Bootstrap tree #96, logLikelihood: -5908.849439
[00:00:15] [worker #2] Bootstrap tree #99, logLikelihood: -5895.973308
[00:00:15] [worker #0] Bootstrap tree #97, logLikelihood: -5937.747400
[00:00:16] [worker #3] Bootstrap tree #100, logLikelihood: -5784.942162
[00:00:16] [worker #3] Bootstrap tree #104, logLikelihood: -5857.853560
[00:00:16] [worker #2] Bootstrap tree #103, logLikelihood: -6017.495870
[00:00:16] [worker #0] Bootstrap tree #101, logLikelihood: -5933.772008
[00:00:16] [worker #1] Bootstrap tree #102, logLikelihood: -6011.419674
[00:00:16] [worker #3] Bootstrap tree #108, logLikelihood: -5944.768341
[00:00:16] [worker #2] Bootstrap tree #107, logLikelihood: -6009.015425
[00:00:17] [worker #0] Bootstrap tree #105, logLikelihood: -5717.668501
[00:00:17] [worker #1] Bootstrap tree #106, logLikelihood: -6019.200368
[00:00:17] [worker #3] Bootstrap tree #112, logLikelihood: -5884.419187
[00:00:17] [worker #0] Bootstrap tree #109, logLikelihood: -5969.866085
[00:00:17] [worker #2] Bootstrap tree #111, logLikelihood: -5843.334639
[00:00:17] [worker #1] Bootstrap tree #110, logLikelihood: -5858.787361
[00:00:17] [worker #3] Bootstrap tree #116, logLikelihood: -5901.646861
[00:00:17] [worker #0] Bootstrap tree #113, logLikelihood: -5860.759010
[00:00:17] [worker #1] Bootstrap tree #114, logLikelihood: -6068.949892
[00:00:17] [worker #2] Bootstrap tree #115, logLikelihood: -5952.115013
[00:00:18] [worker #0] Bootstrap tree #117, logLikelihood: -5942.759267
[00:00:18] [worker #1] Bootstrap tree #118, logLikelihood: -5910.383084
[00:00:18] [worker #2] Bootstrap tree #119, logLikelihood: -6165.675485
[00:00:18] [worker #3] Bootstrap tree #120, logLikelihood: -5943.325981
[00:00:18] [worker #0] Bootstrap tree #121, logLikelihood: -6116.041940
[00:00:19] [worker #2] Bootstrap tree #123, logLikelihood: -5979.889628
[00:00:19] [worker #1] Bootstrap tree #122, logLikelihood: -6005.333235
[00:00:19] [worker #3] Bootstrap tree #124, logLikelihood: -5982.016524
[00:00:19] [worker #2] Bootstrap tree #127, logLikelihood: -5911.999196
[00:00:19] [worker #1] Bootstrap tree #126, logLikelihood: -6076.655855
[00:00:19] [worker #0] Bootstrap tree #125, logLikelihood: -5888.748514
[00:00:19] [worker #3] Bootstrap tree #128, logLikelihood: -5884.605116
[00:00:19] [worker #2] Bootstrap tree #131, logLikelihood: -5770.633106
[00:00:20] [worker #1] Bootstrap tree #130, logLikelihood: -5854.152362
[00:00:20] [worker #0] Bootstrap tree #129, logLikelihood: -5995.477583
[00:00:20] [worker #2] Bootstrap tree #135, logLikelihood: -5827.624218
[00:00:20] [worker #3] Bootstrap tree #132, logLikelihood: -5961.044359
[00:00:20] [worker #1] Bootstrap tree #134, logLikelihood: -5975.936405
[00:00:20] [worker #0] Bootstrap tree #133, logLikelihood: -6053.473115
[00:00:20] [worker #2] Bootstrap tree #139, logLikelihood: -6005.379438
[00:00:21] [worker #0] Bootstrap tree #137, logLikelihood: -5789.348193
[00:00:21] [worker #1] Bootstrap tree #138, logLikelihood: -5863.779715
[00:00:21] [worker #3] Bootstrap tree #136, logLikelihood: -5965.820980
[00:00:21] [worker #2] Bootstrap tree #143, logLikelihood: -6058.781387
[00:00:21] [worker #0] Bootstrap tree #141, logLikelihood: -5968.201611
[00:00:21] [worker #1] Bootstrap tree #142, logLikelihood: -5970.370002
[00:00:21] [worker #2] Bootstrap tree #147, logLikelihood: -5903.966201
[00:00:21] [worker #1] Bootstrap tree #146, logLikelihood: -5944.117298
[00:00:21] [worker #3] Bootstrap tree #140, logLikelihood: -5969.828108
[00:00:21] [worker #0] Bootstrap tree #145, logLikelihood: -5950.717629
[00:00:22] [worker #3] Bootstrap tree #144, logLikelihood: -6045.132256
[00:00:22] [worker #1] Bootstrap tree #150, logLikelihood: -6183.739343
[00:00:22] [worker #0] Bootstrap tree #149, logLikelihood: -6119.607613
[00:00:22] [worker #3] Bootstrap tree #148, logLikelihood: -5884.200419
[00:00:23] [worker #2] Bootstrap tree #151, logLikelihood: -5999.682886
[00:00:23] [worker #1] Bootstrap tree #154, logLikelihood: -6015.717582
[00:00:23] [worker #0] Bootstrap tree #153, logLikelihood: -5970.440212
[00:00:23] [worker #3] Bootstrap tree #152, logLikelihood: -5865.487717
[00:00:23] [worker #2] Bootstrap tree #155, logLikelihood: -5993.086799
[00:00:23] [worker #1] Bootstrap tree #158, logLikelihood: -6076.867618
[00:00:23] [worker #0] Bootstrap tree #157, logLikelihood: -5868.539594
[00:00:23] [worker #3] Bootstrap tree #156, logLikelihood: -6041.125701
[00:00:24] [worker #0] Bootstrap tree #161, logLikelihood: -5905.350149
[00:00:24] [worker #1] Bootstrap tree #162, logLikelihood: -5960.570143
[00:00:24] [worker #3] Bootstrap tree #160, logLikelihood: -6018.119863
[00:00:24] [worker #2] Bootstrap tree #159, logLikelihood: -6087.109966
[00:00:24] [worker #0] Bootstrap tree #165, logLikelihood: -6106.707521
[00:00:24] [worker #1] Bootstrap tree #166, logLikelihood: -6049.459099
[00:00:25] [worker #2] Bootstrap tree #163, logLikelihood: -6039.908763
[00:00:25] [worker #0] Bootstrap tree #169, logLikelihood: -5904.639710
[00:00:25] [worker #3] Bootstrap tree #164, logLikelihood: -5953.702695
[00:00:25] [worker #1] Bootstrap tree #170, logLikelihood: -5963.750051
[00:00:25] [worker #3] Bootstrap tree #168, logLikelihood: -6154.798613
[00:00:25] [worker #2] Bootstrap tree #167, logLikelihood: -5927.253911
[00:00:25] [worker #0] Bootstrap tree #173, logLikelihood: -5993.650253
[00:00:25] [worker #1] Bootstrap tree #174, logLikelihood: -6098.474810
[00:00:26] [worker #3] Bootstrap tree #172, logLikelihood: -5845.495318
[00:00:26] [worker #2] Bootstrap tree #171, logLikelihood: -5965.866440
[00:00:26] [worker #0] Bootstrap tree #177, logLikelihood: -5944.917030
[00:00:26] [worker #3] Bootstrap tree #176, logLikelihood: -5727.763444
[00:00:26] [worker #1] Bootstrap tree #178, logLikelihood: -5900.220559
[00:00:26] [worker #2] Bootstrap tree #175, logLikelihood: -6086.742441
[00:00:26] [worker #0] Bootstrap tree #181, logLikelihood: -6046.204659
[00:00:27] [worker #3] Bootstrap tree #180, logLikelihood: -5815.571306
[00:00:27] [worker #2] Bootstrap tree #179, logLikelihood: -5847.273504
[00:00:27] [worker #0] Bootstrap tree #185, logLikelihood: -5971.941404
[00:00:27] [worker #1] Bootstrap tree #182, logLikelihood: -5925.179074
[00:00:27] [worker #3] Bootstrap tree #184, logLikelihood: -5773.221558
[00:00:27] [worker #2] Bootstrap tree #183, logLikelihood: -5932.252376
[00:00:27] [worker #1] Bootstrap tree #186, logLikelihood: -5937.083641
[00:00:27] [worker #3] Bootstrap tree #188, logLikelihood: -5951.080254
[00:00:27] [worker #0] Bootstrap tree #189, logLikelihood: -6031.182449
[00:00:27] [worker #2] Bootstrap tree #187, logLikelihood: -5899.407924
[00:00:28] [worker #3] Bootstrap tree #192, logLikelihood: -5707.954917
[00:00:28] [worker #2] Bootstrap tree #191, logLikelihood: -6039.696039
[00:00:28] [worker #1] Bootstrap tree #190, logLikelihood: -5936.012952
[00:00:28] [worker #0] Bootstrap tree #193, logLikelihood: -5983.455842
[00:00:28] [worker #3] Bootstrap tree #196, logLikelihood: -5935.777748
[00:00:28] [worker #2] Bootstrap tree #195, logLikelihood: -5700.462664
[00:00:28] [worker #0] Bootstrap tree #197, logLikelihood: -5915.679321
[00:00:28] [worker #1] Bootstrap tree #194, logLikelihood: -5898.336619
[00:00:29] [worker #3] Bootstrap tree #200, logLikelihood: -5874.073218
[00:00:29] [worker #2] Bootstrap tree #199, logLikelihood: -6077.646860
[00:00:29] [worker #1] Bootstrap tree #198, logLikelihood: -6160.346517
[00:00:29] [worker #0] Bootstrap tree #201, logLikelihood: -6087.363703
[00:00:29] [worker #3] Bootstrap tree #204, logLikelihood: -6047.285542
[00:00:29] [worker #1] Bootstrap tree #202, logLikelihood: -6030.804756
[00:00:30] [worker #2] Bootstrap tree #203, logLikelihood: -6079.999554
[00:00:30] [worker #3] Bootstrap tree #208, logLikelihood: -5877.714018
[00:00:30] [worker #0] Bootstrap tree #205, logLikelihood: -6122.666404
[00:00:30] [worker #2] Bootstrap tree #207, logLikelihood: -5891.793045
[00:00:30] [worker #1] Bootstrap tree #206, logLikelihood: -5941.417220
[00:00:30] [worker #3] Bootstrap tree #212, logLikelihood: -6049.575896
[00:00:30] [worker #0] Bootstrap tree #209, logLikelihood: -6139.021150
[00:00:30] [worker #1] Bootstrap tree #210, logLikelihood: -5847.110329
[00:00:31] [worker #2] Bootstrap tree #211, logLikelihood: -6014.169045
[00:00:31] [worker #3] Bootstrap tree #216, logLikelihood: -5873.381530
[00:00:31] [worker #0] Bootstrap tree #213, logLikelihood: [00:00:31] [worker #1] Bootstrap tree #214, logLikelihood: -5923.207767
-5905.291610
[00:00:31] [worker #2] Bootstrap tree #215, logLikelihood: -5964.747697
[00:00:31] [worker #3] Bootstrap tree #220, logLikelihood: -6028.902455
[00:00:31] [worker #1] Bootstrap tree #218, logLikelihood: -5891.342504
[00:00:31] [worker #0] Bootstrap tree #217, logLikelihood: -5860.736541
[00:00:32] [worker #2] Bootstrap tree #219, logLikelihood: -5942.905072
[00:00:32] [worker #3] Bootstrap tree #224, logLikelihood: -6006.325812
[00:00:32] [worker #1] Bootstrap tree #222, logLikelihood: -6084.977264
[00:00:32] [worker #0] Bootstrap tree #221, logLikelihood: -6008.071788
[00:00:32] [worker #2] Bootstrap tree #223, logLikelihood: -6001.244524
[00:00:32] [worker #3] Bootstrap tree #228, logLikelihood: -5890.529705
[00:00:32] [worker #1] Bootstrap tree #226, logLikelihood: -6085.215959
[00:00:32] [worker #2] Bootstrap tree #227, logLikelihood: -5927.423600
[00:00:32] [worker #0] Bootstrap tree #225, logLikelihood: -5875.842494
[00:00:32] [worker #3] Bootstrap tree #232, logLikelihood: -6062.224199
[00:00:33] [worker #1] Bootstrap tree #230, logLikelihood: -5949.716126
[00:00:33] [worker #2] Bootstrap tree #231, logLikelihood: -6101.332745
[00:00:33] [worker #0] Bootstrap tree #229, logLikelihood: -5932.383810
[00:00:33] [worker #3] Bootstrap tree #236, logLikelihood: -6148.949184
[00:00:33] [worker #1] Bootstrap tree #234, logLikelihood: -5847.294149
[00:00:33] [worker #2] Bootstrap tree #235, logLikelihood: -5996.079953
[00:00:33] [worker #0] Bootstrap tree #233, logLikelihood: -5953.225093
[00:00:34] [worker #3] Bootstrap tree #240, logLikelihood: -5980.118264
[00:00:34] [worker #1] Bootstrap tree #238, logLikelihood: -5936.209443
[00:00:34] [worker #2] Bootstrap tree #239, logLikelihood: -6099.077586
[00:00:34] [worker #0] Bootstrap tree #237, logLikelihood: -5818.007123
[00:00:34] [worker #3] Bootstrap tree #244, logLikelihood: -5801.624699
[00:00:34] [worker #1] Bootstrap tree #242, logLikelihood: -6095.527274
[00:00:34] [worker #2] Bootstrap tree #243, logLikelihood: -5790.463751
[00:00:34] [worker #3] Bootstrap tree #248, logLikelihood: -6020.950121
[00:00:34] [worker #0] Bootstrap tree #241, logLikelihood: -5881.962337
[00:00:35] [worker #1] Bootstrap tree #246, logLikelihood: -5946.155470
[00:00:35] [worker #2] Bootstrap tree #247, logLikelihood: -6044.049460
[00:00:35] [worker #0] Bootstrap tree #245, logLikelihood: -6140.443578
[00:00:35] [worker #1] Bootstrap tree #250, logLikelihood: -6137.873659
[00:00:35] [worker #0] Bootstrap tree #249, logLikelihood: -5912.664053
[00:00:36] [worker #1] Bootstrap tree #254, logLikelihood: -6038.549986
[00:00:36] [worker #2] Bootstrap tree #251, logLikelihood: -5989.008996
[00:00:36] [worker #3] Bootstrap tree #252, logLikelihood: -5881.595296
[00:00:36] [worker #0] Bootstrap tree #253, logLikelihood: -6045.251849
[00:00:36] [worker #2] Bootstrap tree #255, logLikelihood: -5942.996961
[00:00:36] [worker #1] Bootstrap tree #258, logLikelihood: -5952.645130
[00:00:36] [worker #3] Bootstrap tree #256, logLikelihood: -6067.828510
[00:00:36] [worker #0] Bootstrap tree #257, logLikelihood: -6049.741165
[00:00:37] [worker #2] Bootstrap tree #259, logLikelihood: -5765.469274
[00:00:37] [worker #1] Bootstrap tree #262, logLikelihood: -6066.963907
[00:00:37] [worker #0] Bootstrap tree #261, logLikelihood: -5893.984821
[00:00:37] [worker #3] Bootstrap tree #260, logLikelihood: -5955.437040
[00:00:37] [worker #2] Bootstrap tree #263, logLikelihood: -6051.346029
[00:00:37] [worker #1] Bootstrap tree #266, logLikelihood: -6057.377347
[00:00:37] [worker #0] Bootstrap tree #265, logLikelihood: -5987.559246
[00:00:37] [worker #3] Bootstrap tree #264, logLikelihood: -6147.307545
[00:00:38] [worker #0] Bootstrap tree #269, logLikelihood: -6052.791257
[00:00:38] [worker #2] Bootstrap tree #267, logLikelihood: -6014.653784
[00:00:38] [worker #1] Bootstrap tree #270, logLikelihood: -5980.589855
[00:00:38] [worker #3] Bootstrap tree #268, logLikelihood: -5762.290646
[00:00:38] [worker #2] Bootstrap tree #271, logLikelihood: -5995.282978
[00:00:38] [worker #0] Bootstrap tree #273, logLikelihood: -6088.485697
[00:00:38] [worker #1] Bootstrap tree #274, logLikelihood: -5989.422265
[00:00:38] [worker #3] Bootstrap tree #272, logLikelihood: -5892.368268
[00:00:39] [worker #0] Bootstrap tree #277, logLikelihood: -5870.526921
[00:00:39] [worker #1] Bootstrap tree #278, logLikelihood: -5923.672438
[00:00:39] [worker #2] Bootstrap tree #275, logLikelihood: -6008.378940
[00:00:39] [worker #1] Bootstrap tree #282, logLikelihood: -5969.722971
[00:00:39] [worker #3] Bootstrap tree #276, logLikelihood: -6195.639536
[00:00:39] [worker #2] Bootstrap tree #279, logLikelihood: -5962.764977
[00:00:39] [worker #0] Bootstrap tree #281, logLikelihood: -5803.243323
[00:00:40] [worker #1] Bootstrap tree #286, logLikelihood: -5955.163314
[00:00:40] [worker #2] Bootstrap tree #283, logLikelihood: -5811.172062
[00:00:40] [worker #3] Bootstrap tree #280, logLikelihood: -6093.730449
[00:00:40] [worker #0] Bootstrap tree #285, logLikelihood: -6111.630588
[00:00:40] [worker #1] Bootstrap tree #290, logLikelihood: -5893.007583
[00:00:40] [worker #3] Bootstrap tree #284, logLikelihood: -5956.690955
[00:00:40] [worker #2] Bootstrap tree #287, logLikelihood: -5890.070557
[00:00:40] [worker #0] Bootstrap tree #289, logLikelihood: -6060.363431
[00:00:40] [worker #1] Bootstrap tree #294, logLikelihood: -5958.031976
[00:00:41] [worker #3] Bootstrap tree #288, logLikelihood: -6005.558767
[00:00:41] [worker #0] Bootstrap tree #293, logLikelihood: -6088.969295
[00:00:41] [worker #2] Bootstrap tree #291, logLikelihood: -5886.669726
[00:00:41] [worker #1] Bootstrap tree #298, logLikelihood: -5980.844289
[00:00:41] [worker #3] Bootstrap tree #292, logLikelihood: -5673.560531
[00:00:41] [worker #2] Bootstrap tree #295, logLikelihood: -5918.301701
[00:00:42] [worker #0] Bootstrap tree #297, logLikelihood: -6060.383770
[00:00:42] [worker #3] Bootstrap tree #296, logLikelihood: -6002.633650
[00:00:42] [worker #2] Bootstrap tree #299, logLikelihood: -5915.878867
[00:00:42] [worker #3] Bootstrap tree #300, logLikelihood: -5983.612663
[00:00:43] [worker #0] Bootstrap tree #301, logLikelihood: -5852.791386
[00:00:43] [worker #1] Bootstrap tree #302, logLikelihood: -5960.140105
[00:00:43] [worker #3] Bootstrap tree #304, logLikelihood: -5957.664615
[00:00:43] [worker #2] Bootstrap tree #303, logLikelihood: -5802.762975
[00:00:43] [worker #0] Bootstrap tree #305, logLikelihood: -5955.115159
[00:00:43] [worker #1] Bootstrap tree #306, logLikelihood: -5981.087929
[00:00:43] [worker #3] Bootstrap tree #308, logLikelihood: -5816.863943
[00:00:43] [worker #2] Bootstrap tree #307, logLikelihood: -6128.138104
[00:00:44] [worker #0] Bootstrap tree #309, logLikelihood: -6096.768332
[00:00:44] [worker #3] Bootstrap tree #312, logLikelihood: -5997.254195
[00:00:44] [worker #1] Bootstrap tree #310, logLikelihood: -6050.450380
[00:00:44] [worker #0] Bootstrap tree #313, logLikelihood: -5957.902900
[00:00:44] [worker #1] Bootstrap tree #314, logLikelihood: -5911.166493
[00:00:44] [worker #3] Bootstrap tree #316, logLikelihood: -5917.855957
[00:00:44] [worker #2] Bootstrap tree #311, logLikelihood: -5799.828216
[00:00:44] [worker #3] Bootstrap tree #320, logLikelihood: -6072.021073
[00:00:44] [worker #0] Bootstrap tree #317, logLikelihood: -5939.666557
[00:00:45] [worker #2] Bootstrap tree #315, logLikelihood: -5887.698328
[00:00:45] [worker #1] Bootstrap tree #318, logLikelihood: -6068.715535
[00:00:45] [worker #3] Bootstrap tree #324, logLikelihood: -5787.147805
[00:00:45] [worker #0] Bootstrap tree #321, logLikelihood: -6140.259986
[00:00:45] [worker #1] Bootstrap tree #322, logLikelihood: -5718.279232
[00:00:45] [worker #2] Bootstrap tree #319, logLikelihood: -6226.022215
[00:00:45] [worker #3] Bootstrap tree #328, logLikelihood: -6173.244574
[00:00:45] [worker #0] Bootstrap tree #325, logLikelihood: -5775.842500
[00:00:46] [worker #1] Bootstrap tree #326, logLikelihood: -6073.259118
[00:00:46] [worker #2] Bootstrap tree #323, logLikelihood: -6154.204277
[00:00:46] [worker #0] Bootstrap tree #329, logLikelihood: -6010.726367
[00:00:46] [worker #1] Bootstrap tree #330, logLikelihood: -6017.768254
[00:00:46] [worker #3] Bootstrap tree #332, logLikelihood: -5938.678904
[00:00:46] [worker #2] Bootstrap tree #327, logLikelihood: -5983.852744
[00:00:46] [worker #0] Bootstrap tree #333, logLikelihood: -6009.635671
[00:00:47] [worker #2] Bootstrap tree #331, logLikelihood: -6161.804765
[00:00:47] [worker #3] Bootstrap tree #336, logLikelihood: -5938.475176
[00:00:47] [worker #0] Bootstrap tree #337, logLikelihood: -6025.767066
[00:00:47] [worker #1] Bootstrap tree #334, logLikelihood: -5937.632632
[00:00:47] [worker #2] Bootstrap tree #335, logLikelihood: -5852.369654
[00:00:47] [worker #3] Bootstrap tree #340, logLikelihood: -5918.718453
[00:00:47] [worker #1] Bootstrap tree #338, logLikelihood: -5799.138641
[00:00:47] [worker #0] Bootstrap tree #341, logLikelihood: -5903.465813
[00:00:48] [worker #3] Bootstrap tree #344, logLikelihood: -5753.897446
[00:00:48] [worker #2] Bootstrap tree #339, logLikelihood: -5999.653756
[00:00:48] [worker #1] Bootstrap tree #342, logLikelihood: -6051.728328
[00:00:48] [worker #0] Bootstrap tree #345, logLikelihood: -5918.367331
[00:00:48] [worker #2] Bootstrap tree #343, logLikelihood: -5985.487603
[00:00:48] [worker #1] Bootstrap tree #346, logLikelihood: -5839.528161
[00:00:48] [worker #3] Bootstrap tree #348, logLikelihood: -5908.085599
[00:00:49] [worker #0] Bootstrap tree #349, logLikelihood: -6027.041221
[00:00:49] [worker #1] Bootstrap tree #350, logLikelihood: -6129.270400
[00:00:49] [worker #2] Bootstrap tree #347, logLikelihood: -6084.636986
[00:00:49] [worker #2] Bootstrap tree #351, logLikelihood: -5945.824030
[00:00:49] [worker #0] Bootstrap tree #353, logLikelihood: -5992.903742
[00:00:49] [worker #1] Bootstrap tree #354, logLikelihood: -6081.357874
[00:00:49] [worker #3] Bootstrap tree #352, logLikelihood: -5989.630587
[00:00:50] [worker #2] Bootstrap tree #355, logLikelihood: -5907.440031
[00:00:50] [worker #1] Bootstrap tree #358, logLikelihood: -5863.345435
[00:00:50] [worker #3] Bootstrap tree #356, logLikelihood: -6062.129873
[00:00:50] [worker #0] Bootstrap tree #357, logLikelihood: -5893.005035
[00:00:50] [worker #2] Bootstrap tree #359, logLikelihood: -6096.408585
[00:00:50] [worker #0] Bootstrap tree #361, logLikelihood: -5944.174418
[00:00:50] [worker #3] Bootstrap tree #360, logLikelihood: -5978.509973
[00:00:50] [worker #1] Bootstrap tree #362, logLikelihood: -5843.921653
[00:00:51] [worker #3] Bootstrap tree #364, logLikelihood: -5957.351074
[00:00:51] [worker #1] Bootstrap tree #366, logLikelihood: -5951.639261
[00:00:51] [worker #0] Bootstrap tree #365, logLikelihood: -5841.856229
[00:00:51] [worker #2] Bootstrap tree #363, logLikelihood: -5975.118562
[00:00:51] [worker #3] Bootstrap tree #368, logLikelihood: -5927.979739
[00:00:51] [worker #1] Bootstrap tree #370, logLikelihood: -5959.486932
[00:00:51] [worker #0] Bootstrap tree #369, logLikelihood: -6051.762381
[00:00:51] [worker #2] Bootstrap tree #367, logLikelihood: -6067.140406
[00:00:51] [worker #3] Bootstrap tree #372, logLikelihood: -6021.387407
[00:00:52] [worker #1] Bootstrap tree #374, logLikelihood: -5813.338899
[00:00:52] [worker #0] Bootstrap tree #373, logLikelihood: -5999.054020
[00:00:52] [worker #2] Bootstrap tree #371, logLikelihood: -6048.507516
[00:00:52] [worker #3] Bootstrap tree #376, logLikelihood: -5898.056241
[00:00:52] [worker #2] Bootstrap tree #375, logLikelihood: -5890.109593
[00:00:52] [worker #1] Bootstrap tree #378, logLikelihood: -6173.710659
[00:00:52] [worker #3] Bootstrap tree #380, logLikelihood: -5837.727494
[00:00:52] [worker #0] Bootstrap tree #377, logLikelihood: -6012.973656
[00:00:53] [worker #2] Bootstrap tree #379, logLikelihood: -5935.726736
[00:00:53] [worker #1] Bootstrap tree #382, logLikelihood: -6012.120120
[00:00:53] [worker #3] Bootstrap tree #384, logLikelihood: -5981.314375
[00:00:53] [worker #2] Bootstrap tree #383, logLikelihood: -5933.685440
[00:00:53] [worker #1] Bootstrap tree #386, logLikelihood: -5889.325050
[00:00:53] [worker #0] Bootstrap tree #381, logLikelihood: -6049.617981
[00:00:53] [worker #3] Bootstrap tree #388, logLikelihood: -6032.379473
[00:00:54] [worker #2] Bootstrap tree #387, logLikelihood: -5974.514869
[00:00:54] [worker #1] Bootstrap tree #390, logLikelihood: -6112.213909
[00:00:54] [worker #0] Bootstrap tree #385, logLikelihood: -6055.418524
[00:00:54] [worker #2] Bootstrap tree #391, logLikelihood: -5913.393845
[00:00:54] [worker #1] Bootstrap tree #394, logLikelihood: -5862.326508
[00:00:54] [worker #3] Bootstrap tree #392, logLikelihood: -6028.037922
[00:00:54] [worker #0] Bootstrap tree #389, logLikelihood: -5883.821774
[00:00:54] [worker #1] Bootstrap tree #398, logLikelihood: -5917.513771
[00:00:55] [worker #3] Bootstrap tree #396, logLikelihood: -5948.202735
[00:00:55] [worker #2] Bootstrap tree #395, logLikelihood: -5934.179516
[00:00:55] [worker #0] Bootstrap tree #393, logLikelihood: -5850.175653
[00:00:55] [worker #3] Bootstrap tree #400, logLikelihood: -5934.742128
[00:00:55] [worker #2] Bootstrap tree #399, logLikelihood: -5984.050974
[00:00:55] [worker #0] Bootstrap tree #397, logLikelihood: -5795.218560
[00:00:56] [worker #2] Bootstrap tree #403, logLikelihood: -5950.037460
[00:00:56] [worker #0] Bootstrap tree #401, logLikelihood: -5961.224231
[00:00:56] [worker #3] Bootstrap tree #404, logLikelihood: -6049.207108
[00:00:56] [worker #1] Bootstrap tree #402, logLikelihood: -5942.859042
[00:00:56] [worker #3] Bootstrap tree #408, logLikelihood: -6115.123193
[00:00:56] [worker #0] Bootstrap tree #405, logLikelihood: -5878.597809
[00:00:56] [worker #1] Bootstrap tree #406, logLikelihood: -5918.422321
[00:00:56] [worker #2] Bootstrap tree #407, logLikelihood: -5843.550264
[00:00:57] [worker #3] Bootstrap tree #412, logLikelihood: -5862.176840
[00:00:57] [worker #1] Bootstrap tree #410, logLikelihood: -5906.502845
[00:00:57] [worker #2] Bootstrap tree #411, logLikelihood: -5970.995166
[00:00:57] [worker #3] Bootstrap tree #416, logLikelihood: -6206.010277
[00:00:57] [worker #0] Bootstrap tree #409, logLikelihood: -6025.885162
[00:00:57] [worker #1] Bootstrap tree #414, logLikelihood: -5971.409763
[00:00:57] [worker #2] Bootstrap tree #415, logLikelihood: -5957.576990
[00:00:57] [worker #3] Bootstrap tree #420, logLikelihood: -5841.797887
[00:00:58] [worker #0] Bootstrap tree #413, logLikelihood: -6028.116195
[00:00:58] [worker #2] Bootstrap tree #419, logLikelihood: -5995.979094
[00:00:58] [worker #1] Bootstrap tree #418, logLikelihood: -5867.744037
[00:00:58] [worker #3] Bootstrap tree #424, logLikelihood: -5986.773580
[00:00:58] [worker #1] Bootstrap tree #422, logLikelihood: -5719.824745
[00:00:58] [worker #2] Bootstrap tree #423, logLikelihood: -5853.047628
[00:00:58] [worker #3] Bootstrap tree #428, logLikelihood: -5957.416501
[00:00:59] [worker #0] Bootstrap tree #417, logLikelihood: -5996.687399
[00:00:59] [worker #1] Bootstrap tree #426, logLikelihood: -6191.228566
[00:00:59] [worker #2] Bootstrap tree #427, logLikelihood: -6119.925520
[00:00:59] [worker #3] Bootstrap tree #432, logLikelihood: -5995.025375
[00:00:59] [worker #0] Bootstrap tree #421, logLikelihood: -6080.606357
[00:00:59] [worker #1] Bootstrap tree #430, logLikelihood: -6062.523665
[00:00:59] [worker #2] Bootstrap tree #431, logLikelihood: -6023.518988
[00:00:59] [worker #3] Bootstrap tree #436, logLikelihood: -6008.690678
[00:01:00] [worker #0] Bootstrap tree #425, logLikelihood: -6044.470046
[00:01:00] [worker #1] Bootstrap tree #434, logLikelihood: -6027.547826
[00:01:00] [worker #2] Bootstrap tree #435, logLikelihood: -5812.991053
[00:01:00] [worker #3] Bootstrap tree #440, logLikelihood: -6119.017742
[00:01:00] [worker #1] Bootstrap tree #438, logLikelihood: -6006.742539
[00:01:00] [worker #0] Bootstrap tree #429, logLikelihood: -5934.891029
[00:01:00] [worker #2] Bootstrap tree #439, logLikelihood: -5767.526990
[00:01:00] [worker #3] Bootstrap tree #444, logLikelihood: -6082.214000
[00:01:00] [worker #0] Bootstrap tree #433, logLikelihood: -5912.449960
[00:01:01] [worker #2] Bootstrap tree #443, logLikelihood: -5956.526940
[00:01:01] [worker #1] Bootstrap tree #442, logLikelihood: -5879.874865
[00:01:01] [worker #3] Bootstrap tree #448, logLikelihood: -6081.599114
[00:01:01] [worker #0] Bootstrap tree #437, logLikelihood: -5822.476587
[00:01:01] [worker #1] Bootstrap tree #446, logLikelihood: -5972.548977
[00:01:01] [worker #2] Bootstrap tree #447, logLikelihood: -5956.194536
[00:01:01] [worker #0] Bootstrap tree #441, logLikelihood: -5859.244923
[00:01:01] [worker #1] Bootstrap tree #450, logLikelihood: -5985.890325
[00:01:02] [worker #0] Bootstrap tree #445, logLikelihood: -5938.073515
[00:01:03] [worker #0] Bootstrap tree #449, logLikelihood: -6023.725245
[00:01:03] [worker #3] Bootstrap tree #452, logLikelihood: -5813.059221
[00:01:03] [worker #0] Bootstrap tree #453, logLikelihood: -5882.163748
[00:01:03] [worker #1] Bootstrap tree #454, logLikelihood: -5856.819603
[00:01:03] [worker #2] Bootstrap tree #451, logLikelihood: -5988.781492
[00:01:04] [worker #3] Bootstrap tree #456, logLikelihood: -6014.264800
[00:01:04] [worker #0] Bootstrap tree #457, logLikelihood: -5786.774875
[00:01:04] [worker #2] Bootstrap tree #455, logLikelihood: -6085.513537
[00:01:04] [worker #1] Bootstrap tree #458, logLikelihood: -6090.850050
[00:01:04] [worker #3] Bootstrap tree #460, logLikelihood: -6036.626011
[00:01:04] [worker #0] Bootstrap tree #461, logLikelihood: -5885.065274
[00:01:04] [worker #2] Bootstrap tree #459, logLikelihood: -6098.167649
[00:01:04] [worker #1] Bootstrap tree #462, logLikelihood: -6127.454939
[00:01:05] [worker #3] Bootstrap tree #464, logLikelihood: -5841.289836
[00:01:05] [worker #2] Bootstrap tree #463, logLikelihood: -5926.968154
[00:01:05] [worker #0] Bootstrap tree #465, logLikelihood: -5939.310163
[00:01:05] [worker #1] Bootstrap tree #466, logLikelihood: -5967.396695
[00:01:05] [worker #3] Bootstrap tree #468, logLikelihood: -5890.251954
[00:01:05] [worker #2] Bootstrap tree #467, logLikelihood: -6104.653459
[00:01:05] [worker #0] Bootstrap tree #469, logLikelihood: -5785.561728
[00:01:05] [worker #1] Bootstrap tree #470, logLikelihood: -6058.934690
[00:01:05] [worker #3] Bootstrap tree #472, logLikelihood: -5939.452608
[00:01:06] [worker #2] Bootstrap tree #471, logLikelihood: -5985.313062
[00:01:06] [worker #0] Bootstrap tree #473, logLikelihood: -5872.115707
[00:01:06] [worker #1] Bootstrap tree #474, logLikelihood: -6167.295049
[00:01:06] [worker #3] Bootstrap tree #476, logLikelihood: -5990.245426
[00:01:06] [worker #2] Bootstrap tree #475, logLikelihood: -5871.722388
[00:01:06] [worker #0] Bootstrap tree #477, logLikelihood: -5940.564027
[00:01:06] [worker #1] Bootstrap tree #478, logLikelihood: -6024.622051
[00:01:06] [worker #3] Bootstrap tree #480, logLikelihood: -5940.025082
[00:01:07] [worker #2] Bootstrap tree #479, logLikelihood: -6177.359805
[00:01:07] [worker #0] Bootstrap tree #481, logLikelihood: -5936.865750
[00:01:07] [worker #1] Bootstrap tree #482, logLikelihood: -5974.206915
[00:01:07] [worker #2] Bootstrap tree #483, logLikelihood: -5991.025867
[00:01:07] [worker #3] Bootstrap tree #484, logLikelihood: -5987.849705
[00:01:07] [worker #0] Bootstrap tree #485, logLikelihood: -6142.710513
[00:01:07] [worker #1] Bootstrap tree #486, logLikelihood: -5948.370730
[00:01:08] [worker #2] Bootstrap tree #487, logLikelihood: -5949.443190
[00:01:08] [worker #3] Bootstrap tree #488, logLikelihood: -5855.222136
[00:01:08] [worker #0] Bootstrap tree #489, logLikelihood: -6014.738463
[00:01:08] [worker #1] Bootstrap tree #490, logLikelihood: -5996.032095
[00:01:08] [worker #3] Bootstrap tree #492, logLikelihood: -5839.024496
[00:01:08] [worker #2] Bootstrap tree #491, logLikelihood: -5997.223248
[00:01:08] [worker #0] Bootstrap tree #493, logLikelihood: -6028.285295
[00:01:08] [worker #1] Bootstrap tree #494, logLikelihood: -5982.522998
[00:01:09] [worker #3] Bootstrap tree #496, logLikelihood: -6035.969404
[00:01:09] [worker #2] Bootstrap tree #495, logLikelihood: -6008.555563
[00:01:09] [worker #0] Bootstrap tree #497, logLikelihood: -5958.938059
[00:01:09] [worker #2] Bootstrap tree #499, logLikelihood: -6070.401631
[00:01:09] [worker #1] Bootstrap tree #498, logLikelihood: -6014.874293
[00:01:09] [worker #3] Bootstrap tree #500, logLikelihood: -5917.421007
[00:01:10] [worker #2] Bootstrap tree #503, logLikelihood: -6120.392815
[00:01:10] [worker #0] Bootstrap tree #501, logLikelihood: -6033.850278
[00:01:10] [worker #1] Bootstrap tree #502, logLikelihood: -5992.335712
[00:01:10] [worker #3] Bootstrap tree #504, logLikelihood: -6061.343613
[00:01:10] [worker #2] Bootstrap tree #507, logLikelihood: -5866.684812
[00:01:10] [worker #0] Bootstrap tree #505, logLikelihood: -6037.952680
[00:01:10] [worker #3] Bootstrap tree #508, logLikelihood: -5997.035680
[00:01:10] [worker #1] Bootstrap tree #506, logLikelihood: -5938.641465
[00:01:11] [worker #2] Bootstrap tree #511, logLikelihood: -5874.261110
[00:01:11] [worker #1] Bootstrap tree #510, logLikelihood: -5973.019371
[00:01:11] [worker #0] Bootstrap tree #509, logLikelihood: -6038.120299
[00:01:11] [worker #3] Bootstrap tree #512, logLikelihood: -5990.476225
[00:01:11] [worker #2] Bootstrap tree #515, logLikelihood: -5882.152567
[00:01:11] [worker #3] Bootstrap tree #516, logLikelihood: -6019.513677
[00:01:11] [worker #1] Bootstrap tree #514, logLikelihood: -5944.368356
[00:01:11] [worker #0] Bootstrap tree #513, logLikelihood: -5862.542845
[00:01:11] [worker #2] Bootstrap tree #519, logLikelihood: -5954.083264
[00:01:12] [worker #3] Bootstrap tree #520, logLikelihood: -6082.700650
[00:01:12] [worker #0] Bootstrap tree #517, logLikelihood: -5947.268511
[00:01:12] [worker #1] Bootstrap tree #518, logLikelihood: -5945.355900
[00:01:12] [worker #3] Bootstrap tree #524, logLikelihood: -6059.035033
[00:01:12] [worker #0] Bootstrap tree #521, logLikelihood: -5819.665892
[00:01:12] [worker #2] Bootstrap tree #523, logLikelihood: -6056.334366
[00:01:12] [worker #2] Bootstrap tree #527, logLikelihood: -5912.726326
[00:01:12] [worker #1] Bootstrap tree #522, logLikelihood: -5847.620101
[00:01:13] [worker #0] Bootstrap tree #525, logLikelihood: -6000.286887
[00:01:13] [worker #3] Bootstrap tree #528, logLikelihood: -6055.421768
[00:01:13] [worker #2] Bootstrap tree #531, logLikelihood: -6012.452316
[00:01:13] [worker #1] Bootstrap tree #526, logLikelihood: -5838.321744
[00:01:13] [worker #0] Bootstrap tree #529, logLikelihood: -5991.380974
[00:01:13] [worker #3] Bootstrap tree #532, logLikelihood: -5990.143701
[00:01:14] [worker #1] Bootstrap tree #530, logLikelihood: -5911.473890
[00:01:14] [worker #0] Bootstrap tree #533, logLikelihood: -6078.407318
[00:01:14] [worker #2] Bootstrap tree #535, logLikelihood: -5941.104433
[00:01:14] [worker #3] Bootstrap tree #536, logLikelihood: -6085.495254
[00:01:14] [worker #2] Bootstrap tree #539, logLikelihood: -5742.966369
[00:01:14] [worker #1] Bootstrap tree #534, logLikelihood: -6038.432664
[00:01:14] [worker #0] Bootstrap tree #537, logLikelihood: -6049.189217
[00:01:14] [worker #3] Bootstrap tree #540, logLikelihood: -5986.101727
[00:01:14] [worker #2] Bootstrap tree #543, logLikelihood: -5804.791483
[00:01:14] [worker #0] Bootstrap tree #541, logLikelihood: -5905.566740
[00:01:15] [worker #1] Bootstrap tree #538, logLikelihood: -5990.469990
[00:01:15] [worker #3] Bootstrap tree #544, logLikelihood: -6009.286311
[00:01:15] [worker #2] Bootstrap tree #547, logLikelihood: -6081.598521
[00:01:15] [worker #0] Bootstrap tree #545, logLikelihood: -6156.226928
[00:01:15] [worker #1] Bootstrap tree #542, logLikelihood: -5881.820635
[00:01:15] [worker #3] Bootstrap tree #548, logLikelihood: -5851.095406
[00:01:15] [worker #1] Bootstrap tree #546, logLikelihood: -5883.660300
[00:01:16] [worker #0] Bootstrap tree #549, logLikelihood: -5955.397896
[00:01:16] [worker #1] Bootstrap tree #550, logLikelihood: -5967.624057
[00:01:16] [worker #1] Bootstrap tree #554, logLikelihood: -5913.690017
[00:01:16] [worker #2] Bootstrap tree #551, logLikelihood: -6135.537852
[00:01:16] [worker #3] Bootstrap tree #552, logLikelihood: -6035.034141
[00:01:17] [worker #0] Bootstrap tree #553, logLikelihood: -5963.887604
[00:01:17] [worker #2] Bootstrap tree #555, logLikelihood: -5816.487888
[00:01:17] [worker #1] Bootstrap tree #558, logLikelihood: -5977.713407
[00:01:17] [worker #3] Bootstrap tree #556, logLikelihood: -5963.834863
[00:01:17] [worker #0] Bootstrap tree #557, logLikelihood: -5959.933791
[00:01:17] [worker #3] Bootstrap tree #560, logLikelihood: -5883.174615
[00:01:17] [worker #1] Bootstrap tree #562, logLikelihood: -6080.056229
[00:01:17] [worker #2] Bootstrap tree #559, logLikelihood: -6104.602731
[00:01:17] [worker #0] Bootstrap tree #561, logLikelihood: -5939.582916
[00:01:18] [worker #3] Bootstrap tree #564, logLikelihood: -5928.236446
[00:01:18] [worker #2] Bootstrap tree #563, logLikelihood: -5805.161351
[00:01:18] [worker #1] Bootstrap tree #566, logLikelihood: -5985.924617
[00:01:18] [worker #0] Bootstrap tree #565, logLikelihood: -6019.856419
[00:01:19] [worker #3] Bootstrap tree #568, logLikelihood: -5989.653121
[00:01:19] [worker #0] Bootstrap tree #569, logLikelihood: -5926.566841
[00:01:19] [worker #2] Bootstrap tree #567, logLikelihood: -6074.020663
[00:01:19] [worker #1] Bootstrap tree #570, logLikelihood: -6007.573910
[00:01:19] [worker #3] Bootstrap tree #572, logLikelihood: -5854.103617
[00:01:19] [worker #0] Bootstrap tree #573, logLikelihood: -6140.624162
[00:01:19] [worker #2] Bootstrap tree #571, logLikelihood: -6151.536199
[00:01:19] [worker #1] Bootstrap tree #574, logLikelihood: -6030.025038
[00:01:20] [worker #3] Bootstrap tree #576, logLikelihood: -5987.698796
[00:01:20] [worker #0] Bootstrap tree #577, logLikelihood: -5965.480723
[00:01:20] [worker #2] Bootstrap tree #575, logLikelihood: -6064.256949
[00:01:20] [worker #1] Bootstrap tree #578, logLikelihood: -5899.162972
[00:01:20] [worker #3] Bootstrap tree #580, logLikelihood: -6024.644337
[00:01:20] [worker #2] Bootstrap tree #579, logLikelihood: -6064.592405
[00:01:20] [worker #0] Bootstrap tree #581, logLikelihood: -6053.076449
[00:01:20] [worker #1] Bootstrap tree #582, logLikelihood: -5908.087982
[00:01:21] [worker #3] Bootstrap tree #584, logLikelihood: -6006.246108
[00:01:21] [worker #1] Bootstrap tree #586, logLikelihood: -5967.346719
[00:01:21] [worker #0] Bootstrap tree #585, logLikelihood: -5924.745261
[00:01:21] [worker #3] Bootstrap tree #588, logLikelihood: -6146.122018
[00:01:22] [worker #2] Bootstrap tree #583, logLikelihood: -5977.447580
[00:01:22] [worker #1] Bootstrap tree #590, logLikelihood: -5930.405254
[00:01:22] [worker #3] Bootstrap tree #592, logLikelihood: -6000.018991
[00:01:22] [worker #0] Bootstrap tree #589, logLikelihood: -5860.171203
[00:01:22] [worker #1] Bootstrap tree #594, logLikelihood: -5851.640625
[00:01:22] [worker #2] Bootstrap tree #587, logLikelihood: -5994.946755
[00:01:22] [worker #3] Bootstrap tree #596, logLikelihood: -5995.364568
[00:01:23] [worker #0] Bootstrap tree #593, logLikelihood: -6026.297839
[00:01:23] [worker #1] Bootstrap tree #598, logLikelihood: -6170.637538
[00:01:23] [worker #2] Bootstrap tree #591, logLikelihood: -6031.917161
[00:01:23] [worker #3] Bootstrap tree #600, logLikelihood: -5730.427357
[00:01:23] [worker #0] Bootstrap tree #597, logLikelihood: -5972.339484
[00:01:23] [worker #2] Bootstrap tree #595, logLikelihood: -6117.419116
[00:01:24] [worker #2] Bootstrap tree #599, logLikelihood: -5830.369953
[00:01:24] [worker #0] Bootstrap tree #601, logLikelihood: -5992.658347
[00:01:24] [worker #1] Bootstrap tree #602, logLikelihood: -6022.292610
[00:01:24] [worker #3] Bootstrap tree #604, logLikelihood: -5921.497183
[00:01:24] [worker #2] Bootstrap tree #603, logLikelihood: -5971.315811
[00:01:25] [worker #0] Bootstrap tree #605, logLikelihood: -5938.461392
[00:01:25] [worker #1] Bootstrap tree #606, logLikelihood: -5949.140223
[00:01:25] [worker #3] Bootstrap tree #608, logLikelihood: -5731.360024
[00:01:25] [worker #2] Bootstrap tree #607, logLikelihood: -5923.489890
[00:01:25] [worker #0] Bootstrap tree #609, logLikelihood: -5791.453000
[00:01:25] [worker #3] Bootstrap tree #612, logLikelihood: -5895.715342
[00:01:25] [worker #1] Bootstrap tree #610, logLikelihood: -5937.936995
[00:01:25] [worker #2] Bootstrap tree #611, logLikelihood: -6070.668542
[00:01:25] [worker #0] Bootstrap tree #613, logLikelihood: -5833.715120
[00:01:26] [worker #1] Bootstrap tree #614, logLikelihood: -5974.623193
[00:01:26] [worker #3] Bootstrap tree #616, logLikelihood: -5901.032980
[00:01:26] [worker #2] Bootstrap tree #615, logLikelihood: -5894.374030
[00:01:26] [worker #0] Bootstrap tree #617, logLikelihood: -6034.388687
[00:01:26] [worker #1] Bootstrap tree #618, logLikelihood: -6021.559655
[00:01:26] [worker #3] Bootstrap tree #620, logLikelihood: -6067.235288
[00:01:27] [worker #1] Bootstrap tree #622, logLikelihood: -5876.581558
[00:01:27] [worker #2] Bootstrap tree #619, logLikelihood: -5997.566229
[00:01:27] [worker #3] Bootstrap tree #624, logLikelihood: -5930.794069
[00:01:27] [worker #0] Bootstrap tree #621, logLikelihood: -6086.255413
[00:01:27] [worker #1] Bootstrap tree #626, logLikelihood: -6008.563702
[00:01:27] [worker #2] Bootstrap tree #623, logLikelihood: -6009.744297
[00:01:27] [worker #3] Bootstrap tree #628, logLikelihood: -5871.032220
[00:01:27] [worker #0] Bootstrap tree #625, logLikelihood: -5857.615700
[00:01:27] [worker #1] Bootstrap tree #630, logLikelihood: -6014.222641
[00:01:28] [worker #2] Bootstrap tree #627, logLikelihood: -5905.730737
[00:01:28] [worker #0] Bootstrap tree #629, logLikelihood: -5874.856570
[00:01:28] [worker #3] Bootstrap tree #632, logLikelihood: -5785.088789
[00:01:28] [worker #2] Bootstrap tree #631, logLikelihood: -6012.573119
[00:01:28] [worker #1] Bootstrap tree #634, logLikelihood: -5919.770399
[00:01:28] [worker #0] Bootstrap tree #633, logLikelihood: -6138.406330
[00:01:29] [worker #3] Bootstrap tree #636, logLikelihood: -6077.801727
[00:01:29] [worker #2] Bootstrap tree #635, logLikelihood: -5978.041707
[00:01:29] [worker #1] Bootstrap tree #638, logLikelihood: -6021.382841
[00:01:29] [worker #0] Bootstrap tree #637, logLikelihood: -6003.289135
[00:01:29] [worker #3] Bootstrap tree #640, logLikelihood: -6059.311891
[00:01:29] [worker #1] Bootstrap tree #642, logLikelihood: -5865.809365
[00:01:29] [worker #2] Bootstrap tree #639, logLikelihood: -6087.517047
[00:01:30] [worker #3] Bootstrap tree #644, logLikelihood: -6040.837685
[00:01:30] [worker #0] Bootstrap tree #641, logLikelihood: -6074.081462
[00:01:30] [worker #1] Bootstrap tree #646, logLikelihood: -6044.719997
[00:01:30] [worker #2] Bootstrap tree #643, logLikelihood: -6164.671694
[00:01:30] [worker #2] Bootstrap tree #647, logLikelihood: -5735.010206
[00:01:30] [worker #3] Bootstrap tree #648, logLikelihood: -5978.454795
[00:01:30] [worker #1] Bootstrap tree #650, logLikelihood: -5955.223984
[00:01:30] [worker #0] Bootstrap tree #645, logLikelihood: -6038.058407
[00:01:31] [worker #0] Bootstrap tree #649, logLikelihood: -6007.614070
[00:01:31] [worker #2] Bootstrap tree #651, logLikelihood: -6075.950405
[00:01:31] [worker #1] Bootstrap tree #654, logLikelihood: -5899.838960
[00:01:31] [worker #0] Bootstrap tree #653, logLikelihood: -5958.130871
[00:01:31] [worker #3] Bootstrap tree #652, logLikelihood: -5959.023356
[00:01:32] [worker #3] Bootstrap tree #656, logLikelihood: -5896.141160
[00:01:32] [worker #1] Bootstrap tree #658, logLikelihood: -6235.477086
[00:01:32] [worker #2] Bootstrap tree #655, logLikelihood: -6049.758085
[00:01:32] [worker #0] Bootstrap tree #657, logLikelihood: -5924.447463
[00:01:32] [worker #3] Bootstrap tree #660, logLikelihood: -6128.352882
[00:01:32] [worker #1] Bootstrap tree #662, logLikelihood: -5927.198085
[00:01:32] [worker #2] Bootstrap tree #659, logLikelihood: -6019.113545
[00:01:32] [worker #0] Bootstrap tree #661, logLikelihood: -6084.507903
[00:01:33] [worker #1] Bootstrap tree #666, logLikelihood: -5766.006552
[00:01:33] [worker #3] Bootstrap tree #664, logLikelihood: -6049.977442
[00:01:33] [worker #2] Bootstrap tree #663, logLikelihood: -6099.551560
[00:01:33] [worker #0] Bootstrap tree #665, logLikelihood: -5946.564935
[00:01:33] [worker #3] Bootstrap tree #668, logLikelihood: -5941.923479
[00:01:33] [worker #1] Bootstrap tree #670, logLikelihood: -5937.016885
[00:01:33] [worker #2] Bootstrap tree #667, logLikelihood: -5799.198555
[00:01:34] [worker #0] Bootstrap tree #669, logLikelihood: -5980.738409
[00:01:34] [worker #3] Bootstrap tree #672, logLikelihood: -6173.584289
[00:01:34] [worker #1] Bootstrap tree #674, logLikelihood: -5908.049010
[00:01:34] [worker #2] Bootstrap tree #671, logLikelihood: -6068.015858
[00:01:34] [worker #1] Bootstrap tree #678, logLikelihood: -6024.353940
[00:01:34] [worker #3] Bootstrap tree #676, logLikelihood: -6109.410733
[00:01:34] [worker #0] Bootstrap tree #673, logLikelihood: -5919.350590
[00:01:35] [worker #3] Bootstrap tree #680, logLikelihood: -5797.239629
[00:01:35] [worker #2] Bootstrap tree #675, logLikelihood: -6062.575802
[00:01:35] [worker #1] Bootstrap tree #682, logLikelihood: -5911.309501
[00:01:35] [worker #0] Bootstrap tree #677, logLikelihood: -5981.581096
[00:01:35] [worker #3] Bootstrap tree #684, logLikelihood: -6047.114807
[00:01:35] [worker #2] Bootstrap tree #679, logLikelihood: -5970.115233
[00:01:35] [worker #0] Bootstrap tree #681, logLikelihood: -5889.629410
[00:01:35] [worker #1] Bootstrap tree #686, logLikelihood: -6121.906203
[00:01:36] [worker #0] Bootstrap tree #685, logLikelihood: -5975.253671
[00:01:36] [worker #2] Bootstrap tree #683, logLikelihood: -6028.661270
[00:01:36] [worker #3] Bootstrap tree #688, logLikelihood: -5868.597380
[00:01:36] [worker #1] Bootstrap tree #690, logLikelihood: -6041.863564
[00:01:36] [worker #2] Bootstrap tree #687, logLikelihood: -6051.564925
[00:01:36] [worker #3] Bootstrap tree #692, logLikelihood: -5950.009627
[00:01:36] [worker #0] Bootstrap tree #689, logLikelihood: -5972.306197
[00:01:36] [worker #1] Bootstrap tree #694, logLikelihood: -6281.909172
[00:01:37] [worker #1] Bootstrap tree #698, logLikelihood: -5906.365676
[00:01:37] [worker #3] Bootstrap tree #696, logLikelihood: -6062.339223
[00:01:37] [worker #0] Bootstrap tree #693, logLikelihood: -5866.314389
[00:01:37] [worker #2] Bootstrap tree #691, logLikelihood: -5859.133656
[00:01:37] [worker #3] Bootstrap tree #700, logLikelihood: -5948.504703
[00:01:37] [worker #0] Bootstrap tree #697, logLikelihood: -5922.402094
[00:01:37] [worker #2] Bootstrap tree #695, logLikelihood: -5946.205855
[00:01:38] [worker #2] Bootstrap tree #699, logLikelihood: -6042.711778
[00:01:39] [worker #2] Bootstrap tree #703, logLikelihood: -6041.983025
[00:01:39] [worker #3] Bootstrap tree #704, logLikelihood: -6063.646274
[00:01:39] [worker #0] Bootstrap tree #701, logLikelihood: -5855.641015
[00:01:39] [worker #1] Bootstrap tree #702, logLikelihood: -5980.182377
[00:01:39] [worker #3] Bootstrap tree #708, logLikelihood: -5884.135399
[00:01:39] [worker #0] Bootstrap tree #705, logLikelihood: -5887.038048
[00:01:39] [worker #1] Bootstrap tree #706, logLikelihood: -6008.189371
[00:01:39] [worker #2] Bootstrap tree #707, logLikelihood: -6046.510954
[00:01:39] [worker #3] Bootstrap tree #712, logLikelihood: -6033.913162
[00:01:39] [worker #0] Bootstrap tree #709, logLikelihood: -6014.712489
[00:01:40] [worker #1] Bootstrap tree #710, logLikelihood: -6020.556898
[00:01:40] [worker #2] Bootstrap tree #711, logLikelihood: -6094.584153
[00:01:40] [worker #3] Bootstrap tree #716, logLikelihood: -6045.248993
[00:01:40] [worker #1] Bootstrap tree #714, logLikelihood: -5921.687875
[00:01:40] [worker #0] Bootstrap tree #713, logLikelihood: -5797.306116
[00:01:40] [worker #2] Bootstrap tree #715, logLikelihood: -6068.910518
[00:01:40] [worker #3] Bootstrap tree #720, logLikelihood: -6033.507341
[00:01:40] [worker #1] Bootstrap tree #718, logLikelihood: -5882.449371
[00:01:40] [worker #0] Bootstrap tree #717, logLikelihood: -6046.997208
[00:01:41] [worker #2] Bootstrap tree #719, logLikelihood: -5909.772759
[00:01:41] [worker #3] Bootstrap tree #724, logLikelihood: -5985.500910
[00:01:41] [worker #1] Bootstrap tree #722, logLikelihood: -5922.925459
[00:01:41] [worker #0] Bootstrap tree #721, logLikelihood: -5862.757198
[00:01:41] [worker #2] Bootstrap tree #723, logLikelihood: -6013.021886
[00:01:41] [worker #3] Bootstrap tree #728, logLikelihood: -5881.275171
[00:01:41] [worker #1] Bootstrap tree #726, logLikelihood: -5807.691551
[00:01:41] [worker #0] Bootstrap tree #725, logLikelihood: -5996.983231
[00:01:41] [worker #3] Bootstrap tree #732, logLikelihood: -6021.638962
[00:01:41] [worker #2] Bootstrap tree #727, logLikelihood: -5870.399492
[00:01:42] [worker #1] Bootstrap tree #730, logLikelihood: -6019.063311
[00:01:42] [worker #0] Bootstrap tree #729, logLikelihood: -6201.917357
[00:01:42] [worker #2] Bootstrap tree #731, logLikelihood: -5950.799843
[00:01:42] [worker #1] Bootstrap tree #734, logLikelihood: -5936.916196
[00:01:42] [worker #3] Bootstrap tree #736, logLikelihood: -6049.782169
[00:01:42] [worker #0] Bootstrap tree #733, logLikelihood: -6016.668874
[00:01:43] [worker #2] Bootstrap tree #735, logLikelihood: -5857.081497
[00:01:43] [worker #3] Bootstrap tree #740, logLikelihood: -6042.587375
[00:01:43] [worker #0] Bootstrap tree #737, logLikelihood: -5961.531087
[00:01:43] [worker #1] Bootstrap tree #738, logLikelihood: -5975.962255
[00:01:43] [worker #2] Bootstrap tree #739, logLikelihood: -6131.859030
[00:01:43] [worker #3] Bootstrap tree #744, logLikelihood: -6070.358297
[00:01:43] [worker #1] Bootstrap tree #742, logLikelihood: -6105.948353
[00:01:43] [worker #2] Bootstrap tree #743, logLikelihood: -6045.116611
[00:01:43] [worker #0] Bootstrap tree #741, logLikelihood: -5968.035691
[00:01:44] [worker #3] Bootstrap tree #748, logLikelihood: -5874.959615
[00:01:44] [worker #1] Bootstrap tree #746, logLikelihood: -5911.491149
[00:01:44] [worker #0] Bootstrap tree #745, logLikelihood: -6006.321868
[00:01:44] [worker #2] Bootstrap tree #747, logLikelihood: -5924.788455
[00:01:44] [worker #0] Bootstrap tree #749, logLikelihood: -5870.104663
[00:01:44] [worker #1] Bootstrap tree #750, logLikelihood: -5812.657872
[00:01:45] [worker #0] Bootstrap tree #753, logLikelihood: -5998.380089
[00:01:45] [worker #3] Bootstrap tree #752, logLikelihood: -5769.990113
[00:01:45] [worker #2] Bootstrap tree #751, logLikelihood: -5934.407620
[00:01:45] [worker #1] Bootstrap tree #754, logLikelihood: -5837.763659
[00:01:45] [worker #0] Bootstrap tree #757, logLikelihood: -5907.322846
[00:01:45] [worker #3] Bootstrap tree #756, logLikelihood: -6026.384515
[00:01:46] [worker #2] Bootstrap tree #755, logLikelihood: -6171.387718
[00:01:46] [worker #1] Bootstrap tree #758, logLikelihood: -6061.264377
[00:01:46] [worker #0] Bootstrap tree #761, logLikelihood: -5958.180277
[00:01:46] [worker #3] Bootstrap tree #760, logLikelihood: -6112.707714
[00:01:46] [worker #2] Bootstrap tree #759, logLikelihood: -6051.748218
[00:01:46] [worker #1] Bootstrap tree #762, logLikelihood: -5894.331773
[00:01:46] [worker #0] Bootstrap tree #765, logLikelihood: -5937.699239
[00:01:46] [worker #3] Bootstrap tree #764, logLikelihood: -5934.394688
[00:01:46] [worker #2] Bootstrap tree #763, logLikelihood: -5953.562046
[00:01:47] [worker #1] Bootstrap tree #766, logLikelihood: -5991.068167
[00:01:47] [worker #3] Bootstrap tree #768, logLikelihood: -6013.889885
[00:01:47] [worker #0] Bootstrap tree #769, logLikelihood: -5962.815528
[00:01:47] [worker #1] Bootstrap tree #770, logLikelihood: -5907.335570
[00:01:47] [worker #2] Bootstrap tree #767, logLikelihood: -5989.831959
[00:01:47] [worker #3] Bootstrap tree #772, logLikelihood: -5944.041674
[00:01:47] [worker #1] Bootstrap tree #774, logLikelihood: -6023.947030
[00:01:47] [worker #0] Bootstrap tree #773, logLikelihood: -6027.818219
[00:01:48] [worker #2] Bootstrap tree #771, logLikelihood: -5994.320884
[00:01:48] [worker #0] Bootstrap tree #777, logLikelihood: -5937.577111
[00:01:48] [worker #3] Bootstrap tree #776, logLikelihood: -6139.050742
[00:01:48] [worker #1] Bootstrap tree #778, logLikelihood: -5972.832997
[00:01:48] [worker #2] Bootstrap tree #775, logLikelihood: -6053.178949
[00:01:48] [worker #1] Bootstrap tree #782, logLikelihood: -6033.228255
[00:01:48] [worker #0] Bootstrap tree #781, logLikelihood: -6036.512214
[00:01:49] [worker #2] Bootstrap tree #779, logLikelihood: -5832.881774
[00:01:49] [worker #3] Bootstrap tree #780, logLikelihood: -5976.118588
[00:01:49] [worker #1] Bootstrap tree #786, logLikelihood: -6064.842445
[00:01:49] [worker #0] Bootstrap tree #785, logLikelihood: -5984.127712
[00:01:49] [worker #2] Bootstrap tree #783, logLikelihood: -5944.556144
[00:01:49] [worker #1] Bootstrap tree #790, logLikelihood: -6020.308692
[00:01:49] [worker #3] Bootstrap tree #784, logLikelihood: -5963.976945
[00:01:49] [worker #0] Bootstrap tree #789, logLikelihood: -5935.169810
[00:01:50] [worker #1] Bootstrap tree #794, logLikelihood: -5954.637992
[00:01:50] [worker #3] Bootstrap tree #788, logLikelihood: -5895.237035
[00:01:50] [worker #2] Bootstrap tree #787, logLikelihood: -5878.871556
[00:01:50] [worker #1] Bootstrap tree #798, logLikelihood: -5998.643281
[00:01:50] [worker #0] Bootstrap tree #793, logLikelihood: -5844.379526
[00:01:50] [worker #2] Bootstrap tree #791, logLikelihood: -5916.726360
[00:01:50] [worker #3] Bootstrap tree #792, logLikelihood: -6051.419942
[00:01:51] [worker #0] Bootstrap tree #797, logLikelihood: -5890.272815
[00:01:51] [worker #2] Bootstrap tree #795, logLikelihood: -5993.375926
[00:01:51] [worker #3] Bootstrap tree #796, logLikelihood: -6151.063297
[00:01:51] [worker #3] Bootstrap tree #800, logLikelihood: -5887.193010
[00:01:51] [worker #2] Bootstrap tree #799, logLikelihood: -5950.016804
[00:01:52] [worker #2] Bootstrap tree #803, logLikelihood: -5913.008309
[00:01:52] [worker #3] Bootstrap tree #804, logLikelihood: -5970.687601
[00:01:52] [worker #0] Bootstrap tree #801, logLikelihood: -6062.649771
[00:01:52] [worker #1] Bootstrap tree #802, logLikelihood: -6006.594162
[00:01:52] [worker #3] Bootstrap tree #808, logLikelihood: -5924.981486
[00:01:52] [worker #2] Bootstrap tree #807, logLikelihood: -5941.457727
[00:01:53] [worker #1] Bootstrap tree #806, logLikelihood: -5832.264846
[00:01:53] [worker #0] Bootstrap tree #805, logLikelihood: -5911.043087
[00:01:53] [worker #3] Bootstrap tree #812, logLikelihood: -6034.627834
[00:01:53] [worker #2] Bootstrap tree #811, logLikelihood: -6075.698350
[00:01:53] [worker #0] Bootstrap tree #809, logLikelihood: -5906.277748
[00:01:53] [worker #1] Bootstrap tree #810, logLikelihood: -5883.353290
[00:01:53] [worker #3] Bootstrap tree #816, logLikelihood: -5882.262041
[00:01:53] [worker #2] Bootstrap tree #815, logLikelihood: -5999.381496
[00:01:54] [worker #0] Bootstrap tree #813, logLikelihood: -6132.013654
[00:01:54] [worker #1] Bootstrap tree #814, logLikelihood: -5962.789229
[00:01:54] [worker #3] Bootstrap tree #820, logLikelihood: -5934.854124
[00:01:54] [worker #2] Bootstrap tree #819, logLikelihood: -5956.492541
[00:01:54] [worker #1] Bootstrap tree #818, logLikelihood: -5806.944865
[00:01:54] [worker #0] Bootstrap tree #817, logLikelihood: -6047.893119
[00:01:55] [worker #0] Bootstrap tree #821, logLikelihood: -5840.954848
[00:01:55] [worker #2] Bootstrap tree #823, logLikelihood: -6002.291939
[00:01:55] [worker #1] Bootstrap tree #822, logLikelihood: -6324.858269
[00:01:55] [worker #3] Bootstrap tree #824, logLikelihood: -5803.816490
[00:01:55] [worker #0] Bootstrap tree #825, logLikelihood: -6201.703965
[00:01:55] [worker #2] Bootstrap tree #827, logLikelihood: -5836.020057
[00:01:55] [worker #1] Bootstrap tree #826, logLikelihood: -6082.143276
[00:01:55] [worker #0] Bootstrap tree #829, logLikelihood: -5992.766599
[00:01:55] [worker #3] Bootstrap tree #828, logLikelihood: -5894.760446
[00:01:56] [worker #2] Bootstrap tree #831, logLikelihood: -6107.613884
[00:01:56] [worker #0] Bootstrap tree #833, logLikelihood: -6011.459591
00:01:56] [worker #1] Bootstrap tree #830, logLikelihood: -6032.378079
[00:01:56] [worker #3] Bootstrap tree #832, logLikelihood: -5935.266913
[00:01:56] [worker #2] Bootstrap tree #835, logLikelihood: -6029.448529
[00:01:56] [worker #3] Bootstrap tree #836, logLikelihood: -5879.792597
[00:01:56] [worker #0] Bootstrap tree #837, logLikelihood: -5927.273399
[00:01:57] [worker #1] Bootstrap tree #834, logLikelihood: -5810.566136
[00:01:57] [worker #2] Bootstrap tree #839, logLikelihood: -6059.016539
[00:01:57] [worker #1] Bootstrap tree #838, logLikelihood: -5895.092914
[00:01:57] [worker #3] Bootstrap tree #840, logLikelihood: -6052.153926
[00:01:57] [worker #0] Bootstrap tree #841, logLikelihood: -6094.886145
[00:01:57] [worker #2] Bootstrap tree #843, logLikelihood: -6091.942072
[00:01:57] [worker #3] Bootstrap tree #844, logLikelihood: -6140.128547
[00:01:57] [worker #1] Bootstrap tree #842, logLikelihood: -6099.807043
[00:01:58] [worker #1] Bootstrap tree #846, logLikelihood: -6030.307416
[00:01:58] [worker #2] Bootstrap tree #847, logLikelihood: -6004.443413
[00:01:58] [worker #3] Bootstrap tree #848, logLikelihood: -5957.999823
[00:01:58] [worker #0] Bootstrap tree #845, logLikelihood: -5875.099782
[00:01:58] [worker #1] Bootstrap tree #850, logLikelihood: -5947.477236
[00:01:58] [worker #0] Bootstrap tree #849, logLikelihood: -6003.287879
[00:01:59] [worker #2] Bootstrap tree #851, logLikelihood: -6007.960230
[00:01:59] [worker #0] Bootstrap tree #853, logLikelihood: -5890.207438
[00:01:59] [worker #1] Bootstrap tree #854, logLikelihood: -5909.298148
[00:01:59] [worker #3] Bootstrap tree #852, logLikelihood: -6039.785627
[00:01:59] [worker #2] Bootstrap tree #855, logLikelihood: -6003.964634
[00:01:59] [worker #0] Bootstrap tree #857, logLikelihood: -5859.762892
[00:01:59] [worker #1] Bootstrap tree #858, logLikelihood: -6245.449360
[00:02:00] [worker #2] Bootstrap tree #859, logLikelihood: -5683.762844
[00:02:00] [worker #3] Bootstrap tree #856, logLikelihood: -6057.509519
[00:02:00] [worker #0] Bootstrap tree #861, logLikelihood: -5922.140011
[00:02:00] [worker #1] Bootstrap tree #862, logLikelihood: -5870.397726
[00:02:00] [worker #2] Bootstrap tree #863, logLikelihood: -5939.996050
[00:02:00] [worker #3] Bootstrap tree #860, logLikelihood: -5924.723116
[00:02:00] [worker #0] Bootstrap tree #865, logLikelihood: -5895.112108
[00:02:00] [worker #1] Bootstrap tree #866, logLikelihood: -6165.678201
[00:02:01] [worker #2] Bootstrap tree #867, logLikelihood: -5947.254706
[00:02:01] [worker #3] Bootstrap tree #864, logLikelihood: -6000.816203
[00:02:01] [worker #0] Bootstrap tree #869, logLikelihood: -5921.786243
[00:02:01] [worker #1] Bootstrap tree #870, logLikelihood: -5857.348700
[00:02:01] [worker #2] Bootstrap tree #871, logLikelihood: -5951.841672
[00:02:01] [worker #3] Bootstrap tree #868, logLikelihood: -5903.037705
[00:02:01] [worker #0] Bootstrap tree #873, logLikelihood: -6102.276035
[00:02:01] [worker #1] Bootstrap tree #874, logLikelihood: -6013.113030
[00:02:01] [worker #2] Bootstrap tree #875, logLikelihood: -6011.554678
[00:02:01] [worker #3] Bootstrap tree #872, logLikelihood: -5879.594379
[00:02:02] [worker #1] Bootstrap tree #878, logLikelihood: -5980.208639
[00:02:02] [worker #0] Bootstrap tree #877, logLikelihood: -5864.694097
[00:02:02] [worker #2] Bootstrap tree #879, logLikelihood: -6111.115239
[00:02:02] [worker #3] Bootstrap tree #876, logLikelihood: -5802.819672
[00:02:02] [worker #0] Bootstrap tree #881, logLikelihood: -5843.345922
[00:02:02] [worker #3] Bootstrap tree #880, logLikelihood: -5828.895768
[00:02:02] [worker #1] Bootstrap tree #882, logLikelihood: -5849.991099
[00:02:02] [worker #2] Bootstrap tree #883, logLikelihood: -5913.842326
[00:02:03] [worker #3] Bootstrap tree #884, logLikelihood: -5908.922705
[00:02:03] [worker #0] Bootstrap tree #885, logLikelihood: -5973.896399
[00:02:03] [worker #1] Bootstrap tree #886, logLikelihood: -5849.634488
[00:02:03] [worker #2] Bootstrap tree #887, logLikelihood: -6168.249922
[00:02:03] [worker #1] Bootstrap tree #890, logLikelihood: -5997.192976
[00:02:03] [worker #0] Bootstrap tree #889, logLikelihood: -5916.078388
[00:02:03] [worker #2] Bootstrap tree #891, logLikelihood: -5910.456976
[00:02:04] [worker #3] Bootstrap tree #888, logLikelihood: -6035.056226
[00:02:04] [worker #1] Bootstrap tree #894, logLikelihood: -5990.223016
[00:02:04] [worker #0] Bootstrap tree #893, logLikelihood: -6044.558122
[00:02:04] [worker #2] Bootstrap tree #895, logLikelihood: -5889.392362
[00:02:04] [worker #3] Bootstrap tree #892, logLikelihood: -5982.367595
[00:02:04] [worker #1] Bootstrap tree #898, logLikelihood: -5955.724369
[00:02:04] [worker #2] Bootstrap tree #899, logLikelihood: -6049.236602
[00:02:04] [worker #0] Bootstrap tree #897, logLikelihood: -6091.113514
[00:02:04] [worker #3] Bootstrap tree #896, logLikelihood: -6118.945798
[00:02:05] [worker #3] Bootstrap tree #900, logLikelihood: -5939.637395
[00:02:06] [worker #2] Bootstrap tree #903, logLikelihood: -5971.022892
[00:02:06] [worker #1] Bootstrap tree #902, logLikelihood: -5954.216943
[00:02:06] [worker #3] Bootstrap tree #904, logLikelihood: -5895.190898
[00:02:06] [worker #0] Bootstrap tree #901, logLikelihood: -5879.317250
[00:02:06] [worker #1] Bootstrap tree #906, logLikelihood: -6138.850972
[00:02:06] [worker #2] Bootstrap tree #907, logLikelihood: -5875.585025
[00:02:06] [worker #3] Bootstrap tree #908, logLikelihood: -5987.215289
[00:02:06] [worker #0] Bootstrap tree #905, logLikelihood: -6143.886549[
00:02:06] [worker #1] Bootstrap tree #910, logLikelihood: -5845.777440
[00:02:07] [worker #3] Bootstrap tree #912, logLikelihood: -5979.567198
[00:02:07] [worker #2] Bootstrap tree #911, logLikelihood: -5989.590949
[00:02:07] [worker #0] Bootstrap tree #909, logLikelihood: -6000.170395
[00:02:07] [worker #3] Bootstrap tree #916, logLikelihood: -5878.004072
[00:02:07] [worker #2] Bootstrap tree #915, logLikelihood: -5994.351296
[00:02:07] [worker #1] Bootstrap tree #914, logLikelihood: -6002.938875
[00:02:07] [worker #0] Bootstrap tree #913, logLikelihood: -5831.183935
[00:02:08] [worker #2] Bootstrap tree #919, logLikelihood: -5897.446283
[00:02:08] [worker #1] Bootstrap tree #918, logLikelihood: -5918.770179
[00:02:08] [worker #3] Bootstrap tree #920, logLikelihood: -6094.300659
[00:02:08] [worker #0] Bootstrap tree #917, logLikelihood: -6010.334354
[00:02:08] [worker #2] Bootstrap tree #923, logLikelihood: -5831.339959
[00:02:08] [worker #3] Bootstrap tree #924, logLikelihood: -5881.383412
[00:02:08] [worker #1] Bootstrap tree #922, logLikelihood: -5932.383349
[00:02:09] [worker #0] Bootstrap tree #921, logLikelihood: -6060.282287
[00:02:09] [worker #3] Bootstrap tree #928, logLikelihood: -5763.318644
[00:02:09] [worker #1] Bootstrap tree #926, logLikelihood: -6013.516056
[00:02:09] [worker #2] Bootstrap tree #927, logLikelihood: -5831.939956
[00:02:09] [worker #0] Bootstrap tree #925, logLikelihood: -6144.773004
[00:02:09] [worker #3] Bootstrap tree #932, logLikelihood: -5917.407393
[00:02:09] [worker #1] Bootstrap tree #930, logLikelihood: -6005.427517
[00:02:09] [worker #2] Bootstrap tree #931, logLikelihood: -6081.138605
[00:02:10] [worker #3] Bootstrap tree #936, logLikelihood: -5953.995847
[00:02:10] [worker #0] Bootstrap tree #929, logLikelihood: -5863.326208
[00:02:10] [worker #1] Bootstrap tree #934, logLikelihood: -5849.201922
[00:02:10] [worker #2] Bootstrap tree #935, logLikelihood: -6032.707014
[00:02:10] [worker #3] Bootstrap tree #940, logLikelihood: -5803.272845
[00:02:10] [worker #1] Bootstrap tree #938, logLikelihood: -5898.560357
[00:02:10] [worker #0] Bootstrap tree #933, logLikelihood: -6042.354425
[00:02:10] [worker #2] Bootstrap tree #939, logLikelihood: -5884.140426
[00:02:10] [worker #1] Bootstrap tree #942, logLikelihood: -5912.963572
[00:02:11] [worker #3] Bootstrap tree #944, logLikelihood: -5926.865729
[00:02:11] [worker #2] Bootstrap tree #943, logLikelihood: -5951.073967
[00:02:11] [worker #0] Bootstrap tree #937, logLikelihood: -5962.433844
[00:02:11] [worker #1] Bootstrap tree #946, logLikelihood: -5974.086835
[00:02:11] [worker #2] Bootstrap tree #947, logLikelihood: -6078.193269
[00:02:11] [worker #3] Bootstrap tree #948, logLikelihood: -5806.196087
[00:02:11] [worker #0] Bootstrap tree #941, logLikelihood: -5968.910751
[00:02:11] [worker #1] Bootstrap tree #950, logLikelihood: -5987.664654
[00:02:12] [worker #0] Bootstrap tree #945, logLikelihood: -6117.974948
[00:02:12] [worker #0] Bootstrap tree #949, logLikelihood: -5921.501807
[00:02:13] [worker #3] Bootstrap tree #952, logLikelihood: -5911.189040
[00:02:13] [worker #2] Bootstrap tree #951, logLikelihood: -6037.300121
[00:02:13] [worker #1] Bootstrap tree #954, logLikelihood: -5869.675952
[00:02:13] [worker #0] Bootstrap tree #953, logLikelihood: -5906.082425
[00:02:13] [worker #3] Bootstrap tree #956, logLikelihood: -5943.719750
[00:02:14] [worker #2] Bootstrap tree #955, logLikelihood: -5995.056260
[00:02:14] [worker #0] Bootstrap tree #957, logLikelihood: -6017.889575
[00:02:14] [worker #1] Bootstrap tree #958, logLikelihood: -5782.785392
[00:02:14] [worker #2] Bootstrap tree #959, logLikelihood: -5835.472999
[00:02:14] [worker #1] Bootstrap tree #962, logLikelihood: -6120.967680
[00:02:14] [worker #3] Bootstrap tree #960, logLikelihood: -6035.128856
[00:02:14] [worker #0] Bootstrap tree #961, logLikelihood: -6082.755589
[00:02:15] [worker #1] Bootstrap tree #966, logLikelihood: -5988.751356
[00:02:15] [worker #2] Bootstrap tree #963, logLikelihood: -5924.546288
[00:02:15] [worker #3] Bootstrap tree #964, logLikelihood: -5974.456534
[00:02:15] [worker #0] Bootstrap tree #965, logLikelihood: -5984.640639
[00:02:15] [worker #1] Bootstrap tree #970, logLikelihood: -6008.226603
[00:02:15] [worker #2] Bootstrap tree #967, logLikelihood: -5993.836356
[00:02:15] [worker #3] Bootstrap tree #968, logLikelihood: -6093.593024
[00:02:15] [worker #0] Bootstrap tree #969, logLikelihood: -5801.799409
[00:02:15] [worker #2] Bootstrap tree #971, logLikelihood: -5917.940266
[00:02:15] [worker #1] Bootstrap tree #974, logLikelihood: -6066.304272
[00:02:16] [worker #3] Bootstrap tree #972, logLikelihood: -6132.280210
[00:02:16] [worker #0] Bootstrap tree #973, logLikelihood: -5975.614652
[00:02:16] [worker #2] Bootstrap tree #975, logLikelihood: -5798.620009
[00:02:16] [worker #3] Bootstrap tree #976, logLikelihood: -5997.926531
[00:02:16] [worker #1] Bootstrap tree #978, logLikelihood: -6009.023642
[00:02:16] [worker #0] Bootstrap tree #977, logLikelihood: -5841.999283
[00:02:17] [worker #2] Bootstrap tree #979, logLikelihood: -5847.975263
[00:02:17] [worker #3] Bootstrap tree #980, logLikelihood: -6088.448801
[00:02:17] [worker #1] Bootstrap tree #982, logLikelihood: -5870.028047
[00:02:17] [worker #0] Bootstrap tree #981, logLikelihood: -5792.621960
[00:02:17] [worker #2] Bootstrap tree #983, logLikelihood: -6092.392042
[00:02:17] [worker #1] Bootstrap tree #986, logLikelihood: -5899.302918
[00:02:17] [worker #0] Bootstrap tree #985, logLikelihood: -6026.354291
[00:02:17] [worker #3] Bootstrap tree #984, logLikelihood: -5986.105631
[00:02:17] [worker #2] Bootstrap tree #987, logLikelihood: -6050.971138
[00:02:18] [worker #3] Bootstrap tree #988, logLikelihood: -6037.396972
[00:02:18] [worker #2] Bootstrap tree #991, logLikelihood: -5868.880563
[00:02:18] [worker #0] Bootstrap tree #989, logLikelihood: -5827.268009
[00:02:18] [worker #1] Bootstrap tree #990, logLikelihood: -5932.736028
[00:02:18] [worker #3] Bootstrap tree #992, logLikelihood: -5946.721210
[00:02:18] [worker #2] Bootstrap tree #995, logLikelihood: -5836.523266
[00:02:19] [worker #0] Bootstrap tree #993, logLikelihood: -5942.575770
[00:02:19] [worker #1] Bootstrap tree #994, logLikelihood: -5818.871329
[00:02:19] [worker #3] Bootstrap tree #996, logLikelihood: -5999.176178
[00:02:19] [worker #2] Bootstrap tree #999, logLikelihood: -5958.987381
[00:02:19] [worker #3] Bootstrap tree #1000, logLikelihood: -5938.871402
[00:02:19] [worker #1] Bootstrap tree #998, logLikelihood: -6219.187050
[00:02:19] [worker #0] Bootstrap tree #997, logLikelihood: -5885.897409

Optimized model parameters:

   Partition 0: noname
   Rate heterogeneity: GAMMA (4 cats, mean),  alpha: 1.081454 (ML),  weights&rates: (0.250000,0.152914) (0.250000,0.499936) (0.250000,1.012286) (0.250000,2.334864) 
   Base frequencies (ML): 0.226479 0.267213 0.227093 0.279216 
   Substitution rates (ML): 1.094416 2.397295 1.002350 1.281975 2.679728 1.000000 


Final LogLikelihood: -5986.779418

AIC score: 12021.558837 / AICc score: 12023.349881 / BIC score: 12130.612721
Free parameters (model + branch lengths): 24

Best ML tree saved to: /Users/bhe2/Documents/work/current/C037-Cand-auris-adhesin/02-case-studies/09-natural-selection/input/gene-tree/B8441-Hil-PF11765-split/B8441-OG-Hil-PF11765-1-695.raxml.bestTree
All ML trees saved to: /Users/bhe2/Documents/work/current/C037-Cand-auris-adhesin/02-case-studies/09-natural-selection/input/gene-tree/B8441-Hil-PF11765-split/B8441-OG-Hil-PF11765-1-695.raxml.mlTrees
Best ML tree with Felsenstein bootstrap (FBP) support values saved to: /Users/bhe2/Documents/work/current/C037-Cand-auris-adhesin/02-case-studies/09-natural-selection/input/gene-tree/B8441-Hil-PF11765-split/B8441-OG-Hil-PF11765-1-695.raxml.support
Optimized model saved to: /Users/bhe2/Documents/work/current/C037-Cand-auris-adhesin/02-case-studies/09-natural-selection/input/gene-tree/B8441-Hil-PF11765-split/B8441-OG-Hil-PF11765-1-695.raxml.bestModel
Bootstrap trees saved to: /Users/bhe2/Documents/work/current/C037-Cand-auris-adhesin/02-case-studies/09-natural-selection/input/gene-tree/B8441-Hil-PF11765-split/B8441-OG-Hil-PF11765-1-695.raxml.bootstraps

Execution log saved to: /Users/bhe2/Documents/work/current/C037-Cand-auris-adhesin/02-case-studies/09-natural-selection/input/gene-tree/B8441-Hil-PF11765-split/B8441-OG-Hil-PF11765-1-695.raxml.log

Analysis started: 02-Jul-2022 22:21:47 / finished: 02-Jul-2022 22:24:07

Elapsed time: 140.058 seconds

