
RAxML-NG v. 1.1.0 released on 29.11.2021 by The Exelixis Lab.
Developed by: Alexey M. Kozlov and Alexandros Stamatakis.
Contributors: Diego Darriba, Tomas Flouri, Benoit Morel, Sarah Lutteropp, Ben Bettisworth.
Latest version: https://github.com/amkozlov/raxml-ng
Questions/problems/suggestions? Please visit: https://groups.google.com/forum/#!forum/raxml

System: Apple M1, 8 cores, 16 GB RAM

RAxML-NG was called at 02-Jul-2022 22:19:56 as follows:

raxml-ng --all --msa ../input/homologs/B8441-OG-Hil-PF11765-1-580.nuc --model GTR+G --seed 123 --threads 4 --bs-trees autoMRE --outgroup OG --prefix ../input/gene-tree/B8441-Hil-PF11765-split/B8441-OG-Hil-PF11765-1-580

Analysis options:
  run mode: ML tree search + bootstrapping (Felsenstein Bootstrap)
  start tree(s): random (10) + parsimony (10)
  bootstrap replicates: max: 1000 + bootstopping (autoMRE, cutoff: 0.030000)
  outgroup taxa: OG
  random seed: 123
  tip-inner: OFF
  pattern compression: ON
  per-rate scalers: OFF
  site repeats: ON
  branch lengths: proportional (ML estimate, algorithm: NR-FAST)
  SIMD kernels: SSE3
  parallelization: coarse-grained (auto), PTHREADS (4 threads), thread pinning: OFF

[00:00:00] Reading alignment from file: ../input/homologs/B8441-OG-Hil-PF11765-1-580.nuc
[00:00:00] Loaded alignment with 9 taxa and 580 sites

Alignment comprises 1 partitions and 433 patterns

Partition 0: noname
Model: GTR+FO+G4m
Alignment sites / patterns: 580 / 433
Gaps: 2.53 %
Invariant sites: 17.93 %


NOTE: Binary MSA file created: ../input/gene-tree/B8441-Hil-PF11765-split/B8441-OG-Hil-PF11765-1-580.raxml.rba

Parallelization scheme autoconfig: 4 worker(s) x 1 thread(s)

Parallel reduction/worker buffer size: 1 KB  / 0 KB

[00:00:00] Generating 10 random starting tree(s) with 9 taxa
[00:00:00] Generating 10 parsimony starting tree(s) with 9 taxa
[00:00:00] Data distribution: max. partitions/sites/weight per thread: 1 / 433 / 6928
[00:00:00] Data distribution: max. searches per worker: 255

Starting ML tree search with 20 distinct starting trees

[00:00:00] [worker #1] ML tree search #2, logLikelihood: -5005.523933
[00:00:00] [worker #0] ML tree search #1, logLikelihood: -5005.537822
[00:00:00] [worker #3] ML tree search #4, logLikelihood: -5005.545066
[00:00:00] [worker #2] ML tree search #3, logLikelihood: -5005.517693
[00:00:00] [worker #3] ML tree search #8, logLikelihood: -5005.525589
[00:00:00] [worker #1] ML tree search #6, logLikelihood: -5005.532341
[00:00:00] [worker #0] ML tree search #5, logLikelihood: -5005.557371
[00:00:01] [worker #2] ML tree search #7, logLikelihood: -5005.550875
[00:00:01] [worker #3] ML tree search #12, logLikelihood: -5005.440365
[00:00:01] [worker #1] ML tree search #10, logLikelihood: -5005.547177
[00:00:01] [worker #2] ML tree search #11, logLikelihood: -5005.439986
[00:00:01] [worker #0] ML tree search #9, logLikelihood: -5005.517729
[00:00:01] [worker #3] ML tree search #16, logLikelihood: -5005.440747
[00:00:01] [worker #1] ML tree search #14, logLikelihood: -5005.438504
[00:00:01] [worker #2] ML tree search #15, logLikelihood: -5005.438876
[00:00:01] [worker #0] ML tree search #13, logLikelihood: -5005.438515
[00:00:02] [worker #3] ML tree search #20, logLikelihood: -5005.439952
[00:00:02] [worker #2] ML tree search #19, logLikelihood: -5005.440407
[00:00:02] [worker #1] ML tree search #18, logLikelihood: -5005.440287
[00:00:02] [worker #0] ML tree search #17, logLikelihood: -5005.439045

[00:00:02] ML tree search completed, best tree logLH: -5005.438504

[00:00:02] Starting bootstrapping analysis with 1000 replicates.

[00:00:02] [worker #2] Bootstrap tree #3, logLikelihood: -4918.615415
[00:00:02] [worker #3] Bootstrap tree #4, logLikelihood: -5003.572515
[00:00:02] [worker #1] Bootstrap tree #2, logLikelihood: -4878.981519
[00:00:02] [worker #0] Bootstrap tree #1, logLikelihood: -5071.327846
[00:00:02] [worker #2] Bootstrap tree #7, logLikelihood: -4953.605247
[00:00:02] [worker #0] Bootstrap tree #5, logLikelihood: -4868.250404
[00:00:02] [worker #1] Bootstrap tree #6, logLikelihood: -5080.569174
[00:00:02] [worker #3] Bootstrap tree #8, logLikelihood: -4886.998863
[00:00:03] [worker #2] Bootstrap tree #11, logLikelihood: -4923.477367
[00:00:03] [worker #1] Bootstrap tree #10, logLikelihood: -4908.769135
[00:00:03] [worker #3] Bootstrap tree #12, logLikelihood: -4926.516161
[00:00:03] [worker #0] Bootstrap tree #9, logLikelihood: -5081.876975
[00:00:03] [worker #3] Bootstrap tree #16, logLikelihood: -4778.143634
[00:00:03] [worker #1] Bootstrap tree #14, logLikelihood: -4997.667357
[00:00:03] [worker #0] Bootstrap tree #13, logLikelihood: -4948.083053
[00:00:03] [worker #2] Bootstrap tree #15, logLikelihood: -5087.382477
[00:00:03] [worker #1] Bootstrap tree #18, logLikelihood: -5056.752224
[00:00:03] [worker #2] Bootstrap tree #19, logLikelihood: -5053.543413
[00:00:03] [worker #0] Bootstrap tree #17, logLikelihood: -4889.720764
[00:00:04] [worker #3] Bootstrap tree #20, logLikelihood: -4992.882519
[00:00:04] [worker #1] Bootstrap tree #22, logLikelihood: -4972.451978
[00:00:04] [worker #2] Bootstrap tree #23, logLikelihood: -4967.837738
[00:00:04] [worker #0] Bootstrap tree #21, logLikelihood: -5072.844683
[00:00:04] [worker #3] Bootstrap tree #24, logLikelihood: -4912.850303
[00:00:04] [worker #1] Bootstrap tree #26, logLikelihood: -5109.695359
[00:00:04] [worker #2] Bootstrap tree #27, logLikelihood: -4927.639072
[00:00:04] [worker #3] Bootstrap tree #28, logLikelihood: -5010.677275
[00:00:04] [worker #0] Bootstrap tree #25, logLikelihood: -5014.202885
[00:00:04] [worker #1] Bootstrap tree #30, logLikelihood: -4929.369313
[00:00:05] [worker #2] Bootstrap tree #31, logLikelihood: -4993.863763
[00:00:05] [worker #0] Bootstrap tree #29, logLikelihood: -5085.451890
[00:00:05] [worker #3] Bootstrap tree #32, logLikelihood: -4962.059292
[00:00:05] [worker #1] Bootstrap tree #34, logLikelihood: -5143.075626
[00:00:05] [worker #2] Bootstrap tree #35, logLikelihood: -5001.434450
[00:00:05] [worker #0] Bootstrap tree #33, logLikelihood: -5043.906067
[00:00:05] [worker #3] Bootstrap tree #36, logLikelihood: -4975.791068
[00:00:05] [worker #2] Bootstrap tree #39, logLikelihood: -4984.243916
[00:00:05] [worker #1] Bootstrap tree #38, logLikelihood: -4907.103235
[00:00:05] [worker #3] Bootstrap tree #40, logLikelihood: -4936.112942
[00:00:05] [worker #0] Bootstrap tree #37, logLikelihood: -4831.876736
[00:00:05] [worker #1] Bootstrap tree #42, logLikelihood: -4907.315430
[00:00:05] [worker #2] Bootstrap tree #43, logLikelihood: -4941.639377
[00:00:06] [worker #3] Bootstrap tree #44, logLikelihood: -4981.532304
[00:00:06] [worker #0] Bootstrap tree #41, logLikelihood: -5066.479074
[00:00:06] [worker #2] Bootstrap tree #47, logLikelihood: -5032.664566
[00:00:06] [worker #3] Bootstrap tree #48, logLikelihood: -5101.169746
[00:00:06] [worker #1] Bootstrap tree #46, logLikelihood: -4911.619974
[00:00:06] [worker #0] Bootstrap tree #45, logLikelihood: -5039.720572
[00:00:06] [worker #1] Bootstrap tree #50, logLikelihood: -4838.583037
[00:00:06] [worker #0] Bootstrap tree #49, logLikelihood: -5070.312595
[00:00:07] [worker #2] Bootstrap tree #51, logLikelihood: -4983.043719
[00:00:07] [worker #1] Bootstrap tree #54, logLikelihood: -5006.199999
[00:00:07] [worker #3] Bootstrap tree #52, logLikelihood: -4968.910604
[00:00:07] [worker #0] Bootstrap tree #53, logLikelihood: -4987.517746
[00:00:07] [worker #3] Bootstrap tree #56, logLikelihood: -4909.704107
[00:00:07] [worker #2] Bootstrap tree #55, logLikelihood: -4931.947657
[00:00:07] [worker #1] Bootstrap tree #58, logLikelihood: -4922.604589
[00:00:07] [worker #0] Bootstrap tree #57, logLikelihood: -5088.032918
[00:00:07] [worker #2] Bootstrap tree #59, logLikelihood: -4990.755987
[00:00:07] [worker #3] Bootstrap tree #60, logLikelihood: -4992.730671
[00:00:07] [worker #1] Bootstrap tree #62, logLikelihood: -4859.208474
[00:00:08] [worker #0] Bootstrap tree #61, logLikelihood: -5145.859589
[00:00:08] [worker #3] Bootstrap tree #64, logLikelihood: -4973.152637
[00:00:08] [worker #2] Bootstrap tree #63, logLikelihood: -4974.554691
[00:00:08] [worker #1] Bootstrap tree #66, logLikelihood: -4981.582272
[00:00:08] [worker #0] Bootstrap tree #65, logLikelihood: -5038.393068
[00:00:08] [worker #3] Bootstrap tree #68, logLikelihood: -4966.160141
[00:00:08] [worker #2] Bootstrap tree #67, logLikelihood: -5112.103989
[00:00:08] [worker #1] Bootstrap tree #70, logLikelihood: -5009.197797
[00:00:08] [worker #0] Bootstrap tree #69, logLikelihood: -4963.960851
[00:00:08] [worker #2] Bootstrap tree #71, logLikelihood: -5015.214387
[00:00:08] [worker #1] Bootstrap tree #74, logLikelihood: -5092.684657
[00:00:08] [worker #3] Bootstrap tree #72, logLikelihood: -5075.311727
[00:00:09] [worker #1] Bootstrap tree #78, logLikelihood: -4893.181064
[00:00:09] [worker #2] Bootstrap tree #75, logLikelihood: -4992.456974
[00:00:09] [worker #3] Bootstrap tree #76, logLikelihood: -5064.010642
[00:00:09] [worker #0] Bootstrap tree #73, logLikelihood: -5052.406081
[00:00:09] [worker #3] Bootstrap tree #80, logLikelihood: -4958.961474
[00:00:09] [worker #1] Bootstrap tree #82, logLikelihood: -5019.795305
[00:00:09] [worker #2] Bootstrap tree #79, logLikelihood: -5058.261924
[00:00:09] [worker #0] Bootstrap tree #77, logLikelihood: -5161.311138
[00:00:09] [worker #1] Bootstrap tree #86, logLikelihood: -5010.379774
[00:00:09] [worker #3] Bootstrap tree #84, logLikelihood: -4787.040009
[00:00:10] [worker #2] Bootstrap tree #83, logLikelihood: -5060.005334
[00:00:10] [worker #0] Bootstrap tree #81, logLikelihood: -5078.281871
[00:00:10] [worker #1] Bootstrap tree #90, logLikelihood: -5071.301894
[00:00:10] [worker #3] Bootstrap tree #88, logLikelihood: -5031.307497
[00:00:10] [worker #0] Bootstrap tree #85, logLikelihood: -5143.970403
[00:00:10] [worker #1] Bootstrap tree #94, logLikelihood: -5118.928388
[00:00:10] [worker #2] Bootstrap tree #87, logLikelihood: -5021.495995
[00:00:10] [worker #3] Bootstrap tree #92, logLikelihood: -4901.226959
[00:00:10] [worker #1] Bootstrap tree #98, logLikelihood: -5111.000619
[00:00:10] [worker #2] Bootstrap tree #91, logLikelihood: -4722.681624
[00:00:11] [worker #0] Bootstrap tree #89, logLikelihood: -5133.909134
[00:00:11] [worker #3] Bootstrap tree #96, logLikelihood: -4979.739872
[00:00:11] [worker #0] Bootstrap tree #93, logLikelihood: -4974.789137
[00:00:11] [worker #2] Bootstrap tree #95, logLikelihood: -4859.379073
[00:00:11] [worker #3] Bootstrap tree #100, logLikelihood: -4942.249790
[00:00:11] [worker #0] Bootstrap tree #97, logLikelihood: -5184.968847
[00:00:11] [worker #2] Bootstrap tree #99, logLikelihood: -4861.996138
[00:00:12] [worker #3] Bootstrap tree #104, logLikelihood: -4981.997313
[00:00:12] [worker #2] Bootstrap tree #103, logLikelihood: -4863.318364
[00:00:12] [worker #0] Bootstrap tree #101, logLikelihood: -4930.975504
[00:00:12] [worker #1] Bootstrap tree #102, logLikelihood: -5044.544118
[00:00:12] [worker #3] Bootstrap tree #108, logLikelihood: -5154.395703
[00:00:12] [worker #2] Bootstrap tree #107, logLikelihood: -4961.989974
[00:00:12] [worker #1] Bootstrap tree #106, logLikelihood: -4937.670664
[00:00:12] [worker #0] Bootstrap tree #105, logLikelihood: -5069.001290
[00:00:12] [worker #3] Bootstrap tree #112, logLikelihood: -4909.784392
[00:00:13] [worker #1] Bootstrap tree #110, logLikelihood: -5129.680588
[00:00:13] [worker #0] Bootstrap tree #109, logLikelihood: -4984.828734
[00:00:13] [worker #2] Bootstrap tree #111, logLikelihood: -4999.516888
[00:00:13] [worker #3] Bootstrap tree #116, logLikelihood: -5011.038034
[00:00:13] [worker #1] Bootstrap tree #114, logLikelihood: -5091.562858
[00:00:13] [worker #0] Bootstrap tree #113, logLikelihood: -4988.985081
[00:00:13] [worker #2] Bootstrap tree #115, logLikelihood: -4944.187921
[00:00:13] [worker #1] Bootstrap tree #118, logLikelihood: -4939.990414
[00:00:13] [worker #0] Bootstrap tree #117, logLikelihood: -4911.256904
[00:00:13] [worker #3] Bootstrap tree #120, logLikelihood: -5019.298718
[00:00:13] [worker #2] Bootstrap tree #119, logLikelihood: -4952.342845
[00:00:14] [worker #0] Bootstrap tree #121, logLikelihood: -5087.915835
[00:00:14] [worker #3] Bootstrap tree #124, logLikelihood: -5020.428845
[00:00:14] [worker #1] Bootstrap tree #122, logLikelihood: -5016.122601
[00:00:14] [worker #2] Bootstrap tree #123, logLikelihood: -5035.482954
[00:00:14] [worker #1] Bootstrap tree #126, logLikelihood: -5029.098809
[00:00:14] [worker #3] Bootstrap tree #128, logLikelihood: -4983.710662
[00:00:14] [worker #0] Bootstrap tree #125, logLikelihood: -5114.087644
[00:00:14] [worker #2] Bootstrap tree #127, logLikelihood: -4918.339837
[00:00:14] [worker #1] Bootstrap tree #130, logLikelihood: -4934.480620
[00:00:14] [worker #3] Bootstrap tree #132, logLikelihood: -5086.142215
[00:00:14] [worker #2] Bootstrap tree #131, logLikelihood: -4947.827774
[00:00:15] [worker #0] Bootstrap tree #129, logLikelihood: -4914.524694
[00:00:15] [worker #1] Bootstrap tree #134, logLikelihood: -4782.823320
[00:00:15] [worker #3] Bootstrap tree #136, logLikelihood: -4907.983595
[00:00:15] [worker #2] Bootstrap tree #135, logLikelihood: -4947.848903
[00:00:15] [worker #0] Bootstrap tree #133, logLikelihood: -4960.675061
[00:00:15] [worker #3] Bootstrap tree #140, logLikelihood: -4890.151466
[00:00:15] [worker #1] Bootstrap tree #138, logLikelihood: -4977.339745
[00:00:15] [worker #2] Bootstrap tree #139, logLikelihood: -5061.679159
[00:00:15] [worker #3] Bootstrap tree #144, logLikelihood: -5048.882900
[00:00:15] [worker #0] Bootstrap tree #137, logLikelihood: -5110.749340
[00:00:15] [worker #2] Bootstrap tree #143, logLikelihood: -4825.980177
[00:00:16] [worker #1] Bootstrap tree #142, logLikelihood: -5048.992701
[00:00:16] [worker #3] Bootstrap tree #148, logLikelihood: -4920.584548
[00:00:16] [worker #2] Bootstrap tree #147, logLikelihood: -4947.245777
[00:00:16] [worker #1] Bootstrap tree #146, logLikelihood: -5052.725198
[00:00:16] [worker #0] Bootstrap tree #141, logLikelihood: -5072.975801
[00:00:16] [worker #1] Bootstrap tree #150, logLikelihood: -5036.816868
[00:00:16] [worker #0] Bootstrap tree #145, logLikelihood: -5169.337318
[00:00:17] [worker #0] Bootstrap tree #149, logLikelihood: -4902.050774
[00:00:17] [worker #1] Bootstrap tree #154, logLikelihood: -4913.275737
[00:00:17] [worker #0] Bootstrap tree #153, logLikelihood: -5012.912261
[00:00:17] [worker #3] Bootstrap tree #152, logLikelihood: -5055.751637
[00:00:17] [worker #2] Bootstrap tree #151, logLikelihood: -5005.295471
[00:00:17] [worker #3] Bootstrap tree #156, logLikelihood: -4905.795870
[00:00:17] [worker #1] Bootstrap tree #158, logLikelihood: -4933.457515
[00:00:17] [worker #2] Bootstrap tree #155, logLikelihood: -5121.956947
[00:00:18] [worker #0] Bootstrap tree #157, logLikelihood: -5083.985282
[00:00:18] [worker #1] Bootstrap tree #162, logLikelihood: -5141.338072
[00:00:18] [worker #3] Bootstrap tree #160, logLikelihood: -4888.418154
[00:00:18] [worker #2] Bootstrap tree #159, logLikelihood: -5183.853231
[00:00:18] [worker #0] Bootstrap tree #161, logLikelihood: -4893.193891
[00:00:18] [worker #1] Bootstrap tree #166, logLikelihood: -5014.319008
[00:00:18] [worker #3] Bootstrap tree #164, logLikelihood: -5002.428709
[00:00:18] [worker #2] Bootstrap tree #163, logLikelihood: -5009.384938
[00:00:18] [worker #0] Bootstrap tree #165, logLikelihood: -5046.857773
[00:00:18] [worker #3] Bootstrap tree #168, logLikelihood: -5107.873613
[00:00:18] [worker #1] Bootstrap tree #170, logLikelihood: -5094.691402
[00:00:19] [worker #2] Bootstrap tree #167, logLikelihood: -5164.743840
[00:00:19] [worker #0] Bootstrap tree #169, logLikelihood: -5207.611369
[00:00:19] [worker #1] Bootstrap tree #174, logLikelihood: -4958.937455
[00:00:19] [worker #3] Bootstrap tree #172, logLikelihood: -4999.011808
[00:00:19] [worker #1] Bootstrap tree #178, logLikelihood: -5138.033183
[00:00:19] [worker #0] Bootstrap tree #173, logLikelihood: -4853.616853
[00:00:19] [worker #2] Bootstrap tree #171, logLikelihood: -5109.981405
[00:00:19] [worker #3] Bootstrap tree #176, logLikelihood: -4944.845470
[00:00:19] [worker #1] Bootstrap tree #182, logLikelihood: -4854.466423
[00:00:20] [worker #0] Bootstrap tree #177, logLikelihood: -4966.810670
[00:00:20] [worker #2] Bootstrap tree #175, logLikelihood: -4843.859198
[00:00:20] [worker #3] Bootstrap tree #180, logLikelihood: -4902.012820
[00:00:20] [worker #0] Bootstrap tree #181, logLikelihood: -4926.944669
[00:00:20] [worker #1] Bootstrap tree #186, logLikelihood: -4937.059010
[00:00:20] [worker #2] Bootstrap tree #179, logLikelihood: -5030.735219
[00:00:20] [worker #0] Bootstrap tree #185, logLikelihood: -4920.282511
[00:00:20] [worker #3] Bootstrap tree #184, logLikelihood: -4915.440352
[00:00:20] [worker #1] Bootstrap tree #190, logLikelihood: -5059.105249
[00:00:20] [worker #2] Bootstrap tree #183, logLikelihood: -5047.154137
[00:00:21] [worker #3] Bootstrap tree #188, logLikelihood: -4944.961654
[00:00:21] [worker #1] Bootstrap tree #194, logLikelihood: -5037.967861
[00:00:21] [worker #0] Bootstrap tree #189, logLikelihood: -5026.398871
[00:00:21] [worker #2] Bootstrap tree #187, logLikelihood: -5032.432441
[00:00:21] [worker #2] Bootstrap tree #191, logLikelihood: -4882.074449
[00:00:21] [worker #0] Bootstrap tree #193, logLikelihood: -5014.321730
[00:00:21] [worker #1] Bootstrap tree #198, logLikelihood: -5075.634993
[00:00:21] [worker #3] Bootstrap tree #192, logLikelihood: -5024.769612
[00:00:21] [worker #0] Bootstrap tree #197, logLikelihood: -5005.966130
[00:00:21] [worker #2] Bootstrap tree #195, logLikelihood: -5063.781949
[00:00:21] [worker #3] Bootstrap tree #196, logLikelihood: -5220.430474
[00:00:22] [worker #2] Bootstrap tree #199, logLikelihood: -4893.626188
[00:00:22] [worker #3] Bootstrap tree #200, logLikelihood: -5025.774604
[00:00:22] [worker #1] Bootstrap tree #202, logLikelihood: -4911.986328
[00:00:22] [worker #3] Bootstrap tree #204, logLikelihood: -4971.469496
[00:00:22] [worker #0] Bootstrap tree #201, logLikelihood: -5001.770926
[00:00:22] [worker #2] Bootstrap tree #203, logLikelihood: -5049.989803
[00:00:23] [worker #1] Bootstrap tree #206, logLikelihood: -5012.087101
[00:00:23] [worker #3] Bootstrap tree #208, logLikelihood: -5124.433972
[00:00:23] [worker #0] Bootstrap tree #205, logLikelihood: -4939.674614
[00:00:23] [worker #2] Bootstrap tree #207, logLikelihood: -5041.885232
[00:00:23] [worker #3] Bootstrap tree #212, logLikelihood: -4959.718550
[00:00:23] [worker #0] Bootstrap tree #209, logLikelihood: -4949.041456
[00:00:23] [worker #1] Bootstrap tree #210, logLikelihood: -4874.726435
[00:00:23] [worker #2] Bootstrap tree #211, logLikelihood: -5243.319352
[00:00:23] [worker #3] Bootstrap tree #216, logLikelihood: -4869.922909
[00:00:23] [worker #0] Bootstrap tree #213, logLikelihood: -5032.855199
[00:00:24] [worker #1] Bootstrap tree #214, logLikelihood: -5089.353261
[00:00:24] [worker #2] Bootstrap tree #215, logLikelihood: -5070.873102
[00:00:24] [worker #3] Bootstrap tree #220, logLikelihood: -5070.525775
[00:00:24] [worker #2] Bootstrap tree #219, logLikelihood: -4921.376318
[00:00:24] [worker #0] Bootstrap tree #217, logLikelihood: -5004.686088
[00:00:24] [worker #1] Bootstrap tree #218, logLikelihood: -4927.466204
[00:00:24] [worker #3] Bootstrap tree #224, logLikelihood: -4986.264562
[00:00:24] [worker #2] Bootstrap tree #223, logLikelihood: -4910.873814
[00:00:24] [worker #0] Bootstrap tree #221, logLikelihood: -4994.208003
[00:00:25] [worker #1] Bootstrap tree #222, logLikelihood: -4938.314267
[00:00:25] [worker #3] Bootstrap tree #228, logLikelihood: -5103.243000
[00:00:25] [worker #2] Bootstrap tree #227, logLikelihood: -4917.291821
[00:00:25] [worker #0] Bootstrap tree #225, logLikelihood: -4947.745272
[00:00:25] [worker #1] Bootstrap tree #226, logLikelihood: -4966.003869
[00:00:25] [worker #3] Bootstrap tree #232, logLikelihood: -4946.636837
[00:00:25] [worker #2] Bootstrap tree #231, logLikelihood: -5094.295092
[00:00:25] [worker #1] Bootstrap tree #230, logLikelihood: -4988.047257
[00:00:25] [worker #0] Bootstrap tree #229, logLikelihood: -4724.543459
[00:00:25] [worker #3] Bootstrap tree #236, logLikelihood: -5054.211627
[00:00:25] [worker #2] Bootstrap tree #235, logLikelihood: -5125.757714
[00:00:26] [worker #3] Bootstrap tree #240, logLikelihood: -4732.501738
[00:00:26] [worker #1] Bootstrap tree #234, logLikelihood: -4745.080327
[00:00:26] [worker #0] Bootstrap tree #233, logLikelihood: -4988.008413
[00:00:26] [worker #2] Bootstrap tree #239, logLikelihood: -4840.637491
[00:00:26] [worker #0] Bootstrap tree #237, logLikelihood: -5049.094507
[00:00:26] [worker #3] Bootstrap tree #244, logLikelihood: -5034.243548
[00:00:26] [worker #1] Bootstrap tree #238, logLikelihood: -4892.844123
[00:00:26] [worker #2] Bootstrap tree #243, logLikelihood: -4914.733941
[00:00:26] [worker #3] Bootstrap tree #248, logLikelihood: -4974.417695
[00:00:26] [worker #1] Bootstrap tree #242, logLikelihood: -4929.093933
[00:00:26] [worker #0] Bootstrap tree #241, logLikelihood: -4954.110352
[00:00:27] [worker #2] Bootstrap tree #247, logLikelihood: -4914.152129
[00:00:27] [worker #1] Bootstrap tree #246, logLikelihood: -4939.406987
[00:00:27] [worker #0] Bootstrap tree #245, logLikelihood: -4998.239279
[00:00:27] [worker #0] Bootstrap tree #249, logLikelihood: -5036.626246
[00:00:27] [worker #1] Bootstrap tree #250, logLikelihood: -4992.286233
[00:00:27] [worker #0] Bootstrap tree #253, logLikelihood: -4988.048188
[00:00:27] [worker #1] Bootstrap tree #254, logLikelihood: -4914.407176
[00:00:27] [worker #2] Bootstrap tree #251, logLikelihood: -5082.643844
[00:00:27] [worker #3] Bootstrap tree #252, logLikelihood: -4937.023539
[00:00:28] [worker #0] Bootstrap tree #257, logLikelihood: -4895.452460
[00:00:28] [worker #2] Bootstrap tree #255, logLikelihood: -4965.127744
[00:00:28] [worker #1] Bootstrap tree #258, logLikelihood: -5027.046587
[00:00:28] [worker #3] Bootstrap tree #256, logLikelihood: -4935.295120
[00:00:28] [worker #0] Bootstrap tree #261, logLikelihood: -5022.636972
[00:00:28] [worker #1] Bootstrap tree #262, logLikelihood: -4813.033967
[00:00:28] [worker #3] Bootstrap tree #260, logLikelihood: -4961.566213
[00:00:28] [worker #2] Bootstrap tree #259, logLikelihood: -5148.142653
[00:00:29] [worker #0] Bootstrap tree #265, logLikelihood: -5078.618421
[00:00:29] [worker #1] Bootstrap tree #266, logLikelihood: -4934.160576
[00:00:29] [worker #2] Bootstrap tree #263, logLikelihood: -4841.929667
[00:00:29] [worker #3] Bootstrap tree #264, logLikelihood: -4920.957968
[00:00:29] [worker #0] Bootstrap tree #269, logLikelihood: -4951.386347
[00:00:29] [worker #1] Bootstrap tree #270, logLikelihood: -5024.471752
[00:00:29] [worker #3] Bootstrap tree #268, logLikelihood: -5012.245360
[00:00:29] [worker #2] Bootstrap tree #267, logLikelihood: -4973.250946
[00:00:29] [worker #0] Bootstrap tree #273, logLikelihood: -4927.422812
[00:00:29] [worker #1] Bootstrap tree #274, logLikelihood: -4899.902208
[00:00:30] [worker #2] Bootstrap tree #271, logLikelihood: -5011.914773
[00:00:30] [worker #3] Bootstrap tree #272, logLikelihood: -5157.547567
[00:00:30] [worker #1] Bootstrap tree #278, logLikelihood: -5073.742821
[00:00:30] [worker #0] Bootstrap tree #277, logLikelihood: -5170.878643
[00:00:30] [worker #3] Bootstrap tree #276, logLikelihood: -4939.469122
[00:00:30] [worker #2] Bootstrap tree #275, logLikelihood: -4780.847827
[00:00:30] [worker #1] Bootstrap tree #282, logLikelihood: -5080.117118
[00:00:30] [worker #0] Bootstrap tree #281, logLikelihood: -5054.755075
[00:00:30] [worker #3] Bootstrap tree #280, logLikelihood: -5075.450201
[00:00:30] [worker #2] Bootstrap tree #279, logLikelihood: -4983.994196
[00:00:31] [worker #1] Bootstrap tree #286, logLikelihood: -5014.551176
[00:00:31] [worker #3] Bootstrap tree #284, logLikelihood: -4986.318278
[00:00:31] [worker #0] Bootstrap tree #285, logLikelihood: -4974.125407
[00:00:31] [worker #2] Bootstrap tree #283, logLikelihood: -4924.030724
[00:00:31] [worker #1] Bootstrap tree #290, logLikelihood: -4973.998346
[00:00:31] [worker #3] Bootstrap tree #288, logLikelihood: -4992.225258
[00:00:31] [worker #0] Bootstrap tree #289, logLikelihood: -5051.320049
[00:00:31] [worker #2] Bootstrap tree #287, logLikelihood: -4948.630699
[00:00:31] [worker #1] Bootstrap tree #294, logLikelihood: -5044.300095
[00:00:31] [worker #3] Bootstrap tree #292, logLikelihood: -5171.199225
[00:00:31] [worker #0] Bootstrap tree #293, logLikelihood: -5098.093288
[00:00:32] [worker #2] Bootstrap tree #291, logLikelihood: -5030.157380
[00:00:32] [worker #1] Bootstrap tree #298, logLikelihood: -5024.759997
[00:00:32] [worker #3] Bootstrap tree #296, logLikelihood: -5033.743252
[00:00:32] [worker #2] Bootstrap tree #295, logLikelihood: -4837.773555
[00:00:32] [worker #0] Bootstrap tree #297, logLikelihood: -5028.618921
[00:00:32] [worker #3] Bootstrap tree #300, logLikelihood: -4970.613779
[00:00:32] [worker #2] Bootstrap tree #299, logLikelihood: -4915.889431
[00:00:33] [worker #0] Bootstrap tree #301, logLikelihood: -5051.190684
[00:00:33] [worker #2] Bootstrap tree #303, logLikelihood: -5006.129292
[00:00:33] [worker #3] Bootstrap tree #304, logLikelihood: -4852.585075
[00:00:33] [worker #1] Bootstrap tree #302, logLikelihood: -5051.897980
[00:00:33] [worker #0] Bootstrap tree #305, logLikelihood: -5117.036611
[00:00:33] [worker #3] Bootstrap tree #308, logLikelihood: -4970.103726
[00:00:33] [worker #2] Bootstrap tree #307, logLikelihood: -4966.403576
[00:00:33] [worker #1] Bootstrap tree #306, logLikelihood: -4996.621826
[00:00:33] [worker #3] Bootstrap tree #312, logLikelihood: -4977.397576
[00:00:33] [worker #2] Bootstrap tree #311, logLikelihood: -4887.078831
[00:00:33] [worker #0] Bootstrap tree #309, logLikelihood: -4920.165518
[00:00:34] [worker #1] Bootstrap tree #310, logLikelihood: -4805.686614
[00:00:34] [worker #3] Bootstrap tree #316, logLikelihood: -4758.330659
[00:00:34] [worker #2] Bootstrap tree #315, logLikelihood: -5040.581259
[00:00:34] [worker #0] Bootstrap tree #313, logLikelihood: -4962.319602
[00:00:34] [worker #3] Bootstrap tree #320, logLikelihood: -4952.301126
[00:00:34] [worker #1] Bootstrap tree #314, logLikelihood: -4990.354311
[00:00:34] [worker #0] Bootstrap tree #317, logLikelihood: -4840.303291
[00:00:34] [worker #3] Bootstrap tree #324, logLikelihood: -5083.761888
[00:00:35] [worker #2] Bootstrap tree #319, logLikelihood: -4935.240482
[00:00:35] [worker #1] Bootstrap tree #318, logLikelihood: -4953.863720
[00:00:35] [worker #3] Bootstrap tree #328, logLikelihood: -5069.474753
[00:00:35] [worker #0] Bootstrap tree #321, logLikelihood: -4845.953531
[00:00:35] [worker #2] Bootstrap tree #323, logLikelihood: -5042.175525
[00:00:35] [worker #1] Bootstrap tree #322, logLikelihood: -5083.603306
[00:00:35] [worker #0] Bootstrap tree #325, logLikelihood: -4996.944788
[00:00:35] [worker #3] Bootstrap tree #332, logLikelihood: -5013.793069
[00:00:36] [worker #2] Bootstrap tree #327, logLikelihood: -5037.001757
[00:00:36] [worker #1] Bootstrap tree #326, logLikelihood: -4979.349475
[00:00:36] [worker #3] Bootstrap tree #336, logLikelihood: -4975.981652
[00:00:36] [worker #0] Bootstrap tree #329, logLikelihood: -4816.206134
[00:00:36] [worker #1] Bootstrap tree #330, logLikelihood: -4815.708983
[00:00:36] [worker #3] Bootstrap tree #340, logLikelihood: -5136.634673
[00:00:36] [worker #2] Bootstrap tree #331, logLikelihood: -5059.747921
[00:00:36] [worker #0] Bootstrap tree #333, logLikelihood: -5174.751162
[00:00:36] [worker #1] Bootstrap tree #334, logLikelihood: -4934.033174
[00:00:36] [worker #3] Bootstrap tree #344, logLikelihood: -4949.857996
[00:00:36] [worker #2] Bootstrap tree #335, logLikelihood: -4998.964152
[00:00:37] [worker #0] Bootstrap tree #337, logLikelihood: -5054.143292
[00:00:37] [worker #1] Bootstrap tree #338, logLikelihood: -5023.879266
[00:00:37] [worker #3] Bootstrap tree #348, logLikelihood: -5081.194875
[00:00:37] [worker #2] Bootstrap tree #339, logLikelihood: -5060.488163
[00:00:37] [worker #0] Bootstrap tree #341, logLikelihood: -4931.842290
[00:00:37] [worker #1] Bootstrap tree #342, logLikelihood: -5019.521885
[00:00:37] [worker #2] Bootstrap tree #343, logLikelihood: -5077.931687
[00:00:37] [worker #0] Bootstrap tree #345, logLikelihood: -4986.906399
[00:00:37] [worker #1] Bootstrap tree #346, logLikelihood: -5171.506605
[00:00:38] [worker #2] Bootstrap tree #347, logLikelihood: -4888.535000
[00:00:38] [worker #1] Bootstrap tree #350, logLikelihood: -4908.135605
[00:00:38] [worker #0] Bootstrap tree #349, logLikelihood: -4931.842170
[00:00:38] [worker #1] Bootstrap tree #354, logLikelihood: -5030.594788
[00:00:38] [worker #0] Bootstrap tree #353, logLikelihood: -4854.953009
[00:00:38] [worker #2] Bootstrap tree #351, logLikelihood: -5074.204593
[00:00:38] [worker #3] Bootstrap tree #352, logLikelihood: -4734.078546
[00:00:38] [worker #1] Bootstrap tree #358, logLikelihood: -4993.516526
[00:00:39] [worker #2] Bootstrap tree #355, logLikelihood: -5057.515704
[00:00:39] [worker #3] Bootstrap tree #356, logLikelihood: -4819.786280
[00:00:39] [worker #0] Bootstrap tree #357, logLikelihood: -5055.124675
[00:00:39] [worker #1] Bootstrap tree #362, logLikelihood: -5147.720716
[00:00:39] [worker #2] Bootstrap tree #359, logLikelihood: -4961.345785
[00:00:39] [worker #3] Bootstrap tree #360, logLikelihood: -5066.232883
[00:00:39] [worker #1] Bootstrap tree #366, logLikelihood: -5030.471692
[00:00:39] [worker #0] Bootstrap tree #361, logLikelihood: -5088.693106
[00:00:39] [worker #3] Bootstrap tree #364, logLikelihood: -5069.774899
[00:00:39] [worker #2] Bootstrap tree #363, logLikelihood: -4941.860203
[00:00:40] [worker #1] Bootstrap tree #370, logLikelihood: -4989.766904
[00:00:40] [worker #0] Bootstrap tree #365, logLikelihood: -5009.355466
[00:00:40] [worker #3] Bootstrap tree #368, logLikelihood: -4979.104834
[00:00:40] [worker #2] Bootstrap tree #367, logLikelihood: -4981.788603
[00:00:40] [worker #1] Bootstrap tree #374, logLikelihood: -4911.170879
[00:00:40] [worker #0] Bootstrap tree #369, logLikelihood: -5076.309290
[00:00:40] [worker #3] Bootstrap tree #372, logLikelihood: -4993.060783
[00:00:40] [worker #2] Bootstrap tree #371, logLikelihood: -4853.564420
[00:00:40] [worker #1] Bootstrap tree #378, logLikelihood: -5138.221372
[00:00:40] [worker #0] Bootstrap tree #373, logLikelihood: -4940.579506
[00:00:40] [worker #3] Bootstrap tree #376, logLikelihood: -4865.902951
[00:00:40] [worker #2] Bootstrap tree #375, logLikelihood: -4976.941331
[00:00:41] [worker #1] Bootstrap tree #382, logLikelihood: -4944.312505
[00:00:41] [worker #0] Bootstrap tree #377, logLikelihood: [00-4901.435273:
00:41] [worker #3] Bootstrap tree #380, logLikelihood: -4966.976987
[00:00:41] [worker #2] Bootstrap tree #379, logLikelihood: -4918.981608
[00:00:41] [worker #1] Bootstrap tree #386, logLikelihood: -5030.654996
[00:00:41] [worker #3] Bootstrap tree #384, logLikelihood: -4916.302303
[00:00:41] [worker #0] Bootstrap tree #381, logLikelihood: -5138.735059
[00:00:41] [worker #2] Bootstrap tree #383, logLikelihood: -4944.923642
[00:00:41] [worker #1] Bootstrap tree #390, logLikelihood: -5012.591050
[00:00:41] [worker #3] Bootstrap tree #388, logLikelihood: -5059.622310
[00:00:42] [worker #2] Bootstrap tree #387, logLikelihood: -5098.822582
[00:00:42] [worker #0] Bootstrap tree #385, logLikelihood: -5171.871216
[00:00:42] [worker #3] Bootstrap tree #392, logLikelihood: -5030.543720
[00:00:42] [worker #1] Bootstrap tree #394, logLikelihood: -5015.560480
[00:00:42] [worker #2] Bootstrap tree #391, logLikelihood: -5021.039245
[00:00:42] [worker #0] Bootstrap tree #389, logLikelihood: -5112.095066
[00:00:42] [worker #3] Bootstrap tree #396, logLikelihood: -4867.218578
[00:00:42] [worker #1] Bootstrap tree #398, logLikelihood: -4992.053948
[00:00:42] [worker #2] Bootstrap tree #395, logLikelihood: -4962.119757
[00:00:42] [worker #0] Bootstrap tree #393, logLikelihood: -5032.067031
[00:00:42] [worker #3] Bootstrap tree #400, logLikelihood: -5196.313088
[00:00:43] [worker #0] Bootstrap tree #397, logLikelihood: -4891.730853
[00:00:43] [worker #2] Bootstrap tree #399, logLikelihood: -5111.003519
[00:00:43] [worker #3] Bootstrap tree #404, logLikelihood: -5011.048343
[00:00:43] [worker #2] Bootstrap tree #403, logLikelihood: -5053.318914
[00:00:43] [worker #0] Bootstrap tree #401, logLikelihood: -4939.570848
[00:00:43] [worker #1] Bootstrap tree #402, logLikelihood: -5007.832769
[00:00:43] [worker #3] Bootstrap tree #408, logLikelihood: -4964.807530
[00:00:43] [worker #1] Bootstrap tree #406, logLikelihood: -5178.893482
[00:00:44] [worker #0] Bootstrap tree #405, logLikelihood: -4932.042964
[00:00:44] [worker #2] Bootstrap tree #407, logLikelihood: -4982.669802
[00:00:44] [worker #3] Bootstrap tree #412, logLikelihood: -4931.770917
[00:00:44] [worker #1] Bootstrap tree #410, logLikelihood: -4999.893944
[00:00:44] [worker #2] Bootstrap tree #411, logLikelihood: -4948.539432
[00:00:44] [worker #0] Bootstrap tree #409, logLikelihood: -4980.360341
[00:00:44] [worker #3] Bootstrap tree #416, logLikelihood: -4970.831536
[00:00:44] [worker #1] Bootstrap tree #414, logLikelihood: -5016.881326
[00:00:44] [worker #2] Bootstrap tree #415, logLikelihood: -4959.166142
[00:00:44] [worker #3] Bootstrap tree #420, logLikelihood: -4982.407731
[00:00:44] [worker #0] Bootstrap tree #413, logLikelihood: -5061.633824
[00:00:45] [worker #2] Bootstrap tree #419, logLikelihood: -4769.310736
[00:00:45] [worker #1] Bootstrap tree #418, logLikelihood: -4961.926804
[00:00:45] [worker #3] Bootstrap tree #424, logLikelihood: -5073.681047
[00:00:45] [worker #0] Bootstrap tree #417, logLikelihood: -5043.832352
[00:00:45] [worker #2] Bootstrap tree #423, logLikelihood: -4904.165763
[00:00:45] [worker #3] Bootstrap tree #428, logLikelihood: -4963.223370
[00:00:45] [worker #1] Bootstrap tree #422, logLikelihood: -5086.277089
[00:00:45] [worker #0] Bootstrap tree #421, logLikelihood: -4999.438061
[00:00:45] [worker #3] Bootstrap tree #432, logLikelihood: -5075.805469
[00:00:46] [worker #2] Bootstrap tree #427, logLikelihood: -5118.478968
[00:00:46] [worker #1] Bootstrap tree #426, logLikelihood: -4956.490416
[00:00:46] [worker #3] Bootstrap tree #436, logLikelihood: -5014.738827
[00:00:46] [worker #0] Bootstrap tree #425, logLikelihood: -4811.612990
[00:00:46] [worker #1] Bootstrap tree #430, logLikelihood: -4926.399093
[00:00:46] [worker #2] Bootstrap tree #431, logLikelihood: -5128.881546
[00:00:46] [worker #3] Bootstrap tree #440, logLikelihood: -4972.806126
[00:00:46] [worker #0] Bootstrap tree #429, logLikelihood: -5117.881795
[00:00:46] [worker #1] Bootstrap tree #434, logLikelihood: -5084.653734
[00:00:47] [worker #2] Bootstrap tree #435, logLikelihood: -5040.463995
[00:00:47] [worker #0] Bootstrap tree #433, logLikelihood: -4956.098931
[00:00:47] [worker #3] Bootstrap tree #444, logLikelihood: -5067.827565
[00:00:47] [worker #1] Bootstrap tree #438, logLikelihood: -4981.810057
[00:00:47] [worker #2] Bootstrap tree #439, logLikelihood: -4955.689589
[00:00:47] [worker #3] Bootstrap tree #448, logLikelihood: -5015.082802
[00:00:47] [worker #0] Bootstrap tree #437, logLikelihood: -5108.943378
[00:00:47] [worker #1] Bootstrap tree #442, logLikelihood: -4919.184393
[00:00:47] [worker #0] Bootstrap tree #441, logLikelihood: -5035.711297
[00:00:47] [worker #1] Bootstrap tree #446, logLikelihood: -4980.207921
[00:00:48] [worker #2] Bootstrap tree #443, logLikelihood: -4941.844954
[00:00:48] [worker #1] Bootstrap tree #450, logLikelihood: -5014.310774
[00:00:48] [worker #0] Bootstrap tree #445, logLikelihood: -4936.140060
[00:00:48] [worker #2] Bootstrap tree #447, logLikelihood: -4972.917975
[00:00:48] [worker #0] Bootstrap tree #449, logLikelihood: -4942.683824
[00:00:48] [worker #2] Bootstrap tree #451, logLikelihood: -4975.211042
[00:00:49] [worker #1] Bootstrap tree #454, logLikelihood: -5033.568276
[00:00:49] [worker #0] Bootstrap tree #453, logLikelihood: -5141.672686
[00:00:49] [worker #3] Bootstrap tree #452, logLikelihood: -5134.123107
[00:00:49] [worker #2] Bootstrap tree #455, logLikelihood: -5050.372104
[00:00:49] [worker #1] Bootstrap tree #458, logLikelihood: -5002.706739
[00:00:49] [worker #3] Bootstrap tree #456, logLikelihood: -5101.509225
[00:00:49] [worker #0] Bootstrap tree #457, logLikelihood: -5070.513161
[00:00:49] [worker #2] Bootstrap tree #459, logLikelihood: -4938.285061
[00:00:49] [worker #3] Bootstrap tree #460, logLikelihood: -4950.176607
[00:00:49] [worker #1] Bootstrap tree #462, logLikelihood: -5094.438566
[00:00:50] [worker #2] Bootstrap tree #463, logLikelihood: -4962.740022
[00:00:50] [worker #0] Bootstrap tree #461, logLikelihood: -5073.495305
[00:00:50] [worker #3] Bootstrap tree #464, logLikelihood: -4899.578962
[00:00:50] [worker #1] Bootstrap tree #466, logLikelihood: -5160.162953
[00:00:50] [worker #2] Bootstrap tree #467, logLikelihood: -5003.469955
[00:00:50] [worker #3] Bootstrap tree #468, logLikelihood: -5101.173205
[00:00:50] [worker #0] Bootstrap tree #465, logLikelihood: -5019.615156
[00:00:50] [worker #1] Bootstrap tree #470, logLikelihood: -4730.416935
[00:00:50] [worker #2] Bootstrap tree #471, logLikelihood: -5108.760349
[00:00:51] [worker #1] Bootstrap tree #474, logLikelihood: -4966.484287
[00:00:51] [worker #3] Bootstrap tree #472, logLikelihood: -5051.087687
[00:00:51] [worker #0] Bootstrap tree #469, logLikelihood: -5044.201803
[00:00:51] [worker #1] Bootstrap tree #478, logLikelihood: -4927.705296
[00:00:51] [worker #3] Bootstrap tree #476, logLikelihood: -5054.153863
[00:00:51] [worker #2] Bootstrap tree #475, logLikelihood: -5021.632685
[00:00:51] [worker #0] Bootstrap tree #473, logLikelihood: -4856.523592
[00:00:51] [worker #3] Bootstrap tree #480, logLikelihood: -5157.087793
[00:00:51] [worker #2] Bootstrap tree #479, logLikelihood: -5029.394244
[00:00:51] [worker #1] Bootstrap tree #482, logLikelihood: -5023.466530
[00:00:51] [worker #0] Bootstrap tree #477, logLikelihood: -5149.104691
[00:00:52] [worker #3] Bootstrap tree #484, logLikelihood: -5038.731130
[00:00:52] [worker #1] Bootstrap tree #486, logLikelihood: -4900.188569
[00:00:52] [worker #2] Bootstrap tree #483, logLikelihood: -5074.401679
[00:00:52] [worker #0] Bootstrap tree #481, logLikelihood: -5174.028081
[00:00:52] [worker #1] Bootstrap tree #490, logLikelihood: -5010.273280
[00:00:52] [worker #2] Bootstrap tree #487, logLikelihood: -4959.264929
[00:00:52] [worker #3] Bootstrap tree #488, logLikelihood: -4996.505940
[00:00:52] [worker #0] Bootstrap tree #485, logLikelihood: -5062.485209
[00:00:52] [worker #2] Bootstrap tree #491, logLikelihood: -4905.227072
[00:00:52] [worker #1] Bootstrap tree #494, logLikelihood: -4837.261425
[00:00:52] [worker #0] Bootstrap tree #489, logLikelihood: -4849.232070
[00:00:52] [worker #3] Bootstrap tree #492, logLikelihood: -4968.569004
[00:00:53] [worker #2] Bootstrap tree #495, logLikelihood: -4839.674027
[00:00:53] [worker #1] Bootstrap tree #498, logLikelihood: -5112.057721
[00:00:53] [worker #3] Bootstrap tree #496, logLikelihood: -5049.315198
[00:00:53] [worker #0] Bootstrap tree #493, logLikelihood: -5119.774998
[00:00:53] [worker #2] Bootstrap tree #499, logLikelihood: -5123.781414
[00:00:53] [worker #3] Bootstrap tree #500, logLikelihood: -5034.971029
[00:00:53] [worker #0] Bootstrap tree #497, logLikelihood: -5092.038245
[00:00:54] [worker #0] Bootstrap tree #501, logLikelihood: -4897.296775
[00:00:54] [worker #3] Bootstrap tree #504, logLikelihood: -5039.405265
[00:00:54] [worker #2] Bootstrap tree #503, logLikelihood: -4897.596951
[00:00:54] [worker #1] Bootstrap tree #502, logLikelihood: -4939.629736
[00:00:54] [worker #0] Bootstrap tree #505, logLikelihood: -4971.866368
[00:00:54] [worker #2] Bootstrap tree #507, logLikelihood: -4840.884594
[00:00:54] [worker #3] Bootstrap tree #508, logLikelihood: -4884.767619
[00:00:54] [worker #1] Bootstrap tree #506, logLikelihood: -5071.837104
[00:00:55] [worker #0] Bootstrap tree #509, logLikelihood: -5043.151928
[00:00:55] [worker #2] Bootstrap tree #511, logLikelihood: -5000.921701
[00:00:55] [worker #1] Bootstrap tree #510, logLikelihood: -5020.530051
[00:00:55] [worker #3] Bootstrap tree #512, logLikelihood: -4957.195931
[00:00:55] [worker #0] Bootstrap tree #513, logLikelihood: -4933.978160
[00:00:55] [worker #2] Bootstrap tree #515, logLikelihood: -5027.481689
[00:00:55] [worker #1] Bootstrap tree #514, logLikelihood: -5110.625901
[00:00:55] [worker #3] Bootstrap tree #516, logLikelihood: -4983.595619
[00:00:56] [worker #0] Bootstrap tree #517, logLikelihood: -4893.406465
[00:00:56] [worker #2] Bootstrap tree #519, logLikelihood: -4816.814836
[00:00:56] [worker #1] Bootstrap tree #518, logLikelihood: -4939.096378
[00:00:56] [worker #3] Bootstrap tree #520, logLikelihood: -4980.668454
[00:00:56] [worker #2] Bootstrap tree #523, logLikelihood: -4831.609102
[00:00:56] [worker #0] Bootstrap tree #521, logLikelihood: -4875.670356
[00:00:56] [worker #1] Bootstrap tree #522, logLikelihood: -5010.202066
[00:00:56] [worker #3] Bootstrap tree #524, logLikelihood: -5019.292726
[00:00:56] [worker #2] Bootstrap tree #527, logLikelihood: -5021.134734
[00:00:56] [worker #1] Bootstrap tree #526, logLikelihood: -5009.899807
[00:00:56] [worker #0] Bootstrap tree #525, logLikelihood: -5006.333291
[00:00:57] [worker #1] Bootstrap tree #530, logLikelihood: -4973.804616
[00:00:57] [worker #3] Bootstrap tree #528, logLikelihood: -4983.577679
[00:00:57] [worker #0] Bootstrap tree #529, logLikelihood: -5043.709954
[00:00:57] [worker #2] Bootstrap tree #531, logLikelihood: -5065.847986
[00:00:57] [worker #1] Bootstrap tree #534, logLikelihood: -4855.074928
[00:00:57] [worker #3] Bootstrap tree #532, logLikelihood: -4947.113124
[00:00:57] [worker #0] Bootstrap tree #533, logLikelihood: -4963.771048
[00:00:57] [worker #1] Bootstrap tree #538, logLikelihood: -5046.106272
[00:00:57] [worker #2] Bootstrap tree #535, logLikelihood: -4921.654389
[00:00:57] [worker #0] Bootstrap tree #537, logLikelihood: -5060.421142
[00:00:57] [worker #3] Bootstrap tree #536, logLikelihood: -5016.667693
[00:00:58] [worker #1] Bootstrap tree #542, logLikelihood: -5055.981702
[00:00:58] [worker #2] Bootstrap tree #539, logLikelihood: -4977.268880
[00:00:58] [worker #3] Bootstrap tree #540, logLikelihood: -5066.908909
[00:00:58] [worker #0] Bootstrap tree #541, logLikelihood: -5014.282740
[00:00:58] [worker #2] Bootstrap tree #543, logLikelihood: -5038.124447
[00:00:58] [worker #1] Bootstrap tree #546, logLikelihood: -4961.463163
[00:00:58] [worker #3] Bootstrap tree #544, logLikelihood: -5061.322938
[00:00:58] [worker #0] Bootstrap tree #545, logLikelihood: -4900.805987
[00:00:58] [worker #1] Bootstrap tree #550, logLikelihood: -4940.021284
[00:00:58] [worker #2] Bootstrap tree #547, logLikelihood: -5018.639870
[00:00:59] [worker #3] Bootstrap tree #548, logLikelihood: -4900.479624
[00:00:59] [worker #0] Bootstrap tree #549, logLikelihood: -4861.713538
[00:00:59] [worker #1] Bootstrap tree #554, logLikelihood: -4883.499134
[00:00:59] [worker #2] Bootstrap tree #551, logLikelihood: -4955.060058
[00:00:59] [worker #0] Bootstrap tree #553, logLikelihood: -4975.996844
[00:00:59] [worker #3] Bootstrap tree #552, logLikelihood: -5191.480472
[00:01:00] [worker #1] Bootstrap tree #558, logLikelihood: -4891.164371
[00:01:00] [worker #3] Bootstrap tree #556, logLikelihood: -4921.283083
[00:01:00] [worker #0] Bootstrap tree #557, logLikelihood: -5063.757137
[00:01:00] [worker #2] Bootstrap tree #555, logLikelihood: -4992.641674
[00:01:00] [worker #0] Bootstrap tree #561, logLikelihood: -5078.535379
[00:01:00] [worker #1] Bootstrap tree #562, logLikelihood: -4833.372617
[00:01:00] [worker #3] Bootstrap tree #560, logLikelihood: -4935.118021
[00:01:00] [worker #2] Bootstrap tree #559, logLikelihood: -4888.092648
[00:01:00] [worker #0] Bootstrap tree #565, logLikelihood: -4969.013477
[00:01:00] [worker #3] Bootstrap tree #564, logLikelihood: -4997.521174
[00:01:00] [worker #2] Bootstrap tree #563, logLikelihood: -4840.896870
[00:01:01] [worker #1] Bootstrap tree #566, logLikelihood: -5055.261369
[00:01:01] [worker #3] Bootstrap tree #568, logLikelihood: -5037.232661
[00:01:01] [worker #2] Bootstrap tree #567, logLikelihood: -4908.440711
[00:01:01] [worker #0] Bootstrap tree #569, logLikelihood: -5009.469119
[00:01:01] [worker #3] Bootstrap tree #572, logLikelihood: -4956.573183
[00:01:01] [worker #1] Bootstrap tree #570, logLikelihood: -4927.632135
[00:01:01] [worker #2] Bootstrap tree #571, logLikelihood: -4929.379951
[00:01:01] [worker #0] Bootstrap tree #573, logLikelihood: -5121.750493
[00:01:01] [worker #1] Bootstrap tree #574, logLikelihood: -5084.398213
[00:01:01] [worker #3] Bootstrap tree #576, logLikelihood: -4967.107562
[00:01:02] [worker #1] Bootstrap tree #578, logLikelihood: -4744.280105
[00:01:02] [worker #2] Bootstrap tree #575, logLikelihood: -4934.105959
[00:01:02] [worker #0] Bootstrap tree #577, logLikelihood: -5032.665826
[00:01:02] [worker #3] Bootstrap tree #580, logLikelihood: -5055.828440
[00:01:02] [worker #1] Bootstrap tree #582, logLikelihood: -5092.116313
[00:01:02] [worker #0] Bootstrap tree #581, logLikelihood: -5061.274398
[00:01:02] [worker #2] Bootstrap tree #579, logLikelihood: -4916.315543
[00:01:02] [worker #3] Bootstrap tree #584, logLikelihood: -4980.359771
[00:01:02] [worker #1] Bootstrap tree #586, logLikelihood: -5126.157255
[00:01:02] [worker #0] Bootstrap tree #585, logLikelihood: -4904.920863
[00:01:02] [worker #2] Bootstrap tree #583, logLikelihood: -5112.061802
[00:01:03] [worker #3] Bootstrap tree #588, logLikelihood: -5039.721995
[00:01:03] [worker #1] Bootstrap tree #590, logLikelihood: -4983.859078
[00:01:03] [worker #2] Bootstrap tree #587, logLikelihood: -4854.572389
[00:01:03] [worker #0] Bootstrap tree #589, logLikelihood: -4978.465052
[00:01:03] [worker #3] Bootstrap tree #592, logLikelihood: -4954.498633
[00:01:03] [worker #1] Bootstrap tree #594, logLikelihood: -5026.247176
[00:01:03] [worker #2] Bootstrap tree #591, logLikelihood: -4930.973079
[00:01:03] [worker #0] Bootstrap tree #593, logLikelihood: -5091.373952
[00:01:03] [worker #1] Bootstrap tree #598, logLikelihood: -4965.515996
[00:01:03] [worker #3] Bootstrap tree #596, logLikelihood: -5035.608090
[00:01:04] [worker #2] Bootstrap tree #595, logLikelihood: -5006.287241
[00:01:04] [worker #0] Bootstrap tree #597, logLikelihood: -5192.460135
[00:01:04] [worker #2] Bootstrap tree #599, logLikelihood: -5145.652167
[00:01:04] [worker #3] Bootstrap tree #600, logLikelihood: -4995.786865
[00:01:04] [worker #2] Bootstrap tree #603, logLikelihood: -5131.911793
[00:01:04] [worker #0] Bootstrap tree #601, logLikelihood: -4977.511657
[00:01:04] [worker #3] Bootstrap tree #604, logLikelihood: -5012.530012
[00:01:04] [worker #1] Bootstrap tree #602, logLikelihood: -5113.437554
[00:01:05] [worker #0] Bootstrap tree #605, logLikelihood: -5076.894574
[00:01:05] [worker #2] Bootstrap tree #607, logLikelihood: -4939.171181
[00:01:05] [worker #1] Bootstrap tree #606, logLikelihood: -4963.038363
[00:01:05] [worker #3] Bootstrap tree #608, logLikelihood: -5162.888277
[00:01:05] [worker #2] Bootstrap tree #611, logLikelihood: -5052.282136
[00:01:05] [worker #1] Bootstrap tree #610, logLikelihood: -5123.811096
[00:01:05] [worker #3] Bootstrap tree #612, logLikelihood: -5008.129590
[00:01:06] [worker #0] Bootstrap tree #609, logLikelihood: -5112.097911
[00:01:06] [worker #2] Bootstrap tree #615, logLikelihood: -5030.125795
[00:01:06] [worker #1] Bootstrap tree #614, logLikelihood: -5087.697714
[00:01:06] [worker #3] Bootstrap tree #616, logLikelihood: -4932.100102
[00:01:06] [worker #0] Bootstrap tree #613, logLikelihood: -5043.963576
[00:01:06] [worker #2] Bootstrap tree #619, logLikelihood: -4953.969939
[00:01:06] [worker #1] Bootstrap tree #618, logLikelihood: -5060.760894
[00:01:06] [worker #3] Bootstrap tree #620, logLikelihood: -4970.717326
[00:01:06] [worker #2] Bootstrap tree #623, logLikelihood: -4983.672917
[00:01:06] [worker #0] Bootstrap tree #617, logLikelihood: -4952.429407
[00:01:06] [worker #1] Bootstrap tree #622, logLikelihood: -4797.119926
[00:01:06] [worker #3] Bootstrap tree #624, logLikelihood: -4994.525483
[00:01:07] [worker #2] Bootstrap tree #627, logLikelihood: -4913.347255
[00:01:07] [worker #0] Bootstrap tree #621, logLikelihood: -4917.481578
[00:01:07] [worker #1] Bootstrap tree #626, logLikelihood: -5005.483745
[00:01:07] [worker #3] Bootstrap tree #628, logLikelihood: -5060.660829
[00:01:07] [worker #2] Bootstrap tree #631, logLikelihood: -5232.485639
[00:01:07] [worker #3] Bootstrap tree #632, logLikelihood: -4938.517408
[00:01:07] [worker #0] Bootstrap tree #625, logLikelihood: [-4866.279036
00:01:07] [worker #1] Bootstrap tree #630, logLikelihood: -5028.846701
[00:01:07] [worker #2] Bootstrap tree #635, logLikelihood: -4940.617774
[00:01:07] [worker #3] Bootstrap tree #636, logLikelihood: -4847.474480
[00:01:08] [worker #0] Bootstrap tree #629, logLikelihood: -4876.995404
[00:01:08] [worker #1] Bootstrap tree #634, logLikelihood: -4994.955952
[00:01:08] [worker #2] Bootstrap tree #639, logLikelihood: -5077.361828
[00:01:08] [worker #3] Bootstrap tree #640, logLikelihood: -5002.316071
[00:01:08] [worker #0] Bootstrap tree #633, logLikelihood: -5078.099623
[00:01:08] [worker #1] Bootstrap tree #638, logLikelihood: -4868.074541
[00:01:08] [worker #2] Bootstrap tree #643, logLikelihood: -4862.545656
[00:01:08] [worker #3] Bootstrap tree #644, logLikelihood: -5034.827634
[00:01:08] [worker #1] Bootstrap tree #642, logLikelihood: -5098.852950
[00:01:09] [worker #2] Bootstrap tree #647, logLikelihood: -4893.289919
[00:01:09] [worker #0] Bootstrap tree #637, logLikelihood: -4823.490437
[00:01:09] [worker #3] Bootstrap tree #648, logLikelihood: -4940.501965
[00:01:09] [worker #1] Bootstrap tree #646, logLikelihood: -5124.367503
[00:01:09] [worker #0] Bootstrap tree #641, logLikelihood: -5116.630624
[00:01:09] [worker #1] Bootstrap tree #650, logLikelihood: -5064.007734
[00:01:10] [worker #0] Bootstrap tree #645, logLikelihood: -5144.114036
[00:01:10] [worker #0] Bootstrap tree #649, logLikelihood: -4998.482329
[00:01:11] [worker #2] Bootstrap tree #651, logLikelihood: -4992.042282
[00:01:11] [worker #0] Bootstrap tree #653, logLikelihood: -4987.606285
[00:01:11] [worker #3] Bootstrap tree #652, logLikelihood: -5079.157279
[00:01:11] [worker #1] Bootstrap tree #654, logLikelihood: -5084.084459
[00:01:11] [worker #2] Bootstrap tree #655, logLikelihood: -4981.390080
[00:01:11] [worker #1] Bootstrap tree #658, logLikelihood: -5129.278182
[00:01:11] [worker #0] Bootstrap tree #657, logLikelihood: -5068.174443
[00:01:11] [worker #3] Bootstrap tree #656, logLikelihood: -4992.172133
[00:01:11] [worker #2] Bootstrap tree #659, logLikelihood: -4827.381824
[00:01:12] [worker #1] Bootstrap tree #662, logLikelihood: -4999.571685
[00:01:12] [worker #3] Bootstrap tree #660, logLikelihood: -4936.929396
[00:01:12] [worker #0] Bootstrap tree #661, logLikelihood: -5080.239135
[00:01:12] [worker #2] Bootstrap tree #663, logLikelihood: -4930.628635
[00:01:12] [worker #1] Bootstrap tree #666, logLikelihood: -5037.167711
[00:01:12] [worker #3] Bootstrap tree #664, logLikelihood: -4940.455474
[00:01:12] [worker #0] Bootstrap tree #665, logLikelihood: -5037.346845
[00:01:12] [worker #3] Bootstrap tree #668, logLikelihood: -5056.252515
[00:01:12] [worker #2] Bootstrap tree #667, logLikelihood: -4965.092021
[00:01:13] [worker #0] Bootstrap tree #669, logLikelihood: -4948.996164
[00:01:13] [worker #1] Bootstrap tree #670, logLikelihood: -4833.975473
[00:01:13] [worker #3] Bootstrap tree #672, logLikelihood: -4991.058130
[00:01:13] [worker #2] Bootstrap tree #671, logLikelihood: -5030.633803
[00:01:13] [worker #1] Bootstrap tree #674, logLikelihood: -5040.572627
[00:01:13] [worker #0] Bootstrap tree #673, logLikelihood: -4852.730151
[00:01:13] [worker #3] Bootstrap tree #676, logLikelihood: -5050.210216
[00:01:13] [worker #2] Bootstrap tree #675, logLikelihood: -5000.337016
[00:01:13] [worker #1] Bootstrap tree #678, logLikelihood: -5198.422763
[00:01:13] [worker #0] Bootstrap tree #677, logLikelihood: -4847.937212
[00:01:13] [worker #3] Bootstrap tree #680, logLikelihood: -5084.708973
[00:01:14] [worker #2] Bootstrap tree #679, logLikelihood: -4910.951648
[00:01:14] [worker #3] Bootstrap tree #684, logLikelihood: -5008.998880
[00:01:14] [worker #0] Bootstrap tree #681, logLikelihood: -5070.687439
[00:01:14] [worker #1] Bootstrap tree #682, logLikelihood: -5126.676359
[00:01:14] [worker #1] Bootstrap tree #686, logLikelihood: -4940.303317
[00:01:14] [worker #3] Bootstrap tree #688, logLikelihood: -5095.530621
[00:01:14] [worker #2] Bootstrap tree #683, logLikelihood: -4954.882188
[00:01:14] [worker #0] Bootstrap tree #685, logLikelihood: -5075.915610
[00:01:14] [worker #3] Bootstrap tree #692, logLikelihood: -4954.564907
[00:01:14] [worker #2] Bootstrap tree #687, logLikelihood: -4864.502709
[00:01:15] [worker #0] Bootstrap tree #689, logLikelihood: -4898.137001
[00:01:15] [worker #1] Bootstrap tree #690, logLikelihood: -5097.447815
[00:01:15] [worker #3] Bootstrap tree #696, logLikelihood: -4949.608441
[00:01:15] [worker #2] Bootstrap tree #691, logLikelihood: -5078.205599
[00:01:15] [worker #0] Bootstrap tree #693, logLikelihood: -4947.155530
[00:01:15] [worker #3] Bootstrap tree #700, logLikelihood: -5131.387835
[00:01:15] [worker #1] Bootstrap tree #694, logLikelihood: -5099.870971
[00:01:15] [worker #0] Bootstrap tree #697, logLikelihood: -5023.274811
[00:01:15] [worker #2] Bootstrap tree #695, logLikelihood: -5095.823544
[00:01:16] [worker #1] Bootstrap tree #698, logLikelihood: -4952.328770
[00:01:16] [worker #2] Bootstrap tree #699, logLikelihood: -5079.256489
[00:01:16] [worker #2] Bootstrap tree #703, logLikelihood: -5056.493414
[00:01:16] [worker #1] Bootstrap tree #702, logLikelihood: -4901.502275
[00:01:16] [worker #3] Bootstrap tree #704, logLikelihood: -5017.353398
[00:01:17] [worker #0] Bootstrap tree #701, logLikelihood: -5046.431244
[00:01:17] [worker #2] Bootstrap tree #707, logLikelihood: -5014.229215
[00:01:17] [worker #1] Bootstrap tree #706, logLikelihood: -5139.006134
[00:01:17] [worker #3] Bootstrap tree #708, logLikelihood: -5072.783173
[00:01:17] [worker #1] Bootstrap tree #710, logLikelihood: -4847.486206
[00:01:17] [worker #0] Bootstrap tree #705, logLikelihood: -5037.630312
[00:01:17] [worker #3] Bootstrap tree #712, logLikelihood: -4844.526520
[00:01:17] [worker #2] Bootstrap tree #711, logLikelihood: -4887.573952
[00:01:17] [worker #3] Bootstrap tree #716, logLikelihood: -4981.367791
[00:01:17] [worker #0] Bootstrap tree #709, logLikelihood: -5046.472636
[00:01:17] [worker #1] Bootstrap tree #714, logLikelihood: -4899.025110
[00:01:18] [worker #2] Bootstrap tree #715, logLikelihood: -4906.746292
[00:01:18] [worker #3] Bootstrap tree #720, logLikelihood: -5064.120794
[00:01:18] [worker #0] Bootstrap tree #713, logLikelihood: -5154.856801
[00:01:18] [worker #1] Bootstrap tree #718, logLikelihood: -5137.243398
[00:01:18] [worker #2] Bootstrap tree #719, logLikelihood: -5000.928645
[00:01:18] [worker #3] Bootstrap tree #724, logLikelihood: -5161.185982
[00:01:18] [worker #0] Bootstrap tree #717, logLikelihood: -5099.267255
[00:01:18] [worker #1] Bootstrap tree #722, logLikelihood: -4919.751641
[00:01:18] [worker #2] Bootstrap tree #723, logLikelihood: -4848.660696
[00:01:18] [worker #3] Bootstrap tree #728, logLikelihood: -4972.471115
[00:01:19] [worker #0] Bootstrap tree #721, logLikelihood: -5027.676853
[00:01:19] [worker #2] Bootstrap tree #727, logLikelihood: -5075.173158
[00:01:19] [worker #3] Bootstrap tree #732, logLikelihood: -4931.039602
[00:01:19] [worker #1] Bootstrap tree #726, logLikelihood: -5166.999793
[00:01:19] [worker #1] Bootstrap tree #730, logLikelihood: -4980.049447
[00:01:19] [worker #3] Bootstrap tree #736, logLikelihood: -5104.385365
[00:01:19] [worker #0] Bootstrap tree #725, logLikelihood: -4955.140737
[00:01:19] [worker #2] Bootstrap tree #731, logLikelihood: -5018.080578
[00:01:20] [worker #1] Bootstrap tree #734, logLikelihood: -4860.875743
[00:01:20] [worker #2] Bootstrap tree #735, logLikelihood: -4918.767557
[00:01:20] [worker #0] Bootstrap tree #729, logLikelihood: -5043.294851
[00:01:20] [worker #3] Bootstrap tree #740, logLikelihood: -4855.166952
[00:01:20] [worker #2] Bootstrap tree #739, logLikelihood: -5033.250924
[00:01:20] [worker #0] Bootstrap tree #733, logLikelihood: -5055.740828
[00:01:20] [worker #3] Bootstrap tree #744, logLikelihood: -4948.767008
[00:01:20] [worker #1] Bootstrap tree #738, logLikelihood: -4955.034232
[00:01:20] [worker #0] Bootstrap tree #737, logLikelihood: -4929.973216
[00:01:20] [worker #1] Bootstrap tree #742, logLikelihood: -4855.766905
[00:01:20] [worker #2] Bootstrap tree #743, logLikelihood: -5037.936614
[00:01:21] [worker #3] Bootstrap tree #748, logLikelihood: -5090.856082
[00:01:21] [worker #0] Bootstrap tree #741, logLikelihood: -5165.103057
[00:01:21] [worker #2] Bootstrap tree #747, logLikelihood: -5085.698746
[00:01:21] [worker #1] Bootstrap tree #746, logLikelihood: -4929.341300
[00:01:21] [worker #1] Bootstrap tree #750, logLikelihood: -5003.277858
[00:01:21] [worker #0] Bootstrap tree #745, logLikelihood: -4873.138529
[00:01:22] [worker #0] Bootstrap tree #749, logLikelihood: -4986.391258
[00:01:22] [worker #1] Bootstrap tree #754, logLikelihood: -4928.431637
[00:01:22] [worker #0] Bootstrap tree #753, logLikelihood: -4966.607589
[00:01:22] [worker #2] Bootstrap tree #751, logLikelihood: -5086.225124
[00:01:22] [worker #3] Bootstrap tree #752, logLikelihood: -5000.717032
[00:01:22] [worker #1] Bootstrap tree #758, logLikelihood: -5036.663653
[00:01:22] [worker #0] Bootstrap tree #757, logLikelihood: -4991.044591
[00:01:23] [worker #3] Bootstrap tree #756, logLikelihood: -5022.678514
[00:01:23] [worker #2] Bootstrap tree #755, logLikelihood: -5129.735754
[00:01:23] [worker #1] Bootstrap tree #762, logLikelihood: -4900.913395
[00:01:23] [worker #0] Bootstrap tree #761, logLikelihood: -4935.060181
[00:01:23] [worker #2] Bootstrap tree #759, logLikelihood: -4813.589068
[00:01:23] [worker #1] Bootstrap tree #766, logLikelihood: -5035.261320
[00:01:23] [worker #3] Bootstrap tree #760, logLikelihood: -4946.976342
[00:01:23] [worker #0] Bootstrap tree #765, logLikelihood: -4831.360486
[00:01:23] [worker #2] Bootstrap tree #763, logLikelihood: -4948.057559
[00:01:23] [worker #1] Bootstrap tree #770, logLikelihood: -4995.068520
[00:01:23] [worker #3] Bootstrap tree #764, logLikelihood: -5065.178325
[00:01:24] [worker #0] Bootstrap tree #769, logLikelihood: -5011.751029
[00:01:24] [worker #1] Bootstrap tree #774, logLikelihood: -5109.945767
[00:01:24] [worker #3] Bootstrap tree #768, logLikelihood: -4992.756496
[00:01:24] [worker #2] Bootstrap tree #767, logLikelihood: -4893.585240
[00:01:24] [worker #0] Bootstrap tree #773, logLikelihood: -4863.201233
[00:01:24] [worker #3] Bootstrap tree #772, logLikelihood: -4750.259749
[00:01:24] [worker #1] Bootstrap tree #778, logLikelihood: -4991.243045
[00:01:24] [worker #2] Bootstrap tree #771, logLikelihood: -5033.071112
[00:01:25] [worker #3] Bootstrap tree #776, logLikelihood: -5021.584072
[00:01:25] [worker #0] Bootstrap tree #777, logLikelihood: -4999.308189
[00:01:25] [worker #1] Bootstrap tree #782, logLikelihood: -4845.771290
[00:01:25] [worker #2] Bootstrap tree #775, logLikelihood: -4836.424722
[00:01:25] [worker #0] Bootstrap tree #781, logLikelihood: -4892.553613
[00:01:25] [worker #3] Bootstrap tree #780, logLikelihood: -5239.463210
[00:01:25] [worker #1] Bootstrap tree #786, logLikelihood: -4977.206908
[00:01:25] [worker #3] Bootstrap tree #784, logLikelihood: -4820.228247
[00:01:25] [worker #0] Bootstrap tree #785, logLikelihood: -4986.501175
[00:01:25] [worker #1] Bootstrap tree #790, logLikelihood: -4984.251511
[00:01:26] [worker #2] Bootstrap tree #779, logLikelihood: -5143.216046
[00:01:26] [worker #3] Bootstrap tree #788, logLikelihood: -4782.858743
[00:01:26] [worker #0] Bootstrap tree #789, logLikelihood: -4963.239637
[00:01:26] [worker #2] Bootstrap tree #783, logLikelihood: -4993.046602
[00:01:26] [worker #1] Bootstrap tree #794, logLikelihood: -5058.898561
[00:01:26] [worker #3] Bootstrap tree #792, logLikelihood: -4989.977518
[00:01:26] [worker #0] Bootstrap tree #793, logLikelihood: -4894.261878
[00:01:26] [worker #2] Bootstrap tree #787, logLikelihood: -4892.122860
[00:01:26] [worker #1] Bootstrap tree #798, logLikelihood: -4983.218241
[00:01:27] [worker #3] Bootstrap tree #796, logLikelihood: -4857.076682
[00:01:27] [worker #0] Bootstrap tree #797, logLikelihood: -4877.860108
[00:01:27] [worker #2] Bootstrap tree #791, logLikelihood: -4883.218749
[00:01:27] [worker #3] Bootstrap tree #800, logLikelihood: -4996.500787
[00:01:27] [worker #2] Bootstrap tree #795, logLikelihood: -4995.153035
[00:01:27] [worker #2] Bootstrap tree #799, logLikelihood: -4975.273765
[00:01:28] [worker #1] Bootstrap tree #802, logLikelihood: -4909.755158
[00:01:28] [worker #3] Bootstrap tree #804, logLikelihood: -4915.163198
[00:01:28] [worker #2] Bootstrap tree #803, logLikelihood: -5013.030223
[00:01:28] [worker #0] Bootstrap tree #801, logLikelihood: -5015.703056
[00:01:28] [worker #1] Bootstrap tree #806, logLikelihood: -4973.642868
[00:01:28] [worker #3] Bootstrap tree #808, logLikelihood: -4988.749246
[00:01:28] [worker #2] Bootstrap tree #807, logLikelihood: -5106.719664
[00:01:29] [worker #0] Bootstrap tree #805, logLikelihood: -5035.586166
[00:01:29] [worker #3] Bootstrap tree #812, logLikelihood: -4915.322310
[00:01:29] [worker #1] Bootstrap tree #810, logLikelihood: -5000.653667
[00:01:29] [worker #2] Bootstrap tree #811, logLikelihood: -4981.018142
[00:01:29] [worker #1] Bootstrap tree #814, logLikelihood: -5048.132894
[00:01:29] [worker #3] Bootstrap tree #816, logLikelihood: -4946.779151
[00:01:29] [worker #0] Bootstrap tree #809, logLikelihood: -5061.915333
[00:01:29] [worker #2] Bootstrap tree #815, logLikelihood: -5054.716792
[00:01:29] [worker #1] Bootstrap tree #818, logLikelihood: -4829.839769
[00:01:30] [worker #3] Bootstrap tree #820, logLikelihood: -5037.577163
[00:01:30] [worker #0] Bootstrap tree #813, logLikelihood: -4918.315600
[00:01:30] [worker #1] Bootstrap tree #822, logLikelihood: -5055.248652
[00:01:30] [worker #2] Bootstrap tree #819, logLikelihood: -4949.245246
[00:01:30] [worker #3] Bootstrap tree #824, logLikelihood: -5093.770617
[00:01:30] [worker #1] Bootstrap tree #826, logLikelihood: -4983.628310
[00:01:30] [worker #0] Bootstrap tree #817, logLikelihood: -4900.839987
[00:01:30] [worker #3] Bootstrap tree #828, logLikelihood: -4953.870128
[00:01:30] [worker #2] Bootstrap tree #823, logLikelihood: -4826.169359
[00:01:31] [worker #0] Bootstrap tree #821, logLikelihood: -4878.492500
[00:01:31] [worker #1] Bootstrap tree #830, logLikelihood: -5031.283053
[00:01:31] [worker #3] Bootstrap tree #832, logLikelihood: -4860.502014
[00:01:31] [worker #2] Bootstrap tree #827, logLikelihood: -4953.418470
[00:01:31] [worker #0] Bootstrap tree #825, logLikelihood: -4949.024990
[00:01:31] [worker #1] Bootstrap tree #834, logLikelihood: -4723.129858
[00:01:31] [worker #3] Bootstrap tree #836, logLikelihood: -5018.178918
[00:01:31] [worker #2] Bootstrap tree #831, logLikelihood: -5042.106531
[00:01:31] [worker #0] Bootstrap tree #829, logLikelihood: -4949.492537
[00:01:31] [worker #1] Bootstrap tree #838, logLikelihood: -5088.162755
[00:01:32] [worker #3] Bootstrap tree #840, logLikelihood: -4906.698121
[00:01:32] [worker #2] Bootstrap tree #835, logLikelihood: -4982.656485
[00:01:32] [worker #0] Bootstrap tree #833, logLikelihood: -5215.859578
[00:01:32] [worker #1] Bootstrap tree #842, logLikelihood: -5089.946026
[00:01:32] [worker #3] Bootstrap tree #844, logLikelihood: -5133.557134
[00:01:32] [worker #2] Bootstrap tree #839, logLikelihood: -4940.672576
[00:01:32] [worker #1] Bootstrap tree #846, logLikelihood: -4955.084223
[00:01:32] [worker #2] Bootstrap tree #843, logLikelihood: -4863.307066
[00:01:32] [worker #0] Bootstrap tree #837, logLikelihood: -5109.188666
[00:01:33] [worker #3] Bootstrap tree #848, logLikelihood: -5151.144656
[00:01:33] [worker #1] Bootstrap tree #850, logLikelihood: -4810.530613
[00:01:33] [worker #0] Bootstrap tree #841, logLikelihood: -5018.701624
[00:01:33] [worker #2] Bootstrap tree #847, logLikelihood: -4977.431577
[00:01:33] [worker #0] Bootstrap tree #845, logLikelihood: -4895.896505
[00:01:33] [worker #0] Bootstrap tree #849, logLikelihood: -4997.157562
[00:01:34] [worker #3] Bootstrap tree #852, logLikelihood: -4984.789602
[00:01:34] [worker #1] Bootstrap tree #854, logLikelihood: -4921.055352
[00:01:34] [worker #0] Bootstrap tree #853, logLikelihood: -5128.421983
[00:01:34] [worker #2] Bootstrap tree #851, logLikelihood: -5016.056348
[00:01:34] [worker #3] Bootstrap tree #856, logLikelihood: -4840.692605
[00:01:34] [worker #0] Bootstrap tree #857, logLikelihood: -5126.968135
[00:01:34] [worker #1] Bootstrap tree #858, logLikelihood: -4964.145424
[00:01:34] [worker #2] Bootstrap tree #855, logLikelihood: -4979.946478
[00:01:35] [worker #1] Bootstrap tree #862, logLikelihood: -4978.080162
[00:01:35] [worker #3] Bootstrap tree #860, logLikelihood: -4915.087294
[00:01:35] [worker #0] Bootstrap tree #861, logLikelihood: -5068.590338
[00:01:35] [worker #2] Bootstrap tree #859, logLikelihood: -4856.830286
[00:01:35] [worker #3] Bootstrap tree #864, logLikelihood: -4805.204410
[00:01:35] [worker #1] Bootstrap tree #866, logLikelihood: -4792.021010
[00:01:35] [worker #0] Bootstrap tree #865, logLikelihood: -4994.627552
[00:01:35] [worker #2] Bootstrap tree #863, logLikelihood: -4942.520278
[00:01:36] [worker #2] Bootstrap tree #867, logLikelihood: -4986.512461
[00:01:36] [worker #1] Bootstrap tree #870, logLikelihood: -5140.318164
[00:01:36] [worker #0] Bootstrap tree #869, logLikelihood: -4909.894087
[00:01:36] [worker #3] Bootstrap tree #868, logLikelihood: -5043.694665
[00:01:36] [worker #1] Bootstrap tree #874, logLikelihood: -4937.190293
[00:01:36] [worker #2] Bootstrap tree #871, logLikelihood: -5036.932908
[00:01:36] [worker #0] Bootstrap tree #873, logLikelihood: -5079.301583
[00:01:36] [worker #3] Bootstrap tree #872, logLikelihood: -4894.440965
[00:01:36] [worker #1] Bootstrap tree #878, logLikelihood: -4970.893772
[00:01:36] [worker #2] Bootstrap tree #875, logLikelihood: -4990.035695
[00:01:37] [worker #0] Bootstrap tree #877, logLikelihood: -4951.127698
[00:01:37] [worker #3] Bootstrap tree #876, logLikelihood: -5062.844752
[00:01:37] [worker #1] Bootstrap tree #882, logLikelihood: -5115.501371
[00:01:37] [worker #2] Bootstrap tree #879, logLikelihood: -5120.544520
[00:01:37] [worker #0] Bootstrap tree #881, logLikelihood: -4950.282890
[00:01:37] [worker #1] Bootstrap tree #886, logLikelihood: -4989.265250
[00:01:37] [worker #3] Bootstrap tree #880, logLikelihood: -5139.781932
[00:01:37] [worker #2] Bootstrap tree #883, logLikelihood: -4991.339383
[00:01:37] [worker #3] Bootstrap tree #884, logLikelihood: -4886.695221
[00:01:37] [worker #1] Bootstrap tree #890, logLikelihood: -4987.914633
[00:01:38] [worker #0] Bootstrap tree #885, logLikelihood: -5027.090208
[00:01:38] [worker #3] Bootstrap tree #888, logLikelihood: -5051.098680
[00:01:38] [worker #2] Bootstrap tree #887, logLikelihood: -5147.091752
[00:01:38] [worker #1] Bootstrap tree #894, logLikelihood: -4995.440639
[00:01:38] [worker #0] Bootstrap tree #889, logLikelihood: -4922.312470
[00:01:38] [worker #3] Bootstrap tree #892, logLikelihood: -4975.390763
[00:01:38] [worker #2] Bootstrap tree #891, logLikelihood: -4957.657393
[00:01:38] [worker #1] Bootstrap tree #898, logLikelihood: -5026.632147
[00:01:38] [worker #0] Bootstrap tree #893, logLikelihood: [-4946.3656030
:01:38] [worker #3] Bootstrap tree #896, logLikelihood: -4965.505912
[00:01:39] [worker #2] Bootstrap tree #895, logLikelihood: -4974.950543
[00:01:39] [worker #3] Bootstrap tree #900, logLikelihood: -4993.735196
[00:01:39] [worker #0] Bootstrap tree #897, logLikelihood: -5074.501690
[00:01:39] [worker #2] Bootstrap tree #899, logLikelihood: -4945.522597
[00:01:39] [worker #3] Bootstrap tree #904, logLikelihood: -5145.221880
[00:01:40] [worker #2] Bootstrap tree #903, logLikelihood: -5044.491907
[00:01:40] [worker #1] Bootstrap tree #902, logLikelihood: -4878.908202
[00:01:40] [worker #0] Bootstrap tree #901, logLikelihood: -5091.386942
[00:01:40] [worker #3] Bootstrap tree #908, logLikelihood: -4994.090923
[00:01:40] [worker #2] Bootstrap tree #907, logLikelihood: -4990.685235
[00:01:40] [worker #1] Bootstrap tree #906, logLikelihood: -4918.843664
[00:01:40] [worker #0] Bootstrap tree #905, logLikelihood: -4921.976718
[00:01:40] [worker #3] Bootstrap tree #912, logLikelihood: -4909.484004
[00:01:40] [worker #2] Bootstrap tree #911, logLikelihood: -4941.860411
[00:01:41] [worker #0] Bootstrap tree #909, logLikelihood: -5015.202731
[00:01:41] [worker #1] Bootstrap tree #910, logLikelihood: -5065.817705
[00:01:41] [worker #2] Bootstrap tree #915, logLikelihood: -5106.884522
[00:01:41] [worker #3] Bootstrap tree #916, logLikelihood: -4914.578516
[00:01:41] [worker #0] Bootstrap tree #913, logLikelihood: -4947.324784
[00:01:41] [worker #2] Bootstrap tree #919, logLikelihood: -4785.402187
[00:01:41] [worker #1] Bootstrap tree #914, logLikelihood: -4965.793473
[00:01:41] [worker #3] Bootstrap tree #920, logLikelihood: -4916.462287
[00:01:41] [worker #1] Bootstrap tree #918, logLikelihood: -5063.258100
[00:01:42] [worker #2] Bootstrap tree #923, logLikelihood: -4843.589566
[00:01:42] [worker #0] Bootstrap tree #917, logLikelihood: -4896.221154
[00:01:42] [worker #3] Bootstrap tree #924, logLikelihood: -4967.187559
[00:01:42] [worker #1] Bootstrap tree #922, logLikelihood: -5098.217290
[00:01:42] [worker #0] Bootstrap tree #921, logLikelihood: -4993.431647
[00:01:42] [worker #3] Bootstrap tree #928, logLikelihood: -4962.933279
[00:01:42] [worker #2] Bootstrap tree #927, logLikelihood: -5113.398241
[00:01:42] [worker #3] Bootstrap tree #932, logLikelihood: -4812.660737
[00:01:42] [worker #1] Bootstrap tree #926, logLikelihood: -5053.971839
[00:01:42] [worker #2] Bootstrap tree #931, logLikelihood: -4856.164933
[00:01:43] [worker #0] Bootstrap tree #925, logLikelihood: -5020.458329
[00:01:43] [worker #3] Bootstrap tree #936, logLikelihood: -5074.718429
[00:01:43] [worker #1] Bootstrap tree #930, logLikelihood: -5202.310954
[00:01:43] [worker #0] Bootstrap tree #929, logLikelihood: -4842.670579
[00:01:43] [worker #2] Bootstrap tree #935, logLikelihood: -5059.439451
[00:01:43] [worker #3] Bootstrap tree #940, logLikelihood: -5039.709754
[00:01:43] [worker #0] Bootstrap tree #933, logLikelihood: -5070.635113
[00:01:43] [worker #1] Bootstrap tree #934, logLikelihood: -5198.529862
[00:01:43] [worker #2] Bootstrap tree #939, logLikelihood: -5066.132637
[00:01:44] [worker #3] Bootstrap tree #944, logLikelihood: -4896.180103
[00:01:44] [worker #1] Bootstrap tree #938, logLikelihood: -5054.491699
[00:01:44] [worker #0] Bootstrap tree #937, logLikelihood: -4943.235653
[00:01:44] [worker #2] Bootstrap tree #943, logLikelihood: -5033.481112
[00:01:44] [worker #0] Bootstrap tree #941, logLikelihood: -4988.916302
[00:01:44] [worker #3] Bootstrap tree #948, logLikelihood: -5159.588098
[00:01:44] [worker #1] Bootstrap tree #942, logLikelihood: -4804.836000
[00:01:44] [worker #2] Bootstrap tree #947, logLikelihood: -5076.261919
[00:01:44] [worker #0] Bootstrap tree #945, logLikelihood: -5141.590156
[00:01:45] [worker #1] Bootstrap tree #946, logLikelihood: -4996.209695
[00:01:45] [worker #0] Bootstrap tree #949, logLikelihood: -5076.792398
[00:01:45] [worker #1] Bootstrap tree #950, logLikelihood: -5141.294367
[00:01:46] [worker #3] Bootstrap tree #952, logLikelihood: -5120.382545
[00:01:46] [worker #0] Bootstrap tree #953, logLikelihood: -5062.981329
[00:01:46] [worker #2] Bootstrap tree #951, logLikelihood: -4894.994918
[00:01:46] [worker #1] Bootstrap tree #954, logLikelihood: -4973.255584
[00:01:46] [worker #3] Bootstrap tree #956, logLikelihood: -4841.717765
[00:01:46] [worker #0] Bootstrap tree #957, logLikelihood: -5075.489634[
00:01:46] [worker #2] Bootstrap tree #955, logLikelihood: -4979.188036
[00:01:46] [worker #1] Bootstrap tree #958, logLikelihood: -4933.325549
[00:01:46] [worker #2] Bootstrap tree #959, logLikelihood: -4948.955002
[00:01:46] [worker #3] Bootstrap tree #960, logLikelihood: -5031.178295
[00:01:47] [worker #0] Bootstrap tree #961, logLikelihood: -5051.921196
[00:01:47] [worker #1] Bootstrap tree #962, logLikelihood: -5139.966812
[00:01:47] [worker #3] Bootstrap tree #964, logLikelihood: -5036.387050
[00:01:47] [worker #2] Bootstrap tree #963, logLikelihood: -4969.086171
[00:01:47] [worker #1] Bootstrap tree #966, logLikelihood: -4899.424287
[00:01:47] [worker #3] Bootstrap tree #968, logLikelihood: -4988.460019
[00:01:47] [worker #0] Bootstrap tree #965, logLikelihood: -4861.731744
[00:01:47] [worker #2] Bootstrap tree #967, logLikelihood: -4930.702980
[00:01:47] [worker #1] Bootstrap tree #970, logLikelihood: -4881.576032
[00:01:47] [worker #3] Bootstrap tree #972, logLikelihood: -4958.871851
[00:01:47] [worker #0] Bootstrap tree #969, logLikelihood: -4995.444674
[00:01:48] [worker #2] Bootstrap tree #971, logLikelihood: -4996.270111
[00:01:48] [worker #1] Bootstrap tree #974, logLikelihood: -4903.142919
[00:01:48] [worker #3] Bootstrap tree #976, logLikelihood: -5009.442590
[00:01:48] [worker #2] Bootstrap tree #975, logLikelihood: -4939.396544
[00:01:48] [worker #0] Bootstrap tree #973, logLikelihood: -5043.428018
[00:01:48] [worker #3] Bootstrap tree #980, logLikelihood: -5083.325105
[00:01:48] [worker #1] Bootstrap tree #978, logLikelihood: -4952.128060
[00:01:48] [worker #0] Bootstrap tree #977, logLikelihood: -5038.195340
[00:01:49] [worker #3] Bootstrap tree #984, logLikelihood: -5058.232333
[00:01:49] [worker #1] Bootstrap tree #982, logLikelihood: -4888.838841
[00:01:49] [worker #2] Bootstrap tree #979, logLikelihood: -4815.150083
[00:01:49] [worker #0] Bootstrap tree #981, logLikelihood: -4918.985115
[00:01:49] [worker #1] Bootstrap tree #986, logLikelihood: -4914.414288
[00:01:49] [worker #3] Bootstrap tree #988, logLikelihood: -4923.286018
[00:01:49] [worker #2] Bootstrap tree #983, logLikelihood: -4937.705282
[00:01:49] [worker #0] Bootstrap tree #985, logLikelihood: -5118.430216
[00:01:49] [worker #3] Bootstrap tree #992, logLikelihood: -5021.624835
[00:01:50] [worker #2] Bootstrap tree #987, logLikelihood: -4888.630423
[00:01:50] [worker #1] Bootstrap tree #990, logLikelihood: -5093.229889
[00:01:50] [worker #3] Bootstrap tree #996, logLikelihood: -4777.933843
[00:01:50] [worker #0] Bootstrap tree #989, logLikelihood: -4968.972310
[00:01:50] [worker #1] Bootstrap tree #994, logLikelihood: -5150.613775
[00:01:50] [worker #2] Bootstrap tree #991, logLikelihood: -4976.992112
[00:01:50] [worker #3] Bootstrap tree #1000, logLikelihood: -5155.812245
[00:01:50] [worker #1] Bootstrap tree #998, logLikelihood: -5067.977904
[00:01:50] [worker #2] Bootstrap tree #995, logLikelihood: -4861.464341
[00:01:51] [worker #0] Bootstrap tree #993, logLikelihood: -4938.841947
[00:01:51] [worker #2] Bootstrap tree #999, logLikelihood: -4968.223191
[00:01:51] [worker #0] Bootstrap tree #997, logLikelihood: -5072.680576

Optimized model parameters:

   Partition 0: noname
   Rate heterogeneity: GAMMA (4 cats, mean),  alpha: 1.148107 (ML),  weights&rates: (0.250000,0.165523) (0.250000,0.517152) (0.250000,1.020779) (0.250000,2.296546) 
   Base frequencies (ML): 0.228295 0.267607 0.230416 0.273682 
   Substitution rates (ML): 1.009148 2.522249 1.110233 1.242114 2.917962 1.000000 


Final LogLikelihood: -5005.438504

AIC score: 10058.877009 / AICc score: 10061.039171 / BIC score: 10163.589683
Free parameters (model + branch lengths): 24

Best ML tree saved to: /Users/bhe2/Documents/work/current/C037-Cand-auris-adhesin/02-case-studies/09-natural-selection/input/gene-tree/B8441-Hil-PF11765-split/B8441-OG-Hil-PF11765-1-580.raxml.bestTree
All ML trees saved to: /Users/bhe2/Documents/work/current/C037-Cand-auris-adhesin/02-case-studies/09-natural-selection/input/gene-tree/B8441-Hil-PF11765-split/B8441-OG-Hil-PF11765-1-580.raxml.mlTrees
Best ML tree with Felsenstein bootstrap (FBP) support values saved to: /Users/bhe2/Documents/work/current/C037-Cand-auris-adhesin/02-case-studies/09-natural-selection/input/gene-tree/B8441-Hil-PF11765-split/B8441-OG-Hil-PF11765-1-580.raxml.support
Optimized model saved to: /Users/bhe2/Documents/work/current/C037-Cand-auris-adhesin/02-case-studies/09-natural-selection/input/gene-tree/B8441-Hil-PF11765-split/B8441-OG-Hil-PF11765-1-580.raxml.bestModel
Bootstrap trees saved to: /Users/bhe2/Documents/work/current/C037-Cand-auris-adhesin/02-case-studies/09-natural-selection/input/gene-tree/B8441-Hil-PF11765-split/B8441-OG-Hil-PF11765-1-580.raxml.bootstraps

Execution log saved to: /Users/bhe2/Documents/work/current/C037-Cand-auris-adhesin/02-case-studies/09-natural-selection/input/gene-tree/B8441-Hil-PF11765-split/B8441-OG-Hil-PF11765-1-580.raxml.log

Analysis started: 02-Jul-2022 22:19:56 / finished: 02-Jul-2022 22:21:47

Elapsed time: 111.634 seconds

