
RAxML-NG v. 1.1.0 released on 29.11.2021 by The Exelixis Lab.
Developed by: Alexey M. Kozlov and Alexandros Stamatakis.
Contributors: Diego Darriba, Tomas Flouri, Benoit Morel, Sarah Lutteropp, Ben Bettisworth.
Latest version: https://github.com/amkozlov/raxml-ng
Questions/problems/suggestions? Please visit: https://groups.google.com/forum/#!forum/raxml

System: Apple M1, 8 cores, 16 GB RAM

RAxML-NG was called at 02-Jul-2022 22:24:07 as follows:

raxml-ng --all --msa ../input/homologs/B8441-OG-Hil-PF11765-415-580.nuc --model GTR+G --seed 123 --threads 4 --bs-trees autoMRE --outgroup OG --prefix ../input/gene-tree/B8441-Hil-PF11765-split/B8441-OG-Hil-PF11765-415-580

Analysis options:
  run mode: ML tree search + bootstrapping (Felsenstein Bootstrap)
  start tree(s): random (10) + parsimony (10)
  bootstrap replicates: max: 1000 + bootstopping (autoMRE, cutoff: 0.030000)
  outgroup taxa: OG
  random seed: 123
  tip-inner: OFF
  pattern compression: ON
  per-rate scalers: OFF
  site repeats: ON
  branch lengths: proportional (ML estimate, algorithm: NR-FAST)
  SIMD kernels: SSE3
  parallelization: coarse-grained (auto), PTHREADS (4 threads), thread pinning: OFF

[00:00:00] Reading alignment from file: ../input/homologs/B8441-OG-Hil-PF11765-415-580.nuc
[00:00:00] Loaded alignment with 9 taxa and 166 sites

Alignment comprises 1 partitions and 135 patterns

Partition 0: noname
Model: GTR+FO+G4m
Alignment sites / patterns: 166 / 135
Gaps: 6.83 %
Invariant sites: 20.48 %


NOTE: Binary MSA file created: ../input/gene-tree/B8441-Hil-PF11765-split/B8441-OG-Hil-PF11765-415-580.raxml.rba

Parallelization scheme autoconfig: 4 worker(s) x 1 thread(s)

Parallel reduction/worker buffer size: 1 KB  / 0 KB

[00:00:00] Generating 10 random starting tree(s) with 9 taxa
[00:00:00] Generating 10 parsimony starting tree(s) with 9 taxa
[00:00:00] Data distribution: max. partitions/sites/weight per thread: 1 / 135 / 2160
[00:00:00] Data distribution: max. searches per worker: 255

Starting ML tree search with 20 distinct starting trees

[00:00:00] [worker #1] ML tree search #2, logLikelihood: -1398.921695
[00:00:00] [worker #3] ML tree search #4, logLikelihood: -1398.947467
[00:00:00] [worker #2] ML tree search #3, logLikelihood: -1398.972517
[00:00:00] [worker #0] ML tree search #1, logLikelihood: -1398.971805
[00:00:00] [worker #1] ML tree search #6, logLikelihood: -1398.967651
[00:00:00] [worker #2] ML tree search #7, logLikelihood: -1398.953429
[00:00:00] [worker #3] ML tree search #8, logLikelihood: -1398.968290
[00:00:00] [worker #0] ML tree search #5, logLikelihood: -1399.007603
[00:00:00] [worker #1] ML tree search #10, logLikelihood: -1398.980763
[00:00:00] [worker #2] ML tree search #11, logLikelihood: -1398.894658
[00:00:00] [worker #3] ML tree search #12, logLikelihood: -1398.898210
[00:00:00] [worker #1] ML tree search #14, logLikelihood: -1398.893214
[00:00:00] [worker #0] ML tree search #9, logLikelihood: -1398.948615
[00:00:00] [worker #2] ML tree search #15, logLikelihood: -1398.893066
[00:00:00] [worker #3] ML tree search #16, logLikelihood: -1398.892596
[00:00:00] [worker #2] ML tree search #19, logLikelihood: -1398.894711
[00:00:00] [worker #1] ML tree search #18, logLikelihood: -1398.894048
[00:00:00] [worker #0] ML tree search #13, logLikelihood: -1398.897551
[00:00:00] [worker #3] ML tree search #20, logLikelihood: -1398.891461
[00:00:01] [worker #0] ML tree search #17, logLikelihood: -1398.902564

[00:00:01] ML tree search completed, best tree logLH: -1398.891461

[00:00:01] Starting bootstrapping analysis with 1000 replicates.

[00:00:01] [worker #3] Bootstrap tree #4, logLikelihood: -1390.025095
[00:00:01] [worker #2] Bootstrap tree #3, logLikelihood: -1401.545612
[00:00:01] [worker #1] Bootstrap tree #2, logLikelihood: -1234.713426
[00:00:01] [worker #0] Bootstrap tree #1, logLikelihood: -1407.160484
[00:00:01] [worker #3] Bootstrap tree #8, logLikelihood: -1346.053771
[00:00:01] [worker #1] Bootstrap tree #6, logLikelihood: -1374.992152
[00:00:01] [worker #0] Bootstrap tree #5, logLikelihood: -1420.776735
[00:00:01] [worker #2] Bootstrap tree #7, logLikelihood: -1412.878034
[00:00:01] [worker #1] Bootstrap tree #10, logLikelihood: -1341.441963
[00:00:01] [worker #3] Bootstrap tree #12, logLikelihood: -1361.686910
[00:00:01] [worker #0] Bootstrap tree #9, logLikelihood: -1360.867613
[00:00:01] [worker #2] Bootstrap tree #11, logLikelihood: -1380.326214
[00:00:01] [worker #1] Bootstrap tree #14, logLikelihood: -1356.426690
[00:00:01] [worker #0] Bootstrap tree #13, logLikelihood: -1341.948180
[00:00:01] [worker #3] Bootstrap tree #16, logLikelihood: -1297.032023
[00:00:01] [worker #2] Bootstrap tree #15, logLikelihood: -1305.498992
[00:00:01] [worker #0] Bootstrap tree #17, logLikelihood: -1464.373088
[00:00:01] [worker #1] Bootstrap tree #18, logLikelihood: -1396.120850
[00:00:01] [worker #3] Bootstrap tree #20, logLikelihood: -1396.674948
[00:00:01] [worker #2] Bootstrap tree #19, logLikelihood: -1318.481661
[00:00:02] [worker #3] Bootstrap tree #24, logLikelihood: -1375.293664
[00:00:02] [worker #0] Bootstrap tree #21, logLikelihood: -1460.155514
[00:00:02] [worker #1] Bootstrap tree #22, logLikelihood: -1423.252537
[00:00:02] [worker #2] Bootstrap tree #23, logLikelihood: -1499.958381
[00:00:02] [worker #3] Bootstrap tree #28, logLikelihood: -1349.928528
[00:00:02] [worker #2] Bootstrap tree #27, logLikelihood: -1374.797941
[00:00:02] [worker #1] Bootstrap tree #26, logLikelihood: -1386.039778
[00:00:02] [worker #0] Bootstrap tree #25, logLikelihood: -1400.412724
[00:00:02] [worker #2] Bootstrap tree #31, logLikelihood: -1326.231567
[00:00:02] [worker #3] Bootstrap tree #32, logLikelihood: -1339.156447
[00:00:02] [worker #1] Bootstrap tree #30, logLikelihood: -1384.342234
[00:00:02] [worker #2] Bootstrap tree #35, logLikelihood: -1358.056006
[00:00:02] [worker #3] Bootstrap tree #36, logLikelihood: -1391.860860
[00:00:02] [worker #1] Bootstrap tree #34, logLikelihood: -1313.059962
[00:00:02] [worker #0] Bootstrap tree #29, logLikelihood: -1344.244946
[00:00:02] [worker #1] Bootstrap tree #38, logLikelihood: -1396.640920
[00:00:02] [worker #2] Bootstrap tree #39, logLikelihood: -1338.340612
[00:00:02] [worker #3] Bootstrap tree #40, logLikelihood: -1437.780480
[00:00:02] [worker #0] Bootstrap tree #33, logLikelihood: -1399.567030
[00:00:02] [worker #2] Bootstrap tree #43, logLikelihood: -1427.742047
[00:00:02] [worker #1] Bootstrap tree #42, logLikelihood: -1418.766021
[00:00:02] [worker #3] Bootstrap tree #44, logLikelihood: -1290.164039
[00:00:02] [worker #0] Bootstrap tree #37, logLikelihood: -1386.510707
[00:00:02] [worker #2] Bootstrap tree #47, logLikelihood: -1311.170505
[00:00:02] [worker #1] Bootstrap tree #46, logLikelihood: -1426.815551
[00:00:03] [worker #3] Bootstrap tree #48, logLikelihood: -1394.413865
[00:00:03] [worker #0] Bootstrap tree #41, logLikelihood: -1313.781758
[00:00:03] [worker #1] Bootstrap tree #50, logLikelihood: -1348.038963
[00:00:03] [worker #0] Bootstrap tree #45, logLikelihood: -1402.883848
[00:00:03] [worker #0] Bootstrap tree #49, logLikelihood: -1272.779391
[00:00:03] [worker #0] Bootstrap tree #53, logLikelihood: -1351.462889
[00:00:03] [worker #3] Bootstrap tree #52, logLikelihood: -1350.224693
[00:00:03] [worker #1] Bootstrap tree #54, logLikelihood: -1343.994852
[00:00:03] [worker #2] Bootstrap tree #51, logLikelihood: -1405.726760
[00:00:03] [worker #0] Bootstrap tree #57, logLikelihood: -1385.264935
[00:00:03] [worker #3] Bootstrap tree #56, logLikelihood: -1442.371270
[00:00:03] [worker #2] Bootstrap tree #55, logLikelihood: -1349.308709
[00:00:03] [worker #1] Bootstrap tree #58, logLikelihood: -1408.059333
[00:00:03] [worker #3] Bootstrap tree #60, logLikelihood: -1313.593400
[00:00:03] [worker #2] Bootstrap tree #59, logLikelihood: -1428.714428
[00:00:03] [worker #0] Bootstrap tree #61, logLikelihood: -1317.456343
[00:00:03] [worker #1] Bootstrap tree #62, logLikelihood: -1459.185590
[00:00:03] [worker #2] Bootstrap tree #63, logLikelihood: -1387.772080
[00:00:04] [worker #0] Bootstrap tree #65, logLikelihood: -1460.702356
[00:00:04] [worker #3] Bootstrap tree #64, logLikelihood: -1354.455499
[00:00:04] [worker #1] Bootstrap tree #66, logLikelihood: -1381.741430
[00:00:04] [worker #2] Bootstrap tree #67, logLikelihood: -1365.298217
[00:00:04] [worker #0] Bootstrap tree #69, logLikelihood: -1341.695919
[00:00:04] [worker #3] Bootstrap tree #68, logLikelihood: -1308.644715
[00:00:04] [worker #0] Bootstrap tree #73, logLikelihood: -1383.768670
[00:00:04] [worker #1] Bootstrap tree #70, logLikelihood: -1478.074315
[00:00:04] [worker #2] Bootstrap tree #71, logLikelihood: -1334.901108
[00:00:04] [worker #3] Bootstrap tree #72, logLikelihood: -1344.735354
[00:00:04] [worker #2] Bootstrap tree #75, logLikelihood: -1370.249639
[00:00:04] [worker #3] Bootstrap tree #76, logLikelihood: -1404.861890
[00:00:04] [worker #0] Bootstrap tree #77, logLikelihood: -1408.472538
[00:00:04] [worker #1] Bootstrap tree #74, logLikelihood: -1541.060617
[00:00:04] [worker #2] Bootstrap tree #79, logLikelihood: -1422.805705
[00:00:04] [worker #3] Bootstrap tree #80, logLikelihood: -1380.282109
[00:00:04] [worker #0] Bootstrap tree #81, logLikelihood: -1429.263700
[00:00:04] [worker #1] Bootstrap tree #78, logLikelihood: -1412.454103
[00:00:04] [worker #3] Bootstrap tree #84, logLikelihood: -1403.499179
[00:00:04] [worker #2] Bootstrap tree #83, logLikelihood: -1385.825686
[00:00:04] [worker #0] Bootstrap tree #85, logLikelihood: -1344.531321
[00:00:04] [worker #1] Bootstrap tree #82, logLikelihood: -1408.087719
[00:00:04] [worker #2] Bootstrap tree #87, logLikelihood: -1420.230214
[00:00:04] [worker #3] Bootstrap tree #88, logLikelihood: -1439.426603
[00:00:05] [worker #0] Bootstrap tree #89, logLikelihood: -1427.618310
[00:00:05] [worker #1] Bootstrap tree #86, logLikelihood: -1318.926244
[00:00:05] [worker #2] Bootstrap tree #91, logLikelihood: -1404.018852
[00:00:05] [worker #3] Bootstrap tree #92, logLikelihood: -1406.947761
[00:00:05] [worker #1] Bootstrap tree #90, logLikelihood: -1372.305606
[00:00:05] [worker #0] Bootstrap tree #93, logLikelihood: -1387.654854
[00:00:05] [worker #2] Bootstrap tree #95, logLikelihood: -1277.936917
[00:00:05] [worker #3] Bootstrap tree #96, logLikelihood: -1293.919016
[00:00:05] [worker #1] Bootstrap tree #94, logLikelihood: -1361.765314
[00:00:05] [worker #2] Bootstrap tree #99, logLikelihood: -1415.764116
[00:00:05] [worker #0] Bootstrap tree #97, logLikelihood: -1327.748762
[00:00:05] [worker #1] Bootstrap tree #98, logLikelihood: -1311.830713
[00:00:05] [worker #3] Bootstrap tree #100, logLikelihood: -1369.904429
[00:00:05] [worker #3] Bootstrap tree #104, logLikelihood: -1289.853180
[00:00:05] [worker #2] Bootstrap tree #103, logLikelihood: -1398.675337
[00:00:05] [worker #1] Bootstrap tree #102, logLikelihood: -1411.142983
[00:00:05] [worker #0] Bootstrap tree #101, logLikelihood: -1461.640253
[00:00:05] [worker #3] Bootstrap tree #108, logLikelihood: -1372.276886
[00:00:06] [worker #2] Bootstrap tree #107, logLikelihood: -1382.949948
[00:00:06] [worker #1] Bootstrap tree #106, logLikelihood: -1305.964255
[00:00:06] [worker #0] Bootstrap tree #105, logLikelihood: -1417.023047
[00:00:06] [worker #2] Bootstrap tree #111, logLikelihood: -1375.768686
[00:00:06] [worker #3] Bootstrap tree #112, logLikelihood: -1369.053289
[00:00:06] [worker #1] Bootstrap tree #110, logLikelihood: -1361.038420
[00:00:06] [worker #0] Bootstrap tree #109, logLikelihood: -1479.104266
[00:00:06] [worker #2] Bootstrap tree #115, logLikelihood: -1414.706812
[00:00:06] [worker #3] Bootstrap tree #116, logLikelihood: -1340.181609
[00:00:06] [worker #1] Bootstrap tree #114, logLikelihood: -1345.599171
[00:00:06] [worker #0] Bootstrap tree #113, logLikelihood: -1391.735982
[00:00:06] [worker #2] Bootstrap tree #119, logLikelihood: -1440.258237
[00:00:06] [worker #3] Bootstrap tree #120, logLikelihood: -1407.176471
[00:00:06] [worker #0] Bootstrap tree #117, logLikelihood: -1439.309000
[00:00:06] [worker #1] Bootstrap tree #118, logLikelihood: -1414.237373
[00:00:06] [worker #2] Bootstrap tree #123, logLikelihood: -1481.761337
[00:00:06] [worker #0] Bootstrap tree #121, logLikelihood: -1362.136875
[00:00:06] [worker #3] Bootstrap tree #124, logLikelihood: -1455.766600
[00:00:06] [worker #2] Bootstrap tree #127, logLikelihood: -1474.692735
[00:00:06] [worker #1] Bootstrap tree #122, logLikelihood: -1425.003292
[00:00:06] [worker #3] Bootstrap tree #128, logLikelihood: -1429.230192
[00:00:06] [worker #0] Bootstrap tree #125, logLikelihood: -1383.437238
[00:00:07] [worker #1] Bootstrap tree #126, logLikelihood: -1379.469611
[00:00:07] [worker #2] Bootstrap tree #131, logLikelihood: -1294.547059
[00:00:07] [worker #3] Bootstrap tree #132, logLikelihood: -1340.216218
[00:00:07] [worker #0] Bootstrap tree #129, logLikelihood: -1348.604143
[00:00:07] [worker #1] Bootstrap tree #130, logLikelihood: -1293.542968
[00:00:07] [worker #2] Bootstrap tree #135, logLikelihood: -1389.619602
[00:00:07] [worker #3] Bootstrap tree #136, logLikelihood: -1388.124239
[00:00:07] [worker #0] Bootstrap tree #133, logLikelihood: -1431.750425
[00:00:07] [worker #1] Bootstrap tree #134, logLikelihood: -1363.369606
[00:00:07] [worker #2] Bootstrap tree #139, logLikelihood: -1370.539292
[00:00:07] [worker #3] Bootstrap tree #140, logLikelihood: -1301.360281
[00:00:07] [worker #0] Bootstrap tree #137, logLikelihood: -1361.590230
[00:00:07] [worker #2] Bootstrap tree #143, logLikelihood: -1395.998931
[00:00:07] [worker #1] Bootstrap tree #138, logLikelihood: -1360.627918
[00:00:07] [worker #3] Bootstrap tree #144, logLikelihood: -1394.031110
[00:00:07] [worker #0] Bootstrap tree #141, logLikelihood: -1419.858946
[00:00:07] [worker #2] Bootstrap tree #147, logLikelihood: -1353.239814
[00:00:07] [worker #3] Bootstrap tree #148, logLikelihood: -1418.124888
[00:00:07] [worker #1] Bootstrap tree #142, logLikelihood: -1374.245581
[00:00:07] [worker #0] Bootstrap tree #145, logLikelihood: -1405.212235
[00:00:07] [worker #1] Bootstrap tree #146, logLikelihood: -1371.289856
[00:00:07] [worker #0] Bootstrap tree #149, logLikelihood: -1460.547922
[00:00:08] [worker #1] Bootstrap tree #150, logLikelihood: -1365.883103
[00:00:08] [worker #2] Bootstrap tree #151, logLikelihood: -1350.392096
[00:00:08] [worker #1] Bootstrap tree #154, logLikelihood: -1489.246616
[00:00:08] [worker #0] Bootstrap tree #153, logLikelihood: -1370.797414
[00:00:08] [worker #3] Bootstrap tree #152, logLikelihood: -1374.514402
[00:00:08] [worker #2] Bootstrap tree #155, logLikelihood: -1313.171377
[00:00:08] [worker #1] Bootstrap tree #158, logLikelihood: -1358.765049
[00:00:08] [worker #3] Bootstrap tree #156, logLikelihood: -1395.490135
[00:00:08] [worker #0] Bootstrap tree #157, logLikelihood: -1370.239086
[00:00:08] [worker #2] Bootstrap tree #159, logLikelihood: -1389.042912
[00:00:08] [worker #1] Bootstrap tree #162, logLikelihood: -1418.317041
[00:00:08] [worker #3] Bootstrap tree #160, logLikelihood: -1389.880000
[00:00:08] [worker #0] Bootstrap tree #161, logLikelihood: -1387.625504
[00:00:08] [worker #2] Bootstrap tree #163, logLikelihood: -1325.656587
[00:00:08] [worker #1] Bootstrap tree #166, logLikelihood: -1296.397047
[00:00:08] [worker #3] Bootstrap tree #164, logLikelihood: -1285.702995
[00:00:08] [worker #2] Bootstrap tree #167, logLikelihood: -1427.226337
[00:00:08] [worker #1] Bootstrap tree #170, logLikelihood: -1296.882994
[00:00:08] [worker #0] Bootstrap tree #165, logLikelihood: -1467.450173
[00:00:08] [worker #3] Bootstrap tree #168, logLikelihood: -1459.259278
[00:00:09] [worker #2] Bootstrap tree #171, logLikelihood: -1413.879369
[00:00:09] [worker #0] Bootstrap tree #169, logLikelihood: -1387.048311
[00:00:09] [worker #1] Bootstrap tree #174, logLikelihood: -1403.808853
[00:00:09] [worker #3] Bootstrap tree #172, logLikelihood: -1404.519364
[00:00:09] [worker #0] Bootstrap tree #173, logLikelihood: -1372.415797
[00:00:09] [worker #1] Bootstrap tree #178, logLikelihood: -1491.347212
[00:00:09] [worker #3] Bootstrap tree #176, logLikelihood: -1360.473996
[00:00:09] [worker #2] Bootstrap tree #175, logLikelihood: -1410.410573
[00:00:09] [worker #1] Bootstrap tree #182, logLikelihood: -1336.418754
[00:00:09] [worker #0] Bootstrap tree #177, logLikelihood: -1357.841779
[00:00:09] [worker #3] Bootstrap tree #180, logLikelihood: -1345.894509
[00:00:09] [worker #2] Bootstrap tree #179, logLikelihood: -1453.689503
[00:00:09] [worker #0] Bootstrap tree #181, logLikelihood: -1398.467225
[00:00:09] [worker #3] Bootstrap tree #184, logLikelihood: -1410.628792
[00:00:09] [worker #1] Bootstrap tree #186, logLikelihood: -1378.013804
[00:00:09] [worker #2] Bootstrap tree #183, logLikelihood: -1282.944941
[00:00:09] [worker #0] Bootstrap tree #185, logLikelihood: -1364.310358
[00:00:09] [worker #3] Bootstrap tree #188, logLikelihood: -1364.745800
[00:00:09] [worker #1] Bootstrap tree #190, logLikelihood: -1280.229598
[00:00:09] [worker #2] Bootstrap tree #187, logLikelihood: -1349.161857
[00:00:09] [worker #0] Bootstrap tree #189, logLikelihood: -1453.872143
[00:00:09] [worker #3] Bootstrap tree #192, logLikelihood: -1379.122098
[00:00:10] [worker #2] Bootstrap tree #191, logLikelihood: -1355.703401
[00:00:10] [worker #1] Bootstrap tree #194, logLikelihood: -1365.405600
[00:00:10] [worker #0] Bootstrap tree #193, logLikelihood: -1395.820187
[00:00:10] [worker #3] Bootstrap tree #196, logLikelihood: -1493.874108
[00:00:10] [worker #1] Bootstrap tree #198, logLikelihood: -1431.356099
[00:00:10] [worker #3] Bootstrap tree #200, logLikelihood: -1402.070359
[00:00:10] [worker #2] Bootstrap tree #195, logLikelihood: -1388.320564
[00:00:10] [worker #0] Bootstrap tree #197, logLikelihood: -1417.013028
[00:00:10] [worker #2] Bootstrap tree #199, logLikelihood: -1329.705122
[00:00:10] [worker #3] Bootstrap tree #204, logLikelihood: -1421.405265
[00:00:10] [worker #1] Bootstrap tree #202, logLikelihood: -1418.585177
[00:00:10] [worker #2] Bootstrap tree #203, logLikelihood: -1396.053236
[00:00:10] [worker #0] Bootstrap tree #201, logLikelihood: -1442.058111
[00:00:10] [worker #3] Bootstrap tree #208, logLikelihood: -1375.686862
[00:00:10] [worker #1] Bootstrap tree #206, logLikelihood: -1432.663476
[00:00:10] [worker #0] Bootstrap tree #205, logLikelihood: -1385.090017
[00:00:10] [worker #2] Bootstrap tree #207, logLikelihood: -1388.667357
[00:00:10] [worker #3] Bootstrap tree #212, logLikelihood: -1392.900494
[00:00:10] [worker #1] Bootstrap tree #210, logLikelihood: -1390.300470
[00:00:10] [worker #0] Bootstrap tree #209, logLikelihood: -1353.311658
[00:00:10] [worker #2] Bootstrap tree #211, logLikelihood: -1469.232991
[00:00:11] [worker #1] Bootstrap tree #214, logLikelihood: -1441.941835
[00:00:11] [worker #3] Bootstrap tree #216, logLikelihood: -1329.689000
[00:00:11] [worker #2] Bootstrap tree #215, logLikelihood: -1371.331400
[00:00:11] [worker #0] Bootstrap tree #213, logLikelihood: -1331.765793
[00:00:11] [worker #3] Bootstrap tree #220, logLikelihood: -1287.708247
[00:00:11] [worker #1] Bootstrap tree #218, logLikelihood: -1391.489688
[00:00:11] [worker #2] Bootstrap tree #219, logLikelihood: -1431.694363
[00:00:11] [worker #3] Bootstrap tree #224, logLikelihood: -1357.671607
[00:00:11] [worker #0] Bootstrap tree #217, logLikelihood: -1409.033507
[00:00:11] [worker #2] Bootstrap tree #223, logLikelihood: -1409.269561
[00:00:11] [worker #1] Bootstrap tree #222, logLikelihood: -1321.528331
[00:00:11] [worker #3] Bootstrap tree #228, logLikelihood: -1343.111687
[00:00:11] [worker #0] Bootstrap tree #221, logLikelihood: -1421.527759
[00:00:11] [worker #2] Bootstrap tree #227, logLikelihood: -1371.983471
[00:00:11] [worker #3] Bootstrap tree #232, logLikelihood: -1348.376159
[00:00:11] [worker #1] Bootstrap tree #226, logLikelihood: -1372.921358
[00:00:11] [worker #0] Bootstrap tree #225, logLikelihood: -1352.209929
[00:00:11] [worker #2] Bootstrap tree #231, logLikelihood: -1383.448480
[00:00:11] [worker #1] Bootstrap tree #230, logLikelihood: -1391.233730
[00:00:11] [worker #3] Bootstrap tree #236, logLikelihood: -1444.092743
[00:00:11] [worker #0] Bootstrap tree #229, logLikelihood: -1428.627786
[00:00:12] [worker #2] Bootstrap tree #235, logLikelihood: -1490.883980
[00:00:12] [worker #3] Bootstrap tree #240, logLikelihood: -1462.199576
[00:00:12] [worker #1] Bootstrap tree #234, logLikelihood: -1265.079217
[00:00:12] [worker #0] Bootstrap tree #233, logLikelihood: -1333.794093
[00:00:12] [worker #2] Bootstrap tree #239, logLikelihood: -1417.081217
[00:00:12] [worker #3] Bootstrap tree #244, logLikelihood: -1357.556284
[00:00:12] [worker #1] Bootstrap tree #238, logLikelihood: -1358.424519
[00:00:12] [worker #3] Bootstrap tree #248, logLikelihood: -1339.872501
[00:00:12] [worker #0] Bootstrap tree #237, logLikelihood: -1377.179215
[00:00:12] [worker #2] Bootstrap tree #243, logLikelihood: -1404.971824
[00:00:12] [worker #1] Bootstrap tree #242, logLikelihood: -1393.241923
[00:00:12] [worker #0] Bootstrap tree #241, logLikelihood: -1305.202247
[00:00:12] [worker #1] Bootstrap tree #246, logLikelihood: -1504.084970
[00:00:12] [worker #2] Bootstrap tree #247, logLikelihood: -1371.515582
[00:00:12] [worker #1] Bootstrap tree #250, logLikelihood: -1455.077977
[00:00:12] [worker #0] Bootstrap tree #245, logLikelihood: -1339.081775
[00:00:12] [worker #0] Bootstrap tree #249, logLikelihood: -1371.887954
[00:00:13] [worker #2] Bootstrap tree #251, logLikelihood: -1352.088762
[00:00:13] [worker #1] Bootstrap tree #254, logLikelihood: -1380.713873
[00:00:13] [worker #0] Bootstrap tree #253, logLikelihood: -1460.808586
[00:00:13] [worker #3] Bootstrap tree #252, logLikelihood: -1381.001451
[00:00:13] [worker #2] Bootstrap tree #255, logLikelihood: -1347.453180
[00:00:13] [worker #0] Bootstrap tree #257, logLikelihood: -1398.317586
[00:00:13] [worker #1] Bootstrap tree #258, logLikelihood: -1408.364151
[00:00:13] [worker #3] Bootstrap tree #256, logLikelihood: -1319.694773
[00:00:13] [worker #1] Bootstrap tree #262, logLikelihood: -1289.493890
[00:00:13] [worker #2] Bootstrap tree #259, logLikelihood: -1393.981125
[00:00:13] [worker #0] Bootstrap tree #261, logLikelihood: -1405.561435
[00:00:13] [worker #3] Bootstrap tree #260, logLikelihood: -1330.173123
[00:00:13] [worker #1] Bootstrap tree #266, logLikelihood: -1393.616461
[00:00:13] [worker #2] Bootstrap tree #263, logLikelihood: -1408.215535
[00:00:13] [worker #0] Bootstrap tree #265, logLikelihood: -1408.872450
[00:00:13] [worker #3] Bootstrap tree #264, logLikelihood: -1373.446712
[00:00:13] [worker #1] Bootstrap tree #270, logLikelihood: -1414.991371
[00:00:14] [worker #0] Bootstrap tree #269, logLikelihood: -1355.255815
[00:00:14] [worker #3] Bootstrap tree #268, logLikelihood: -1456.278576
[00:00:14] [worker #2] Bootstrap tree #267, logLikelihood: -1398.610523
[00:00:14] [worker #1] Bootstrap tree #274, logLikelihood: -1421.508240
[00:00:14] [worker #0] Bootstrap tree #273, logLikelihood: -1408.076688
[00:00:14] [worker #3] Bootstrap tree #272, logLikelihood: -1430.300761
[00:00:14] [worker #2] Bootstrap tree #271, logLikelihood: -1396.262509
[00:00:14] [worker #0] Bootstrap tree #277, logLikelihood: -1400.390685
[00:00:14] [worker #1] Bootstrap tree #278, logLikelihood: -1381.750715
[00:00:14] [worker #3] Bootstrap tree #276, logLikelihood: -1333.075204
[00:00:14] [worker #2] Bootstrap tree #275, logLikelihood: -1424.746685
[00:00:14] [worker #1] Bootstrap tree #282, logLikelihood: -1339.546589
[00:00:14] [worker #0] Bootstrap tree #281, logLikelihood: -1440.481674
[00:00:14] [worker #2] Bootstrap tree #279, logLikelihood: -1357.192904
[00:00:14] [worker #3] Bootstrap tree #280, logLikelihood: -1410.656141
[00:00:14] [worker #1] Bootstrap tree #286, logLikelihood: -1434.111134
[00:00:14] [worker #3] Bootstrap tree #284, logLikelihood: -1283.460702
[00:00:14] [worker #2] Bootstrap tree #283, logLikelihood: -1384.293373
[00:00:14] [worker #0] Bootstrap tree #285, logLikelihood: -1459.379133
[00:00:14] [worker #1] Bootstrap tree #290, logLikelihood: -1411.046560
[00:00:14] [worker #2] Bootstrap tree #287, logLikelihood: -1392.373263
[00:00:14] [worker #0] Bootstrap tree #289, logLikelihood: -1423.258305
[00:00:14] [worker #3] Bootstrap tree #288, logLikelihood: -1348.624660
[00:00:15] [worker #2] Bootstrap tree #291, logLikelihood: -1406.447023
[00:00:15] [worker #1] Bootstrap tree #294, logLikelihood: -1386.157028
[00:00:15] [worker #3] Bootstrap tree #292, logLikelihood: -1339.834244
[00:00:15] [worker #0] Bootstrap tree #293, logLikelihood: -1394.818366
[00:00:15] [worker #2] Bootstrap tree #295, logLikelihood: -1436.904450
[00:00:15] [worker #1] Bootstrap tree #298, logLikelihood: -1397.736013
[00:00:15] [worker #3] Bootstrap tree #296, logLikelihood: -1383.383214
[00:00:15] [worker #2] Bootstrap tree #299, logLikelihood: -1436.318798
[00:00:15] [worker #0] Bootstrap tree #297, logLikelihood: -1392.749962
[00:00:15] [worker #3] Bootstrap tree #300, logLikelihood: -1404.039117
[00:00:15] [worker #3] Bootstrap tree #304, logLikelihood: -1399.678865
[00:00:15] [worker #1] Bootstrap tree #302, logLikelihood: -1365.501330
[00:00:15] [worker #0] Bootstrap tree #301, logLikelihood: -1323.703931
[00:00:15] [worker #2] Bootstrap tree #303, logLikelihood: -1486.136700
[00:00:15] [worker #1] Bootstrap tree #306, logLikelihood: -1398.749423
[00:00:15] [worker #3] Bootstrap tree #308, logLikelihood: -1412.861852
[00:00:15] [worker #0] Bootstrap tree #305, logLikelihood: -1266.260233
[00:00:15] [worker #2] Bootstrap tree #307, logLikelihood: -1433.083207
[00:00:15] [worker #1] Bootstrap tree #310, logLikelihood: -1375.046219
[00:00:15] [worker #0] Bootstrap tree #309, logLikelihood: -1405.965807
[00:00:15] [worker #3] Bootstrap tree #312, logLikelihood: -1397.011258
[00:00:15] [worker #2] Bootstrap tree #311, logLikelihood: -1298.645225
[00:00:16] [worker #1] Bootstrap tree #314, logLikelihood: -1441.840386
[00:00:16] [worker #0] Bootstrap tree #313, logLikelihood: -1403.247991
[00:00:16] [worker #2] Bootstrap tree #315, logLikelihood: -1488.991783
[00:00:16] [worker #3] Bootstrap tree #316, logLikelihood: -1380.993809
[00:00:16] [worker #1] Bootstrap tree #318, logLikelihood: -1380.412772
[00:00:16] [worker #0] Bootstrap tree #317, logLikelihood: -1450.551661
[00:00:16] [worker #2] Bootstrap tree #319, logLikelihood: -1298.879167
[00:00:16] [worker #3] Bootstrap tree #320, logLikelihood: -1356.285024
[00:00:16] [worker #1] Bootstrap tree #322, logLikelihood: -1367.465944
[00:00:16] [worker #0] Bootstrap tree #321, logLikelihood: -1340.748567
[00:00:16] [worker #2] Bootstrap tree #323, logLikelihood: -1362.159992
[00:00:16] [worker #3] Bootstrap tree #324, logLikelihood: -1474.907559
[00:00:16] [worker #1] Bootstrap tree #326, logLikelihood: -1349.910729
[00:00:16] [worker #2] Bootstrap tree #327, logLikelihood: -1433.040848
[00:00:16] [worker #0] Bootstrap tree #325, logLikelihood: -1386.968861
[00:00:16] [worker #3] Bootstrap tree #328, logLikelihood: -1277.990352
[00:00:16] [worker #2] Bootstrap tree #331, logLikelihood: -1275.258000
[00:00:16] [worker #0] Bootstrap tree #329, logLikelihood: -1423.452743
[00:00:16] [worker #1] Bootstrap tree #330, logLikelihood: -1326.405753
[00:00:16] [worker #3] Bootstrap tree #332, logLikelihood: -1482.544946
[00:00:16] [worker #1] Bootstrap tree #334, logLikelihood: -1375.462944
[00:00:16] [worker #0] Bootstrap tree #333, logLikelihood: -1426.896506
[00:00:16] [worker #2] Bootstrap tree #335, logLikelihood: -1335.229068
[00:00:16] [worker #3] Bootstrap tree #336, logLikelihood: -1399.989997
[00:00:16] [worker #1] Bootstrap tree #338, logLikelihood: -1396.611168
[00:00:16] [worker #0] Bootstrap tree #337, logLikelihood: -1369.780156
[00:00:17] [worker #2] Bootstrap tree #339, logLikelihood: -1402.090815
[00:00:17] [worker #3] Bootstrap tree #340, logLikelihood: -1423.550139
[00:00:17] [worker #1] Bootstrap tree #342, logLikelihood: -1332.805416
[00:00:17] [worker #2] Bootstrap tree #343, logLikelihood: -1409.753171
[00:00:17] [worker #0] Bootstrap tree #341, logLikelihood: -1376.278321
[00:00:17] [worker #3] Bootstrap tree #344, logLikelihood: -1272.110267
[00:00:17] [worker #2] Bootstrap tree #347, logLikelihood: -1402.771591
[00:00:17] [worker #3] Bootstrap tree #348, logLikelihood: -1371.462196
[00:00:17] [worker #0] Bootstrap tree #345, logLikelihood: -1397.853699
[00:00:17] [worker #1] Bootstrap tree #346, logLikelihood: -1458.441892
[00:00:17] [worker #0] Bootstrap tree #349, logLikelihood: -1477.095165
[00:00:17] [worker #1] Bootstrap tree #350, logLikelihood: -1371.956298
[00:00:17] [worker #3] Bootstrap tree #352, logLikelihood: -1410.931860
[00:00:17] [worker #2] Bootstrap tree #351, logLikelihood: -1447.401012
[00:00:17] [worker #1] Bootstrap tree #354, logLikelihood: -1413.233483
[00:00:17] [worker #0] Bootstrap tree #353, logLikelihood: -1365.771138
[00:00:17] [worker #2] Bootstrap tree #355, logLikelihood: -1356.152307
[00:00:17] [worker #1] Bootstrap tree #358, logLikelihood: -1325.577099
[00:00:17] [worker #3] Bootstrap tree #356, logLikelihood: -1385.888633
[00:00:17] [worker #0] Bootstrap tree #357, logLikelihood: -1289.541498
[00:00:17] [worker #2] Bootstrap tree #359, logLikelihood: -1430.883215
[00:00:17] [worker #1] Bootstrap tree #362, logLikelihood: -1387.881808
[00:00:18] [worker #3] Bootstrap tree #360, logLikelihood: -1404.823795
[00:00:18] [worker #0] Bootstrap tree #361, logLikelihood: -1375.041763
[00:00:18] [worker #2] Bootstrap tree #363, logLikelihood: -1342.829813
[00:00:18] [worker #1] Bootstrap tree #366, logLikelihood: -1430.778522
[00:00:18] [worker #2] Bootstrap tree #367, logLikelihood: -1396.617779
[00:00:18] [worker #3] Bootstrap tree #364, logLikelihood: -1301.098687
[00:00:18] [worker #0] Bootstrap tree #365, logLikelihood: -1479.824581
[00:00:18] [worker #1] Bootstrap tree #370, logLikelihood: -1504.085438
[00:00:18] [worker #2] Bootstrap tree #371, logLikelihood: -1421.935475
[00:00:18] [worker #3] Bootstrap tree #368, logLikelihood: -1357.509181
[00:00:18] [worker #0] Bootstrap tree #369, logLikelihood: -1480.421014
[00:00:18] [worker #1] Bootstrap tree #374, logLikelihood: -1349.187954
[00:00:18] [worker #3] Bootstrap tree #372, logLikelihood: -1373.957648
[00:00:18] [worker #2] Bootstrap tree #375, logLikelihood: -1375.817252
[00:00:18] [worker #0] Bootstrap tree #373, logLikelihood: -1393.801251
[00:00:18] [worker #1] Bootstrap tree #378, logLikelihood: -1416.744990
[00:00:18] [worker #3] Bootstrap tree #376, logLikelihood: -1352.518302
[00:00:18] [worker #2] Bootstrap tree #379, logLikelihood: -1387.273020
[00:00:18] [worker #0] Bootstrap tree #377, logLikelihood: -1326.511607
[00:00:18] [worker #1] Bootstrap tree #382, logLikelihood: -1404.902628
[00:00:18] [worker #2] Bootstrap tree #383, logLikelihood: -1348.340002
[00:00:19] [worker #3] Bootstrap tree #380, logLikelihood: -1357.410733
[00:00:19] [worker #0] Bootstrap tree #381, logLikelihood: -1358.879382
[00:00:19] [worker #1] Bootstrap tree #386, logLikelihood: -1366.353958
[00:00:19] [worker #2] Bootstrap tree #387, logLikelihood: -1384.176354
[00:00:19] [worker #3] Bootstrap tree #384, logLikelihood: -1399.224852
[00:00:19] [worker #1] Bootstrap tree #390, logLikelihood: -1407.735810
[00:00:19] [worker #0] Bootstrap tree #385, logLikelihood: -1459.563572
[00:00:19] [worker #2] Bootstrap tree #391, logLikelihood: -1314.590606
[00:00:19] [worker #1] Bootstrap tree #394, logLikelihood: -1408.725720
[00:00:19] [worker #3] Bootstrap tree #388, logLikelihood: -1399.030874
[00:00:19] [worker #2] Bootstrap tree #395, logLikelihood: -1363.933098
[00:00:19] [worker #0] Bootstrap tree #389, logLikelihood: -1412.185139
[00:00:19] [worker #1] Bootstrap tree #398, logLikelihood: -1372.803948
[00:00:19] [worker #3] Bootstrap tree #392, logLikelihood: -1340.366626
[00:00:19] [worker #0] Bootstrap tree #393, logLikelihood: -1430.227276
[00:00:19] [worker #2] Bootstrap tree #399, logLikelihood: -1475.080922
[00:00:19] [worker #3] Bootstrap tree #396, logLikelihood: -1334.084576
[00:00:19] [worker #3] Bootstrap tree #400, logLikelihood: -1448.257903
[00:00:19] [worker #0] Bootstrap tree #397, logLikelihood: -1455.658937
[00:00:20] [worker #3] Bootstrap tree #404, logLikelihood: -1323.790230
[00[:00:20] [worker #1] Bootstrap tree #402, logLikelihood: 00:00:20] [worker #2] Bootstrap tree #403, logLikelihood: -1411.751941-1431.830339

[00:00:20] [worker #0] Bootstrap tree #401, logLikelihood: -1437.474026
[00:00:20] [worker #1] Bootstrap tree #406, logLikelihood: -1398.286808
[00:00:20] [worker #2] Bootstrap tree #407, logLikelihood: -1310.204420
[00:00:20] [worker #3] Bootstrap tree #408, logLikelihood: -1422.588929
[00:00:20] [worker #0] Bootstrap tree #405, logLikelihood: -1385.504010
[00:00:20] [worker #1] Bootstrap tree #410, logLikelihood: -1372.209574
[00:00:20] [worker #2] Bootstrap tree #411, logLikelihood: -1434.418944
[00:00:20] [worker #3] Bootstrap tree #412, logLikelihood: -1300.969795
[00:00:20] [worker #0] Bootstrap tree #409, logLikelihood: -1462.765168
[00:00:20] [worker #1] Bootstrap tree #414, logLikelihood: -1424.546257
[00:00:20] [worker #2] Bootstrap tree #415, logLikelihood: -1378.428173
[00:00:20] [worker #3] Bootstrap tree #416, logLikelihood: -1501.878644
[00:00:20] [worker #0] Bootstrap tree #413, logLikelihood: -1358.546626
[00:00:20] [worker #1] Bootstrap tree #418, logLikelihood: -1433.978133
[00:00:20] [worker #3] Bootstrap tree #420, logLikelihood: -1360.636670
[00:00:20] [worker #2] Bootstrap tree #419, logLikelihood: -1476.983613
[00:00:20] [worker #0] Bootstrap tree #417, logLikelihood: -1408.340893
[00:00:20] [worker #1] Bootstrap tree #422, logLikelihood: -1394.509920
[00:00:20] [worker #3] Bootstrap tree #424, logLikelihood: -1412.907242
[00:00:20] [worker #2] Bootstrap tree #423, logLikelihood: -1336.048910
[00:00:21] [worker #0] Bootstrap tree #421, logLikelihood: -1425.230605
[00:00:21] [worker #2] Bootstrap tree #427, logLikelihood: -1391.207796
[00:00:21] [worker #3] Bootstrap tree #428, logLikelihood: -1411.933922
[00:00:21] [worker #1] Bootstrap tree #426, logLikelihood: -1372.055057
[00:00:21] [worker #0] Bootstrap tree #425, logLikelihood: -1405.207177
[00:00:21] [worker #2] Bootstrap tree #431, logLikelihood: -1425.006083
[00:00:21] [worker #3] Bootstrap tree #432, logLikelihood: -1326.388940
[00:00:21] [worker #1] Bootstrap tree #430, logLikelihood: -1409.223650
[00:00:21] [worker #2] Bootstrap tree #435, logLikelihood: -1366.343633
[00:00:21] [worker #0] Bootstrap tree #429, logLikelihood: -1375.363306
[00:00:21] [worker #3] Bootstrap tree #436, logLikelihood: -1367.230724
[00:00:21] [worker #1] Bootstrap tree #434, logLikelihood: -1363.896765
[00:00:21] [worker #2] Bootstrap tree #439, logLikelihood: -1507.227390
[00:00:21] [worker #0] Bootstrap tree #433, logLikelihood: -1475.951201
[00:00:21] [worker #3] Bootstrap tree #440, logLikelihood: -1482.625372
[00:00:21] [worker #1] Bootstrap tree #438, logLikelihood: -1373.641226
[00:00:21] [worker #3] Bootstrap tree #444, logLikelihood: -1347.116057
[00:00:21] [worker #2] Bootstrap tree #443, logLikelihood: -1369.439399
[00:00:21] [worker #0] Bootstrap tree #437, logLikelihood: -1348.552502
[00:00:21] [worker #1] Bootstrap tree #442, logLikelihood: -1352.981097
[00:00:21] [worker #3] Bootstrap tree #448, logLikelihood: -1376.883161
[00:00:21] [worker #2] Bootstrap tree #447, logLikelihood: -1337.126516
[00:00:21] [worker #1] Bootstrap tree #446, logLikelihood: -1390.651353
[00:00:21] [worker #0] Bootstrap tree #441, logLikelihood: -1421.670539
[00:00:22] [worker #1] Bootstrap tree #450, logLikelihood: -1378.104358
[00:00:22] [worker #0] Bootstrap tree #445, logLikelihood: -1341.895336
[00:00:22] [worker #0] Bootstrap tree #449, logLikelihood: -1372.470539
[00:00:22] [worker #2] Bootstrap tree #451, logLikelihood: -1358.069022
[00:00:22] [worker #1] Bootstrap tree #454, logLikelihood: -1377.331307
[00:00:22] [worker #0] Bootstrap tree #453, logLikelihood: -1422.384420
[00:00:22] [worker #3] Bootstrap tree #452, logLikelihood: -1334.861758
[00:00:22] [worker #1] Bootstrap tree #458, logLikelihood: -1421.636400
[00:00:22] [worker #2] Bootstrap tree #455, logLikelihood: -1398.723749
[00:00:22] [worker #3] Bootstrap tree #456, logLikelihood: -1365.562299
[00:00:22] [worker #0] Bootstrap tree #457, logLikelihood: -1385.578362
[00:00:22] [worker #1] Bootstrap tree #462, logLikelihood: -1390.400763
[00:00:22] [worker #2] Bootstrap tree #459, logLikelihood: -1340.483654
[00:00:22] [worker #3] Bootstrap tree #460, logLikelihood: -1394.449482
[00:00:22] [worker #0] Bootstrap tree #461, logLikelihood: -1364.929010
[00:00:22] [worker #1] Bootstrap tree #466, logLikelihood: -1351.071196
[00:00:22] [worker #2] Bootstrap tree #463, logLikelihood: -1411.853994
[00:00:22] [worker #3] Bootstrap tree #464, logLikelihood: -1358.004870
[00:00:23] [00:00:23] [worker #1] Bootstrap tree #470, logLikelihood: -1339.258207
[worker #0] Bootstrap tree #465, logLikelihood: -1333.965295
[00:00:23] [worker #2] Bootstrap tree #467, logLikelihood: -1377.831370
[00:00:23] [worker #3] Bootstrap tree #468, logLikelihood: -1338.886196
[00:00:23] [worker #1] Bootstrap tree #474, logLikelihood: -1440.424571
[00:00:23] [worker #2] Bootstrap tree #471, logLikelihood: -1420.881535
[00:00:23] [worker #3] Bootstrap tree #472, logLikelihood: -1362.321247
[00:00:23] [worker #0] Bootstrap tree #469, logLikelihood: -1333.499806
[00:00:23] [worker #1] Bootstrap tree #478, logLikelihood: -1401.063670
[00:00:23] [worker #3] Bootstrap tree #476, logLikelihood: -1374.764715
[00:00:23] [worker #2] Bootstrap tree #475, logLikelihood: -1404.658113
[00:00:23] [worker #1] Bootstrap tree #482, logLikelihood: -1453.345386
[00:00:23] [worker #0] Bootstrap tree #473, logLikelihood: -1377.104311
[00:00:23] [worker #3] Bootstrap tree #480, logLikelihood: -1336.540244
[00:00:23] [worker #2] Bootstrap tree #479, logLikelihood: -1364.782954
[00:00:23] [worker #1] Bootstrap tree #486, logLikelihood: -1504.708351
[00:00:23] [worker #2] Bootstrap tree #483, logLikelihood: -1290.799715
[00:00:23] [worker #0] Bootstrap tree #477, logLikelihood: -1459.568269
[00:00:23] [worker #3] Bootstrap tree #484, logLikelihood: -1377.553018
[00:00:23] [worker #1] Bootstrap tree #490, logLikelihood: -1310.784865
[00:00:23] [worker #0] Bootstrap tree #481, logLikelihood: -1421.299699
[00:00:23] [worker #2] Bootstrap tree #487, logLikelihood: -1366.270702
[00:00:23] [worker #3] Bootstrap tree #488, logLikelihood: -1376.949771
[00:00:24] [worker #1] Bootstrap tree #494, logLikelihood: -1427.820442
[00:00:24] [worker #0] Bootstrap tree #485, logLikelihood: -1340.374345
[00:00:24] [worker #2] Bootstrap tree #491, logLikelihood: -1376.999837
[00:00:24] [worker #3] Bootstrap tree #492, logLikelihood: -1374.989406
[00:00:24] [worker #1] Bootstrap tree #498, logLikelihood: -1387.433936
[00:00:24] [worker #2] Bootstrap tree #495, logLikelihood: -1419.648680
[00:00:24] [worker #0] Bootstrap tree #489, logLikelihood: -1407.324125
[00:00:24] [worker #3] Bootstrap tree #496, logLikelihood: -1453.126229
[00:00:24] [worker #2] Bootstrap tree #499, logLikelihood: -1394.164747
[00:00:24] [worker #3] Bootstrap tree #500, logLikelihood: -1398.601517
[00:00:24] [worker #0] Bootstrap tree #493, logLikelihood: -1507.114646
[00:00:24] [worker #0] Bootstrap tree #497, logLikelihood: -1373.659107
[00:00:24] [worker #1] Bootstrap tree #502, logLikelihood: -1341.709712
[00:00:24] [worker #2] Bootstrap tree #503, logLikelihood: -1328.542781
[00:00:24] [worker #3] Bootstrap tree #504, logLikelihood: -1388.853679
[00:00:24] [worker #0] Bootstrap tree #501, logLikelihood: -1371.729149
[00:00:25] [worker #3] Bootstrap tree #508, logLikelihood: -1337.612393
[00:00:25] [worker #2] Bootstrap tree #507, logLikelihood: -1392.540109
[00:00:25] [worker #1] Bootstrap tree #506, logLikelihood: -1443.308570
[00:00:25] [worker #0] Bootstrap tree #505, logLikelihood: -1407.669476
[00:00:25] [worker #3] Bootstrap tree #512, logLikelihood: -1371.018222
[00:00:25] [worker #2] Bootstrap tree #511, logLikelihood: -1316.034364
[00:00:25] [worker #1] Bootstrap tree #510, logLikelihood: -1405.949511
[00:00:25] [worker #0] Bootstrap tree #509, logLikelihood: -1381.539066
[00:00:25] [worker #1] Bootstrap tree #514, logLikelihood: -1371.799197
[00:00:25] [worker #2] Bootstrap tree #515, logLikelihood: -1318.998178
[00:00:25] [worker #3] Bootstrap tree #516, logLikelihood: -1420.002700
[00:00:25] [worker #0] Bootstrap tree #513, logLikelihood: -1383.760764
[00:00:25] [worker #2] Bootstrap tree #519, logLikelihood: -1307.471912
[00:00:25] [worker #1] Bootstrap tree #518, logLikelihood: -1393.170530
[00:00:25] [worker #3] Bootstrap tree #520, logLikelihood: -1358.422367
[00:00:25] [worker #0] Bootstrap tree #517, logLikelihood: -1390.042986
[00:00:25] [worker #1] Bootstrap tree #522, logLikelihood: -1396.994676
[00:00:25] [worker #3] Bootstrap tree #524, logLikelihood: -1270.731810
[00:00:25] [worker #2] Bootstrap tree #523, logLikelihood: -1430.547556
[00:00:25] [worker #0] Bootstrap tree #521, logLikelihood: -1406.332628
[00:00:25] [worker #3] Bootstrap tree #528, logLikelihood: -1386.327285
[00:00:25] [worker #1] Bootstrap tree #526, logLikelihood: -1413.219527
[00:00:25] [worker #2] Bootstrap tree #527, logLikelihood: -1456.862032
[00:00:25] [worker #2] Bootstrap tree #531, logLikelihood: -1343.744275
[00:00:25] [worker #0] Bootstrap tree #525, logLikelihood: -1446.478839
[00:00:25] [worker #3] Bootstrap tree #532, logLikelihood: -1442.183271
[00:00:25] [worker #1] Bootstrap tree #530, logLikelihood: -1459.691843
[00:00:26] [worker #1] Bootstrap tree #534, logLikelihood: -1399.884114
[00:00:26] [worker #3] Bootstrap tree #536, logLikelihood: -1409.939043
[00:00:26] [worker #2] Bootstrap tree #535, logLikelihood: -1400.026673
[00:00:26] [worker #0] Bootstrap tree #529, logLikelihood: -1460.555584
[00:00:26] [worker #1] Bootstrap tree #538, logLikelihood: -1357.043221
[00:00:26] [worker #3] Bootstrap tree #540, logLikelihood: -1310.132123
[00:00:26] [worker #0] Bootstrap tree #533, logLikelihood: -1363.826113
[00:00:26] [worker #2] Bootstrap tree #539, logLikelihood: -1370.211045
[00:00:26] [worker #3] Bootstrap tree #544, logLikelihood: -1340.913457
[00:00:26] [worker #1] Bootstrap tree #542, logLikelihood: -1357.750921
[00:00:26] [worker #0] Bootstrap tree #537, logLikelihood: -1347.034180
[00:00:26] [worker #2] Bootstrap tree #543, logLikelihood: -1380.986695
[00:00:26] [worker #3] Bootstrap tree #548, logLikelihood: -1374.901951
[00:00:26] [worker #1] Bootstrap tree #546, logLikelihood: -1394.251979
[00:00:26] [worker #0] Bootstrap tree #541, logLikelihood: -1402.132068
[00:00:26] [worker #2] Bootstrap tree #547, logLikelihood: -1424.768896
[00:00:26] [worker #0] Bootstrap tree #545, logLikelihood: -1414.421462
[00:00:26] [worker #1] Bootstrap tree #550, logLikelihood: -1386.264030
[00:00:26] [worker #0] Bootstrap tree #549, logLikelihood: -1366.969339
[00:00:27] [worker #2] Bootstrap tree #551, logLikelihood: -1327.684816
[00:00:27] [worker #3] Bootstrap tree #552, logLikelihood: -1440.919039
[00:00:27] [worker #1] Bootstrap tree #554, logLikelihood: -1473.698303
[00:00:27] [worker #0] Bootstrap tree #553, logLikelihood: -1472.622979
[00:00:27] [worker #2] Bootstrap tree #555, logLikelihood: -1415.856567
[00:00:27] [worker #1] Bootstrap tree #558, logLikelihood: -1381.200006
[00:00:27] [worker #3] Bootstrap tree #556, logLikelihood: -1333.927249
[00:00:27] [worker #0] Bootstrap tree #557, logLikelihood: -1407.061888
[00:00:27] [worker #2] Bootstrap tree #559, logLikelihood: -1383.686397
[00:00:27] [worker #3] Bootstrap tree #560, logLikelihood: -1375.713657
[00:00:27] [worker #1] Bootstrap tree #562, logLikelihood: -1387.747007
[00:00:27] [worker #0] Bootstrap tree #561, logLikelihood: -1419.519490
[00:00:27] [worker #2] Bootstrap tree #563, logLikelihood: -1350.675089
[00:00:27] [worker #1] Bootstrap tree #566, logLikelihood: -1372.417250
[00:00:27] [worker #3] Bootstrap tree #564, logLikelihood: -1384.565273
[00:00:27] [worker #2] Bootstrap tree #567, logLikelihood: -1340.320331
[00:00:27] [worker #0] Bootstrap tree #565, logLikelihood: -1361.715481
[00:00:27] [worker #1] Bootstrap tree #570, logLikelihood: -1392.842122
[00:00:27] [worker #3] Bootstrap tree #568, logLikelihood: -1407.472430
[00:00:27] [worker #2] Bootstrap tree #571, logLikelihood: -1326.725038
[00:00:27] [worker #0] Bootstrap tree #569, logLikelihood: -1418.392429
[00:00:27] [worker #3] Bootstrap tree #572, logLikelihood: -1435.250190
[00:00:27] [worker #1] Bootstrap tree #574, logLikelihood: -1407.233482
[00:00:27] [worker #2] Bootstrap tree #575, logLikelihood: -1421.695935
[00:00:27] [worker #0] Bootstrap tree #573, logLikelihood: -1451.869327
[00:00:28] [worker #3] Bootstrap tree #576, logLikelihood: -1255.385317
[00:00:28] [worker #2] Bootstrap tree #579, logLikelihood: -1330.280568
[00:00:28] [worker #1] Bootstrap tree #578, logLikelihood: -1193.664490
[00:00:28] [worker #3] Bootstrap tree #580, logLikelihood: -1359.537024
[00:00:28] [worker #0] Bootstrap tree #577, logLikelihood: -1390.387880
[00:00:28] [worker #2] Bootstrap tree #583, logLikelihood: -1484.691366
[00:00:28] [worker #1] Bootstrap tree #582, logLikelihood: -1411.202978
[00:00:28] [worker #3] Bootstrap tree #584, logLikelihood: -1336.992688
[00:00:28] [worker #2] Bootstrap tree #587, logLikelihood: -1480.475030
[00:00:28] [worker #0] Bootstrap tree #581, logLikelihood: -1306.181580
[00:00:28] [worker #1] Bootstrap tree #586, logLikelihood: -1360.143223
[00:00:28] [worker #3] Bootstrap tree #588, logLikelihood: -1426.826928
[00:00:28] [worker #2] Bootstrap tree #591, logLikelihood: -1353.658437
[00:00:28] [worker #0] Bootstrap tree #585, logLikelihood: -1274.058267
[00:00:28] [worker #1] Bootstrap tree #590, logLikelihood: -1363.865868
[00:00:28] [worker #3] Bootstrap tree #592, logLikelihood: -1403.023510
[00:00:28] [worker #1] Bootstrap tree #594, logLikelihood: -1280.452111
[00:00:28] [worker #2] Bootstrap tree #595, logLikelihood: -1244.403086
[00:00:28] [worker #0] Bootstrap tree #589, logLikelihood: -1436.326142
[00:00:28] [worker #3] Bootstrap tree #596, logLikelihood: -1367.838674
[00:00:28] [worker #1] Bootstrap tree #598, logLikelihood: -1350.716578
[00:00:28] [worker #0] Bootstrap tree #593, logLikelihood: -1407.493018
[00:00:28] [worker #3] Bootstrap tree #600, logLikelihood: -1365.876615
[00:00:28] [worker #2] Bootstrap tree #599, logLikelihood: -1398.733533
[00:00:29] [worker #0] Bootstrap tree #597, logLikelihood: -1419.366290
[00:00:29] [worker #0] Bootstrap tree #601, logLikelihood: -1405.354338
[00:00:29] [worker #2] Bootstrap tree #603, logLikelihood: -1331.159546
[00:00:29] [worker #3] Bootstrap tree #604, logLikelihood: -1333.850471
[00:00:29] [worker #1] Bootstrap tree #602, logLikelihood: -1454.662093
[00:00:29] [worker #0] Bootstrap tree #605, logLikelihood: -1266.862262
[00:00:29] [worker #1] Bootstrap tree #606, logLikelihood: -1426.324446
[00:00:29] [worker #3] Bootstrap tree #608, logLikelihood: -1336.909481
[00:00:29] [worker #2] Bootstrap tree #607, logLikelihood: -1300.446499
[00:00:29] [worker #3] Bootstrap tree #612, logLikelihood: -1436.784905
[00:00:29] [worker #0] Bootstrap tree #609, logLikelihood: -1463.808197
[00:00:29] [worker #1] Bootstrap tree #610, logLikelihood: -1407.277909
[00:00:29] [worker #2] Bootstrap tree #611, logLikelihood: -1370.019444
[00:00:29] [worker #3] Bootstrap tree #616, logLikelihood: -1304.192554
[00:00:29] [worker #1] Bootstrap tree #614, logLikelihood: -1360.780574
[00:00:29] [worker #0] Bootstrap tree #613, logLikelihood: [-1406.950243
:00:29] [worker #2] Bootstrap tree #615, logLikelihood: -1370.961169
[00:00:29] [worker #3] Bootstrap tree #620, logLikelihood: -1399.685352
[00:00:29] [worker #1] Bootstrap tree #618, logLikelihood: -1300.388829
[00:00:30] [worker #3] Bootstrap tree #624, logLikelihood: -1316.898782
[00:00:30] [worker #2] Bootstrap tree #619, logLikelihood: -1415.585023
[00:00:30] [worker #0] Bootstrap tree #617, logLikelihood: -1410.910117
[00:00:30] [worker #1] Bootstrap tree #622, logLikelihood: -1398.317003
[00:00:30] [worker #3] Bootstrap tree #628, logLikelihood: -1362.819933
[00:00:30] [worker #2] Bootstrap tree #623, logLikelihood: -1396.161982
[00:00:30] [worker #0] Bootstrap tree #621, logLikelihood: -1329.751885
[00:00:30] [worker #1] Bootstrap tree #626, logLikelihood: -1342.250379
[00:00:30] [worker #3] Bootstrap tree #632, logLikelihood: -1406.392779
[00:00:30] [worker #2] Bootstrap tree #627, logLikelihood: -1399.781658
[00:00:30] [worker #0] Bootstrap tree #625, logLikelihood: -1429.572388
[00:00:30] [worker #1] Bootstrap tree #630, logLikelihood: -1368.848863
[00:00:30] [worker #2] Bootstrap tree #631, logLikelihood: -1480.047544
[00:00:30] [worker #3] Bootstrap tree #636, logLikelihood: -1368.361320
[00:00:30] [worker #0] Bootstrap tree #629, logLikelihood: -1406.914854
[00:00:30] [worker #1] Bootstrap tree #634, logLikelihood: -1513.463231
[00:00:30] [worker #3] Bootstrap tree #640, logLikelihood: -1343.001220
[00:00:30] [worker #2] Bootstrap tree #635, logLikelihood: -1389.699921
[00:00:30] [worker #1] Bootstrap tree #638, logLikelihood: -1363.204452
[00:00:30] [worker #0] Bootstrap tree #633, logLikelihood: -1412.770164
[00:00:30] [worker #3] Bootstrap tree #644, logLikelihood: -1409.562293
[00:00:30] [worker #2] Bootstrap tree #639, logLikelihood: -1356.762763
[00:00:30] [worker #1] Bootstrap tree #642, logLikelihood: -1326.604097
[00:00:30] [worker #3] Bootstrap tree #648, logLikelihood: -1350.631242
[00:00:30] [worker #1] Bootstrap tree #646, logLikelihood: -1393.728004
[00:00:31] [worker #2] Bootstrap tree #643, logLikelihood: -1380.115738
[00:00:31] [worker #0] Bootstrap tree #637, logLikelihood: -1445.539274
[00:00:31] [worker #2] Bootstrap tree #647, logLikelihood: -1373.971617
[00:00:31] [worker #1] Bootstrap tree #650, logLikelihood: -1387.964506
[00:00:31] [worker #0] Bootstrap tree #641, logLikelihood: -1354.920321
[00:00:31] [worker #0] Bootstrap tree #645, logLikelihood: -1385.465574
[00:00:31] [worker #0] Bootstrap tree #649, logLikelihood: -1437.414664
[00:00:31] Bootstrapping converged after 650 replicates.

Optimized model parameters:

   Partition 0: noname
   Rate heterogeneity: GAMMA (4 cats, mean),  alpha: 1.024923 (ML),  weights&rates: (0.250000,0.141900) (0.250000,0.484117) (0.250000,1.004010) (0.250000,2.369974) 
   Base frequencies (ML): 0.225480 0.251683 0.249586 0.273251 
   Substitution rates (ML): 1.503633 3.043352 0.781274 1.490694 3.361752 1.000000 


Final LogLikelihood: -1398.891461

AIC score: 2845.782922 / AICc score: 2854.293560 / BIC score: 2920.470629
Free parameters (model + branch lengths): 24

Best ML tree saved to: /Users/bhe2/Documents/work/current/C037-Cand-auris-adhesin/02-case-studies/09-natural-selection/input/gene-tree/B8441-Hil-PF11765-split/B8441-OG-Hil-PF11765-415-580.raxml.bestTree
All ML trees saved to: /Users/bhe2/Documents/work/current/C037-Cand-auris-adhesin/02-case-studies/09-natural-selection/input/gene-tree/B8441-Hil-PF11765-split/B8441-OG-Hil-PF11765-415-580.raxml.mlTrees
Best ML tree with Felsenstein bootstrap (FBP) support values saved to: /Users/bhe2/Documents/work/current/C037-Cand-auris-adhesin/02-case-studies/09-natural-selection/input/gene-tree/B8441-Hil-PF11765-split/B8441-OG-Hil-PF11765-415-580.raxml.support
Optimized model saved to: /Users/bhe2/Documents/work/current/C037-Cand-auris-adhesin/02-case-studies/09-natural-selection/input/gene-tree/B8441-Hil-PF11765-split/B8441-OG-Hil-PF11765-415-580.raxml.bestModel
Bootstrap trees saved to: /Users/bhe2/Documents/work/current/C037-Cand-auris-adhesin/02-case-studies/09-natural-selection/input/gene-tree/B8441-Hil-PF11765-split/B8441-OG-Hil-PF11765-415-580.raxml.bootstraps

Execution log saved to: /Users/bhe2/Documents/work/current/C037-Cand-auris-adhesin/02-case-studies/09-natural-selection/input/gene-tree/B8441-Hil-PF11765-split/B8441-OG-Hil-PF11765-415-580.raxml.log

Analysis started: 02-Jul-2022 22:24:07 / finished: 02-Jul-2022 22:24:39

Elapsed time: 31.671 seconds

