
RAxML-NG v. 1.1.0 released on 29.11.2021 by The Exelixis Lab.
Developed by: Alexey M. Kozlov and Alexandros Stamatakis.
Contributors: Diego Darriba, Tomas Flouri, Benoit Morel, Sarah Lutteropp, Ben Bettisworth.
Latest version: https://github.com/amkozlov/raxml-ng
Questions/problems/suggestions? Please visit: https://groups.google.com/forum/#!forum/raxml

System: Apple M1, 8 cores, 16 GB RAM

RAxML-NG was called at 02-Jul-2022 22:24:39 as follows:

raxml-ng --all --msa ../input/homologs/B8441-OG-Hil-PF11765-581-695.nuc --model GTR+G --seed 123 --threads 4 --bs-trees autoMRE --outgroup OG --prefix ../input/gene-tree/B8441-Hil-PF11765-split/B8441-OG-Hil-PF11765-581-695

Analysis options:
  run mode: ML tree search + bootstrapping (Felsenstein Bootstrap)
  start tree(s): random (10) + parsimony (10)
  bootstrap replicates: max: 1000 + bootstopping (autoMRE, cutoff: 0.030000)
  outgroup taxa: OG
  random seed: 123
  tip-inner: OFF
  pattern compression: ON
  per-rate scalers: OFF
  site repeats: ON
  branch lengths: proportional (ML estimate, algorithm: NR-FAST)
  SIMD kernels: SSE3
  parallelization: coarse-grained (auto), PTHREADS (4 threads), thread pinning: OFF

[00:00:00] Reading alignment from file: ../input/homologs/B8441-OG-Hil-PF11765-581-695.nuc
[00:00:00] Loaded alignment with 9 taxa and 115 sites

Alignment comprises 1 partitions and 97 patterns

Partition 0: noname
Model: GTR+FO+G4m
Alignment sites / patterns: 115 / 97
Gaps: 8.41 %
Invariant sites: 17.39 %


NOTE: Binary MSA file created: ../input/gene-tree/B8441-Hil-PF11765-split/B8441-OG-Hil-PF11765-581-695.raxml.rba

Parallelization scheme autoconfig: 4 worker(s) x 1 thread(s)

Parallel reduction/worker buffer size: 1 KB  / 0 KB

[00:00:00] Generating 10 random starting tree(s) with 9 taxa
[00:00:00] Generating 10 parsimony starting tree(s) with 9 taxa
[00:00:00] Data distribution: max. partitions/sites/weight per thread: 1 / 97 / 1552
[00:00:00] Data distribution: max. searches per worker: 255

Starting ML tree search with 20 distinct starting trees

[00:00:00] [worker #2] ML tree search #3, logLikelihood: -950.861836
[00:00:00] [worker #0] ML tree search #1, logLikelihood: -950.855750
[00:00:00] [worker #3] ML tree search #4, logLikelihood: -950.868173
[00:00:00] [worker #1] ML tree search #2, logLikelihood: -950.858738
[00:00:00] [worker #2] ML tree search #7, logLikelihood: -950.860814
[00:00:00] [worker #1] ML tree search #6, logLikelihood: -950.853827
[00:00:00] [worker #0] ML tree search #5, logLikelihood: -950.858617
[00:00:00] [worker #3] ML tree search #8, logLikelihood: -950.855505
[00:00:00] [worker #2] ML tree search #11, logLikelihood: -950.846589
[00:00:00] [worker #3] ML tree search #12, logLikelihood: -950.846312
[00:00:00] [worker #1] ML tree search #10, logLikelihood: -950.860223
[00:00:00] [worker #0] ML tree search #9, logLikelihood: -950.860359
[00:00:00] [worker #2] ML tree search #15, logLikelihood: -950.851073
[00:00:00] [worker #3] ML tree search #16, logLikelihood: -950.846639
[00:00:00] [worker #1] ML tree search #14, logLikelihood: -950.846586
[00:00:00] [worker #0] ML tree search #13, logLikelihood: -950.846668
[00:00:00] [worker #1] ML tree search #18, logLikelihood: -950.846564
[00:00:00] [worker #3] ML tree search #20, logLikelihood: -950.846681
[00:00:00] [worker #2] ML tree search #19, logLikelihood: -950.846796
[00:00:00] [worker #0] ML tree search #17, logLikelihood: -950.846504

[00:00:00] ML tree search completed, best tree logLH: -950.846312

[00:00:00] Starting bootstrapping analysis with 1000 replicates.

[00:00:00] [worker #3] Bootstrap tree #4, logLikelihood: -947.295879
[00:00:00] [worker #2] Bootstrap tree #3, logLikelihood: -927.536648
[00:00:00] [worker #0] Bootstrap tree #1, logLikelihood: -951.210200
[00:00:00] [worker #1] Bootstrap tree #2, logLikelihood: -970.747696
[00:00:01] [worker #3] Bootstrap tree #8, logLikelihood: -961.464579
[00:00:01] [worker #1] Bootstrap tree #6, logLikelihood: -877.216461
[00:00:01] [worker #2] Bootstrap tree #7, logLikelihood: -951.264617
[00:00:01] [worker #0] Bootstrap tree #5, logLikelihood: -892.229725
[00:00:01] [worker #2] Bootstrap tree #11, logLikelihood: -1016.524676
[00:00:01] [worker #3] Bootstrap tree #12, logLikelihood: -912.140465
[00:00:01] [worker #1] Bootstrap tree #10, logLikelihood: -880.017469
[00:00:01] [worker #2] Bootstrap tree #15, logLikelihood: -1039.330875
[00:00:01] [worker #0] Bootstrap tree #9, logLikelihood: -912.314549
[00:00:01] [worker #3] Bootstrap tree #16, logLikelihood: -972.355114
[00:00:01] [worker #1] Bootstrap tree #14, logLikelihood: -950.897746
[00:00:01] [worker #2] Bootstrap tree #19, logLikelihood: -900.850567
[00:00:01] [worker #1] Bootstrap tree #18, logLikelihood: -877.037943
[00:00:01] [worker #3] Bootstrap tree #20, logLikelihood: -921.197241
[00:00:01] [worker #0] Bootstrap tree #13, logLikelihood: -928.001775
[00:00:01] [worker #2] Bootstrap tree #23, logLikelihood: -972.482276
[00:00:01] [worker #3] Bootstrap tree #24, logLikelihood: -899.186751
[00:00:01] [worker #0] Bootstrap tree #17, logLikelihood: -895.928534
[00:00:01] [worker #1] Bootstrap tree #22, logLikelihood: -907.653776
[00:00:01] [worker #2] Bootstrap tree #27, logLikelihood: -912.624587
[00:00:01] [worker #3] Bootstrap tree #28, logLikelihood: -905.394072
[00:00:01] [worker #0] Bootstrap tree #21, logLikelihood: -973.704072
[00:00:01] [worker #1] Bootstrap tree #26, logLikelihood: -964.405698
[00:00:01] [worker #2] Bootstrap tree #31, logLikelihood: -924.191538
[00:00:01] [worker #3] Bootstrap tree #32, logLikelihood: -986.994906
[00:00:01] [worker #1] Bootstrap tree #30, logLikelihood: -926.901008
[00:00:01] [worker #0] Bootstrap tree #25, logLikelihood: -898.122094
[00:00:01] [worker #2] Bootstrap tree #35, logLikelihood: -931.622793
[00:00:01] [worker #3] Bootstrap tree #36, logLikelihood: -867.858298
[00:00:01] [worker #1] Bootstrap tree #34, logLikelihood: -921.753998
[00:00:02] [worker #2] Bootstrap tree #39, logLikelihood: -889.080963
[00:00:02] [worker #0] Bootstrap tree #29, logLikelihood: -942.704753
[00:00:02] [worker #1] Bootstrap tree #38, logLikelihood: -983.489080
[00:00:02] [worker #3] Bootstrap tree #40, logLikelihood: -893.767278
[00:00:02] [worker #2] Bootstrap tree #43, logLikelihood: -901.439515
[00:00:02] [worker #0] Bootstrap tree #33, logLikelihood: -993.199807
[00:00:02] [worker #1] Bootstrap tree #42, logLikelihood: -825.833576
[00:00:02] [worker #3] Bootstrap tree #44, logLikelihood: -966.488360
[00:00:02] [worker #2] Bootstrap tree #47, logLikelihood: -957.380497
[00:00:02] [worker #0] Bootstrap tree #37, logLikelihood: -961.975174
[00:00:02] [worker #1] Bootstrap tree #46, logLikelihood: -928.604180
[00:00:02] [worker #3] Bootstrap tree #48, logLikelihood: -918.694527
[00:00:02] [worker #0] Bootstrap tree #41, logLikelihood: -1002.199061
[00:00:02] [worker #1] Bootstrap tree #50, logLikelihood: -950.794350
[00:00:02] [worker #0] Bootstrap tree #45, logLikelihood: -927.986481
[00:00:02] [worker #0] Bootstrap tree #49, logLikelihood: -943.553707
[00:00:02] [worker #3] Bootstrap tree #52, logLikelihood: -911.126828
[00:00:02] [worker #0] Bootstrap tree #53, logLikelihood: -936.808441
[00:00:02] [worker #2] Bootstrap tree #51, logLikelihood: -896.556274
[00:00:02] [worker #1] Bootstrap tree #54, logLikelihood: -932.972055
[00:00:02] [worker #2] Bootstrap tree #55, logLikelihood: -920.067001
[00:00:02] [worker #3] Bootstrap tree #56, logLikelihood: -938.820619
[00:00:02] [worker #0] Bootstrap tree #57, logLikelihood: -915.540522
[00:00:03] [worker #1] Bootstrap tree #58, logLikelihood: -928.606947
[00:00:03] [worker #0] Bootstrap tree #61, logLikelihood: -921.705778
[00:00:03] [worker #2] Bootstrap tree #59, logLikelihood: -920.573985
[00:00:03] [worker #3] Bootstrap tree #60, logLikelihood: -942.283069
[00:00:03] [worker #1] Bootstrap tree #62, logLikelihood: -978.589371
[00:00:03] [worker #3] Bootstrap tree #64, logLikelihood: -915.625489
[00:00:03] [worker #0] Bootstrap tree #65, logLikelihood: -939.926285
[00:00:03] [worker #2] Bootstrap tree #63, logLikelihood: -986.968765
[00:00:03] [worker #1] Bootstrap tree #66, logLikelihood: -992.262690
[00:00:03] [worker #3] Bootstrap tree #68, logLikelihood: -954.884300
[00:00:03] [worker #0] Bootstrap tree #69, logLikelihood: -995.340136
[00:00:03] [worker #2] Bootstrap tree #67, logLikelihood: -955.726315
[00:00:03] [worker #3] Bootstrap tree #72, logLikelihood: -967.178115
[00:00:03] [worker #1] Bootstrap tree #70, logLikelihood: -989.258042
[00:00:03] [worker #0] Bootstrap tree #73, logLikelihood: -973.590648
[00:00:03] [worker #2] Bootstrap tree #71, logLikelihood: -979.545852
[00:00:03] [worker #3] Bootstrap tree #76, logLikelihood: -928.652774
[00:00:03] [worker #1] Bootstrap tree #74, logLikelihood: -917.935194
[00:00:03] [worker #0] Bootstrap tree #77, logLikelihood: -941.715543
[00:00:03] [worker #2] Bootstrap tree #75, logLikelihood: -952.930985
[00:00:03] [worker #3] Bootstrap tree #80, logLikelihood: -924.279700
[00:00:03] [worker #1] Bootstrap tree #78, logLikelihood: -1006.662531
[00:00:03] [worker #0] Bootstrap tree #81, logLikelihood: -957.538337
[00:00:03] [worker #3] Bootstrap tree #84, logLikelihood: -954.815299
[00:00:03] [worker #2] Bootstrap tree #79, logLikelihood: -958.169891
[00:00:03] [worker #1] Bootstrap tree #82, logLikelihood: -986.073181
[00:00:03] [worker #3] Bootstrap tree #88, logLikelihood: -968.943714
[00:00:03] [worker #2] Bootstrap tree #83, logLikelihood: -925.230822
[00:00:03] [worker #0] Bootstrap tree #85, logLikelihood: -945.357640
[00:00:03] [worker #1] Bootstrap tree #86, logLikelihood: -873.604105
[00:00:03] [worker #0] Bootstrap tree #89, logLikelihood: -984.121315
[00:00:03] [worker #1] Bootstrap tree #90, logLikelihood: -932.307095
[00:00:03] [worker #2] Bootstrap tree #87, logLikelihood: -908.246015
[00:00:03] [worker #3] Bootstrap tree #92, logLikelihood: -983.549516
[00:00:04] [worker #2] Bootstrap tree #91, logLikelihood: -903.442346
[00:00:04] [worker #1] Bootstrap tree #94, logLikelihood: -919.126333
[00:00:04] [worker #0] Bootstrap tree #93, logLikelihood: -952.567569
[00:00:04] [worker #3] Bootstrap tree #96, logLikelihood: -957.491598
[00:00:04] [worker #1] Bootstrap tree #98, logLikelihood: -916.431920
[00:00:04] [worker #3] Bootstrap tree #100, logLikelihood: -936.800545
[00:00:04] [worker #2] Bootstrap tree #95, logLikelihood: -878.065460
[00:00:04] [worker #0] Bootstrap tree #97, logLikelihood: -931.151965
[00:00:04] [worker #2] Bootstrap tree #99, logLikelihood: -920.597195
[00:00:04] [worker #2] Bootstrap tree #103, logLikelihood: -910.530637
[00:00:04] [worker #1] Bootstrap tree #102, logLikelihood: -910.722557
[00:00:04] [worker #3] Bootstrap tree #104, logLikelihood: -969.766629
[00:00:04] [worker #0] Bootstrap tree #101, logLikelihood: -930.345621
[00:00:04] [worker #2] Bootstrap tree #107, logLikelihood: -946.984891
[00:00:04] [worker #3] Bootstrap tree #108, logLikelihood: -955.623455
[00:00:04] [worker #0] Bootstrap tree #105, logLikelihood: -907.638996
[00:00:04] [worker #1] Bootstrap tree #106, logLikelihood: -931.283633
[00:00:04] [worker #2] Bootstrap tree #111, logLikelihood: -940.084026
[00:00:04] [worker #0] Bootstrap tree #109, logLikelihood: -964.928834
[00:00:04] [worker #1] Bootstrap tree #110, logLikelihood: -889.435477
[00:00:04] [worker #3] Bootstrap tree #112, logLikelihood: -913.382760
[00:00:04] [worker #2] Bootstrap tree #115, logLikelihood: -959.000655
[00:00:04] [worker #1] Bootstrap tree #114, logLikelihood: -963.022955
[00:00:04] [worker #0] Bootstrap tree #113, logLikelihood: -988.099302
[00:00:04] [worker #3] Bootstrap tree #116, logLikelihood: -930.318174
[00:00:04] [worker #1] Bootstrap tree #118, logLikelihood: -892.722190
[00:00:04] [worker #0] Bootstrap tree #117, logLikelihood: -938.694380
[00:00:04] [worker #2] Bootstrap tree #119, logLikelihood: -993.689319
[00:00:04] [worker #1] Bootstrap tree #122, logLikelihood: -899.243432
[00:00:05] [worker #3] Bootstrap tree #120, logLikelihood: -950.543252
[00:00:05] [worker #3] Bootstrap tree #124, logLikelihood: -941.896435
[00:00:05] [worker #0] Bootstrap tree #121, logLikelihood: -917.789890
[00:00:05] [worker #1] Bootstrap tree #126, logLikelihood: -991.861868
[00:00:05] [worker #2] Bootstrap tree #123, logLikelihood: -999.538541
[00:00:05] [worker #0] Bootstrap tree #125, logLikelihood: -914.220930
[00:00:05] [worker #1] Bootstrap tree #130, logLikelihood: -952.389447
[00:00:05] [worker #3] Bootstrap tree #128, logLikelihood: -993.998218
[00:00:05] [worker #2] Bootstrap tree #127, logLikelihood: -975.766870
[00:00:05] [worker #0] Bootstrap tree #129, logLikelihood: -930.958658
[00:00:05] [worker #3] Bootstrap tree #132, logLikelihood: -955.897509
[00:00:05] [worker #2] Bootstrap tree #131, logLikelihood: -952.707919
[00:00:05] [worker #1] Bootstrap tree #134, logLikelihood: -879.174753
[00:00:05] [worker #0] Bootstrap tree #133, logLikelihood: -994.137234
[00:00:05] [worker #2] Bootstrap tree #135, logLikelihood: -945.492596
[00:00:05] [worker #3] Bootstrap tree #136, logLikelihood: -913.135743
[00:00:05] [worker #1] Bootstrap tree #138, logLikelihood: -893.518501
[00:00:05] [worker #2] Bootstrap tree #139, logLikelihood: -895.585782
[00:00:05] [worker #0] Bootstrap tree #137, logLikelihood: -934.342554
[00:00:05] [worker #3] Bootstrap tree #140, logLikelihood: -932.761124
[00:00:05] [worker #1] Bootstrap tree #142, logLikelihood: -921.501121
[00:00:05] [worker #0] Bootstrap tree #141, logLikelihood: -913.487477
[00:00:05] [worker #3] Bootstrap tree #144, logLikelihood: -873.555632
[00:00:05] [worker #2] Bootstrap tree #143, logLikelihood: -1011.496894
[00:00:05] [worker #0] Bootstrap tree #145, logLikelihood: -921.461635
[00:00:05] [worker #3] Bootstrap tree #148, logLikelihood: -940.986724
[00:000[:0500:00:05] [worker #2] Bootstrap tree #147, logLikelihood: -917.517938
] [worker #1] Bootstrap tree #146, logLikelihood: -923.105312
[00:00:06] [worker #1] Bootstrap tree #150, logLikelihood: -968.033995
[00:00:06] [worker #0] Bootstrap tree #149, logLikelihood: -936.997565
[00:00:06] [worker #0] Bootstrap tree #153, logLikelihood: -923.478093
[00:00:06] [worker #1] Bootstrap tree #154, logLikelihood: -949.619287
[00:00:06] [worker #2] Bootstrap tree #151, logLikelihood: -891.630480
[00:00:06] [worker #3] Bootstrap tree #152, logLikelihood: -972.180755
[00:00:06] [worker #2] Bootstrap tree #155, logLikelihood: -863.399478
[00:00:06] [worker #0] Bootstrap tree #157, logLikelihood: -964.819562
[00:00:06] [worker #3] Bootstrap tree #156, logLikelihood: -935.291465
[00:00:06] [worker #1] Bootstrap tree #158, logLikelihood: -970.980202
[00:00:06] [worker #2] Bootstrap tree #159, logLikelihood: -957.054865
[00:00:06] [worker #0] Bootstrap tree #161, logLikelihood: -904.960975
[00:00:06] [worker #3] Bootstrap tree #160, logLikelihood: -987.998629
[00:00:06] [worker #2] Bootstrap tree #163, logLikelihood: -895.096524
[00:00:06] [worker #1] Bootstrap tree #162, logLikelihood: -1012.380950
[00:00:06] [worker #0] Bootstrap tree #165, logLikelihood: -939.072057
[00:00:06] [worker #3] Bootstrap tree #164, logLikelihood: -944.458651
[00:00:06] [worker #0] Bootstrap tree #169, logLikelihood: -950.040920
[00:00:06] [worker #2] Bootstrap tree #167, logLikelihood: -887.934659
[00:00:06] [worker #1] Bootstrap tree #166, logLikelihood: -898.039901
[00:00:06] [worker #3] Bootstrap tree #168, logLikelihood: -978.158033
[00:00:06] [worker #0] Bootstrap tree #173, logLikelihood: -892.845708
[00:00:06] [worker #1] Bootstrap tree #170, logLikelihood: -908.384449
[00:00:06] [worker #2] Bootstrap tree #171, logLikelihood: -916.506981
[00:00:06] [worker #3] Bootstrap tree #172, logLikelihood: -984.305193
[00:00:06] [worker #0] Bootstrap tree #177, logLikelihood: -958.141788
[00:00:06] [worker #2] Bootstrap tree #175, logLikelihood: -1008.983118
[00:00:06] [worker #3] Bootstrap tree #176, logLikelihood: -948.067617
[00:00:06] [worker #1] Bootstrap tree #174, logLikelihood: -918.187762
[00:00:07] [worker #2] Bootstrap tree #179, logLikelihood: -966.338698
[00:00:07] [worker #0] Bootstrap tree #181, logLikelihood: -888.987069
[00:00:07] [worker #1] Bootstrap tree #178, logLikelihood: -897.326791
[00:00:07] [worker #3] Bootstrap tree #180, logLikelihood: -995.996725
[00:00:07] [worker #2] Bootstrap tree #183, logLikelihood: -921.827203
[00:00:07] [worker #1] Bootstrap tree #182, logLikelihood: -944.293544
[00:00:07] [worker #3] Bootstrap tree #184, logLikelihood: -889.096494
[00:00:07] [worker #0] Bootstrap tree #185, logLikelihood: -932.146108
[00:00:07] [worker #2] Bootstrap tree #187, logLikelihood: -901.203164
[00:00:07] [worker #1] Bootstrap tree #186, logLikelihood: -891.756236
[00:00:07] [worker #0] Bootstrap tree #189, logLikelihood: -893.032856
[00:00:07] [worker #3] Bootstrap tree #188, logLikelihood: -971.026979
[00:00:07] [worker #2] Bootstrap tree #191, logLikelihood: -913.505516
[00:00:07] [worker #3] Bootstrap tree #192, logLikelihood: -912.517091
[00:00:07] [worker #0] Bootstrap tree #193, logLikelihood: -963.722702
[00:00:07] [worker #1] Bootstrap tree #190, logLikelihood: -932.023018
[00:00:07] [worker #2] Bootstrap tree #195, logLikelihood: -941.107652
[00:00:07] [worker #1] Bootstrap tree #194, logLikelihood: -944.444089
[00:00:07] [worker #0] Bootstrap tree #197, logLikelihood: -873.729340
[00:00:07] [worker #3] Bootstrap tree #196, logLikelihood: -898.108512
[00:00:07] [worker #2] Bootstrap tree #199, logLikelihood: -914.126462
[00:00:07] [worker #1] Bootstrap tree #198, logLikelihood: -961.033383
[00:00:07] [worker #3] Bootstrap tree #200, logLikelihood: -983.745302
[00:00:07] [worker #0] Bootstrap tree #201, logLikelihood: -951.563860
[00:00:07] [worker #2] Bootstrap tree #203, logLikelihood: -912.308788
[00:00:07] [worker #1] Bootstrap tree #202, logLikelihood: -903.574581
[00:00:07] [worker #3] Bootstrap tree #204, logLikelihood: -977.978742
[00:00:07] [worker #1] Bootstrap tree #206, logLikelihood: -938.390047
[00:00:07] [worker #3] Bootstrap tree #208, logLikelihood: -985.602262
[00:00:07] [worker #2] Bootstrap tree #207, logLikelihood: -904.410767
[00:00:07] [worker #0] Bootstrap tree #205, logLikelihood: -932.680287
[00:00:08] [worker #3] Bootstrap tree #212, logLikelihood: -910.846789
[00:00:08] [worker #1] Bootstrap tree #210, logLikelihood: -925.272504
[00:00:08] [worker #2] Bootstrap tree #211, logLikelihood: -873.765398
[00:00:08] [worker #0] Bootstrap tree #209, logLikelihood: -912.597734
[00:00:08] [worker #1] Bootstrap tree #214, logLikelihood: -953.853146
[00:00:08] [worker #3] Bootstrap tree #216, logLikelihood: -949.181523
[00:00:08] [worker #2] Bootstrap tree #215, logLikelihood: -947.431337
[00:00:08] [worker #0] Bootstrap tree #213, logLikelihood: -957.307965
[00:00:08] [worker #1] Bootstrap tree #218, logLikelihood: -914.456494
[00:00:08] [worker #2] Bootstrap tree #219, logLikelihood: -923.766916
[00:00:08] [worker #0] Bootstrap tree #217, logLikelihood: -938.963271
[00:00:08] [worker #3] Bootstrap tree #220, logLikelihood: -939.824762
[00:00:08] [worker #1] Bootstrap tree #222, logLikelihood: -935.725670
[00:00:08] [worker #0] Bootstrap tree #221, logLikelihood: -917.841023
[00:00:08] [worker #2] Bootstrap tree #223, logLikelihood: -919.228190
[00:00:08] [worker #3] Bootstrap tree #224, logLikelihood: -923.348831
[00:00:08] [worker #1] Bootstrap tree #226, logLikelihood: -916.243632
[00:00:08] [worker #2] Bootstrap tree #227, logLikelihood: -919.438108
[00:00:08] [worker #3] Bootstrap tree #228, logLikelihood: -1075.889489
[00:00:08] [worker #0] Bootstrap tree #225, logLikelihood: -946.395150
[00:00:08] [worker #2] Bootstrap tree #231, logLikelihood: -969.112745
[00:00:08] [worker #1] Bootstrap tree #230, logLikelihood: -906.193244
[00:00:08] [worker #3] Bootstrap tree #232, logLikelihood: -862.980616
[00:00:08] [worker #0] Bootstrap tree #229, logLikelihood: -921.976911
[00:00:08] [worker #1] Bootstrap tree #234, logLikelihood: -979.765913
[00:00:08] [worker #2] Bootstrap tree #235, logLikelihood: -974.076359
[00:00:08] [worker #1] Bootstrap tree #238, logLikelihood: -933.592900
[00:00:08] [worker #3] Bootstrap tree #236, logLikelihood: -915.993130
[00:00:08] [worker #0] Bootstrap tree #233, logLikelihood: -883.570379
[00:00:08] [worker #2] Bootstrap tree #239, logLikelihood: -922.679147
[00:00:08] [worker #3] Bootstrap tree #240, logLikelihood: -933.776812
[00:00:09] [worker #1] Bootstrap tree #242, logLikelihood: -932.014201
[00:00:09] [worker #2] Bootstrap tree #243, logLikelihood: -994.728127
[00:00:09] [worker #3] Bootstrap tree #244, logLikelihood: -928.571851
[00:00:09] [worker #0] Bootstrap tree #237, logLikelihood: -935.145131
[00:00:09] [worker #1] Bootstrap tree #246, logLikelihood: -929.250924
[00:00:09] [worker #3] Bootstrap tree #248, logLikelihood: -951.254112
[00:00:09] [worker #2] Bootstrap tree #247, logLikelihood: -911.770963
[00:00:09] [worker #1] Bootstrap tree #250, logLikelihood: -904.494497
[00:00:09] [worker #0] Bootstrap tree #241, logLikelihood: -895.535614
[00:00:09] [worker #0] Bootstrap tree #245, logLikelihood: -893.170790
[00:00:09] [worker #0] Bootstrap tree #249, logLikelihood: -911.051804
[00:00:09] [worker #1] Bootstrap tree #254, logLikelihood: -905.380865
[00:00:09] [worker #0] Bootstrap tree #253, logLikelihood: -921.389058
[00:00:09] [worker #3] Bootstrap tree #252, logLikelihood: -940.013807
[00:00:09] [worker #2] Bootstrap tree #251, logLikelihood: -846.871785
[00:00:09] [worker #3] Bootstrap tree #256, logLikelihood: -970.949781
[00:00:09] [worker #1] Bootstrap tree #258, logLikelihood: -926.753875
[00:00:09] [worker #0] Bootstrap tree #257, logLikelihood: -944.474046
[00:00:09] [worker #2] Bootstrap tree #255, logLikelihood: -977.591699
[00:00:09] [worker #1] Bootstrap tree #262, logLikelihood: -919.918604
[00:00:09] [worker #0] Bootstrap tree #261, logLikelihood: -891.514286
[00:00:09] [worker #3] Bootstrap tree #260, logLikelihood: -1017.187159
[00:00:09] [worker #2] Bootstrap tree #259, logLikelihood: -966.759433
[00:00:09] [worker #1] Bootstrap tree #266, logLikelihood: -958.015689
[00:00:09] [worker #0] Bootstrap tree #265, logLikelihood: -898.478000
[00:00:09] [worker #3] Bootstrap tree #264, logLikelihood: -952.202208
[00:00:10] [worker #2] Bootstrap tree #263, logLikelihood: -911.756895
[00:00:10] [worker #1] Bootstrap tree #270, logLikelihood: -952.293556
[00:00:10] [worker #0] Bootstrap tree #269, logLikelihood: -973.002140
[00:00:10] [worker #3] Bootstrap tree #268, logLikelihood: -942.662519
[00:00:10] [worker #3] Bootstrap tree #272, logLikelihood: -897.945025
[00:00:10] [worker #0] Bootstrap tree #273, logLikelihood: -933.113082
[00:00:10] [worker #2] Bootstrap tree #267, logLikelihood: -900.444634
[00:00:10] [worker #1] Bootstrap tree #274, logLikelihood: -941.466177
[00:00:10] [worker #2] Bootstrap tree #271, logLikelihood: -874.482569
[00:00:10] [worker #3] Bootstrap tree #276, logLikelihood: -957.525512
[00:00:10] [worker #0] Bootstrap tree #277, logLikelihood: -981.553135
[00:00:10] [worker #1] Bootstrap tree #278, logLikelihood: -987.813509
[00:00:10] [worker #3] Bootstrap tree #280, logLikelihood: -891.080867
[00:00:10] [worker #0] Bootstrap tree #281, logLikelihood: -901.819433
[00:00:10] [worker #2] Bootstrap tree #275, logLikelihood: -945.275594
[00:00:10] [worker #1] Bootstrap tree #282, logLikelihood: -893.993260
[00:00:10] [worker #3] Bootstrap tree #284, logLikelihood: -940.898419
[00:00:10] [worker #0] Bootstrap tree #285, logLikelihood: -880.433434
[00:00:10] [worker #1] Bootstrap tree #286, logLikelihood: -1014.659301
[00:00:10] [worker #2] Bootstrap tree #279, logLikelihood: -848.648557
[00:00:10] [worker #3] Bootstrap tree #288, logLikelihood: -954.487060
[00:00:10] [worker #1] Bootstrap tree #290, logLikelihood: -915.798187
[00:00:10] [worker #0] Bootstrap tree #289, logLikelihood: -984.534719
[00:00:10] [worker #2] Bootstrap tree #283, logLikelihood: -926.608014
[00:00:10] [worker #3] Bootstrap tree #292, logLikelihood: -945.369347
[00:00:10] [worker #0] Bootstrap tree #293, logLikelihood: -890.287892
[00:00:10] [worker #2] Bootstrap tree #287, logLikelihood: -970.349122
[00:00:10] [worker #1] Bootstrap tree #294, logLikelihood: -920.558560
[00:00:10] [worker #3] Bootstrap tree #296, logLikelihood: -1011.553795
[00:00:10] [worker #0] Bootstrap tree #297, logLikelihood: -919.434454
[00:00:10] [worker #2] Bootstrap tree #291, logLikelihood: -909.570916
[00:00:10] [worker #1] Bootstrap tree #298, logLikelihood: -908.339734
[00:00:10] [worker #3] Bootstrap tree #300, logLikelihood: -903.696074
[00:00:11] [worker #2] Bootstrap tree #295, logLikelihood: -937.800439
[00:00:11] [worker #2] Bootstrap tree #299, logLikelihood: -972.815230
[00:00:11] [worker #3] Bootstrap tree #304, logLikelihood: -974.986779
[00:00:11] [worker #2] Bootstrap tree #303, logLikelihood: -926.668731
[00:00:11] [worker #1] Bootstrap tree #302, logLikelihood: -857.819865
[00:00:11] [worker #0] Bootstrap tree #301, logLikelihood: -931.865791
[00:00:11] [worker #3] Bootstrap tree #308, logLikelihood: -925.670981
[00:00:11] [worker #1] Bootstrap tree #306, logLikelihood: -999.519974
[00:00:11] [worker #2] Bootstrap tree #307, logLikelihood: -870.281473
[00:00:11] [worker #0] Bootstrap tree #305, logLikelihood: -984.075782
[00:00:11] [worker #2] Bootstrap tree #311, logLikelihood: -923.255108
[00:00:11] [worker #1] Bootstrap tree #310, logLikelihood: -913.183370
[00:00:11] [worker #0] Bootstrap tree #309, logLikelihood: -965.968128
[00:00:11] [worker #3] Bootstrap tree #312, logLikelihood: -968.418752
[00:00:11] [worker #1] Bootstrap tree #314, logLikelihood: -904.846294
[00:00:11] [worker #3] Bootstrap tree #316, logLikelihood: -966.786106
[00:00:11] [worker #2] Bootstrap tree #315, logLikelihood: -948.759198
[00:00:11] [worker #0] Bootstrap tree #313, logLikelihood: -947.667937
[00:00:11] [worker #3] Bootstrap tree #320, logLikelihood: -964.255229
[00:00:11] [worker #1] Bootstrap tree #318, logLikelihood: -930.018119
[00:00:11] [worker #2] Bootstrap tree #319, logLikelihood: -890.395004
[00:00:11] [worker #0] Bootstrap tree #317, logLikelihood: -940.981492
[00:00:11] [worker #3] Bootstrap tree #324, logLikelihood: -959.555852
[00:00:11] [worker #1] Bootstrap tree #322, logLikelihood: -902.073060
[00:00:12] [worker #2] Bootstrap tree #323, logLikelihood: -897.704072
[00:00:12] [worker #3] Bootstrap tree #328, logLikelihood: -870.203972
[00:00:12] [worker #0] Bootstrap tree #321, logLikelihood: -909.348387
[00:00:12] [worker #1] Bootstrap tree #326, logLikelihood: -958.661227
[00:00:12] [worker #2] Bootstrap tree #327, logLikelihood: -1004.111309
[00:00:12] [worker #3] Bootstrap tree #332, logLikelihood: -926.342592
[00:00:12] [worker #0] Bootstrap tree #325, logLikelihood: -967.362406
[00:00:12] [worker #1] Bootstrap tree #330, logLikelihood: -879.112110
[00:00:12] [worker #2] Bootstrap tree #331, logLikelihood: -914.853296
[00:00:12] [worker #3] Bootstrap tree #336, logLikelihood: -923.875635
[00:00:12] [worker #2] Bootstrap tree #335, logLikelihood: -918.203263
[00:00:12] [worker #1] Bootstrap tree #334, logLikelihood: -895.606311
[00:00:12] [worker #3] Bootstrap tree #340, logLikelihood: -933.410737
[00:00:12] [worker #0] Bootstrap tree #329, logLikelihood: -994.013135
[00:00:12] [worker #2] Bootstrap tree #339, logLikelihood: -954.929662
[00:00:12] [worker #1] Bootstrap tree #338, logLikelihood: -964.182329
[00:00:12] [worker #3] Bootstrap tree #344, logLikelihood: -944.273107
[00:00:12] [worker #0] Bootstrap tree #333, logLikelihood: -908.168039
[00:00:12] [worker #2] Bootstrap tree #343, logLikelihood: -966.059506
[00:00:12] [worker #3] Bootstrap tree #348, logLikelihood: -940.051744
[00:00:12] [worker #0] Bootstrap tree #337, logLikelihood: -987.462306
[00:00:12] [worker #1] Bootstrap tree #342, logLikelihood: -850.582651
[00:00:12] [worker #2] Bootstrap tree #347, logLikelihood: -909.219627
[00:00:12] [worker #0] Bootstrap tree #341, logLikelihood: -1000.125912
[00:00:12] [worker #1] Bootstrap tree #346, logLikelihood: -915.473034
[00:00:12] [worker #1] Bootstrap tree #350, logLikelihood: -862.420054
[00:00:12] [worker #0] Bootstrap tree #345, logLikelihood: -964.769715
[00:00:13] [worker #0] Bootstrap tree #349, logLikelihood: -860.064887
[00:00:13] [worker #2] Bootstrap tree #351, logLikelihood: -872.376742
[00:00:13] [worker #3] Bootstrap tree #352, logLikelihood: -936.331192
[00:00:13] [worker #0] Bootstrap tree #353, logLikelihood: -954.349755
[00:00:13] [worker #1] Bootstrap tree #354, logLikelihood: -1018.256963
[00:00:13] [worker #3] Bootstrap tree #356, logLikelihood: -948.870393
[00:00:13] [worker #2] Bootstrap tree #355, logLikelihood: -965.368037
[00:00:13] [worker #0] Bootstrap tree #357, logLikelihood: -972.931974
[00:00:13] [worker #1] Bootstrap tree #358, logLikelihood: -939.769431
[00:00:13] [worker #3] Bootstrap tree #360, logLikelihood: -909.936506
[00:00:13] [worker #2] Bootstrap tree #359, logLikelihood: -1026.463640
[00:00:13] [worker #0] Bootstrap tree #361, logLikelihood: -896.356096
[00:00:13] [worker #1] Bootstrap tree #362, logLikelihood: -920.996455
[00:00:13] [worker #3] Bootstrap tree #364, logLikelihood: -956.574575
[00:00:13] [worker #2] Bootstrap tree #363, logLikelihood: -877.242534
[00:00:13] [worker #1] Bootstrap tree #366, logLikelihood: -983.517986
[00:00:13] [worker #0] Bootstrap tree #365, logLikelihood: -837.008307
[00:00:13] [worker #3] Bootstrap tree #368, logLikelihood: -889.175882
[00:00:13] [worker #2] Bootstrap tree #367, logLikelihood: -897.833688
[00:00:13] [worker #1] Bootstrap tree #370, logLikelihood: -930.622238
[00:00:13] [worker #3] Bootstrap tree #372, logLikelihood: -975.734335
[00:00:13] [worker #2] Bootstrap tree #371, logLikelihood: -960.004949
[00:00:13] [worker #0] Bootstrap tree #369, logLikelihood: -889.744386
[00:00:13] [worker #1] Bootstrap tree #374, logLikelihood: -895.372924
[00:00:13] [worker #3] Bootstrap tree #376, logLikelihood: -925.521728
[00:00:13] [worker #2] Bootstrap tree #375, logLikelihood: -867.507363
[00:00:13] [worker #1] Bootstrap tree #378, logLikelihood: -979.606783
[00:00:14] [worker #2] Bootstrap tree #379, logLikelihood: -968.699214
[00:00:14] [worker #3] Bootstrap tree #380, logLikelihood: -925.288622
[00:00:14] [worker #0] Bootstrap tree #373, logLikelihood: -930.828937
[00:00:14] [worker #1] Bootstrap tree #382, logLikelihood: -953.811528
[00:00:14] [worker #2] Bootstrap tree #383, logLikelihood: -919.277653
[00:00:14] [worker #1] Bootstrap tree #386, logLikelihood: -943.354365
[00:00:14] [worker #3] Bootstrap tree #384, logLikelihood: -903.988145
[00:00:14] [worker #0] Bootstrap tree #377, logLikelihood: -956.278075
[00:00:14] [worker #2] Bootstrap tree #387, logLikelihood: -982.302087
[00:00:14] [worker #3] Bootstrap tree #388, logLikelihood: -894.257378
[00:00:14] [worker #1] Bootstrap tree #390, logLikelihood: -1029.581879
[00:00:14] [worker #0] Bootstrap tree #381, logLikelihood: -938.913535
[00:00:14] [worker #2] Bootstrap tree #391, logLikelihood: -908.599293
[00:00:14] [worker #1] Bootstrap tree #394, logLikelihood: -977.570183
[00:00:14] [worker #3] Bootstrap tree #392, logLikelihood: -957.837686
[00:00:14] [worker #0] Bootstrap tree #385, logLikelihood: -998.530290
[00:00:14] [worker #2] Bootstrap tree #395, logLikelihood: -946.705354
[00:00:14] [worker #3] Bootstrap tree #396, logLikelihood: -819.942055
[00:00:14] [worker #1] Bootstrap tree #398, logLikelihood: -861.087480
[00:00:14] [worker #2] Bootstrap tree #399, logLikelihood: -941.489763
[00:00:14] [worker #3] Bootstrap tree #400, logLikelihood: -972.797009
[00:00:14] [worker #0] Bootstrap tree #389, logLikelihood: -928.473187
[00:00:14] [worker #0] Bootstrap tree #393, logLikelihood: -971.964034
[00:00:14] [worker #0] Bootstrap tree #397, logLikelihood: -955.424568
[00:00:15] [worker #0] Bootstrap tree #401, logLikelihood: -969.431799
[00:00:15] [worker #2] Bootstrap tree #403, logLikelihood: -867.983375
[00:00:15] [worker #1] Bootstrap tree #402, logLikelihood: -927.316256
[00:00:15] [worker #3] Bootstrap tree #404, logLikelihood: -973.859974
[00:00:15] [worker #1] Bootstrap tree #406, logLikelihood: -943.082651
[00:00:15] [worker #2] Bootstrap tree #407, logLikelihood: -983.360249
[00:00:15] [worker #0] Bootstrap tree #405, logLikelihood: -932.029112
[00:00:15] [worker #3] Bootstrap tree #408, logLikelihood: -875.118426
[00:00:15] [worker #1] Bootstrap tree #410, logLikelihood: -945.113132
[00:00:15] [worker #2] Bootstrap tree #411, logLikelihood: -975.727919
[00:00:15] [worker #3] Bootstrap tree #412, logLikelihood: -939.813363
[00:00:15] [worker #1] Bootstrap tree #414, logLikelihood: -970.685016
[00:00:15] [worker #0] Bootstrap tree #409, logLikelihood: -944.461696
[00:00:15] [worker #2] Bootstrap tree #415, logLikelihood: -983.717571
[00:00:15] [worker #3] Bootstrap tree #416, logLikelihood: -931.178296
[00:00:15] [worker #2] Bootstrap tree #419, logLikelihood: -948.289196
[00:00:15] [worker #1] Bootstrap tree #418, logLikelihood: -897.736715
[00:00:15] [worker #0] Bootstrap tree #413, logLikelihood: -948.509813
[00:00:15] [worker #3] Bootstrap tree #420, logLikelihood: -969.948249
[00:00:15] [worker #0] Bootstrap tree #417, logLikelihood: -888.505668
[00:00:15] [worker #2] Bootstrap tree #423, logLikelihood: -895.261640
[00:00:15] [worker #1] Bootstrap tree #422, logLikelihood: -953.336461
[00:00:15] [worker #3] Bootstrap tree #424, logLikelihood: -949.151051
[00:00:15] [worker #0] Bootstrap tree #421, logLikelihood: -961.577893
[00:00:16] [worker #2] Bootstrap tree #427, logLikelihood: -908.756261
[00:00:16] [worker #3] Bootstrap tree #428, logLikelihood: -908.113785
[00:00:16] [worker #1] Bootstrap tree #426, logLikelihood: -991.487262
[00:00:16] [worker #0] Bootstrap tree #425, logLikelihood: -965.482059
[00:00:16] [worker #2] Bootstrap tree #431, logLikelihood: -942.464102
[00:00:16] [worker #3] Bootstrap tree #432, logLikelihood: -952.048497
[00:00:16] [worker #1] Bootstrap tree #430, logLikelihood: -932.563926
[00:00:16] [worker #2] Bootstrap tree #435, logLikelihood: -992.477396
[00:00:16] [worker #1] Bootstrap tree #434, logLikelihood: -912.075853
[00:00:16] [worker #3] Bootstrap tree #436, logLikelihood: -942.891014
[00:00:16] [worker #2] Bootstrap tree #439, logLikelihood: -916.123431
[00:00:16] [worker #0] Bootstrap tree #429, logLikelihood: -955.537366
[00:00:16] [worker #1] Bootstrap tree #438, logLikelihood: -912.181215
[00:00:16] [worker #3] Bootstrap tree #440, logLikelihood: -909.662887
[00:00:16] [worker #2] Bootstrap tree #443, logLikelihood: -832.052245
[00:00:16] [worker #0] Bootstrap tree #433, logLikelihood: -965.500976
[00:00:16] [worker #1] Bootstrap tree #442, logLikelihood: -935.310749
[00:00:16] [worker #3] Bootstrap tree #444, logLikelihood: -902.518636
[00:00:16] [worker #2] Bootstrap tree #447, logLikelihood: -912.429685
[00:00:16] [worker #1] Bootstrap tree #446, logLikelihood: -879.206911
[00:00:16] [worker #0] Bootstrap tree #437, logLikelihood: -979.713595
[00:00:16] [worker #3] Bootstrap tree #448, logLikelihood: -983.636551
[00:00:16] [worker #1] Bootstrap tree #450, logLikelihood: -939.514946
[00:00:16] [worker #0] Bootstrap tree #441, logLikelihood: -860.319312
[00:00:16] [worker #0] Bootstrap tree #445, logLikelihood: -887.172020
[00:00:17] [worker #0] Bootstrap tree #449, logLikelihood: -879.030082
[00:00:17] [worker #2] Bootstrap tree #451, logLikelihood: -892.675030
[00:00:17] [worker #1] Bootstrap tree #454, logLikelihood: -917.242008
[00:00:17] [worker #3] Bootstrap tree #452, logLikelihood: -957.736406
[00:00:17] [worker #0] Bootstrap tree #453, logLikelihood: -873.598510
[00:00:17] [worker #1] Bootstrap tree #458, logLikelihood: -982.930824
[00:00:17] [worker #3] Bootstrap tree #456, logLikelihood: -953.150211
[00:00:17] [worker #2] Bootstrap tree #455, logLikelihood: -979.146152
[00:00:17] [worker #0] Bootstrap tree #457, logLikelihood: -970.855146
[00:00:17] [worker #1] Bootstrap tree #462, logLikelihood: -922.722688
[00:00:17] [worker #2] Bootstrap tree #459, logLikelihood: -954.514802
[00:00:17] [worker #3] Bootstrap tree #460, logLikelihood: -897.897474
[00:00:17] [worker #0] Bootstrap tree #461, logLikelihood: -958.251266
[00:00:17] [worker #2] Bootstrap tree #463, logLikelihood: -954.189899
[00:00:17] [worker #1] Bootstrap tree #466, logLikelihood: -875.068084
[00:00:17] [worker #0] Bootstrap tree #465, logLikelihood: [-902.4593850
00:17] [worker #3] Bootstrap tree #464, logLikelihood: -857.223796
[00:00:17] [worker #2] Bootstrap tree #467, logLikelihood: -914.100960
[00:00:17] [worker #1] Bootstrap tree #470, logLikelihood: -936.485802
[00:00:17] [worker #3] Bootstrap tree #468, logLikelihood: -927.067482
[00:00:17] [worker #0] Bootstrap tree #469, logLikelihood: -920.928740
[00:00:17] [worker #2] Bootstrap tree #471, logLikelihood: -900.156399
[00:00:17] [worker #1] Bootstrap tree #474, logLikelihood: -975.216305
[00:00:17] [worker #3] Bootstrap tree #472, logLikelihood: -985.765691
[00:00:18] [worker #0] Bootstrap tree #473, logLikelihood: -920.659508
[00:00:18] [worker #1] Bootstrap tree #478, logLikelihood: -920.403390
[00:00:18] [worker #2] Bootstrap tree #475, logLikelihood: -933.899632
[00:00:18] [worker #0] Bootstrap tree #477, logLikelihood: -896.189800
[00:00:18] [worker #1] Bootstrap tree #482, logLikelihood: -915.801580
[00:00:18] [worker #3] Bootstrap tree #476, logLikelihood: -984.048528
[00:00:18] [worker #2] Bootstrap tree #479, logLikelihood: -868.692608
[00:00:18] [worker #1] Bootstrap tree #486, logLikelihood: -910.935300
[00:00:18] [worker #2] Bootstrap tree #483, logLikelihood: -952.315289
[00:00:18] [worker #3] Bootstrap tree #480, logLikelihood: -955.043678
[00:00:18] [worker #0] Bootstrap tree #481, logLikelihood: -933.754357
[00:00:18] [worker #1] Bootstrap tree #490, logLikelihood: -884.187087
[00:00:18] [worker #3] Bootstrap tree #484, logLikelihood: -923.223018
[00:00:18] [worker #0] Bootstrap tree #485, logLikelihood: -902.068853
[00:00:18] [worker #2] Bootstrap tree #487, logLikelihood: -945.175691
[00:00:18] [worker #1] Bootstrap tree #494, logLikelihood: -941.909528
[00:00:18] [worker #2] Bootstrap tree #491, logLikelihood: -964.343297
[00:00:18] [worker #0] Bootstrap tree #489, logLikelihood: -943.808662
[00:00:18] [worker #3] Bootstrap tree #488, logLikelihood: -843.664089
[00:00:18] [worker #1] Bootstrap tree #498, logLikelihood: -916.092332
[00:00:18] [worker #2] Bootstrap tree #495, logLikelihood: -924.704968
[00:00:18] [worker #0] Bootstrap tree #493, logLikelihood: -948.023035
[00:00:18] [worker #3] Bootstrap tree #492, logLikelihood: -900.415394
[00:00:18] [worker #2] Bootstrap tree #499, logLikelihood: -957.611710
[00:00:18] [worker #0] Bootstrap tree #497, logLikelihood: -940.394151
[00:00:18] [worker #3] Bootstrap tree #496, logLikelihood: -1000.166711
[00:00:18] [worker #3] Bootstrap tree #500, logLikelihood: -926.559398
[00:00:19] [worker #2] Bootstrap tree #503, logLikelihood: -957.339068
[00:00:19] [worker #1] Bootstrap tree #502, logLikelihood: -891.023034
[00:00:19] [worker #3] Bootstrap tree #504, logLikelihood: -840.284591
[00:00:19] [worker #0] Bootstrap tree #501, logLikelihood: -961.235564
[00:00:19] [worker #1] Bootstrap tree #506, logLikelihood: -931.450737
[00:00:19] [worker #3] Bootstrap tree #508, logLikelihood: -952.150849
[00:00:19] [worker #2] Bootstrap tree #507, logLikelihood: -900.495520
[00:00:19] [worker #0] Bootstrap tree #505, logLikelihood: -913.525465
[00:00:19] [worker #1] Bootstrap tree #510, logLikelihood: -960.754697
[00:00:19] [worker #3] Bootstrap tree #512, logLikelihood: -949.067852
[00:00:19] [worker #2] Bootstrap tree #511, logLikelihood: -901.260169
[00:00:19] [worker #1] Bootstrap tree #514, logLikelihood: -915.000541
[00:00:19] [worker #0] Bootstrap tree #509, logLikelihood: -1004.700599
[00:00:19] [worker #3] Bootstrap tree #516, logLikelihood: -913.377836
[00:00:19] [worker #2] Bootstrap tree #515, logLikelihood: -1006.330408
[00:00:19] [worker #1] Bootstrap tree #518, logLikelihood: -877.816139
[00:00:19] [worker #0] Bootstrap tree #513, logLikelihood: -807.045411
[00:00:19] [worker #3] Bootstrap tree #520, logLikelihood: -932.690987
[00:00:19] [worker #1] Bootstrap tree #522, logLikelihood: -948.815661
[00:00:19] [worker #2] Bootstrap tree #519, logLikelihood: -941.232799
[00:00:19] [worker #3] Bootstrap tree #524, logLikelihood: -851.500787
[00:00:19] [worker #0] Bootstrap tree #517, logLikelihood: -971.849734
[00:00:19] [worker #1] Bootstrap tree #526, logLikelihood: -969.565440
[00:00:19] [worker #2] Bootstrap tree #523, logLikelihood: -934.047739
[00:00:19] [worker #0] Bootstrap tree #521, logLikelihood: -899.716984
[00:00:19] [worker #3] Bootstrap tree #528, logLikelihood: -878.881135
[00:00:19] [worker #1] Bootstrap tree #530, logLikelihood: -916.896917
[00:00:19] [worker #2] Bootstrap tree #527, logLikelihood: -946.461506
[00:00:19] [worker #0] Bootstrap tree #525, logLikelihood: -904.758769
[00:00:19] [worker #2] Bootstrap tree #531, logLikelihood: -931.288481
[00:00:20] [worker #3] Bootstrap tree #532, logLikelihood: -887.224663
[00:00:20] [worker #1] Bootstrap tree #534, logLikelihood: -932.096184
[00:00:20] [worker #0] Bootstrap tree #529, logLikelihood: -934.130585
[00:00:20] [worker #3] Bootstrap tree #536, logLikelihood: -939.480036
[00:00:20] [worker #2] Bootstrap tree #535, logLikelihood: -944.596809
[00:00:20] [worker #1] Bootstrap tree #538, logLikelihood: -924.736930
[00:00:20] [worker #3] Bootstrap tree #540, logLikelihood: -961.300679
[00:00:20] [worker #2] Bootstrap tree #539, logLikelihood: -937.789914
[00:00:20] [worker #1] Bootstrap tree #542, logLikelihood: -879.067087
[00:00:20] [worker #0] Bootstrap tree #533, logLikelihood: -920.769589
[00:00:20] [worker #2] Bootstrap tree #543, logLikelihood: -907.861037
[00:00:20] [worker #3] Bootstrap tree #544, logLikelihood: -889.223072
[00:00:20] [worker #1] Bootstrap tree #546, logLikelihood: -966.724374
[00:00:20] [worker #0] Bootstrap tree #537, logLikelihood: -915.080870
[00:00:20] [worker #2] Bootstrap tree #547, logLikelihood: -967.853411
[00:00:20] [worker #1] Bootstrap tree #550, logLikelihood: -955.777448
[00:00:20] [worker #3] Bootstrap tree #548, logLikelihood: -966.425198
[00:00:20] [worker #0] Bootstrap tree #541, logLikelihood: -943.246328
[00:00:20] [worker #0] Bootstrap tree #545, logLikelihood: -1021.453005
[00:00:20] [worker #0] Bootstrap tree #549, logLikelihood: -978.684681
[00:00:21] [worker #0] Bootstrap tree #553, logLikelihood: -951.503827
[00:00:21] [worker #3] Bootstrap tree #552, logLikelihood: -957.453779
[00:00:21] [worker #1] Bootstrap tree #554, logLikelihood: -957.995081
[00:00:21] [worker #2] Bootstrap tree #551, logLikelihood: -959.352399
[00:00:21] [worker #2] Bootstrap tree #555, logLikelihood: -905.131932
[00:00:21] [worker #3] Bootstrap tree #556, logLikelihood: -904.277089
[00:00:21] [worker #0] Bootstrap tree #557, logLikelihood: -990.607904
[00:00:21] [worker #1] Bootstrap tree #558, logLikelihood: -890.970967
[00:00:21] [worker #1] Bootstrap tree #562, logLikelihood: -914.998843
[00:00:21] [worker #3] Bootstrap tree #560, logLikelihood: -961.960495
[00:00:21] [worker #2] Bootstrap tree #559, logLikelihood: -1007.641774
[00:00:21] [worker #0] Bootstrap tree #561, logLikelihood: -913.259535
[00:00:21] [worker #1] Bootstrap tree #566, logLikelihood: -942.365154
[00:00:21] [worker #3] Bootstrap tree #564, logLikelihood: -995.556283
[00:00:21] [worker #0] Bootstrap tree #565, logLikelihood: -1006.324837
[00:00:21] [worker #2] Bootstrap tree #563, logLikelihood: -968.886542
[00:00:21] [worker #1] Bootstrap tree #570, logLikelihood: -954.219147
[00:00:21] [worker #3] Bootstrap tree #568, logLikelihood: -942.892000
[00:00:21] [worker #2] Bootstrap tree #567, logLikelihood: -910.177084
[00:00:21] [worker #0] Bootstrap tree #569, logLikelihood: -941.332686
[00:00:21] [worker #1] Bootstrap tree #574, logLikelihood: -909.990232
[00:00:21] [worker #3] Bootstrap tree #572, logLikelihood: -905.373211
[00:00:21] [worker #1] Bootstrap tree #578, logLikelihood: -917.286493
[00:00:21] [worker #0] Bootstrap tree #573, logLikelihood: -958.654475
[00:00:21] [worker #3] Bootstrap tree #576, logLikelihood: -874.005691
[00:00:21] [worker #2] Bootstrap tree #571, logLikelihood: -890.901009
[00:00:22] [worker #3] Bootstrap tree #580, logLikelihood: -953.503212
[00:00:22] [worker #1] Bootstrap tree #582, logLikelihood: -897.235987
[00:00:22] [worker #0] Bootstrap tree #577, logLikelihood: -965.616462
[00:00:22] [worker #2] Bootstrap tree #575, logLikelihood: -903.549517
[00:00:22] [worker #3] Bootstrap tree #584, logLikelihood: -1040.294022
[00:00:22] [worker #1] Bootstrap tree #586, logLikelihood: -1025.330965
[00:00:22] [worker #2] Bootstrap tree #579, logLikelihood: -915.380617
[00:00:22] [worker #0] Bootstrap tree #581, logLikelihood: -891.192955
[00:00:22] [worker #1] Bootstrap tree #590, logLikelihood: -894.695366
[00:00:22] [worker #3] Bootstrap tree #588, logLikelihood: -924.468567
[00:00:22] [worker #2] Bootstrap tree #583, logLikelihood: -909.052803
[00:00:22] [worker #1] Bootstrap tree #594, logLikelihood: -887.038899
[00:00:22] [worker #0] Bootstrap tree #585, logLikelihood: -971.438025
[00:00:22] [worker #3] Bootstrap tree #592, logLikelihood: -912.487671
[00:00:22] [worker #1] Bootstrap tree #598, logLikelihood: -966.235231
[00:00:22] [worker #2] Bootstrap tree #587, logLikelihood: -893.547343
[00:00:22] [worker #0] Bootstrap tree #589, logLikelihood: -927.603692
[00:00:22] [worker #3] Bootstrap tree #596, logLikelihood: -896.792152
[00:00:22] [worker #2] Bootstrap tree #591, logLikelihood: -972.219582
[00:00:22] [worker #0] Bootstrap tree #593, logLikelihood: -977.867735
[00:00:22] [worker #3] Bootstrap tree #600, logLikelihood: -981.634378
[00:00:22] [worker #2] Bootstrap tree #595, logLikelihood: -985.285328
[00:00:22] [worker #0] Bootstrap tree #597, logLikelihood: -888.307208
[00:00:22] [worker #2] Bootstrap tree #599, logLikelihood: -878.040226
[00:00:23] [worker #3] Bootstrap tree #604, logLikelihood: -920.130028
[00:00:23] [worker #2] Bootstrap tree #603, logLikelihood: -884.162133
[00:00:23] [worker #0] Bootstrap tree #601, logLikelihood: -892.329987
[00:00:23] [worker #1] Bootstrap tree #602, logLikelihood: -957.469454
[00:00:23] [worker #2] Bootstrap tree #607, logLikelihood: -904.155789
[00:00:23] [worker #3] Bootstrap tree #608, logLikelihood: -852.516700
[00:00:23] [worker #0] Bootstrap tree #605, logLikelihood: -982.989071
[00:00:23] [worker #2] Bootstrap tree #611, logLikelihood: -941.308563
[00:00:23] [worker #1] Bootstrap tree #606, logLikelihood: -843.188064
[00:00:23] [worker #3] Bootstrap tree #612, logLikelihood: -905.323724
[00:00:23] [worker #1] Bootstrap tree #610, logLikelihood: -990.921151
[00:00:23] [worker #2] Bootstrap tree #615, logLikelihood: -927.049076
[00:00:23] [worker #0] Bootstrap tree #609, logLikelihood: -1040.310952
[00:00:23] [worker #3] Bootstrap tree #616, logLikelihood: -895.205742
[00:00:23] [worker #2] Bootstrap tree #619, logLikelihood: -949.692906
[00:00:23] [worker #1] Bootstrap tree #614, logLikelihood: -904.287978
[00:00:23] [worker #0] Bootstrap tree #613, logLikelihood: -951.955080
[00:00:23] [worker #3] Bootstrap tree #620, logLikelihood: -963.405960
[00:00:23] [worker #2] Bootstrap tree #623, logLikelihood: -974.586510
[00:00:23] [worker #1] Bootstrap tree #618, logLikelihood: -881.284357
[00:00:23] [worker #3] Bootstrap tree #624, logLikelihood: -981.656626
[00:00:23] [worker #2] Bootstrap tree #627, logLikelihood: -1026.457683
[00:00:23] [worker #0] Bootstrap tree #617, logLikelihood: -962.915078
[00:00:23] [worker #1] Bootstrap tree #622, logLikelihood: -834.426284
[00:00:23] [worker #3] Bootstrap tree #628, logLikelihood: -950.811308
[00:00:23] [worker #2] Bootstrap tree #631, logLikelihood: -939.261529
[00:00:23] [worker #0] Bootstrap tree #621, logLikelihood: -912.221873
[00:00:24] [worker #3] Bootstrap tree #632, logLikelihood: -937.934837
[00:00:24] [worker #1] Bootstrap tree #626, logLikelihood: -922.236149
[00:00:24] [worker #2] Bootstrap tree #635, logLikelihood: -958.008124
[00:00:24] [worker #3] Bootstrap tree #636, logLikelihood: -914.318805
[00:00:24] [worker #1] Bootstrap tree #630, logLikelihood: -951.734778
[00:00:24] [worker #2] Bootstrap tree #639, logLikelihood: -919.396125
[00:00:24] [worker #0] Bootstrap tree #625, logLikelihood: -981.033540
[00:00:24] [worker #1] Bootstrap tree #634, logLikelihood: -889.776612
[00:00:24] [worker #2] Bootstrap tree #643, logLikelihood: -913.026937
[00:00:24] [worker #3] Bootstrap tree #640, logLikelihood: -906.902901
[00:00:24] [worker #0] Bootstrap tree #629, logLikelihood: -897.686798
[00:00:24] [worker #3] Bootstrap tree #644, logLikelihood: -918.939664
[00:00:24] [worker #1] Bootstrap tree #638, logLikelihood: -947.883237
[00:00:24] [worker #2] Bootstrap tree #647, logLikelihood: -951.285405
[00:00:24] [worker #3] Bootstrap tree #648, logLikelihood: -881.627078
[00:00:24] [worker #0] Bootstrap tree #633, logLikelihood: -859.984148
[00:00:24] [worker #1] Bootstrap tree #642, logLikelihood: -943.958243
[00:00:24] [worker #0] Bootstrap tree #637, logLikelihood: -959.291632
[00:00:24] [worker #1] Bootstrap tree #646, logLikelihood: -979.367803
[00:00:24] [worker #0] Bootstrap tree #641, logLikelihood: -972.237783
[00:00:24] [worker #1] Bootstrap tree #650, logLikelihood: -983.929282
[00:00:24] [worker #0] Bootstrap tree #645, logLikelihood: -932.414223
[00:00:24] [worker #0] Bootstrap tree #649, logLikelihood: -912.667943
[00:00:25] Bootstrapping converged after 650 replicates.

Optimized model parameters:

   Partition 0: noname
   Rate heterogeneity: GAMMA (4 cats, mean),  alpha: 1.104092 (ML),  weights&rates: (0.250000,0.157243) (0.250000,0.505949) (0.250000,1.015313) (0.250000,2.321495) 
   Base frequencies (ML): 0.214985 0.268561 0.211089 0.305365 
   Substitution rates (ML): 1.906874 1.509285 0.477617 1.687700 1.496757 1.000000 


Final LogLikelihood: -950.846312

AIC score: 1949.692624 / AICc score: 1963.025957 / BIC score: 2015.570995
Free parameters (model + branch lengths): 24

Best ML tree saved to: /Users/bhe2/Documents/work/current/C037-Cand-auris-adhesin/02-case-studies/09-natural-selection/input/gene-tree/B8441-Hil-PF11765-split/B8441-OG-Hil-PF11765-581-695.raxml.bestTree
All ML trees saved to: /Users/bhe2/Documents/work/current/C037-Cand-auris-adhesin/02-case-studies/09-natural-selection/input/gene-tree/B8441-Hil-PF11765-split/B8441-OG-Hil-PF11765-581-695.raxml.mlTrees
Best ML tree with Felsenstein bootstrap (FBP) support values saved to: /Users/bhe2/Documents/work/current/C037-Cand-auris-adhesin/02-case-studies/09-natural-selection/input/gene-tree/B8441-Hil-PF11765-split/B8441-OG-Hil-PF11765-581-695.raxml.support
Optimized model saved to: /Users/bhe2/Documents/work/current/C037-Cand-auris-adhesin/02-case-studies/09-natural-selection/input/gene-tree/B8441-Hil-PF11765-split/B8441-OG-Hil-PF11765-581-695.raxml.bestModel
Bootstrap trees saved to: /Users/bhe2/Documents/work/current/C037-Cand-auris-adhesin/02-case-studies/09-natural-selection/input/gene-tree/B8441-Hil-PF11765-split/B8441-OG-Hil-PF11765-581-695.raxml.bootstraps

Execution log saved to: /Users/bhe2/Documents/work/current/C037-Cand-auris-adhesin/02-case-studies/09-natural-selection/input/gene-tree/B8441-Hil-PF11765-split/B8441-OG-Hil-PF11765-581-695.raxml.log

Analysis started: 02-Jul-2022 22:24:39 / finished: 02-Jul-2022 22:25:04

Elapsed time: 25.142 seconds

