
RAxML-NG v. 1.1.0 released on 29.11.2021 by The Exelixis Lab.
Developed by: Alexey M. Kozlov and Alexandros Stamatakis.
Contributors: Diego Darriba, Tomas Flouri, Benoit Morel, Sarah Lutteropp, Ben Bettisworth.
Latest version: https://github.com/amkozlov/raxml-ng
Questions/problems/suggestions? Please visit: https://groups.google.com/forum/#!forum/raxml

System: Apple M1, 8 cores, 16 GB RAM

RAxML-NG was called at 29-Jul-2022 21:26:27 as follows:

raxml-ng --all --msa input/homologs/B8441-OG-Hil-PF11765-697-981.nuc --model GTR+G --seed 123 --threads 5 --bs-trees autoMRE --outgroup OG --prefix input/gene-tree/B8441-Hil-PF11765-split/B8441-OG-Hil-PF11765-697-981

Analysis options:
  run mode: ML tree search + bootstrapping (Felsenstein Bootstrap)
  start tree(s): random (10) + parsimony (10)
  bootstrap replicates: max: 1000 + bootstopping (autoMRE, cutoff: 0.030000)
  outgroup taxa: OG
  random seed: 123
  tip-inner: OFF
  pattern compression: ON
  per-rate scalers: OFF
  site repeats: ON
  branch lengths: proportional (ML estimate, algorithm: NR-FAST)
  SIMD kernels: SSE3
  parallelization: coarse-grained (auto), PTHREADS (5 threads), thread pinning: OFF

[00:00:00] Reading alignment from file: input/homologs/B8441-OG-Hil-PF11765-697-981.nuc
[00:00:00] Loaded alignment with 9 taxa and 285 sites

Alignment comprises 1 partitions and 223 patterns

Partition 0: noname
Model: GTR+FO+G4m
Alignment sites / patterns: 285 / 223
Gaps: 1.87 %
Invariant sites: 19.30 %


NOTE: Binary MSA file created: input/gene-tree/B8441-Hil-PF11765-split/B8441-OG-Hil-PF11765-697-981.raxml.rba

Parallelization scheme autoconfig: 5 worker(s) x 1 thread(s)

Parallel reduction/worker buffer size: 1 KB  / 0 KB

[00:00:00] Generating 10 random starting tree(s) with 9 taxa
[00:00:00] Generating 10 parsimony starting tree(s) with 9 taxa
[00:00:00] Data distribution: max. partitions/sites/weight per thread: 1 / 223 / 3568
[00:00:00] Data distribution: max. searches per worker: 204

Starting ML tree search with 20 distinct starting trees

[00:00:00] [worker #2] ML tree search #3, logLikelihood: -2520.024787
[00:00:00] [worker #0] ML tree search #1, logLikelihood: -2520.020788
[00:00:00] [worker #3] ML tree search #4, logLikelihood: -2520.022753
[00:00:00] [worker #1] ML tree search #2, logLikelihood: -2520.003601
[00:00:00] [worker #4] ML tree search #5, logLikelihood: -2520.016511
[00:00:00] [worker #2] ML tree search #8, logLikelihood: -2520.008465
[00:00:00] [worker #0] ML tree search #6, logLikelihood: -2520.016119
[00:00:00] [worker #1] ML tree search #7, logLikelihood: -2520.026128
[00:00:00] [worker #3] ML tree search #9, logLikelihood: -2520.028859
[00:00:00] [worker #4] ML tree search #10, logLikelihood: -2520.031317
[00:00:00] [worker #0] ML tree search #11, logLikelihood: -2519.999970
[00:00:00] [worker #1] ML tree search #12, logLikelihood: -2520.002861
[00:00:00] [worker #3] ML tree search #14, logLikelihood: -2519.999999
[00:00:00] [worker #2] ML tree search #13, logLikelihood: -2520.001179
[00:00:00] [worker #4] ML tree search #15, logLikelihood: -2520.000836
[00:00:01] [worker #1] ML tree search #17, logLikelihood: -2520.004330
[00:00:01] [worker #2] ML tree search #18, logLikelihood: -2519.999988
[00:00:01] [worker #3] ML tree search #19, logLikelihood: -2520.002148
[00:00:01] [worker #0] ML tree search #16, logLikelihood: -2520.002156
[00:00:01] [worker #4] ML tree search #20, logLikelihood: -2520.002633

[00:00:01] ML tree search completed, best tree logLH: -2519.999970

[00:00:01] Starting bootstrapping analysis with 1000 replicates.

[00:00:01] [worker #1] Bootstrap tree #2, logLikelihood: -2426.185487
[00:00:01] [worker #3] Bootstrap tree #4, logLikelihood: -2582.250166
[00:00:01] [worker #2] Bootstrap tree #3, logLikelihood: -2537.610332
[00:00:01] [worker #0] Bootstrap tree #1, logLikelihood: -2518.825542
[00:00:01] [worker #4] Bootstrap tree #5, logLikelihood: -2436.505234
[00:00:01] [worker #1] Bootstrap tree #7, logLikelihood: -2463.974667
[00:00:01] [worker #3] Bootstrap tree #9, logLikelihood: -2439.118153
[00:00:01] [worker #2] Bootstrap tree #8, logLikelihood: -2524.558037
[00:00:01] [worker #0] Bootstrap tree #6, logLikelihood: -2544.678424
[00:00:01] [worker #1] Bootstrap tree #12, logLikelihood: -2403.377480
[00:00:01] [worker #4] Bootstrap tree #10, logLikelihood: -2614.217856
[00:00:01] [worker #0] Bootstrap tree #11, logLikelihood: -2375.310466
[00:00:01] [worker #3] Bootstrap tree #14, logLikelihood: -2570.689931
[00:00:01] [worker #1] Bootstrap tree #17, logLikelihood: -2544.231753
[00:00:01] [worker #2] Bootstrap tree #13, logLikelihood: -2411.953239
[00:00:01] [worker #4] Bootstrap tree #15, logLikelihood: -2450.354999
[00:00:01] [worker #0] Bootstrap tree #16, logLikelihood: -2416.391797
[00:00:01] [worker #3] Bootstrap tree #19, logLikelihood: -2531.035339
[00:00:02] [worker #1] Bootstrap tree #22, logLikelihood: -2557.932321
[00:00:02] [worker #4] Bootstrap tree #20, logLikelihood: -2482.002300
[00:00:02] [worker #2] Bootstrap tree #18, logLikelihood: -2510.808018
[00:00:02] [worker #0] Bootstrap tree #21, logLikelihood: -2474.488758
[00:00:02] [worker #1] Bootstrap tree #27, logLikelihood: -2351.703123
[00:00:02] [worker #3] Bootstrap tree #24, logLikelihood: -2416.326459
[00:00:02] [worker #2] Bootstrap tree #23, logLikelihood: -2412.620230
[00:00:02] [worker #4] Bootstrap tree #25, logLikelihood: -2511.123565
[00:00:02] [worker #0] Bootstrap tree #26, logLikelihood: -2563.104736
[00:00:02] [worker #3] Bootstrap tree #29, logLikelihood: -2538.618848
[00:00:02] [worker #1] Bootstrap tree #32, logLikelihood: -2600.478225
[00:00:02] [worker #2] Bootstrap tree #28, logLikelihood: -2521.893295
[00:00:02] [worker #3] Bootstrap tree #34, logLikelihood: -2633.086898
[00:00:02] [worker #4] Bootstrap tree #30, logLikelihood: -2497.638910
[00:00:02] [worker #0] Bootstrap tree #31, logLikelihood: -2558.463697
[00:00:02] [worker #2] Bootstrap tree #33, logLikelihood: -2458.233783
[00:00:02] [worker #1] Bootstrap tree #37, logLikelihood: -2472.193786
[00:00:02] [worker #3] Bootstrap tree #39, logLikelihood: -2501.676077
[00:00:02] [worker #4] Bootstrap tree #35, logLikelihood: -2455.608765
[00:00:02] [worker #0] Bootstrap tree #36, logLikelihood: -2571.896125
[00:00:02] [worker #2] Bootstrap tree #38, logLikelihood: -2617.774034
[00:00:02] [worker #1] Bootstrap tree #42, logLikelihood: -2576.838640
[00:00:02] [worker #4] Bootstrap tree #40, logLikelihood: -2526.587913
[00:00:02] [worker #3] Bootstrap tree #44, logLikelihood: -2405.869716
[00:00:02] [worker #2] Bootstrap tree #43, logLikelihood: -2466.468673
[00:00:02] [worker #1] Bootstrap tree #47, logLikelihood: -2551.535854
[00:00:02] [worker #0] Bootstrap tree #41, logLikelihood: -2482.472417
[00:00:02] [worker #3] Bootstrap tree #49, logLikelihood: -2581.606613
[00:00:02] [worker #4] Bootstrap tree #45, logLikelihood: -2596.949495
[00:00:03] [worker #2] Bootstrap tree #48, logLikelihood: -2545.554871
[00:00:03] [worker #4] Bootstrap tree #50, logLikelihood: -2547.809987
[00:00:03] [worker #0] Bootstrap tree #46, logLikelihood: -2431.823406
[00:00:03] [worker #3] Bootstrap tree #54, logLikelihood: -2604.792593
[00:00:03] [worker #0] Bootstrap tree #51, logLikelihood: -2446.294266
[00:00:03] [worker #4] Bootstrap tree #55, logLikelihood: -2459.755575
[00:00:03] [worker #2] Bootstrap tree #53, logLikelihood: -2407.319858
[00:00:03] [worker #1] Bootstrap tree #52, logLikelihood: -2455.337489
[00:00:03] [worker #2] Bootstrap tree #58, logLikelihood: -2501.749102
[00:00:03] [worker #3] Bootstrap tree #59, logLikelihood: -2583.364655
[00:00:03] [worker #4] Bootstrap tree #60, logLikelihood: -2432.623103
[00:00:03] [worker #0] Bootstrap tree #56, logLikelihood: -2514.727417
[00:00:03] [worker #1] Bootstrap tree #57, logLikelihood: -2498.265220
[00:00:03] [worker #2] Bootstrap tree #63, logLikelihood: -2488.662334
[00:00:03] [worker #3] Bootstrap tree #64, logLikelihood: -2486.266667
[00:00:03] [worker #4] Bootstrap tree #65, logLikelihood: -2507.225601
[00:00:03] [worker #1] Bootstrap tree #62, logLikelihood: -2446.129966
[00:00:03] [worker #0] Bootstrap tree #61, logLikelihood: -2373.841533
[00:00:03] [worker #4] Bootstrap tree #70, logLikelihood: -2443.556742
[00:00:03] [worker #2] Bootstrap tree #68, logLikelihood: -2523.753374
[00:00:03] [worker #3] Bootstrap tree #69, logLikelihood: -2391.025520
[00:00:03] [worker #1] Bootstrap tree #67, logLikelihood: -2573.928499
[00:00:03] [worker #4] Bootstrap tree #75, logLikelihood: -2585.080152
[00:00:03] [worker #0] Bootstrap tree #66, logLikelihood: -2520.439743
[00:00:03] [worker #3] Bootstrap tree #74, logLikelihood: -2510.308803
[00:00:03] [worker #2] Bootstrap tree #73, logLikelihood: -2572.313686
[00:00:04] [worker #1] Bootstrap tree #72, logLikelihood: -2454.381276
[00:00:04] [worker #0] Bootstrap tree #71, logLikelihood: -2558.053757
[00:00:04] [worker #4] Bootstrap tree #80, logLikelihood: -2472.907127
[00:00:04] [worker #2] Bootstrap tree #78, logLikelihood: -2569.777956
[00:00:04] [worker #3] Bootstrap tree #79, logLikelihood: -2485.790388
[00:00:04] [worker #0] Bootstrap tree #76, logLikelihood: -2411.057239
[00:00:04] [worker #4] Bootstrap tree #85, logLikelihood: -2630.663776
[00:00:04] [worker #1] Bootstrap tree #77, logLikelihood: -2445.292243
[00:00:04] [worker #2] Bootstrap tree #83, logLikelihood: -2526.470131
[00:00:04] [worker #0] Bootstrap tree #81, logLikelihood: -2504.719917
[00:00:04] [worker #4] Bootstrap tree #90, logLikelihood: -2453.284502
[00:00:04] [worker #3] Bootstrap tree #84, logLikelihood: -2537.491377
[00:00:04] [worker #1] Bootstrap tree #82, logLikelihood: -2529.420859
[00:00:04] [worker #0] Bootstrap tree #86, logLikelihood: -2589.821894
[00:00:04] [worker #2] Bootstrap tree #88, logLikelihood: -2496.123570
[00:00:04] [worker #4] Bootstrap tree #95, logLikelihood: -2500.113893
[00:00:04] [worker #3] Bootstrap tree #89, logLikelihood: -2603.212374
[00:00:04] [worker #1] Bootstrap tree #87, logLikelihood: -2546.056858
[00:00:04] [worker #0] Bootstrap tree #91, logLikelihood: -2447.389266
[00:00:04] [worker #4] Bootstrap tree #100, logLikelihood: -2482.218056
[00:00:04] [worker #2] Bootstrap tree #93, logLikelihood: -2483.924328
[00:00:04] [worker #1] Bootstrap tree #92, logLikelihood: -2481.173842
[00:00:04] [worker #3] Bootstrap tree #94, logLikelihood: -2566.522635
[00:00:04] [worker #0] Bootstrap tree #96, logLikelihood: -2523.320058
[00:00:05] [worker #1] Bootstrap tree #97, logLikelihood: -2569.429759
[00:00:05] [worker #2] Bootstrap tree #98, logLikelihood: -2457.395327
[00:00:05] [worker #3] Bootstrap tree #99, logLikelihood: -2417.744984
[00:00:05] [worker #2] Bootstrap tree #103, logLikelihood: -2479.556326
[00:00:05] [worker #0] Bootstrap tree #101, logLikelihood: -2504.210750
[00:00:05] [worker #4] Bootstrap tree #105, logLikelihood: -2379.284410
[00:00:05] [worker #1] Bootstrap tree #102, logLikelihood: -2443.436484
[00:00:05] [worker #3] Bootstrap tree #104, logLikelihood: -2527.271108
[00:00:05] [worker #0] Bootstrap tree #106, logLikelihood: -2527.046975
[00:00:05] [worker #2] Bootstrap tree #108, logLikelihood: -2523.795426
[00:00:05] [worker #1] Bootstrap tree #107, logLikelihood: -2576.409284
[00:00:05] [worker #4] Bootstrap tree #110, logLikelihood: -2481.828997
[00:00:05] [worker #3] Bootstrap tree #109, logLikelihood: -2627.951547
[00:00:05] [worker #0] Bootstrap tree #111, logLikelihood: -2460.751455
[00:00:05] [worker #2] Bootstrap tree #113, logLikelihood: -2479.948870
[00:00:05] [worker #3] Bootstrap tree #114, logLikelihood: -2580.142284
[00:00:05] [worker #4] Bootstrap tree #115, logLikelihood: -2574.039376
[00:00:05] [worker #1] Bootstrap tree #112, logLikelihood: -2578.766881
[00:00:05] [worker #0] Bootstrap tree #116, logLikelihood: -2617.296640
[00:00:05] [worker #2] Bootstrap tree #118, logLikelihood: -2489.202024
[00:00:05] [worker #3] Bootstrap tree #119, logLikelihood: -2599.408298
[00:00:05] [worker #0] Bootstrap tree #121, logLikelihood: -2436.649319
[00:00:05] [worker #4] Bootstrap tree #120, logLikelihood: -2397.085658
[00:00:05] [worker #1] Bootstrap tree #117, logLikelihood: -2612.409048
[00:00:06] [worker #2] Bootstrap tree #123, logLikelihood: -2464.821883
[00:00:06] [worker #0] Bootstrap tree #126, logLikelihood: -2393.874828
[00:00:06] [worker #1] Bootstrap tree #122, logLikelihood: -2438.928275
[00:00:06] [worker #3] Bootstrap tree #124, logLikelihood: -2445.918331
[00:00:06] [worker #4] Bootstrap tree #125, logLikelihood: -2422.141696
[00:00:06] [worker #2] Bootstrap tree #128, logLikelihood: -2487.673628
[00:00:06] [worker #0] Bootstrap tree #131, logLikelihood: -2524.730756
[00:00:06] [worker #4] Bootstrap tree #130, logLikelihood: -2552.282334
[00:00:06] [worker #1] Bootstrap tree #127, logLikelihood: -2549.013169
[00:00:06] [worker #3] Bootstrap tree #129, logLikelihood: -2481.483571
[00:00:06] [worker #4] Bootstrap tree #135, logLikelihood: -2505.240282
[00:00:06] [worker #0] Bootstrap tree #136, logLikelihood: -2620.709525
[00:00:06] [worker #1] Bootstrap tree #132, logLikelihood: -2512.202839
[00:00:06] [worker #2] Bootstrap tree #133, logLikelihood: -2570.003294
[00:00:06] [worker #3] Bootstrap tree #134, logLikelihood: -2454.426854
[00:00:06] [worker #4] Bootstrap tree #140, logLikelihood: -2587.622476
[00:00:06] [worker #2] Bootstrap tree #138, logLikelihood: -2547.295415
[00:00:06] [worker #4] Bootstrap tree #145, logLikelihood: -2553.760300
[00:00:06] [worker #3] Bootstrap tree #139, logLikelihood: -2611.511074
[00:00:06] [worker #0] Bootstrap tree #141, logLikelihood: -2494.721900
[00:00:06] [worker #1] Bootstrap tree #137, logLikelihood: -2591.744066
[00:00:06] [worker #2] Bootstrap tree #143, logLikelihood: -2496.163681
[00:00:06] [worker #0] Bootstrap tree #146, logLikelihood: -2537.857594
[00:00:06] [worker #4] Bootstrap tree #150, logLikelihood: -2439.731059
[00:00:06] [worker #3] Bootstrap tree #144, logLikelihood: -2405.188812
[00:00:07] [worker #1] Bootstrap tree #142, logLikelihood: -2558.992082
[00:00:07] [worker #2] Bootstrap tree #148, logLikelihood: -2542.266108
[00:00:07] [worker #3] Bootstrap tree #149, logLikelihood: -2589.562194
[00:00:07] [worker #1] Bootstrap tree #147, logLikelihood: -2592.376724
[00:00:07] [worker #2] Bootstrap tree #153, logLikelihood: -2391.355978
[00:00:07] [worker #0] Bootstrap tree #151, logLikelihood: -2661.878626
[00:00:07] [worker #1] Bootstrap tree #152, logLikelihood: -2450.742442
[00:00:07] [worker #4] Bootstrap tree #155, logLikelihood: -2540.087091
[00:00:07] [worker #3] Bootstrap tree #154, logLikelihood: -2646.147318
[00:00:07] [worker #4] Bootstrap tree #160, logLikelihood: -2547.552825
[00:00:07] [worker #1] Bootstrap tree #157, logLikelihood: -2553.554883
[00:00:07] [worker #3] Bootstrap tree #159, logLikelihood: -2564.242201
[00:00:07] [worker #0] Bootstrap tree #156, logLikelihood: -2517.261541
[00:00:07] [worker #2] Bootstrap tree #158, logLikelihood: -2592.113545
[00:00:07] [worker #1] Bootstrap tree #162, logLikelihood: -2469.709173
[00:00:07] [worker #4] Bootstrap tree #165, logLikelihood: -2587.787781
[00:00:07] [worker #2] Bootstrap tree #163, logLikelihood: -2606.609976
[00:00:07] [worker #3] Bootstrap tree #164, logLikelihood: -2574.736262
[00:00:07] [worker #1] Bootstrap tree #167, logLikelihood: -2555.763418
[00:00:07] [worker #0] Bootstrap tree #161, logLikelihood: -2533.132607
[00:00:07] [worker #2] Bootstrap tree #168, logLikelihood: -2588.438931
[00:00:07] [worker #4] Bootstrap tree #170, logLikelihood: -2502.805093
[00:00:07] [worker #1] Bootstrap tree #172, logLikelihood: -2481.351850
[00:00:07] [worker #3] Bootstrap tree #169, logLikelihood: -2510.983404
[00:00:08] [worker #2] Bootstrap tree #173, logLikelihood: -2491.295481
[00:00:08] [worker #0] Bootstrap tree #166, logLikelihood: -2451.465224
[00:00:08] [worker #4] Bootstrap tree #175, logLikelihood: -2457.317163
[00:00:08] [worker #3] Bootstrap tree #174, logLikelihood: -2594.343832
[00:00:08] [worker #1] Bootstrap tree #177, logLikelihood: -2573.753929
[00:00:08] [worker #4] Bootstrap tree #180, logLikelihood: -2464.356330
[00:00:08] [worker #0] Bootstrap tree #171, logLikelihood: -2686.136123
[00:00:08] [worker #3] Bootstrap tree #179, logLikelihood: -2375.332585
[00:00:08] [worker #2] Bootstrap tree #178, logLikelihood: -2469.908649
[00:00:08] [worker #1] Bootstrap tree #182, logLikelihood: -2459.491596
[00:00:08] [worker #4] Bootstrap tree #185, logLikelihood: -2475.639377
[00:00:08] [worker #3] Bootstrap tree #184, logLikelihood: -2509.528615
[00:00:08] [worker #0] Bootstrap tree #176, logLikelihood: -2427.993894
[00:00:08] [worker #2] Bootstrap tree #183, logLikelihood: -2525.707720
[00:00:08] [worker #1] Bootstrap tree #187, logLikelihood: -2476.438549
[00:00:08] [worker #4] Bootstrap tree #190, logLikelihood: -2549.496960
[00:00:08] [worker #0] Bootstrap tree #181, logLikelihood: -2568.775864
[00:00:08] [worker #3] Bootstrap tree #189, logLikelihood: -2507.138569
[00:00:08] [worker #2] Bootstrap tree #188, logLikelihood: -2398.508597
[00:00:08] [worker #1] Bootstrap tree #192, logLikelihood: -2601.084985
[00:00:08] [worker #4] Bootstrap tree #195, logLikelihood: -2432.971704
[00:00:08] [worker #0] Bootstrap tree #186, logLikelihood: -2370.640663
[00:00:08] [worker #3] Bootstrap tree #194, logLikelihood: -2569.352229
[00:00:08] [worker #2] Bootstrap tree #193, logLikelihood: -2485.361816
[00:00:08] [worker #1] Bootstrap tree #197, logLikelihood: -2522.109504
[00:00:08] [worker #4] Bootstrap tree #200, logLikelihood: -2537.343452
[00:00:08] [worker #3] Bootstrap tree #199, logLikelihood: -2500.388580
[00:00:09] [worker #0] Bootstrap tree #191, logLikelihood: -2453.602988
[00:00:09] [worker #2] Bootstrap tree #198, logLikelihood: -2526.134773
[00:00:09] [worker #0] Bootstrap tree #196, logLikelihood: -2529.167620
[00:00:09] [worker #1] Bootstrap tree #202, logLikelihood: -2563.807128
[00:00:09] [worker #2] Bootstrap tree #203, logLikelihood: -2571.257782
[00:00:09] [worker #0] Bootstrap tree #201, logLikelihood: -2504.725929
[00:00:09] [worker #3] Bootstrap tree #204, logLikelihood: -2529.038091
[00:00:09] [worker #4] Bootstrap tree #205, logLikelihood: -2439.616423
[00:00:09] [worker #1] Bootstrap tree #207, logLikelihood: -2561.078687
[00:00:09] [worker #2] Bootstrap tree #208, logLikelihood: -2494.742794
[00:00:09] [worker #0] Bootstrap tree #206, logLikelihood: -2486.422896
[00:00:09] [worker #4] Bootstrap tree #210, logLikelihood: -2449.211630
[00:00:09] [worker #3] Bootstrap tree #209, logLikelihood: -2394.383590
[00:00:09] [worker #2] Bootstrap tree #213, logLikelihood: -2426.909253
[00:00:09] [worker #1] Bootstrap tree #212, logLikelihood: -2454.117281
[00:00:09] [worker #0] Bootstrap tree #211, logLikelihood: -2579.959991
[00:00:09] [worker #3] Bootstrap tree #214, logLikelihood: -2536.834373
[00:00:09] [worker #4] Bootstrap tree #215, logLikelihood: -2401.762456
[00:00:09] [worker #2] Bootstrap tree #218, logLikelihood: -2538.531471
[00:00:09] [worker #1] Bootstrap tree #217, logLikelihood: -2626.093263
[00:00:09] [worker #0] Bootstrap tree #216, logLikelihood: -2555.135144
[00:00:10] [worker #3] Bootstrap tree #219, logLikelihood: -2476.402429
[00:00:10] [worker #4] Bootstrap tree #220, logLikelihood: -2560.691403
[00:00:10] [worker #2] Bootstrap tree #223, logLikelihood: -2444.161277
[00:00:10] [worker #1] Bootstrap tree #222, logLikelihood: -2483.585610
[00:00:10] [worker #4] Bootstrap tree #225, logLikelihood: -2465.579169
[00:00:10] [worker #3] Bootstrap tree #224, logLikelihood: -2536.003402
[00:00:10] [worker #0] Bootstrap tree #221, logLikelihood: -2542.672124
[00:00:10] [worker #1] Bootstrap tree #227, logLikelihood: -2445.194262
[00:00:10] [worker #2] Bootstrap tree #228, logLikelihood: -2452.473439
[00:00:10] [worker #3] Bootstrap tree #229, logLikelihood: -2467.532884
[00:00:10] [worker #4] Bootstrap tree #230, logLikelihood: -2485.948136
[00:00:10] [worker #1] Bootstrap tree #232, logLikelihood: -2520.525050
[00:00:10] [worker #2] Bootstrap tree #233, logLikelihood: -2474.774437
[00:00:10] [worker #0] Bootstrap tree #226, logLikelihood: -2515.846391
[00:00:10] [worker #3] Bootstrap tree #234, logLikelihood: -2492.030987
[00:00:10] [worker #1] Bootstrap tree #237, logLikelihood: -2473.093597
[00:00:10] [worker #4] Bootstrap tree #235, logLikelihood: -2437.055051
[00:00:10] [worker #0] Bootstrap tree #231, logLikelihood: -2535.781294
[00:00:10] [worker #2] Bootstrap tree #238, logLikelihood: -2527.745342
[00:00:10] [worker #3] Bootstrap tree #239, logLikelihood: -2509.170066
[00:00:10] [worker #1] Bootstrap tree #242, logLikelihood: -2435.677640
[00:00:10] [worker #4] Bootstrap tree #240, logLikelihood: -2471.722522
[00:00:10] [worker #0] Bootstrap tree #236, logLikelihood: -2413.630518
[00:00:10] [worker #2] Bootstrap tree #243, logLikelihood: -2540.257242
[00:00:10] [worker #3] Bootstrap tree #244, logLikelihood: -2571.397627
[00:00:11] [worker #4] Bootstrap tree #245, logLikelihood: -2591.146282
[00:00:11] [worker #1] Bootstrap tree #247, logLikelihood: -2421.809248
[00:00:11] [worker #0] Bootstrap tree #241, logLikelihood: -2487.562055
[00:00:11] [worker #2] Bootstrap tree #248, logLikelihood: -2570.625470
[00:00:11] [worker #0] Bootstrap tree #246, logLikelihood: -2510.074249
[00:00:11] [worker #4] Bootstrap tree #250, logLikelihood: -2501.224015
[00:00:11] [worker #3] Bootstrap tree #249, logLikelihood: -2519.421868
[00:00:11] [worker #4] Bootstrap tree #255, logLikelihood: -2413.654766
[00:00:11] [worker #1] Bootstrap tree #252, logLikelihood: -2501.236968
[00:00:11] [worker #2] Bootstrap tree #253, logLikelihood: -2490.577637
[00:00:11] [worker #0] Bootstrap tree #251, logLikelihood: -2555.522996
[00:00:11] [worker #3] Bootstrap tree #254, logLikelihood: -2465.550970
[00:00:11] [worker #2] Bootstrap tree #258, logLikelihood: -2557.489117
[00:00:11] [worker #4] Bootstrap tree #260, logLikelihood: -2487.665840
[00:00:11] [worker #1] Bootstrap tree #257, logLikelihood: -2492.029540
[00:00:11] [worker #3] Bootstrap tree #259, logLikelihood: -2505.782521
[00:00:11] [worker #0] Bootstrap tree #256, logLikelihood: -2455.640422
[00:00:11] [worker #2] Bootstrap tree #263, logLikelihood: -2481.505130
[00:00:11] [worker #1] Bootstrap tree #262, logLikelihood: -2529.129553
[00:00:11] [worker #4] Bootstrap tree #265, logLikelihood: -2555.002014
[00:00:11] [worker #0] Bootstrap tree #261, logLikelihood: -2471.837703
[00:00:11] [worker #3] Bootstrap tree #264, logLikelihood: -2496.326760
[00:00:12] [worker #2] Bootstrap tree #268, logLikelihood: -2529.734367
[00:00:12] [worker #1] Bootstrap tree #267, logLikelihood: -2475.402955
[00:00:12] [worker #4] Bootstrap tree #270, logLikelihood: -2425.485488
[00:00:12] [worker #0] Bootstrap tree #266, logLikelihood: -2333.329512
[00:00:12] [worker #3] Bootstrap tree #269, logLikelihood: -2551.862268
[00:00:12] [worker #1] Bootstrap tree #272, logLikelihood: -2566.613450
[00:00:12] [worker #2] Bootstrap tree #273, logLikelihood: -2420.210566
[00:00:12] [worker #4] Bootstrap tree #275, logLikelihood: -2535.034452
[00:00:12] [worker #0] Bootstrap tree #271, logLikelihood: -2389.107464
[00:00:12] [worker #3] Bootstrap tree #274, logLikelihood: -2509.374556
[00:00:12] [worker #2] Bootstrap tree #278, logLikelihood: -2611.805870
[00:00:12] [worker #1] Bootstrap tree #277, logLikelihood: -2493.231355
[00:00:12] [worker #3] Bootstrap tree #279, logLikelihood: -2460.509184
[00:00:12] [worker #4] Bootstrap tree #280, logLikelihood: -2526.160126
[00:00:12] [worker #0] Bootstrap tree #276, logLikelihood: -2495.223023
[00:00:12] [worker #2] Bootstrap tree #283, logLikelihood: -2594.370896
[00:00:12] [worker #4] Bootstrap tree #285, logLikelihood: -2529.200713
[00:00:12] [worker #3] Bootstrap tree #284, logLikelihood: -2576.088141
[00:00:12] [worker #0] Bootstrap tree #281, logLikelihood: -2524.921143
[00:00:12] [worker #1] Bootstrap tree #282, logLikelihood: -2506.170448
[00:00:12] [worker #2] Bootstrap tree #288, logLikelihood: -2475.470772
[00:00:12] [worker #1] Bootstrap tree #287, logLikelihood: -2474.260290
[00:00:12] [worker #4] Bootstrap tree #290, logLikelihood: -2475.948162
[00:00:12] [worker #3] Bootstrap tree #289, logLikelihood: -2555.245454
[00:00:12] [worker #0] Bootstrap tree #286, logLikelihood: -2498.120599
[00:00:12] [worker #2] Bootstrap tree #293, logLikelihood: -2389.649315
[00:00:12] [worker #4] Bootstrap tree #295, logLikelihood: -2566.086184
[00:00:13] [worker #3] Bootstrap tree #294, logLikelihood: -2697.449579
[00:00:13] [worker #1] Bootstrap tree #292, logLikelihood: -2517.628198
[00:00:13] [worker #0] Bootstrap tree #291, logLikelihood: -2425.880337
[00:00:13] [worker #4] Bootstrap tree #300, logLikelihood: -2506.038690
[00:00:13] [worker #2] Bootstrap tree #298, logLikelihood: -2600.820635
[00:00:13] [worker #1] Bootstrap tree #297, logLikelihood: -2487.475086
[00:00:13] [worker #3] Bootstrap tree #299, logLikelihood: -2485.589910
[00:00:13] [worker #0] Bootstrap tree #296, logLikelihood: -2508.324257
[00:00:13] [worker #4] Bootstrap tree #305, logLikelihood: -2415.133749
[00:00:13] [worker #1] Bootstrap tree #302, logLikelihood: -2520.966289
[00:00:13] [worker #2] Bootstrap tree #303, logLikelihood: -2579.952364
[00:00:13] [worker #0] Bootstrap tree #301, logLikelihood: -2523.362668
[00:00:13] [worker #3] Bootstrap tree #304, logLikelihood: -2494.586828
[00:00:13] [worker #1] Bootstrap tree #307, logLikelihood: -2499.851493
[00:00:13] [worker #2] Bootstrap tree #308, logLikelihood: -2411.363015
[00:00:13] [worker #4] Bootstrap tree #310, logLikelihood: -2571.617990
[00:00:13] [worker #0] Bootstrap tree #306, logLikelihood: -2519.420204
[00:00:13] [worker #3] Bootstrap tree #309, logLikelihood: -2485.086640
[00:00:13] [worker #1] Bootstrap tree #312, logLikelihood: -2521.594939
[00:00:13] [worker #2] Bootstrap tree #313, logLikelihood: -2508.115886
[00:00:13] [worker #4] Bootstrap tree #315, logLikelihood: -2565.499569
[00:00:14] [worker #0] Bootstrap tree #311, logLikelihood: -2316.014122
[00:00:14] [worker #1] Bootstrap tree #317, logLikelihood: -2327.961712
[00:00:14] [worker #3] Bootstrap tree #314, logLikelihood: -2592.508017
[00:00:14] [worker #4] Bootstrap tree #320, logLikelihood: -2457.331372
[00:00:14] [worker #2] Bootstrap tree #318, logLikelihood: -2437.517871
[00:00:14] [worker #0] Bootstrap tree #316, logLikelihood: -2445.061183
[00:00:14] [worker #1] Bootstrap tree #322, logLikelihood: -2349.555351
[00:00:14] [worker #3] Bootstrap tree #319, logLikelihood: -2522.507641
[00:00:14] [worker #4] Bootstrap tree #325, logLikelihood: -2544.918606
[00:00:14] [worker #2] Bootstrap tree #323, logLikelihood: -2505.641494
[00:00:14] [worker #1] Bootstrap tree #327, logLikelihood: -2494.904386
[00:00:14] [worker #3] Bootstrap tree #324, logLikelihood: -2570.484908
[00:00:14] [worker #0] Bootstrap tree #321, logLikelihood: -2372.153342
[00:00:14] [worker #4] Bootstrap tree #330, logLikelihood: -2525.392757
[00:00:14] [worker #2] Bootstrap tree #328, logLikelihood: -2456.437267
[00:00:14] [worker #1] Bootstrap tree #332, logLikelihood: -2450.261848
[00:00:14] [worker #3] Bootstrap tree #329, logLikelihood: -2464.822374
[00:00:14] [worker #4] Bootstrap tree #335, logLikelihood: -2429.062059
[00:00:14] [worker #2] Bootstrap tree #333, logLikelihood: -2582.772036
[00:00:14] [worker #1] Bootstrap tree #337, logLikelihood: -2572.948378
[00:00:14] [worker #0] Bootstrap tree #326, logLikelihood: -2504.840636
[00:00:14] [worker #3] Bootstrap tree #334, logLikelihood: -2517.454774
[00:00:14] [worker #4] Bootstrap tree #340, logLikelihood: -2363.301243
[00:00:14] [worker #2] Bootstrap tree #338, logLikelihood: -2422.566292
[00:00:14] [worker #0] Bootstrap tree #331, logLikelihood: -2584.744640
[00:00:15] [worker #1] Bootstrap tree #342, logLikelihood: -2417.037060
[00:00:15] [worker #3] Bootstrap tree #339, logLikelihood: -2458.281235
[00:00:15] [worker #2] Bootstrap tree #343, logLikelihood: -2588.254470
[00:00:15] [worker #4] Bootstrap tree #345, logLikelihood: -2523.686634
[00:00:15] [worker #1] Bootstrap tree #347, logLikelihood: -2498.583401
[00:00:15] [worker #0] Bootstrap tree #336, logLikelihood: -2457.061392
[00:00:15] [worker #3] Bootstrap tree #344, logLikelihood: -2514.871092
[00:00:15] [worker #4] Bootstrap tree #350, logLikelihood: -2457.598276
[00:00:15] [worker #2] Bootstrap tree #348, logLikelihood: -2546.421680
[00:00:15] [worker #3] Bootstrap tree #349, logLikelihood: -2321.384105
[00:00:15] [worker #0] Bootstrap tree #341, logLikelihood: -2408.654879
[00:00:15] [worker #0] Bootstrap tree #346, logLikelihood: -2538.610227
[00:00:16] [worker #1] Bootstrap tree #352, logLikelihood: -2486.827958
[00:00:16] [worker #2] Bootstrap tree #353, logLikelihood: -2471.632868
[00:00:16] [worker #4] Bootstrap tree #355, logLikelihood: -2455.027574
[00:00:16] [worker #3] Bootstrap tree #354, logLikelihood: -2533.099667
[00:00:16] [worker #0] Bootstrap tree #351, logLikelihood: -2546.128707
[00:00:16] [worker #1] Bootstrap tree #357, logLikelihood: -2574.017775
[00:00:16] [worker #0] Bootstrap tree #356, logLikelihood: -2488.458957
[00:00:16] [worker #3] Bootstrap tree #359, logLikelihood: -2540.248520
[00:00:16] [worker #2] Bootstrap tree #358, logLikelihood: -2589.877451
[00:00:16] [worker #4] Bootstrap tree #360, logLikelihood: -2503.316352
[00:00:16] [worker #1] Bootstrap tree #362, logLikelihood: -2541.442139
[00:00:16] [worker #4] Bootstrap tree #365, logLikelihood: -2391.765685
[00:00:16] [worker #3] Bootstrap tree #364, logLikelihood: -2567.410583
[00:00:16] [worker #2] Bootstrap tree #363, logLikelihood: -2428.573305
[00:00:16] [worker #0] Bootstrap tree #361, logLikelihood: -2582.920885
[00:00:16] [worker #1] Bootstrap tree #367, logLikelihood: -2496.840893
[00:00:16] [worker #4] Bootstrap tree #370, logLikelihood: -2470.768244
[00:00:16] [worker #3] Bootstrap tree #369, logLikelihood: -2538.780391
[00:00:16] [worker #2] Bootstrap tree #368, logLikelihood: -2514.262286
[00:00:16] [worker #0] Bootstrap tree #366, logLikelihood: -2468.015798
[00:00:16] [worker #1] Bootstrap tree #372, logLikelihood: -2453.132129
[00:00:16] [worker #4] Bootstrap tree #375, logLikelihood: -2438.085093
[00:00:16] [worker #3] Bootstrap tree #374, logLikelihood: -2604.090953
[00:00:16] [worker #2] Bootstrap tree #373, logLikelihood: -2548.823642
[00:00:17] [worker #1] Bootstrap tree #377, logLikelihood: -2465.094006
[00:00:17] [worker #0] Bootstrap tree #371, logLikelihood: -2444.418959
[00:00:17] [worker #4] Bootstrap tree #380, logLikelihood: -2367.107966
[00:00:17] [worker #2] Bootstrap tree #378, logLikelihood: -2473.003796
[00:00:17] [worker #3] Bootstrap tree #379, logLikelihood: -2489.985925
[00:00:17] [worker #0] Bootstrap tree #376, logLikelihood: -2520.795678
[00:00:17] [worker #2] Bootstrap tree #383, logLikelihood: -2530.870405
[00:00:17] [worker #4] Bootstrap tree #385, logLikelihood: -2528.741458
[00:00:17] [worker #3] Bootstrap tree #384, logLikelihood: -2467.183344
[00:00:17] [worker #1] Bootstrap tree #382, logLikelihood: -2500.542035
[00:00:17] [worker #0] Bootstrap tree #381, logLikelihood: -2452.364779
[00:00:17] [worker #3] Bootstrap tree #389, logLikelihood: -2543.018867
[00:00:17] [worker #2] Bootstrap tree #388, logLikelihood: -2491.892142
[00:00:17] [worker #4] Bootstrap tree #390, logLikelihood: -2580.245814
[00:00:17] [worker #1] Bootstrap tree #387, logLikelihood: -2425.000334
[00:00:17] [worker #0] Bootstrap tree #386, logLikelihood: -2476.948500
[00:00:17] [worker #2] Bootstrap tree #393, logLikelihood: -2492.589588
[00:00:17] [worker #4] Bootstrap tree #395, logLikelihood: -2400.077755
[00:00:17] [worker #3] Bootstrap tree #394, logLikelihood: -2407.735458
[00:00:17] [worker #1] Bootstrap tree #392, logLikelihood: -2393.829079
[00:00:17] [worker #4] Bootstrap tree #400, logLikelihood: -2447.929423
[00:00:17] [worker #0] Bootstrap tree #391, logLikelihood: -2502.274389
[00:00:17] [worker #2] Bootstrap tree #398, logLikelihood: -2551.486156
[00:00:17] [worker #3] Bootstrap tree #399, logLikelihood: -2589.743293
[00:00:17] [worker #1] Bootstrap tree #397, logLikelihood: -2477.112557
[00:00:18] [worker #0] Bootstrap tree #396, logLikelihood: -2596.309135
[00:00:18] [worker #0] Bootstrap tree #401, logLikelihood: -2519.448246
[00:00:18] [worker #2] Bootstrap tree #403, logLikelihood: -2411.085543
[00:00:18] [worker #1] Bootstrap tree #402, logLikelihood: -2653.566921
[00:00:18] [worker #3] Bootstrap tree #404, logLikelihood: -2387.148576
[00:00:18] [worker #4] Bootstrap tree #405, logLikelihood: -2512.909085
[00:00:18] [worker #2] Bootstrap tree #408, logLikelihood: -2554.275141
[00:00:18] [worker #3] Bootstrap tree #409, logLikelihood: -2470.945530
[00:00:18] [worker #4] Bootstrap tree #410, logLikelihood: -2562.767849
[00:00:18] [worker #1] Bootstrap tree #407, logLikelihood: -2494.644621
[00:00:18] [worker #0] Bootstrap tree #406, logLikelihood: -2562.919198
[00:00:18] [worker #2] Bootstrap tree #413, logLikelihood: -2588.153644
[00:00:18] [worker #3] Bootstrap tree #414, logLikelihood: -2476.413738
[00:00:18] [worker #4] Bootstrap tree #415, logLikelihood: -2465.253461
[00:00:18] [worker #1] Bootstrap tree #412, logLikelihood: -2499.203502
[00:00:18] [worker #0] Bootstrap tree #411, logLikelihood: -2517.552409
[00:00:18] [worker #2] Bootstrap tree #418, logLikelihood: -2485.927195
[00:00:18] [worker #4] Bootstrap tree #420, logLikelihood: -2479.359606
[00:00:19] [worker #3] Bootstrap tree #419, logLikelihood: -2448.601325
[00:00:19] [worker #0] Bootstrap tree #416, logLikelihood: -2435.377104
[00:00:19] [worker #1] Bootstrap tree #417, logLikelihood: -2510.983213
[00:00:19] [worker #2] Bootstrap tree #423, logLikelihood: -2534.310204
[00:00:19] [worker #3] Bootstrap tree #424, logLikelihood: -2480.712707
[00:00:19] [worker #0] Bootstrap tree #421, logLikelihood: -2533.038606
[00:00:19] [worker #1] Bootstrap tree #422, logLikelihood: -2543.275324
[00:00:19] [worker #4] Bootstrap tree #425, logLikelihood: -2522.406984
[00:00:19] [worker #2] Bootstrap tree #428, logLikelihood: -2594.431390
[00:00:19] [worker #1] Bootstrap tree #427, logLikelihood: -2480.100732
[00:00:19] [worker #3] Bootstrap tree #429, logLikelihood: -2607.625915
[00:00:19] [worker #0] Bootstrap tree #426, logLikelihood: -2462.875827
[00:00:19] [worker #2] Bootstrap tree #433, logLikelihood: -2537.431666
[00:00:19] [worker #4] Bootstrap tree #430, logLikelihood: -2491.309380
[00:00:19] [worker #1] Bootstrap tree #432, logLikelihood: -2488.338756
[00:00:19] [worker #3] Bootstrap tree #434, logLikelihood: -2503.146145
[00:00:19] [worker #0] Bootstrap tree #431, logLikelihood: -2659.761704
[00:00:19] [worker #4] Bootstrap tree #435, logLikelihood: -2419.219281
[00:00:20] [worker #2] Bootstrap tree #438, logLikelihood: -2456.952818
[00:00:20] [worker #3] Bootstrap tree #439, logLikelihood: -2481.186628
[00:00:20] [worker #1] Bootstrap tree #437, logLikelihood: -2486.587907
[00:00:20] [worker #0] Bootstrap tree #436, logLikelihood: -2602.300766
[00:00:20] [worker #4] Bootstrap tree #440, logLikelihood: -2555.576267
[00:00:20] [worker #3] Bootstrap tree #444, logLikelihood: -2451.542844
[00:00:20] [worker #2] Bootstrap tree #443, logLikelihood: -2553.395240
[00:00:20] [worker #0] Bootstrap tree #441, logLikelihood: -2593.963876
[00:00:20] [worker #1] Bootstrap tree #442, logLikelihood: -2578.188634
[00:00:20] [worker #3] Bootstrap tree #449, logLikelihood: -2570.336652
[00:00:20] [worker #4] Bootstrap tree #445, logLikelihood: -2564.368773
[00:00:20] [worker #2] Bootstrap tree #448, logLikelihood: -2413.251107
[00:00:20] [worker #0] Bootstrap tree #446, logLikelihood: -2602.045059
[00:00:20] [worker #1] Bootstrap tree #447, logLikelihood: -2385.411330
[00:00:20] [worker #4] Bootstrap tree #450, logLikelihood: -2437.486121
[00:00:20] [worker #0] Bootstrap tree #451, logLikelihood: -2661.578084
[00:00:20] [worker #3] Bootstrap tree #454, logLikelihood: -2556.280599
[00:00:20] [worker #4] Bootstrap tree #455, logLikelihood: -2543.074971
[00:00:21] [worker #2] Bootstrap tree #453, logLikelihood: -2578.647889
[00:00:21] [worker #1] Bootstrap tree #452, logLikelihood: -2499.201832
[00:00:21] [worker #0] Bootstrap tree #456, logLikelihood: -2444.677193
[00:00:21] [worker #2] Bootstrap tree #458, logLikelihood: -2578.953122
[00:00:21] [worker #4] Bootstrap tree #460, logLikelihood: -2486.184878
[00:00:21] [worker #3] Bootstrap tree #459, logLikelihood: -2498.749571
[00:00:21] [worker #1] Bootstrap tree #457, logLikelihood: -2530.533113
[00:00:21] [worker #0] Bootstrap tree #461, logLikelihood: -2510.673902
[00:00:21] [worker #2] Bootstrap tree #463, logLikelihood: -2665.635008
[00:00:21] [worker #4] Bootstrap tree #465, logLikelihood: -2472.456689
[00:00:21] [worker #3] Bootstrap tree #464, logLikelihood: -2499.824808
[00:00:21] [worker #1] Bootstrap tree #462, logLikelihood: -2575.026800
[00:00:21] [worker #0] Bootstrap tree #466, logLikelihood: -2381.294792
[00:00:21] [worker #2] Bootstrap tree #468, logLikelihood: -2532.934700
[00:00:21] [worker #4] Bootstrap tree #470, logLikelihood: -2422.551020
[00:00:21] [worker #3] Bootstrap tree #469, logLikelihood: -2590.179743
[00:00:21] [worker #1] Bootstrap tree #467, logLikelihood: -2481.969852
[00:00:21] [worker #2] Bootstrap tree #473, logLikelihood: -2472.059547
[00:00:21] [worker #0] Bootstrap tree #471, logLikelihood: -2580.095696
[00:00:21] [worker #4] Bootstrap tree #475, logLikelihood: -2535.716236
[00:00:21] [worker #1] Bootstrap tree #472, logLikelihood: -2488.312707
[00:00:21] [worker #3] Bootstrap tree #474, logLikelihood: -2551.389409
[00:00:21] [worker #2] Bootstrap tree #478, logLikelihood: -2508.994506
[00:00:22] [worker #0] Bootstrap tree #476, logLikelihood: -2513.973179
[00:00:22] [worker #4] Bootstrap tree #480, logLikelihood: -2496.437961
[00:00:22] [worker #1] Bootstrap tree #477, logLikelihood: -2558.138117
[00:00:22] [worker #2] Bootstrap tree #483, logLikelihood: -2556.201979
[00:00:22] [worker #3] Bootstrap tree #479, logLikelihood: -2427.005551
[00:00:22] [worker #4] Bootstrap tree #485, logLikelihood: -2467.253983
[00:00:22] [worker #0] Bootstrap tree #481, logLikelihood: -2503.553816
[00:00:22] [worker #1] Bootstrap tree #482, logLikelihood: -2507.464804
[00:00:22] [worker #3] Bootstrap tree #484, logLikelihood: -2573.547436
[00:00:22] [worker #0] Bootstrap tree #486, logLikelihood: -2601.277328
[00:00:22] [worker #1] Bootstrap tree #487, logLikelihood: -2557.803678
[00:00:22] [worker #2] Bootstrap tree #488, logLikelihood: -2540.818287
[00:00:22] [worker #4] Bootstrap tree #490, logLikelihood: -2433.147575
[00:00:22] [worker #3] Bootstrap tree #489, logLikelihood: -2496.302754
[00:00:22] [worker #0] Bootstrap tree #491, logLikelihood: -2306.568264
[00:00:22] [worker #1] Bootstrap tree #492, logLikelihood: -2590.361260
[00:00:22] [worker #2] Bootstrap tree #493, logLikelihood: -2494.213103
[00:00:22] [worker #4] Bootstrap tree #495, logLikelihood: -2603.316203
[00:00:22] [worker #4] Bootstrap tree #500, logLikelihood: -2505.765384
[00:00:22] [worker #3] Bootstrap tree #494, logLikelihood: -2569.477180
[00:00:22] [worker #1] Bootstrap tree #497, logLikelihood: -2485.251988
[00:00:22] [worker #0] Bootstrap tree #496, logLikelihood: -2376.149193
[00:00:22] [worker #2] Bootstrap tree #498, logLikelihood: -2615.948150
[00:00:23] [worker #3] Bootstrap tree #499, logLikelihood: -2405.962423
[00:00:23] [worker #2] Bootstrap tree #503, logLikelihood: -2488.632732
[00:00:23] [worker #1] Bootstrap tree #502, logLikelihood: -2505.729850
[00:00:23] [worker #3] Bootstrap tree #504, logLikelihood: -2525.247836
[00:00:23] [worker #4] Bootstrap tree #505, logLikelihood: -2488.684450
[00:00:23] [worker #0] Bootstrap tree #501, logLikelihood: -2412.414759
[00:00:23] [worker #2] Bootstrap tree #508, logLikelihood: -2380.833913
[00:00:23] [worker #3] Bootstrap tree #509, logLikelihood: -2500.703471
[00:00:23] [worker #4] Bootstrap tree #510, logLikelihood: -2505.580938
[00:00:23] [worker #1] Bootstrap tree #507, logLikelihood: -2540.350170
[00:00:23] [worker #0] Bootstrap tree #506, logLikelihood: -2503.127008
[00:00:23] [worker #3] Bootstrap tree #514, logLikelihood: -2420.005581
[00:00:23] [worker #2] Bootstrap tree #513, logLikelihood: -2544.218732
[00:00:23] [worker #1] Bootstrap tree #512, logLikelihood: -2420.970075
[00:00:23] [worker #4] Bootstrap tree #515, logLikelihood: -2516.975557
[00:00:23] [worker #3] Bootstrap tree #519, logLikelihood: -2415.382056
[00:00:23] [worker #0] Bootstrap tree #511, logLikelihood: -2455.829322
[00:00:23] [worker #2] Bootstrap tree #518, logLikelihood: -2511.446926
[00:00:24] [worker #4] Bootstrap tree #520, logLikelihood: -2600.467851
[00:00:24] [worker #1] Bootstrap tree #517, logLikelihood: -2488.441682
[00:00:24] [worker #3] Bootstrap tree #524, logLikelihood: -2408.566012
[00:00:24] [worker #2] Bootstrap tree #523, logLikelihood: -2528.178285
[00:00:24] [worker #0] Bootstrap tree #516, logLikelihood: -2613.619859
[00:00:24] [worker #4] Bootstrap tree #525, logLikelihood: -2524.794115
[00:00:24] [worker #1] Bootstrap tree #522, logLikelihood: -2466.128263
[00:00:24] [worker #2] Bootstrap tree #528, logLikelihood: -2389.021093
[00:00:24] [worker #3] Bootstrap tree #529, logLikelihood: -2474.675120
[00:00:24] [worker #4] Bootstrap tree #530, logLikelihood: -2466.090558
[00:00:24] [worker #1] Bootstrap tree #527, logLikelihood: -2587.989599
[00:00:24] [worker #0] Bootstrap tree #521, logLikelihood: -2591.414227
[00:00:24] [worker #2] Bootstrap tree #533, logLikelihood: -2628.290634
[00:00:24] [worker #3] Bootstrap tree #534, logLikelihood: -2591.183364
[00:00:24] [worker #4] Bootstrap tree #535, logLikelihood: -2472.284343
[00:00:24] [worker #1] Bootstrap tree #532, logLikelihood: -2631.639263
[00:00:24] [worker #0] Bootstrap tree #526, logLikelihood: -2609.411190
[00:00:24] [worker #2] Bootstrap tree #538, logLikelihood: -2613.517078
[00:00:24] [worker #3] Bootstrap tree #539, logLikelihood: -2391.649605
[00:00:24] [worker #4] Bootstrap tree #540, logLikelihood: -2407.540650
[00:00:24] [worker #1] Bootstrap tree #537, logLikelihood: -2543.267910
[00:00:24] [worker #2] Bootstrap tree #543, logLikelihood: -2365.273299
[0[00:00:2400] [worker #3] Bootstrap tree #544, logLikelihood: -2526.977199
:00:24] [worker #0] Bootstrap tree #531, logLikelihood: -2500.750317
[00:00:25] [worker #4] Bootstrap tree #545, logLikelihood: -2480.305865
[00:00:25] [worker #2] Bootstrap tree #548, logLikelihood: -2494.788979
[00:00:25] [worker #1] Bootstrap tree #542, logLikelihood: -2482.339137
[00:00:25] [worker #3] Bootstrap tree #549, logLikelihood: -2556.328856
[00:00:25] [worker #0] Bootstrap tree #536, logLikelihood: -2438.203021
[00:00:25] [worker #4] Bootstrap tree #550, logLikelihood: -2458.509360
[00:00:25] [worker #0] Bootstrap tree #541, logLikelihood: -2598.675824
[00:00:25] [worker #1] Bootstrap tree #547, logLikelihood: -2533.551558
[00:00:25] [worker #0] Bootstrap tree #546, logLikelihood: -2521.952950
[00:00:25] [worker #3] Bootstrap tree #554, logLikelihood: -2443.414952
[00:00:25] [worker #4] Bootstrap tree #555, logLikelihood: -2551.672041
[00:00:25] [worker #1] Bootstrap tree #552, logLikelihood: -2449.117666
[00:00:25] [worker #2] Bootstrap tree #553, logLikelihood: -2508.856994
[00:00:25] [worker #0] Bootstrap tree #551, logLikelihood: -2557.985217
[00:00:26] [worker #4] Bootstrap tree #560, logLikelihood: -2492.679093
[00:00:26] [worker #0] Bootstrap tree #556, logLikelihood: -2450.700805
[00:00:26] [worker #2] Bootstrap tree #558, logLikelihood: -2467.161478
[00:00:26] [worker #1] Bootstrap tree #557, logLikelihood: -2514.176608
[00:00:26] [worker #3] Bootstrap tree #559, logLikelihood: -2416.699197
[00:00:26] [worker #4] Bootstrap tree #565, logLikelihood: -2493.794144
[00:00:26] [worker #2] Bootstrap tree #563, logLikelihood: -2481.602517
[00:00:26] [worker #1] Bootstrap tree #562, logLikelihood: -2491.882036
[00:00:26] [worker #0] Bootstrap tree #561, logLikelihood: -2503.083627
[00:00:26] [worker #3] Bootstrap tree #564, logLikelihood: -2400.511821
[00:00:26] [worker #4] Bootstrap tree #570, logLikelihood: -2413.293492
[00:00:26] [worker #2] Bootstrap tree #568, logLikelihood: -2508.612365
[00:00:26] [worker #3] Bootstrap tree #569, logLikelihood: -2517.417522
[00:00:26] [worker #1] Bootstrap tree #567, logLikelihood: -2482.559087
[00:00:26] [worker #0] Bootstrap tree #566, logLikelihood: -2569.132312
[00:00:26] [worker #4] Bootstrap tree #575, logLikelihood: -2667.926668
[00:00:26] [worker #2] Bootstrap tree #573, logLikelihood: -2429.067258
[00:00:26] [worker #0] Bootstrap tree #571, logLikelihood: -2406.480824
[00:00:26] [worker #3] Bootstrap tree #574, logLikelihood: -2556.145867
[00:00:26] [worker #1] Bootstrap tree #572, logLikelihood: -2644.423578
[00:00:26] [worker #4] Bootstrap tree #580, logLikelihood: -2516.491907
[00:00:26] [worker #2] Bootstrap tree #578, logLikelihood: -2454.439202
[00:00:26] [worker #3] Bootstrap tree #579, logLikelihood: -2454.904882
[00:00:27] [worker #1] Bootstrap tree #577, logLikelihood: -2455.944319
[00:00:27] [worker #0] Bootstrap tree #576, logLikelihood: -2459.702118
[00:00:27] [worker #3] Bootstrap tree #584, logLikelihood: -2534.238310
[00:00:27] [worker #4] Bootstrap tree #585, logLikelihood: -2565.816729
[00:00:27] [worker #2] Bootstrap tree #583, logLikelihood: -2547.792881
[00:00:27] [worker #1] Bootstrap tree #582, logLikelihood: -2480.677723
[00:00:27] [worker #0] Bootstrap tree #581, logLikelihood: -2470.472173
[00:00:27] [worker #4] Bootstrap tree #590, logLikelihood: -2489.245465
[00:00:27] [worker #3] Bootstrap tree #589, logLikelihood: -2507.336974
[00:00:27] [worker #1] Bootstrap tree #587, logLikelihood: -2437.882692
[00:00:27] [worker #2] Bootstrap tree #588, logLikelihood: -2429.056422
[00:00:27] [worker #0] Bootstrap tree #586, logLikelihood: -2576.655105
[00:00:27] [worker #4] Bootstrap tree #595, logLikelihood: -2426.208048
[00:00:27] [worker #1] Bootstrap tree #592, logLikelihood: -2432.007106
[00:00:27] [worker #3] Bootstrap tree #594, logLikelihood: -2557.422175
[00:00:27] [worker #2] Bootstrap tree #593, logLikelihood: -2647.245772
[00:00:27] [worker #4] Bootstrap tree #600, logLikelihood: -2443.074994
[00:00:27] [worker #3] Bootstrap tree #599, logLikelihood: -2694.744128
[00:00:27] [worker #1] Bootstrap tree #597, logLikelihood: -2600.336843
[00:00:27] [worker #0] Bootstrap tree #591, logLikelihood: -2414.509242
[00:00:27] [worker #2] Bootstrap tree #598, logLikelihood: -2434.546286
[00:00:28] [worker #0] Bootstrap tree #596, logLikelihood: -2589.236508
[00:00:28] [worker #0] Bootstrap tree #601, logLikelihood: -2459.652940
[00:00:28] [worker #2] Bootstrap tree #603, logLikelihood: -2536.912936
[00:00:28] [worker #1] Bootstrap tree #602, logLikelihood: -2656.589336
[00:00:28] [worker #3] Bootstrap tree #604, logLikelihood: -2483.691712
[00:00:28] [worker #4] Bootstrap tree #605, logLikelihood: -2455.012044
[00:00:28] [worker #2] Bootstrap tree #608, logLikelihood: -2608.480936
[00:00:28] [worker #3] Bootstrap tree #609, logLikelihood: -2502.430423
[00:00:28] [worker #0] Bootstrap tree #606, logLikelihood: -2440.861871
[00:00:28] [worker #1] Bootstrap tree #607, logLikelihood: -2380.701065
[00:00:28] [worker #4] Bootstrap tree #610, logLikelihood: -2447.512400
[00:00:28] [worker #2] Bootstrap tree #613, logLikelihood: -2543.661010
[00:00:28] [worker #3] Bootstrap tree #614, logLikelihood: -2527.066992
[00:00:28] [worker #1] Bootstrap tree #612, logLikelihood: -2513.047577
[00:00:28] [worker #4] Bootstrap tree #615, logLikelihood: -2384.883142
[00:00:28] [worker #0] Bootstrap tree #611, logLikelihood: -2594.010247
[00:00:28] [worker #2] Bootstrap tree #618, logLikelihood: -2439.514170
[00:00:29] [worker #3] Bootstrap tree #619, logLikelihood: -2442.902800
[00:00:29] [worker #0] Bootstrap tree #616, logLikelihood: -2475.712557
[00:00:29] [worker #1] Bootstrap tree #617, logLikelihood: -2506.945166
[00:00:29] [worker #4] Bootstrap tree #620, logLikelihood: -2551.214564
[00:00:29] [worker #2] Bootstrap tree #623, logLikelihood: -2440.561313
[00:00:29] [worker #3] Bootstrap tree #624, logLikelihood: -2455.049436
[00:00:29] [worker #0] Bootstrap tree #621, logLikelihood: -2521.836465
[00:00:29] [worker #1] Bootstrap tree #622, logLikelihood: -2566.375114
[00:00:29] [worker #4] Bootstrap tree #625, logLikelihood: -2489.915609
[00:00:29] [worker #2] Bootstrap tree #628, logLikelihood: -2528.029223
[00:00:29] [worker #1] Bootstrap tree #627, logLikelihood: -2506.604345
[00:00:29] [worker #3] Bootstrap tree #629, logLikelihood: -2464.398848
[00:00:29] [worker #0] Bootstrap tree #626, logLikelihood: -2537.221086
[00:00:29] [worker #2] Bootstrap tree #633, logLikelihood: -2496.892271
[00:00:29] [worker #4] Bootstrap tree #630, logLikelihood: -2597.071756
[00:00:29] [worker #1] Bootstrap tree #632, logLikelihood: -2567.191936
[00:00:29] [worker #3] Bootstrap tree #634, logLikelihood: -2608.518975
[00:00:29] [worker #2] Bootstrap tree #638, logLikelihood: -2478.678896
[00:00:29] [worker #0] Bootstrap tree #631, logLikelihood: -2548.688154
[00:00:29] [worker #4] Bootstrap tree #635, logLikelihood: -2511.991008
[00:00:29] [worker #3] Bootstrap tree #639, logLikelihood: -2478.180802
[00:00:29] [worker #1] Bootstrap tree #637, logLikelihood: -2524.697405
[00:00:30] [worker #2] Bootstrap tree #643, logLikelihood: -2509.860709
[00:00:30] [worker #4] Bootstrap tree #640, logLikelihood: -2494.031314
[00:00:30] [worker #3] Bootstrap tree #644, logLikelihood: -2536.042869
[00:00:30] [worker #0] Bootstrap tree #636, logLikelihood: -2651.717675
[00:00:30] [worker #1] Bootstrap tree #642, logLikelihood: -2502.498527
[00:00:30] [worker #2] Bootstrap tree #648, logLikelihood: -2504.037282
[00:00:30] [worker #4] Bootstrap tree #645, logLikelihood: -2419.469761
[00:00:30] [worker #3] Bootstrap tree #649, logLikelihood: -2486.197266
[00:00:30] [worker #0] Bootstrap tree #641, logLikelihood: -2504.044443
[00:00:30] [worker #1] Bootstrap tree #647, logLikelihood: -2608.832786
[00:00:30] [worker #4] Bootstrap tree #650, logLikelihood: -2428.178370
[00:00:30] [worker #0] Bootstrap tree #646, logLikelihood: -2610.306919
[00:00:30] Bootstrapping converged after 650 replicates.

Optimized model parameters:

   Partition 0: noname
   Rate heterogeneity: GAMMA (4 cats, mean),  alpha: 0.806918 (ML),  weights&rates: (0.250000,0.097030) (0.250000,0.409904) (0.250000,0.958854) (0.250000,2.534212) 
   Base frequencies (ML): 0.241557 0.263945 0.218821 0.275677 
   Substitution rates (ML): 2.011938 4.202397 1.580489 1.724439 4.230960 1.000000 


Final LogLikelihood: -2519.999970

AIC score: 5087.999940 / AICc score: 5092.615325 / BIC score: 5175.659681
Free parameters (model + branch lengths): 24

Best ML tree saved to: /Users/bhe2/Documents/work/current/C037-Cand-auris-adhesin/02-case-studies/09-natural-selection/input/gene-tree/B8441-Hil-PF11765-split/B8441-OG-Hil-PF11765-697-981.raxml.bestTree
All ML trees saved to: /Users/bhe2/Documents/work/current/C037-Cand-auris-adhesin/02-case-studies/09-natural-selection/input/gene-tree/B8441-Hil-PF11765-split/B8441-OG-Hil-PF11765-697-981.raxml.mlTrees
Best ML tree with Felsenstein bootstrap (FBP) support values saved to: /Users/bhe2/Documents/work/current/C037-Cand-auris-adhesin/02-case-studies/09-natural-selection/input/gene-tree/B8441-Hil-PF11765-split/B8441-OG-Hil-PF11765-697-981.raxml.support
Optimized model saved to: /Users/bhe2/Documents/work/current/C037-Cand-auris-adhesin/02-case-studies/09-natural-selection/input/gene-tree/B8441-Hil-PF11765-split/B8441-OG-Hil-PF11765-697-981.raxml.bestModel
Bootstrap trees saved to: /Users/bhe2/Documents/work/current/C037-Cand-auris-adhesin/02-case-studies/09-natural-selection/input/gene-tree/B8441-Hil-PF11765-split/B8441-OG-Hil-PF11765-697-981.raxml.bootstraps

Execution log saved to: /Users/bhe2/Documents/work/current/C037-Cand-auris-adhesin/02-case-studies/09-natural-selection/input/gene-tree/B8441-Hil-PF11765-split/B8441-OG-Hil-PF11765-697-981.raxml.log

Analysis started: 29-Jul-2022 21:26:27 / finished: 29-Jul-2022 21:26:57

Elapsed time: 30.724 seconds

