
RAxML-NG v. 1.1.0 released on 29.11.2021 by The Exelixis Lab.
Developed by: Alexey M. Kozlov and Alexandros Stamatakis.
Contributors: Diego Darriba, Tomas Flouri, Benoit Morel, Sarah Lutteropp, Ben Bettisworth.
Latest version: https://github.com/amkozlov/raxml-ng
Questions/problems/suggestions? Please visit: https://groups.google.com/forum/#!forum/raxml

System: Apple M1, 8 cores, 16 GB RAM

RAxML-NG was called at 30-Jul-2022 20:59:44 as follows:

raxml-ng --all --msa B8441-OG-Hil-PF11765-1-414-n-697-981.nuc --model GTR+G --seed 123 --threads 6 --bs-trees autoMRE --outgroup OG --prefix ../gene-tree/B8441-Hil-PF11765-split/B8441-OG-Hil-PF11765-1-414-n-697-981

Analysis options:
  run mode: ML tree search + bootstrapping (Felsenstein Bootstrap)
  start tree(s): random (10) + parsimony (10)
  bootstrap replicates: max: 1000 + bootstopping (autoMRE, cutoff: 0.030000)
  outgroup taxa: OG
  random seed: 123
  tip-inner: OFF
  pattern compression: ON
  per-rate scalers: OFF
  site repeats: ON
  branch lengths: proportional (ML estimate, algorithm: NR-FAST)
  SIMD kernels: SSE3
  parallelization: coarse-grained (auto), PTHREADS (6 threads), thread pinning: OFF

[00:00:00] Reading alignment from file: B8441-OG-Hil-PF11765-1-414-n-697-981.nuc
[00:00:00] Loaded alignment with 9 taxa and 699 sites

Alignment comprises 1 partitions and 511 patterns

Partition 0: noname
Model: GTR+FO+G4m
Alignment sites / patterns: 699 / 511
Gaps: 1.24 %
Invariant sites: 17.88 %


NOTE: Binary MSA file created: ../gene-tree/B8441-Hil-PF11765-split/B8441-OG-Hil-PF11765-1-414-n-697-981.raxml.rba

Parallelization scheme autoconfig: 6 worker(s) x 1 thread(s)

Parallel reduction/worker buffer size: 1 KB  / 0 KB

[00:00:00] Generating 10 random starting tree(s) with 9 taxa
[00:00:00] Generating 10 parsimony starting tree(s) with 9 taxa
[00:00:00] Data distribution: max. partitions/sites/weight per thread: 1 / 511 / 8176
[00:00:00] Data distribution: max. searches per worker: 171

Starting ML tree search with 20 distinct starting trees

[00:00:00] [worker #3] ML tree search #4, logLikelihood: -6134.805553
[00:00:00] [worker #5] ML tree search #6, logLikelihood: -6134.802550
[00:00:00] [worker #4] ML tree search #5, logLikelihood: -6134.802344
[00:00:00] [worker #0] ML tree search #1, logLikelihood: -6134.807662
[00:00:00] [worker #2] ML tree search #3, logLikelihood: -6134.805005
[00:00:00] [worker #1] ML tree search #2, logLikelihood: -6134.818785
[00:00:01] [worker #4] ML tree search #11, logLikelihood: -6134.776969
[00:00:01] [worker #5] ML tree search #12, logLikelihood: -6134.777198
[00:00:01] [worker #3] ML tree search #10, logLikelihood: -6134.805049
[00:00:01] [worker #0] ML tree search #7, logLikelihood: -6134.805016
[00:00:01] [worker #1] ML tree search #8, logLikelihood: -6134.797950
[00:00:01] [worker #2] ML tree search #9, logLikelihood: -6134.806266
[00:00:01] [worker #5] ML tree search #18, logLikelihood: -6134.776936
[00:00:01] [worker #3] ML tree search #16, logLikelihood: -6134.777113
[00:00:01] [worker #4] ML tree search #17, logLikelihood: -6134.778880
[00:00:01] [worker #0] ML tree search #13, logLikelihood: -6134.779317
[00:00:02] [worker #2] ML tree search #15, logLikelihood: -6134.780237
[00:00:02] [worker #1] ML tree search #14, logLikelihood: -6134.777351
[00:00:02] [worker #0] ML tree search #19, logLikelihood: -6134.777273
[00:00:02] [worker #1] ML tree search #20, logLikelihood: -6134.777337

[00:00:02] ML tree search completed, best tree logLH: -6134.776936

[00:00:02] Starting bootstrapping analysis with 1000 replicates.

[00:00:02] [worker #0] Bootstrap tree #1, logLikelihood: -6184.840066
[00:00:02] [worker #3] Bootstrap tree #4, logLikelihood: -6192.757594
[00:00:02] [worker #2] Bootstrap tree #3, logLikelihood: -6115.304970
[00:00:02] [worker #4] Bootstrap tree #5, logLikelihood: -6155.098262
[00:00:02] [worker #5] Bootstrap tree #6, logLikelihood: -5991.000883
[00:00:03] [worker #1] Bootstrap tree #2, logLikelihood: -6059.327501
[00:00:03] [worker #2] Bootstrap tree #9, logLikelihood: -6138.745065
[00:00:03] [worker #4] Bootstrap tree #11, logLikelihood: -6109.247173
[00:00:03] [worker #5] Bootstrap tree #12, logLikelihood: -6064.133511
[00:00:03] [worker #3] Bootstrap tree #10, logLikelihood: -6270.695908
[00:00:03] [worker #0] Bootstrap tree #7, logLikelihood: -6167.053864
[00:00:03] [worker #1] Bootstrap tree #8, logLikelihood: -6105.692591
[00:00:03] [worker #4] Bootstrap tree #17, logLikelihood: -5969.676288
[00:00:03] [worker #2] Bootstrap tree #15, logLikelihood: -5968.404952
[00:00:03] [worker #3] Bootstrap tree #16, logLikelihood: -6097.834762
[00:00:03] [worker #0] Bootstrap tree #13, logLikelihood: -5979.970566
[00:00:03] [worker #5] Bootstrap tree #18, logLikelihood: -6120.093682
[00:00:03] [worker #4] Bootstrap tree #23, logLikelihood: -6161.956523
[00:00:03] [worker #1] Bootstrap tree #14, logLikelihood: -6012.456776
[00:00:04] [worker #2] Bootstrap tree #21, logLikelihood: -6176.327459
[00:00:04] [worker #0] Bootstrap tree #19, logLikelihood: -6126.206776
[00:00:04] [worker #3] Bootstrap tree #22, logLikelihood: -6106.139517
[00:00:04] [worker #5] Bootstrap tree #24, logLikelihood: -6205.441319
[00:00:04] [worker #4] Bootstrap tree #29, logLikelihood: -6042.117185
[00:00:04] [worker #2] Bootstrap tree #27, logLikelihood: -6158.892177
[00:00:04] [worker #1] Bootstrap tree #20, logLikelihood: -6092.909734
[00:00:04] [worker #0] Bootstrap tree #25, logLikelihood: -6056.237138
[00:00:04] [worker #5] Bootstrap tree #30, logLikelihood: -5998.576274
[00:00:04] [worker #3] Bootstrap tree #28, logLikelihood: -6268.422208
[00:00:04] [worker #4] Bootstrap tree #35, logLikelihood: -6159.065493
[00:00:04] [worker #1] Bootstrap tree #26, logLikelihood: -6151.850065
[00:00:04] [worker #5] Bootstrap tree #36, logLikelihood: -6055.832085
[00:00:04] [worker #2] Bootstrap tree #33, logLikelihood: -6137.242158
[00:00:04] [worker #0] Bootstrap tree #31, logLikelihood: -5906.904236
[00:00:04] [worker #3] Bootstrap tree #34, logLikelihood: -6253.291400
[00:00:05] [worker #4] Bootstrap tree #41, logLikelihood: -6273.784510
[00:00:05] [worker #1] Bootstrap tree #32, logLikelihood: -6205.307100
[00:00:05] [worker #5] Bootstrap tree #42, logLikelihood: -6035.957548
[00:00:05] [worker #2] Bootstrap tree #39, logLikelihood: -6284.949623
[00:00:05] [worker #0] Bootstrap tree #37, logLikelihood: -6196.433473
[00:00:05] [worker #4] Bootstrap tree #47, logLikelihood: -6095.565162
[00:00:05] [worker #3] Bootstrap tree #40, logLikelihood: -6119.644683
[00:00:05] [worker #5] Bootstrap tree #48, logLikelihood: -6009.704652
[00:00:05] [worker #2] Bootstrap tree #45, logLikelihood: -5995.655524
[00:00:05] [worker #1] Bootstrap tree #38, logLikelihood: -6148.275057
[00:00:05] [worker #0] Bootstrap tree #43, logLikelihood: -6089.473438
[00:00:06] [worker #3] Bootstrap tree #46, logLikelihood: -6224.122439
[00:00:06] [worker #1] Bootstrap tree #44, logLikelihood: -6249.805719
[00:00:06] [worker #0] Bootstrap tree #49, logLikelihood: -6173.213039
[00:00:06] [worker #1] Bootstrap tree #50, logLikelihood: -6342.162343
[00:00:06] [worker #3] Bootstrap tree #52, logLikelihood: -6007.545303
[00:00:06] [worker #5] Bootstrap tree #54, logLikelihood: -6142.392671
[00:00:06] [worker #1] Bootstrap tree #56, logLikelihood: -6073.679761
[00:00:06] [worker #0] Bootstrap tree #55, logLikelihood: -5965.112614
[00:00:06] [worker #4] Bootstrap tree #53, logLikelihood: -6186.506669
[00:00:07] [worker #2] Bootstrap tree #51, logLikelihood: -6002.514750
[00:00:07] [worker #3] Bootstrap tree #58, logLikelihood: -5978.166837
[00:00:07] [worker #5] Bootstrap tree #60, logLikelihood: -6253.936453
[00:00:07] [worker #4] Bootstrap tree #59, logLikelihood: -6131.776934
[00:00:07] [worker #0] Bootstrap tree #61, logLikelihood: -6110.816303
[00:00:07] [worker #1] Bootstrap tree #62, logLikelihood: -6213.116913
[00:00:07] [worker #2] Bootstrap tree #57, logLikelihood: -6293.079325
[00:00:07] [worker #3] Bootstrap tree #64, logLikelihood: -6254.361577
[00:00:07] [worker #4] Bootstrap tree #65, logLikelihood: -6255.621541
[00:00:07] [worker #1] Bootstrap tree #68, logLikelihood: -6030.174704
[00:00:07] [worker #5] Bootstrap tree #66, logLikelihood: -6230.245688
[00:00:07] [worker #0] Bootstrap tree #67, logLikelihood: -6058.368634
[00:00:07] [worker #2] Bootstrap tree #63, logLikelihood: -6211.053147
[00:00:08] [worker #4] Bootstrap tree #71, logLikelihood: -6000.166498
[00:00:08] [worker #3] Bootstrap tree #70, logLikelihood: -6071.669992
[00:00:08] [worker #5] Bootstrap tree #72, logLikelihood: -6027.415122
[00:00:08] [worker #1] Bootstrap tree #74, logLikelihood: -6051.559536
[00:00:08] [worker #0] Bootstrap tree #73, logLikelihood: -6191.806013
[00:00:08] [worker #2] Bootstrap tree #69, logLikelihood: -5963.621057
[00:00:08] [worker #4] Bootstrap tree #77, logLikelihood: -6150.884010
[00:00:08] [worker #3] Bootstrap tree #76, logLikelihood: -6013.757894
[00:00:08] [worker #5] Bootstrap tree #78, logLikelihood: -6101.722409
[00:00:08] [worker #1] Bootstrap tree #80, logLikelihood: -6093.302547
[00:00:08] [worker #4] Bootstrap tree #83, logLikelihood: -6042.885016
[00:00:08] [worker #0] Bootstrap tree #79, logLikelihood: -6036.387793
[00:00:08] [worker #2] Bootstrap tree #75, logLikelihood: -5919.146992
[00:00:09] [worker #1] Bootstrap tree #86, logLikelihood: -6294.081787
[00:00:09] [worker #5] Bootstrap tree #84, logLikelihood: -6142.212719
[00:00:09] [worker #2] Bootstrap tree #81, logLikelihood: -6085.577984
[00:00:09] [worker #3] Bootstrap tree #82, logLikelihood: -6038.211966
[00:00:09] [worker #4] Bootstrap tree #89, logLikelihood: -6017.524012
[00:00:09] [worker #0] Bootstrap tree #85, logLikelihood: -6250.438855
[00:00:09] [worker #1] Bootstrap tree #92, logLikelihood: -6162.127453
[00:00:09] [worker #5] Bootstrap tree #90, logLikelihood: -6149.252992
[00:00:09] [worker #0] Bootstrap tree #91, logLikelihood: -6015.581644
[00:00:09] [worker #3] Bootstrap tree #88, logLikelihood: -6063.183699
[00:00:09] [worker #2] Bootstrap tree #87, logLikelihood: -6151.939794
[00:00:09] [worker #4] Bootstrap tree #95, logLikelihood: -6275.438611
[00:00:09] [worker #5] Bootstrap tree #96, logLikelihood: -6071.811392
[00:00:09] [worker #1] Bootstrap tree #98, logLikelihood: -6077.935298
[00:00:09] [worker #0] Bootstrap tree #97, logLikelihood: -6027.397073
[00:00:10] [worker #3] Bootstrap tree #94, logLikelihood: -6232.847869
[00:00:10] [worker #2] Bootstrap tree #93, logLikelihood: -6154.193289
[00:00:10] [worker #2] Bootstrap tree #99, logLikelihood: -6081.807532
[00:00:10] [worker #3] Bootstrap tree #100, logLikelihood: -5947.105304
[00:00:10] [worker #2] Bootstrap tree #105, logLikelihood: -5998.686703
[00:00:10] [worker #4] Bootstrap tree #101, logLikelihood: -6013.802819
[00:00:10] [worker #1] Bootstrap tree #104, logLikelihood: -6059.540380
[00:00:10] [worker #3] Bootstrap tree #106, logLikelihood: -6178.635472
[00:00:10] [worker #5] Bootstrap tree #102, logLikelihood: -6141.016270
[00:00:11] [worker #0] Bootstrap tree #103, logLikelihood: -6232.074851
[00:00:11] [worker #2] Bootstrap tree #111, logLikelihood: -6015.207936
[00:00:11] [worker #5] Bootstrap tree #108, logLikelihood: -6094.613379
[00:00:11] [worker #3] Bootstrap tree #112, logLikelihood: -6052.685267
[00:00:11] [worker #4] Bootstrap tree #107, logLikelihood: -6053.132683
[00:00:11] [worker #1] Bootstrap tree #110, logLikelihood: -5978.765523
[00:00:11] [worker #0] Bootstrap tree #109, logLikelihood: -6207.672874
[00:00:11] [worker #2] Bootstrap tree #117, logLikelihood: -6241.188680
[00:00:11] [worker #3] Bootstrap tree #118, logLikelihood: -5996.014982
[00:00:11] [worker #5] Bootstrap tree #114, logLikelihood: -6189.628697
[00:00:11] [worker #4] Bootstrap tree #113, logLikelihood: -5905.434961
[00:00:11] [worker #1] Bootstrap tree #116, logLikelihood: -6017.852903
[00:00:11] [worker #0] Bootstrap tree #115, logLikelihood: -6174.355212
[00:00:12] [worker #2] Bootstrap tree #123, logLikelihood: -5975.133593
[00:00:12] [worker #4] Bootstrap tree #119, logLikelihood: -6208.856266
[00:00:12] [worker #5] Bootstrap tree #120, logLikelihood: -6083.440997
[00:00:12] [worker #1] Bootstrap tree #122, logLikelihood: -6096.312397
[00:00:12] [worker #3] Bootstrap tree #124, logLikelihood: -6153.331161
[00:00:12] [worker #2] Bootstrap tree #129, logLikelihood: -6342.281848
[00:00:12] [worker #0] Bootstrap tree #121, logLikelihood: -6002.931358
[00:00:12] [worker #5] Bootstrap tree #126, logLikelihood: -6105.913796
[00:00:12] [worker #4] Bootstrap tree #125, logLikelihood: -6046.300712
[00:00:12] [worker #1] Bootstrap tree #128, logLikelihood: -6127.306239
[00:00:12] [worker #0] Bootstrap tree #127, logLikelihood: -6115.626340
[00:00:12] [worker #3] Bootstrap tree #130, logLikelihood: -6175.822809
[00:00:13] [worker #2] Bootstrap tree #135, logLikelihood: -6143.017927
[00:00:13] [worker #4] Bootstrap tree #131, logLikelihood: -6036.683003
[00:00:13] [worker #5] Bootstrap tree #132, logLikelihood: -6168.931424
[00:00:13] [worker #1] Bootstrap tree #134, logLikelihood: -6149.152935
[00:00:13] [worker #0] Bootstrap tree #133, logLikelihood: -6178.661463
[00:00:13] [worker #3] Bootstrap tree #136, logLikelihood: -6058.152920
[00:00:13] [worker #4] Bootstrap tree #137, logLikelihood: -5838.745372
[00:00:13] [worker #2] Bootstrap tree #141, logLikelihood: -5970.848793
[00:00:13] [worker #1] Bootstrap tree #140, logLikelihood: -6045.781693
[00:00:13] [worker #5] Bootstrap tree #138, logLikelihood: -6006.386337
[00:00:13] [worker #0] Bootstrap tree #139, logLikelihood: -6032.610507
[00:00:13] [worker #4] Bootstrap tree #143, logLikelihood: -5992.654940
[00:00:14] [worker #2] Bootstrap tree #147, logLikelihood: -6231.689179
[00:00:14] [worker #1] Bootstrap tree #146, logLikelihood: -6091.634927
[00:00:14] [worker #3] Bootstrap tree #142, logLikelihood: -6200.663497
[00:00:14] [worker #5] Bootstrap tree #144, logLikelihood: -6077.810347
[00:00:14] [worker #0] Bootstrap tree #145, logLikelihood: -6103.081589
[00:00:14] [worker #4] Bootstrap tree #149, logLikelihood: -6295.978269
[00:00:14] [worker #3] Bootstrap tree #148, logLikelihood: -6165.609429
[00:00:14] [worker #5] Bootstrap tree #150, logLikelihood: -6097.469907
[00:00:15] [worker #0] Bootstrap tree #151, logLikelihood: -6303.863884
[00:00:15] [worker #2] Bootstrap tree #153, logLikelihood: -6115.232211
[00:00:15] [worker #3] Bootstrap tree #154, logLikelihood: -6096.804643
[00:00:15] [worker #4] Bootstrap tree #155, logLikelihood: -6152.150659
[00:00:15] [worker #1] Bootstrap tree #152, logLikelihood: -6080.451447
[00:00:15] [worker #5] Bootstrap tree #156, logLikelihood: -6131.948809
[00:00:15] [worker #2] Bootstrap tree #159, logLikelihood: -6136.151527
[00:00:15] [worker #0] Bootstrap tree #157, logLikelihood: -6033.815934
[00:00:15] [worker #4] Bootstrap tree #161, logLikelihood: -5999.754282
[00:00:15] [worker #1] Bootstrap tree #158, logLikelihood: -6230.378558
[00:00:15] [worker #5] Bootstrap tree #162, logLikelihood: -6089.700777
[00:00:15] [worker #3] Bootstrap tree #160, logLikelihood: -6107.706442
[00:00:15] [worker #2] Bootstrap tree #165, logLikelihood: -6182.682346
[00:00:16] [worker #0] Bootstrap tree #163, logLikelihood: -6369.659667
[00:00:16] [worker #1] Bootstrap tree #164, logLikelihood: -6118.775946
[00:00:16] [worker #4] Bootstrap tree #167, logLikelihood: -6041.879769
[00:00:16] [worker #3] Bootstrap tree #166, logLikelihood: -6194.204926
[00:00:16] [worker #2] Bootstrap tree #171, logLikelihood: -5964.563149
[00:00:16] [worker #5] Bootstrap tree #168, logLikelihood: -6058.467832
[00:00:16] [worker #0] Bootstrap tree #169, logLikelihood: -6151.752715
[00:00:16] [worker #1] Bootstrap tree #170, logLikelihood: -6065.596738
[00:00:16] [worker #4] Bootstrap tree #173, logLikelihood: -6121.314898
[00:00:16] [worker #3] Bootstrap tree #172, logLikelihood: -6185.331675
[00:00:16] [worker #5] Bootstrap tree #174, logLikelihood: -6179.142668
[00:00:16] [worker #2] Bootstrap tree #177, logLikelihood: -6124.047831
[00:00:17] [worker #0] Bootstrap tree #175, logLikelihood: -6168.994680
[00:00:17] [worker #1] Bootstrap tree #176, logLikelihood: -5921.325203
[00:00:17] [worker #5] Bootstrap tree #180, logLikelihood: -6025.838098
[00:00:17] [worker #4] Bootstrap tree #179, logLikelihood: -6153.043172
[00:00:17] [worker #2] Bootstrap tree #183, logLikelihood: -6119.046963
[00:00:17] [worker #3] Bootstrap tree #178, logLikelihood: -6152.398871
[00:00:17] [worker #0] Bootstrap tree #181, logLikelihood: -6115.119865
[00:00:17] [worker #1] Bootstrap tree #182, logLikelihood: -6211.359781
[00:00:17] [worker #5] Bootstrap tree #186, logLikelihood: -6277.910328
[00:00:17] [worker #4] Bootstrap tree #185, logLikelihood: -6092.745834
[00:00:17] [worker #2] Bootstrap tree #189, logLikelihood: -6178.823490
[00:00:17] [worker #3] Bootstrap tree #184, logLikelihood: -5939.991734
[00:00:18] [worker #0] Bootstrap tree #187, logLikelihood: -5998.576499
[00:00:18] [worker #1] Bootstrap tree #188, logLikelihood: -6157.518719
[00:00:18] [worker #5] Bootstrap tree #192, logLikelihood: -5997.362463
[00:00:18] [worker #2] Bootstrap tree #195, logLikelihood: -5992.178312
[00:00:18] [worker #4] Bootstrap tree #191, logLikelihood: -6032.539735
[00:00:18] [worker #3] Bootstrap tree #190, logLikelihood: -6131.568575
[00:00:18] [worker #0] Bootstrap tree #193, logLikelihood: -6248.673085
[00:00:18] [worker #1] Bootstrap tree #194, logLikelihood: -6000.149263
[00:00:18] [worker #4] Bootstrap tree #197, logLikelihood: -6142.135873
[00:00:18] [worker #5] Bootstrap tree #198, logLikelihood: -6170.405594
[00:00:18] [worker #3] Bootstrap tree #196, logLikelihood: -6015.649643
[00:00:18] [worker #0] Bootstrap tree #199, logLikelihood: -6185.171190
[00:00:19] [worker #1] Bootstrap tree #200, logLikelihood: -5888.889416
[00:00:19] [worker #2] Bootstrap tree #201, logLikelihood: -6177.633198
[00:00:19] [worker #3] Bootstrap tree #202, logLikelihood: -6239.477405
[00:00:19] [worker #0] Bootstrap tree #205, logLikelihood: -6059.814290
[00:00:19] [worker #5] Bootstrap tree #204, logLikelihood: -6262.605160
[00:00:19] [worker #1] Bootstrap tree #206, logLikelihood: -6064.275307
[00:00:19] [worker #4] Bootstrap tree #203, logLikelihood: -6193.803412
[00:00:19] [worker #0] Bootstrap tree #211, logLikelihood: -6235.645503
[00:00:19] [worker #2] Bootstrap tree #207, logLikelihood: -6216.915085
[00:00:19] [worker #5] Bootstrap tree #210, logLikelihood: -6043.486673
[00:00:20] [worker #3] Bootstrap tree #208, logLikelihood: -6040.342630
[00:00:20] [worker #1] Bootstrap tree #212, logLikelihood: -5984.671298
[00:00:20] [worker #4] Bootstrap tree #209, logLikelihood: -6236.603042
[00:00:20] [worker #0] Bootstrap tree #217, logLikelihood: -6074.986043
[00:00:20] [worker #2] Bootstrap tree #213, logLikelihood: -6130.810404
[00:00:20] [worker #5] Bootstrap tree #216, logLikelihood: -6020.749058
[00:00:20] [worker #1] Bootstrap tree #218, logLikelihood: -6042.475703
[00:00:20] [worker #3] Bootstrap tree #214, logLikelihood: -6118.872919
[00:00:20] [worker #4] Bootstrap tree #215, logLikelihood: -5992.921189
[00:00:20] [worker #0] Bootstrap tree #223, logLikelihood: -6190.602254
[00:00:20] [worker #1] Bootstrap tree #224, logLikelihood: -5990.488921
[00:00:20] [worker #2] Bootstrap tree #219, logLikelihood: -6020.675051
[00:00:21] [worker #5] Bootstrap tree #222, logLikelihood: -6128.549795
[00:00:21] [worker #4] Bootstrap tree #221, logLikelihood: -6267.968241
[00:00:21] [worker #3] Bootstrap tree #220, logLikelihood: -6215.110974
[00:00:21] [worker #2] Bootstrap tree #225, logLikelihood: -6087.195289
[00:00:21] [worker #1] Bootstrap tree #230, logLikelihood: -6118.831742
[00:00:21] [worker #5] Bootstrap tree #228, logLikelihood: -6210.277528
[00:00:21] [worker #0] Bootstrap tree #229, logLikelihood: -6046.444023
[00:00:21] [worker #4] Bootstrap tree #227, logLikelihood: -5991.415258
[00:00:21] [worker #3] Bootstrap tree #226, logLikelihood: -6239.699749
[00:00:21] [worker #0] Bootstrap tree #235, logLikelihood: -6131.516318
[00:00:21] [worker #5] Bootstrap tree #234, logLikelihood: -6059.244038
[00:00:21] [worker #1] Bootstrap tree #236, logLikelihood: -6116.127928
[00:00:22] [worker #2] Bootstrap tree #231, logLikelihood: -6110.182082
[00:00:22] [worker #4] Bootstrap tree #233, logLikelihood: -6209.297350
[00:00:22] [worker #2] Bootstrap tree #237, logLikelihood: -5918.612226
[00:00:22] [worker #3] Bootstrap tree #232, logLikelihood: -6240.220859
[00:00:22] [worker #5] Bootstrap tree #240, logLikelihood: -6123.922050
[00:00:22] [worker #1] Bootstrap tree #242, logLikelihood: -6176.916618
[00:00:22] [worker #0] Bootstrap tree #241, logLikelihood: -5952.090631
[00:00:22] [worker #4] Bootstrap tree #239, logLikelihood: -6172.417855
[00:00:22] [worker #2] Bootstrap tree #243, logLikelihood: -5962.891420
[00:00:22] [worker #3] Bootstrap tree #238, logLikelihood: -6088.693046
[00:00:22] [worker #5] Bootstrap tree #246, logLikelihood: -6094.198370
[00:00:23] [worker #1] Bootstrap tree #248, logLikelihood: -6294.174992
[00:00:23] [worker #0] Bootstrap tree #247, logLikelihood: -6062.070436
[00:00:23] [worker #2] Bootstrap tree #249, logLikelihood: -6158.096633
[00:00:23] [worker #4] Bootstrap tree #245, logLikelihood: -6198.048912
[00:00:23] [worker #3] Bootstrap tree #244, logLikelihood: -6108.448965
[00:00:23] [worker #3] Bootstrap tree #250, logLikelihood: -6191.728438
[00:00:24] [worker #5] Bootstrap tree #252, logLikelihood: -6081.699305
[00:00:24] [worker #4] Bootstrap tree #251, logLikelihood: -6147.399148
[00:00:24] [worker #0] Bootstrap tree #253, logLikelihood: -6267.606161
[00:00:24] [worker #2] Bootstrap tree #255, logLikelihood: -6068.992769
[00:00:24] [worker #1] Bootstrap tree #254, logLikelihood: -6322.170297
[00:00:24] [worker #3] Bootstrap tree #256, logLikelihood: -6064.058676
[00:00:24] [worker #5] Bootstrap tree #258, logLikelihood: -6007.130700
[00:00:24] [worker #2] Bootstrap tree #261, logLikelihood: -5948.942387
[00:00:24] [worker #3] Bootstrap tree #262, logLikelihood: -6205.512915
[00:00:24] [worker #1] Bootstrap tree #260, logLikelihood: -6106.311748
[00:00:24] [worker #4] Bootstrap tree #257, logLikelihood: -6160.098255
[00:00:24] [worker #0] Bootstrap tree #259, logLikelihood: -5986.288688
[00:00:25] [worker #5] Bootstrap tree #264, logLikelihood: -6057.163447
[00:00:25] [worker #2] Bootstrap tree #267, logLikelihood: -6181.879855
[00:00:25] [worker #3] Bootstrap tree #268, logLikelihood: -6096.634941
[00:00:25] [worker #0] Bootstrap tree #265, logLikelihood: -6098.904191
[00:00:25] [worker #1] Bootstrap tree #266, logLikelihood: -6241.369223
[00:00:25] [worker #4] Bootstrap tree #263, logLikelihood: -6085.150866
[00:00:25] [worker #2] Bootstrap tree #273, logLikelihood: -6213.550632
[00:00:25] [worker #5] Bootstrap tree #270, logLikelihood: -6285.426398
[00:00:25] [worker #3] Bootstrap tree #274, logLikelihood: -6145.672624
[00:00:25] [worker #1] Bootstrap tree #272, logLikelihood: -6058.852983
[00:00:25] [worker #4] Bootstrap tree #269, logLikelihood: -6200.430152
[00:00:25] [worker #0] Bootstrap tree #271, logLikelihood: -6110.927235
[00:00:26] [worker #2] Bootstrap tree #279, logLikelihood: -6101.889883
[00:00:26] [worker #3] Bootstrap tree #280, logLikelihood: -6021.965999
[00:00:26] [worker #5] Bootstrap tree #276, logLikelihood: -6154.609147
[00:00:26] [worker #0] Bootstrap tree #277, logLikelihood: -5899.535050
[00:00:26] [worker #1] Bootstrap tree #278, logLikelihood: -6300.498981
[00:00:26] [worker #4] Bootstrap tree #275, logLikelihood: -6036.981708
[00:00:26] [worker #3] Bootstrap tree #286, logLikelihood: -6135.711302
[00:00:26] [worker #2] Bootstrap tree #285, logLikelihood: -6067.466834
[00:00:26] [worker #5] Bootstrap tree #282, logLikelihood: -6017.243409
[00:00:26] [worker #0] Bootstrap tree #283, logLikelihood: -6061.650945
[00:00:26] [worker #1] Bootstrap tree #284, logLikelihood: -6029.561955
[00:00:26] [worker #4] Bootstrap tree #281, logLikelihood: -6002.295067
[00:00:26] [worker #3] Bootstrap tree #292, logLikelihood: -5970.964773
[00:00:26] [worker #2] Bootstrap tree #291, logLikelihood: -6114.203875
[00:00:26] [worker #5] Bootstrap tree #288, logLikelihood: -5977.782941
[00:00:27] [worker #0] Bootstrap tree #289, logLikelihood: -6092.155129
[00:00:27] [worker #4] Bootstrap tree #287, logLikelihood: -6025.765385
[00:00:27] [worker #5] Bootstrap tree #294, logLikelihood: -6069.925968
[00:00:27] [worker #1] Bootstrap tree #290, logLikelihood: -6125.293273
[00:00:27] [worker #3] Bootstrap tree #298, logLikelihood: -6171.985317
[00:00:27] [worker #2] Bootstrap tree #297, logLikelihood: -6150.887620
[00:00:27] [worker #4] Bootstrap tree #293, logLikelihood: -6136.103101
[00:00:27] [worker #0] Bootstrap tree #295, logLikelihood: -6143.131957
[00:00:27] [worker #1] Bootstrap tree #296, logLikelihood: -6200.040755
[00:00:27] [worker #5] Bootstrap tree #300, logLikelihood: -6166.287403
[00:00:27] [worker #4] Bootstrap tree #299, logLikelihood: -6068.524035
[00:00:28] [worker #1] Bootstrap tree #302, logLikelihood: -6011.661339
[00:00:28] [worker #0] Bootstrap tree #301, logLikelihood: -6256.494827
[00:00:28] [worker #3] Bootstrap tree #304, logLikelihood: -6242.686299
[00:00:28] [worker #4] Bootstrap tree #305, logLikelihood: -6061.346301
[00:00:28] [worker #5] Bootstrap tree #306, logLikelihood: -6111.453308
[00:00:28] [worker #2] Bootstrap tree #303, logLikelihood: -6011.756730
[00:00:28] [worker #3] Bootstrap tree #310, logLikelihood: -6098.681002
[00:00:28] [worker #5] Bootstrap tree #312, logLikelihood: -6137.940335
[00:00:28] [worker #2] Bootstrap tree #309, logLikelihood: -6079.134835
[00:00:28] [worker #1] Bootstrap tree #308, logLikelihood: -6037.337061
[00:00:28] [worker #4] Bootstrap tree #311, logLikelihood: -5998.619069
[00:00:29] [worker #0] Bootstrap tree #307, logLikelihood: -6124.658685
[00:00:29] [worker #2] Bootstrap tree #315, logLikelihood: -6089.945012
[00:00:29] [worker #3] Bootstrap tree #316, logLikelihood: -6043.874827
[00:00:29] [worker #5] Bootstrap tree #318, logLikelihood: -6139.738911
[00:00:29] [worker #4] Bootstrap tree #317, logLikelihood: -5963.228845
[00:00:29] [worker #1] Bootstrap tree #314, logLikelihood: -5919.038348
[00:00:29] [worker #0] Bootstrap tree #313, logLikelihood: -6269.911011
[00:00:29] [worker #2] Bootstrap tree #321, logLikelihood: -6355.804635
[00:00:29] [worker #5] Bootstrap tree #324, logLikelihood: -5871.116287
[00:00:29] [worker #1] Bootstrap tree #320, logLikelihood: -6113.482295
[00:00:29] [worker #3] Bootstrap tree #322, logLikelihood: -6067.569621
[00:00:29] [worker #0] Bootstrap tree #319, logLikelihood: -6392.383077
[00:00:29] [worker #4] Bootstrap tree #323, logLikelihood: -6108.718386
[00:00:30] [worker #2] Bootstrap tree #327, logLikelihood: -6032.919034
[00:00:30] [worker #1] Bootstrap tree #326, logLikelihood: -6089.466237
[00:00:30] [worker #0] Bootstrap tree #325, logLikelihood: -6038.668101
[00:00:30] [worker #5] Bootstrap tree #330, logLikelihood: -6178.255315
[00:00:30] [worker #4] Bootstrap tree #329, logLikelihood: -6061.105293
[00:00:30] [worker #3] Bootstrap tree #328, logLikelihood: -6144.414684
[00:00:30] [worker #2] Bootstrap tree #333, logLikelihood: -6136.884141
[00:00:30] [worker #5] Bootstrap tree #336, logLikelihood: -6104.932959
[00:00:30] [worker #0] Bootstrap tree #331, logLikelihood: -6377.889210
[00:00:30] [worker #1] Bootstrap tree #332, logLikelihood: -6304.045523
[00:00:30] [worker #4] Bootstrap tree #335, logLikelihood: -6116.768442
[00:00:31] [worker #3] Bootstrap tree #334, logLikelihood: -6077.701456
[00:00:31] [worker #2] Bootstrap tree #339, logLikelihood: -6189.632424
[00:00:31] [worker #4] Bootstrap tree #341, logLikelihood: -5980.792015
[00:00:31] [worker #0] Bootstrap tree #337, logLikelihood: -6098.300010
[00:00:31] [worker #1] Bootstrap tree #338, logLikelihood: -6019.415917
[00:00:31] [worker #5] Bootstrap tree #342, logLikelihood: -6067.718627
[00:00:31] [worker #3] Bootstrap tree #340, logLikelihood: -5926.737309
[00:00:31] [worker #1] Bootstrap tree #344, logLikelihood: -5881.810220
[00:00:31] [worker #2] Bootstrap tree #345, logLikelihood: -6208.055177
[00:00:31] [worker #0] Bootstrap tree #343, logLikelihood: -6117.776056
[00:00:31] [worker #4] Bootstrap tree #347, logLikelihood: -6253.882476
[00:00:31] [worker #5] Bootstrap tree #348, logLikelihood: -6057.710025
[00:00:31] [worker #3] Bootstrap tree #346, logLikelihood: -6027.850298
[00:00:32] [worker #1] Bootstrap tree #350, logLikelihood: -6310.689909
[00:00:32] [worker #0] Bootstrap tree #349, logLikelihood: -6034.708716
[00:00:32] [worker #3] Bootstrap tree #352, logLikelihood: -6142.771337
[00:00:32] [worker #5] Bootstrap tree #354, logLikelihood: -5939.645873
[00:00:32] [worker #1] Bootstrap tree #356, logLikelihood: -6176.933833
[00:00:32] [worker #2] Bootstrap tree #351, logLikelihood: -6055.562536
[00:00:32] [worker #0] Bootstrap tree #355, logLikelihood: -6031.005875
[00:00:32] [worker #4] Bootstrap tree #353, logLikelihood: -6098.772339
[00:00:33] [worker #3] Bootstrap tree #358, logLikelihood: -6057.593260
[00:00:33] [worker #1] Bootstrap tree #362, logLikelihood: -6218.531932
[00:00:33] [worker #5] Bootstrap tree #360, logLikelihood: -6371.472930
[00:00:33] [worker #2] Bootstrap tree #357, logLikelihood: -6099.242634
[00:00:33] [worker #4] Bootstrap tree #359, logLikelihood: -6199.452264
[00:00:33] [worker #0] Bootstrap tree #361, logLikelihood: -6037.417057
[00:00:33] [worker #3] Bootstrap tree #364, logLikelihood: -6146.326658
[00:00:33] [worker #1] Bootstrap tree #368, logLikelihood: -5982.606675
[00:00:33] [worker #2] Bootstrap tree #363, logLikelihood: -6140.402372
[00:00:33] [worker #4] Bootstrap tree #365, logLikelihood: -6072.977577
[00:00:33] [worker #5] Bootstrap tree #366, logLikelihood: -6004.883128
[00:00:33] [worker #0] Bootstrap tree #367, logLikelihood: -6153.560980
[00:00:33] [worker #3] Bootstrap tree #370, logLikelihood: -6135.241729
[00:00:34] [worker #1] Bootstrap tree #374, logLikelihood: -6072.097984
[00:00:34] [worker #4] Bootstrap tree #371, logLikelihood: -6032.591015
[00:00:34] [worker #2] Bootstrap tree #369, logLikelihood: -6185.546667
[00:00:34] [worker #5] Bootstrap tree #372, logLikelihood: -6017.956060
[00:00:34] [worker #0] Bootstrap tree #373, logLikelihood: -6217.167659
[00:00:34] [worker #3] Bootstrap tree #376, logLikelihood: -6019.620860
[00:00:34] [worker #1] Bootstrap tree #380, logLikelihood: -5973.314582
[00:00:34] [worker #4] Bootstrap tree #377, logLikelihood: -6141.742715
[00:00:34] [worker #5] Bootstrap tree #378, logLikelihood: -6227.966571
[00:00:34] [worker #2] Bootstrap tree #375, logLikelihood: -6112.620005
[00:00:34] [worker #3] Bootstrap tree #382, logLikelihood: -6193.175713
[00:00:34] [worker #0] Bootstrap tree #379, logLikelihood: -5964.787461
[00:00:35] [worker #1] Bootstrap tree #386, logLikelihood: -6180.724746
[00:00:35] [worker #4] Bootstrap tree #383, logLikelihood: -5959.378624
[00:00:35] [worker #5] Bootstrap tree #384, logLikelihood: -6068.025939
[00:00:35] [worker #2] Bootstrap tree #381, logLikelihood: -5956.191581
[00:00:35] [worker #3] Bootstrap tree #388, logLikelihood: -6017.146818
[00:00:35] [worker #0] Bootstrap tree #385, logLikelihood: -6244.786120
[00:00:35] [worker #1] Bootstrap tree #392, logLikelihood: -6149.960740
[00:00:35] [worker #4] Bootstrap tree #389, logLikelihood: -6044.085770
[00:00:35] [worker #3] Bootstrap tree #394, logLikelihood: -6146.239581
[00:00:35] [worker #0] Bootstrap tree #391, logLikelihood: -6073.760578
[00:00:35] [worker #2] Bootstrap tree #387, logLikelihood: -6138.104085
[00:00:36] [worker #1] Bootstrap tree #398, logLikelihood: -6111.875151
[00:00:36] [worker #5] Bootstrap tree #390, logLikelihood: -6301.301043
[00:00:36] [worker #4] Bootstrap tree #395, logLikelihood: -6192.499359
[00:00:36] [worker #0] Bootstrap tree #397, logLikelihood: -5926.744039
[00:00:36] [worker #3] Bootstrap tree #400, logLikelihood: -6155.729457
[00:00:36] [worker #2] Bootstrap tree #393, logLikelihood: -5945.613158
[00:00:36] [worker #5] Bootstrap tree #396, logLikelihood: -6148.714132
[00:00:36] [worker #2] Bootstrap tree #399, logLikelihood: -6059.402738
[00:00:37] [worker #4] Bootstrap tree #401, logLikelihood: -6111.901642
[00:00:37] [worker #0] Bootstrap tree #403, logLikelihood: -6067.615618
[00:00:37] [worker #3] Bootstrap tree #406, logLikelihood: -6071.050447
[00:00:37] [worker #5] Bootstrap tree #402, logLikelihood: -6166.580295
[00:00:37] [worker #2] Bootstrap tree #405, logLikelihood: -6115.066087
[00:00:37] [worker #1] Bootstrap tree #404, logLikelihood: -6021.618394
[00:00:38] [worker #0] Bootstrap tree #409, logLikelihood: -6136.185905
[00:00:38] [worker #3] Bootstrap tree #412, logLikelihood: -6078.147802
[00:00:38] [worker #4] Bootstrap tree #407, logLikelihood: -6047.255697
[00:00:38] [worker #2] Bootstrap tree #411, logLikelihood: -6144.745165
[00:00:38] [worker #5] Bootstrap tree #408, logLikelihood: -6287.816013
[00:00:38] [worker #1] Bootstrap tree #410, logLikelihood: -6109.393595
[00:00:38] [worker #3] Bootstrap tree #418, logLikelihood: -6161.315069
[00:00:38] [worker #0] Bootstrap tree #415, logLikelihood: -6136.950600
[00:00:38] [worker #2] Bootstrap tree #417, logLikelihood: -6081.720642
[00:00:38] [worker #4] Bootstrap tree #413, logLikelihood: -6097.195674
[00:00:39] [worker #5] Bootstrap tree #414, logLikelihood: -5978.276600
[00:00:39] [worker #1] Bootstrap tree #416, logLikelihood: -6332.981765
[00:00:39] [worker #0] Bootstrap tree #421, logLikelihood: -6222.362933
[00:00:39] [worker #3] Bootstrap tree #424, logLikelihood: -6175.828391
[00:00:39] [worker #2] Bootstrap tree #423, logLikelihood: -6170.891551
[00:00:39] [worker #4] Bootstrap tree #419, logLikelihood: -6099.337896
[00:00:39] [worker #5] Bootstrap tree #420, logLikelihood: -6023.204619
[00:00:39] [worker #0] Bootstrap tree #427, logLikelihood: -6187.397975
[00:00:39] [worker #1] Bootstrap tree #422, logLikelihood: -6057.728828
[00:00:39] [worker #3] Bootstrap tree #430, logLikelihood: -6267.719078
[00:00:39] [worker #2] Bootstrap tree #429, logLikelihood: -6122.093590
[00:00:39] [worker #4] Bootstrap tree #425, logLikelihood: -6223.554920
[00:00:40] [worker #3] Bootstrap tree #436, logLikelihood: -6319.256205
[00:00:40] [worker #0] Bootstrap tree #433, logLikelihood: -6056.524896
[00:00:40] [worker #1] Bootstrap tree #428, logLikelihood: -6199.318767
[00:00:40] [worker #2] Bootstrap tree #435, logLikelihood: -6045.049630
[00:00:40] [worker #5] Bootstrap tree #426, logLikelihood: -6146.521897
[00:00:40] [worker #4] Bootstrap tree #431, logLikelihood: -6142.465765
[00:00:40] [worker #0] Bootstrap tree #439, logLikelihood: -6031.236137
[00:00:40] [worker #3] Bootstrap tree #442, logLikelihood: -6063.499725
[00:00:40] [worker #1] Bootstrap tree #434, logLikelihood: -6176.061236
[00:00:40] [worker #2] Bootstrap tree #441, logLikelihood: -5980.555551
[00:00:41] [worker #5] Bootstrap tree #432, logLikelihood: -6142.221956
[00:00:41] [worker #4] Bootstrap tree #437, logLikelihood: -5794.662554
[00:00:41] [worker #3] Bootstrap tree #448, logLikelihood: -6260.161421
[00:00:41] [worker #1] Bootstrap tree #440, logLikelihood: -6163.527178
[00:00:41] [worker #0] Bootstrap tree #445, logLikelihood: -6100.896629
[00:00:41] [worker #2] Bootstrap tree #447, logLikelihood: -6017.183065
[00:00:41] [worker #4] Bootstrap tree #443, logLikelihood: -5965.197055
[00:00:42] [worker #1] Bootstrap tree #446, logLikelihood: -6213.379570
[00:00:42] [worker #5] Bootstrap tree #438, logLikelihood: -6284.573486
[00:00:42] [worker #4] Bootstrap tree #449, logLikelihood: -6263.637073
[00:00:43] [worker #5] Bootstrap tree #444, logLikelihood: -6285.910258
[00:00:43] [worker #5] Bootstrap tree #450, logLikelihood: -5986.085972
[00:00:44] [worker #3] Bootstrap tree #454, logLikelihood: -6143.713190
[00:00:44] [worker #5] Bootstrap tree #456, logLikelihood: -6125.393079
[00:00:44] [worker #4] Bootstrap tree #455, logLikelihood: -6296.968344
[00:00:44] [worker #2] Bootstrap tree #453, logLikelihood: -6112.177851
[00:00:44] [worker #1] Bootstrap tree #452, logLikelihood: -6005.331483
[00:00:44] [worker #0] Bootstrap tree #451, logLikelihood: -6130.202757
[00:00:45] [worker #5] Bootstrap tree #462, logLikelihood: -6096.726744
[00:00:45] [worker #1] Bootstrap tree #458, logLikelihood: -6111.961033
[00:00:45] [worker #4] Bootstrap tree #461, logLikelihood: -6054.524024
[00:00:45] [worker #3] Bootstrap tree #460, logLikelihood: -6143.042018
[00:00:45] [worker #2] Bootstrap tree #459, logLikelihood: -6023.776170
[00:00:45] [worker #0] Bootstrap tree #457, logLikelihood: -6091.756617
[00:00:45] [worker #5] Bootstrap tree #468, logLikelihood: -6002.686677
[00:00:45] [worker #3] Bootstrap tree #466, logLikelihood: -6044.740374
[00:00:45] [worker #1] Bootstrap tree #464, logLikelihood: -6018.038002
[00:00:45] [worker #0] Bootstrap tree #463, logLikelihood: -6145.245099
[00:00:45] [worker #4] Bootstrap tree #467, logLikelihood: -6358.573402
[00:00:46] [worker #2] Bootstrap tree #465, logLikelihood: -6255.111558
[00:00:46] [worker #5] Bootstrap tree #474, logLikelihood: -6160.886981
[00:00:46] [worker #1] Bootstrap tree #470, logLikelihood: -6193.623483
[00:00:46] [worker #3] Bootstrap tree #472, logLikelihood: -6085.479806
[00:00:46] [worker #0] Bootstrap tree #469, logLikelihood: -6059.051778
[00:00:46] [worker #4] Bootstrap tree #473, logLikelihood: -6155.708226
[00:00:46] [worker #5] Bootstrap tree #480, logLikelihood: -6254.728842
[00:00:46] [worker #2] Bootstrap tree #471, logLikelihood: -6261.156239
[00:00:46] [worker #1] Bootstrap tree #476, logLikelihood: -6058.475014
[00:00:46] [worker #0] Bootstrap tree #475, logLikelihood: -6042.726464
[00:00:46] [worker #3] Bootstrap tree #478, logLikelihood: -6193.487404
[00:00:47] [worker #2] Bootstrap tree #477, logLikelihood: -5982.528754
[00:00:47] [worker #4] Bootstrap tree #479, logLikelihood: -6107.264255
[00:00:47] [worker #5] Bootstrap tree #486, logLikelihood: -6054.379851
[00:00:47] [worker #1] Bootstrap tree #482, logLikelihood: -6081.876341
[00:00:47] [worker #3] Bootstrap tree #484, logLikelihood: -6217.841527
[00:00:47] [worker #0] Bootstrap tree #481, logLikelihood: -6080.904214
[00:00:47] [worker #2] Bootstrap tree #483, logLikelihood: -6077.166335
[00:00:47] [worker #4] Bootstrap tree #485, logLikelihood: -6174.360154
[00:00:47] [worker #5] Bootstrap tree #492, logLikelihood: -6158.972923
[00:00:47] [worker #1] Bootstrap tree #488, logLikelihood: -6138.580053
[00:00:48] [worker #0] Bootstrap tree #487, logLikelihood: -6069.786013
[00:00:48] [worker #3] Bootstrap tree #490, logLikelihood: -6085.830970
[00:00:48] [worker #2] Bootstrap tree #489, logLikelihood: -6230.092168
[00:00:48] [worker #5] Bootstrap tree #498, logLikelihood: -6183.469225
[00:00:48] [worker #4] Bootstrap tree #491, logLikelihood: -6130.380687
[00:00:48] [worker #1] Bootstrap tree #494, logLikelihood: -6070.135854
[00:00:48] [worker #0] Bootstrap tree #493, logLikelihood: -6061.451461
[00:00:48] [worker #3] Bootstrap tree #496, logLikelihood: -6084.080687
[00:00:48] [worker #2] Bootstrap tree #495, logLikelihood: -6298.391770
[00:00:49] [worker #4] Bootstrap tree #497, logLikelihood: -6004.921201
[00:00:49] [worker #0] Bootstrap tree #499, logLikelihood: -6119.363488
[00:00:49] [worker #1] Bootstrap tree #500, logLikelihood: -6072.467289
[00:00:49] [worker #2] Bootstrap tree #501, logLikelihood: -6087.516412
[00:00:49] [worker #4] Bootstrap tree #503, logLikelihood: -6191.235969
[00:00:49] [worker #1] Bootstrap tree #506, logLikelihood: -6141.656760
[00:00:49] [worker #5] Bootstrap tree #504, logLikelihood: -6252.416305
[00:00:50] [worker #0] Bootstrap tree #505, logLikelihood: -6081.523425
[00:00:50] [worker #3] Bootstrap tree #502, logLikelihood: -6118.920458
[00:00:50] [worker #2] Bootstrap tree #507, logLikelihood: -6127.402251
[00:00:50] [worker #5] Bootstrap tree #510, logLikelihood: -6144.849039
[00:00:50] [worker #3] Bootstrap tree #508, logLikelihood: -6091.917925
[00:00:50] [worker #4] Bootstrap tree #509, logLikelihood: -6198.532985
[00:00:50] [worker #1] Bootstrap tree #512, logLikelihood: -6185.162102
[00:00:50] [worker #0] Bootstrap tree #511, logLikelihood: -5852.891297
[00:00:50] [worker #5] Bootstrap tree #516, logLikelihood: -6203.015563
[00:00:51] [worker #3] Bootstrap tree #514, logLikelihood: -5928.272874
[00:00:51] [worker #2] Bootstrap tree #513, logLikelihood: -6080.753043
[00:00:51] [worker #4] Bootstrap tree #515, logLikelihood: -5963.675549
[00:00:51] [worker #0] Bootstrap tree #517, logLikelihood: -6077.844108
[00:00:51] [worker #1] Bootstrap tree #518, logLikelihood: -6007.087976
[00:00:51] [worker #5] Bootstrap tree #522, logLikelihood: -6151.187079
[00:00:51] [worker #2] Bootstrap tree #519, logLikelihood: -6100.971979
[00:00:51] [worker #4] Bootstrap tree #521, logLikelihood: -6064.114306
[00:00:51] [worker #3] Bootstrap tree #520, logLikelihood: -6209.081261
[00:00:51] [worker #1] Bootstrap tree #524, logLikelihood: -6179.289390
[00:00:51] [worker #5] Bootstrap tree #528, logLikelihood: -6184.185057
[00:00:51] [worker #0] Bootstrap tree #523, logLikelihood: -6311.030430
[00:00:52] [worker #2] Bootstrap tree #525, logLikelihood: -6138.589527
[00:00:52] [worker #4] Bootstrap tree #527, logLikelihood: -6057.532306
[00:00:52] [worker #3] Bootstrap tree #526, logLikelihood: -5902.903390
[00:00:52] [worker #1] Bootstrap tree #530, logLikelihood: -6092.364093
[00:00:52] [worker #0] Bootstrap tree #529, logLikelihood: -6109.722902
[00:00:52] [worker #5] Bootstrap tree #534, logLikelihood: -6032.876802
[00:00:52] [worker #4] Bootstrap tree #533, logLikelihood: -6317.763613
[00:00:52] [worker #2] Bootstrap tree #531, logLikelihood: -6214.030153
[00:00:52] [worker #3] Bootstrap tree #532, logLikelihood: -6202.892372
[00:00:53] [worker #1] Bootstrap tree #536, logLikelihood: -6242.326060
[00:00:53] [worker #0] Bootstrap tree #535, logLikelihood: -6200.126782
[00:00:53] [worker #5] Bootstrap tree #540, logLikelihood: -6154.916138
[00:00:53] [worker #4] Bootstrap tree #539, logLikelihood: -5975.709498
[00:00:53] [worker #2] Bootstrap tree #537, logLikelihood: -6183.861480
[00:00:53] [worker #1] Bootstrap tree #542, logLikelihood: -6129.619866
[00:00:53] [worker #0] Bootstrap tree #541, logLikelihood: -6133.114027
[00:00:53] [worker #3] Bootstrap tree #538, logLikelihood: -6296.010521
[00:00:53] [worker #5] Bootstrap tree #546, logLikelihood: -6075.656425
[00:00:53] [worker #4] Bootstrap tree #545, logLikelihood: -6092.842098
[00:00:53] [worker #2] Bootstrap tree #543, logLikelihood: -6238.951932
[00:00:53] [worker #1] Bootstrap tree #548, logLikelihood: -6098.065967
[00:00:54] [worker #0] Bootstrap tree #547, logLikelihood: -6195.513660
[00:00:54] [worker #3] Bootstrap tree #544, logLikelihood: -6034.911445
[00:00:54] [worker #2] Bootstrap tree #549, logLikelihood: -6095.678053
[00:00:54] [worker #3] Bootstrap tree #550, logLikelihood: -6034.329433
[00:00:55] [worker #4] Bootstrap tree #551, logLikelihood: -6115.214776
[00:00:55] [worker #3] Bootstrap tree #556, logLikelihood: -6164.896334
[00:00:55] [worker #0] Bootstrap tree #553, logLikelihood: -6181.607279
[00:00:55] [worker #2] Bootstrap tree #555, logLikelihood: -5876.571964
[00:00:55] [worker #5] Bootstrap tree #552, logLikelihood: -6343.399877
[00:00:55] [worker #1] Bootstrap tree #554, logLikelihood: -6106.896017
[00:00:55] [worker #4] Bootstrap tree #557, logLikelihood: -6046.904594
[00:00:55] [worker #3] Bootstrap tree #562, logLikelihood: -6184.380742
[00:00:55] [worker #0] Bootstrap tree #559, logLikelihood: -6196.062277
[00:00:55] [worker #2] Bootstrap tree #561, logLikelihood: -6012.741182
[00:00:56] [worker #5] Bootstrap tree #558, logLikelihood: -6149.951218
[00:00:56] [worker #1] Bootstrap tree #560, logLikelihood: -6149.443333
[00:00:56] [worker #3] Bootstrap tree #568, logLikelihood: -6188.090880
[00:00:56] [worker #4] Bootstrap tree #563, logLikelihood: -6162.076171
[00:00:56] [worker #0] Bootstrap tree #565, logLikelihood: -6153.737738
[00:00:56] [worker #2] Bootstrap tree #567, logLikelihood: -6111.446320
[00:00:56] [worker #5] Bootstrap tree #564, logLikelihood: -6033.336482
[00:00:56] [worker #1] Bootstrap tree #566, logLikelihood: -6223.246279
[00:00:57] [worker #4] Bootstrap tree #569, logLikelihood: -6151.521376
[00:00:57] [worker #3] Bootstrap tree #574, logLikelihood: -6059.631834
[00:00:57] [worker #0] Bootstrap tree #571, logLikelihood: -6142.549517
[00:00:57] [worker #2] Bootstrap tree #573, logLikelihood: -6146.623756
[00:00:57] [worker #5] Bootstrap tree #570, logLikelihood: -6164.264028
[00:00:57] [worker #1] Bootstrap tree #572, logLikelihood: -6335.196470
[00:00:57] [worker #3] Bootstrap tree #580, logLikelihood: -6125.307285
[00:00:57] [worker #4] Bootstrap tree #575, logLikelihood: -6241.624306
[00:00:57] [worker #2] Bootstrap tree #579, logLikelihood: -6225.362415
[00:00:57] [worker #0] Bootstrap tree #577, logLikelihood: -6007.286045
[00:00:58] [worker #1] Bootstrap tree #578, logLikelihood: -5889.956627
[00:00:58] [worker #5] Bootstrap tree #576, logLikelihood: -6207.883553
[00:00:58] [worker #3] Bootstrap tree #586, logLikelihood: -6019.389493
[00:00:58] [worker #0] Bootstrap tree #583, logLikelihood: -6023.400948
[00:00:58] [worker #4] Bootstrap tree #581, logLikelihood: -6120.613518
[00:00:58] [worker #2] Bootstrap tree #585, logLikelihood: -6143.597216
[00:00:58] [worker #1] Bootstrap tree #584, logLikelihood: -6151.016727
[00:00:58] [worker #0] Bootstrap tree #589, logLikelihood: -6077.178608
[00:00:58] [worker #3] Bootstrap tree #[592, logLikelihood: 0:00:58-6079.267017/ [worker #5] Bootstrap tree #582
-5943.590859
[00:00:58] [worker #4] Bootstrap tree #587, logLikelihood: -6124.807546
[00:00:59] [worker #1] Bootstrap tree #590, logLikelihood: -5983.247397
[00:00:59] [worker #0] Bootstrap tree #595, logLikelihood: -6264.032512
[00:00:59] [worker #3] Bootstrap tree #598, logLikelihood: -6068.970008
[00:00:59] [worker #4] Bootstrap tree #593, logLikelihood: -6169.908071
[00:00:59] [worker #2] Bootstrap tree #591, logLikelihood: -6206.753317
[00:00:59] [worker #5] Bootstrap tree #588, logLikelihood: -6130.711846
[00:00:59] [worker #1] Bootstrap tree #596, logLikelihood: -6143.835131
[00:00:59] [worker #2] Bootstrap tree #597, logLikelihood: -6084.990233
[00:00:59] [worker #4] Bootstrap tree #599, logLikelihood: -6169.038006
[00:00:59] [worker #5] Bootstrap tree #594, logLikelihood: -6029.699790
[00:01:00] [worker #5] Bootstrap tree #600, logLikelihood: -5953.329843
[00:01:00] [worker #2] Bootstrap tree #603, logLikelihood: -6100.695027
[00:01:01] [worker #0] Bootstrap tree #601, logLikelihood: -6052.476281
[00:01:01] [worker #5] Bootstrap tree #606, logLikelihood: -6085.186997
[00:01:01] [worker #3] Bootstrap tree #604, logLikelihood: -6115.983058
[00:01:01] [worker #4] Bootstrap tree #605, logLikelihood: -6159.134007
[00:01:01] [worker #1] Bootstrap tree #602, logLikelihood: -6102.066849
[00:01:01] [worker #2] Bootstrap tree #609, logLikelihood: -5944.497857
[00:01:01] [worker #3] Bootstrap tree #610, logLikelihood: -6115.862495
[00:01:01] [worker #0] Bootstrap tree #607, logLikelihood: -6133.859900
[00:01:01] [worker #4] Bootstrap tree #611, logLikelihood: -5984.546243
[00:01:01] [worker #5] Bootstrap tree #612, logLikelihood: -6124.000887
[00:01:01] [worker #2] Bootstrap tree #615, logLikelihood: -6147.662208
[00:01:01] [worker #1] Bootstrap tree #608, logLikelihood: -5933.867494
[00:01:02] [worker #3] Bootstrap tree #616, logLikelihood: -6021.965001
[00:01:02] [worker #0] Bootstrap tree #613, logLikelihood: -5989.207503
[00:01:02] [worker #4] Bootstrap tree #617, logLikelihood: -6262.355582
[00:01:02] [worker #2] Bootstrap tree #621, logLikelihood: -6256.894426
[00:01:02] [worker #5] Bootstrap tree #618, logLikelihood: -5986.166769
[00:01:02] [worker #1] Bootstrap tree #614, logLikelihood: -6148.288002
[00:01:02] [worker #3] Bootstrap tree #622, logLikelihood: -6079.637764
[00:01:02] [worker #0] Bootstrap tree #619, logLikelihood: -6300.852217
[00:01:02] [worker #4] Bootstrap tree #623, logLikelihood: -6226.084836
[00:01:03] [worker #5] Bootstrap tree #624, logLikelihood: -6213.230634
[00:01:03] [worker #2] Bootstrap tree #627, logLikelihood: -6087.634628
[00:01:03] [worker #1] Bootstrap tree #620, logLikelihood: -6107.847680
[00:01:03] [worker #3] Bootstrap tree #628, logLikelihood: -6050.497976
[00:01:03] [worker #0] Bootstrap tree #625, logLikelihood: -6124.274077
[00:01:03] [worker #4] Bootstrap tree #629, logLikelihood: -6055.730252
[00:01:03] [worker #5] Bootstrap tree #630, logLikelihood: -5968.600506
[00:01:03] [worker #2] Bootstrap tree #633, logLikelihood: -6136.299933
[00:01:03] [worker #1] Bootstrap tree #626, logLikelihood: -6181.058605
[00:01:03] [worker #3] Bootstrap tree #634, logLikelihood: -6169.496958
[00:01:03] [worker #0] Bootstrap tree #631, logLikelihood: -6107.621880
[00:01:04] [worker #4] Bootstrap tree #635, logLikelihood: -6204.121674
[00:01:04] [worker #5] Bootstrap tree #636, logLikelihood: -6122.294360
[00:01:04] [worker #1] Bootstrap tree #632, logLikelihood: -6177.338592
[00:01:04] [worker #2] Bootstrap tree #639, logLikelihood: -6087.731036
[00:01:04] [worker #3] Bootstrap tree #640, logLikelihood: -6172.993393
[00:01:04] [worker #0] Bootstrap tree #637, logLikelihood: -6135.786012
[00:01:04] [worker #4] Bootstrap tree #641, logLikelihood: -5981.782968
[00:01:04] [worker #5] Bootstrap tree #642, logLikelihood: -6092.581188
[00:01:04] [worker #1] Bootstrap tree #638, logLikelihood: -6117.410349
[00:01:04] [worker #2] Bootstrap tree #645, logLikelihood: -6088.669942
[00:01:05] [worker #0] Bootstrap tree #643, logLikelihood: -6185.573306
[00:01:05] [worker #5] Bootstrap tree #648, logLikelihood: -6109.970368
[00:01:05] [worker #3] Bootstrap tree #646, logLikelihood: -6285.068754
[00:01:05] [worker #1] Bootstrap tree #644, logLikelihood: -6195.820793
[00:01:05] [worker #4] Bootstrap tree #647, logLikelihood: -6055.807315
[00:01:05] [worker #0] Bootstrap tree #649, logLikelihood: -6133.799151
[00:01:06] [worker #1] Bootstrap tree #650, logLikelihood: -5983.666980
[00:01:06] [worker #2] Bootstrap tree #651, logLikelihood: -6127.871702
[00:01:06] [worker #1] Bootstrap tree #656, logLikelihood: -6247.512539
[00:01:06] [worker #4] Bootstrap tree #653, logLikelihood: -6077.570816
[00:01:06] [worker #5] Bootstrap tree #654, logLikelihood: -6018.898389
[00:01:06] [worker #3] Bootstrap tree #652, logLikelihood: -6030.069100
[00:01:06] [worker #0] Bootstrap tree #655, logLikelihood: -6128.245063
[00:01:07] [worker #4] Bootstrap tree #659, logLikelihood: -6141.921746
[00:01:07] [worker #3] Bootstrap tree #658, logLikelihood: -6245.524517
[00:01:07] [worker #2] Bootstrap tree #657, logLikelihood: -6063.977576
[00:01:07] [worker #1] Bootstrap tree #662, logLikelihood: -6098.807035
[00:01:07] [worker #5] Bootstrap tree #660, logLikelihood: -6367.280624
[00:01:07] [worker #4] Bootstrap tree #665, logLikelihood: -6036.667536
[00:01:07] [worker #0] Bootstrap tree #661, logLikelihood: -6232.463717
[00:01:07] [worker #2] Bootstrap tree #663, logLikelihood: -6080.014630
[00:01:07] [worker #1] Bootstrap tree #668, logLikelihood: -6092.433945
[00:01:07] [worker #3] Bootstrap tree #664, logLikelihood: -6255.180139
[00:01:08] [worker #5] Bootstrap tree #666, logLikelihood: -6011.122025
[00:01:08] [worker #2] Bootstrap tree #669, logLikelihood: -5907.174593
[00:01:08] [worker #0] Bootstrap tree #667, logLikelihood: -5980.474638
[00:01:08] [worker #4] Bootstrap tree #671, logLikelihood: -6198.417020
[00:01:08] [worker #3] Bootstrap tree #670, logLikelihood: -6163.662747
[00:01:08] [worker #1] Bootstrap tree #674, logLikelihood: -6090.527893
[00:01:08] [worker #5] Bootstrap tree #672, logLikelihood: -6172.738125
[00:01:09] [worker #3] Bootstrap tree #676, logLikelihood: -6180.518948
[00:01:09] [worker #4] Bootstrap tree #677, logLikelihood: -6177.815802
[00:01:09] [worker #0] Bootstrap tree #673, logLikelihood: -6246.388384
[00:01:09] [worker #1] Bootstrap tree #680, logLikelihood: -5868.834863
[00:01:09] [worker #2] Bootstrap tree #675, logLikelihood: -6016.106229
[00:01:09] [worker #5] Bootstrap tree #678, logLikelihood: -6265.258438
[00:01:09] [worker #3] Bootstrap tree #682, logLikelihood: -6076.626934
[00:01:09] [worker #4] Bootstrap tree #683, logLikelihood: -6218.776462
[00:01:09] [worker #0] Bootstrap tree #679, logLikelihood: -6046.416218
[00:01:09] [worker #1] Bootstrap tree #686, logLikelihood: -6124.323205
[00:01:09] [worker #2] Bootstrap tree #681, logLikelihood: -6153.685208
[00:01:10] [worker #3] Bootstrap tree #688, logLikelihood: -6000.935862
[00:01:10] [worker #5] Bootstrap tree #684, logLikelihood: -6093.463647
[00:01:10] [worker #4] Bootstrap tree #689, logLikelihood: -6070.756004
[00:01:10] [worker #0] Bootstrap tree #685, logLikelihood: -6106.154370
[00:01:10] [worker #1] Bootstrap tree #692, logLikelihood: -6124.851988
[00:01:10] [worker #3] Bootstrap tree #694, logLikelihood: -6215.286634
[00:01:10] [worker #2] Bootstrap tree #687, logLikelihood: -6185.500228
[00:01:10] [worker #5] Bootstrap tree #690, logLikelihood: -6190.422885
[00:01:10] [worker #0] Bootstrap tree #691, logLikelihood: -6196.663632
[00:01:10] [worker #4] Bootstrap tree #695, logLikelihood: -6032.913225
[00:01:11] [worker #1] Bootstrap tree #698, logLikelihood: -6093.373484
[00:01:11] [worker #3] Bootstrap tree #700, logLikelihood: -6005.930909
[00:01:11] [worker #2] Bootstrap tree #693, logLikelihood: -6219.861145
[00:01:11] [worker #5] Bootstrap tree #696, logLikelihood: -6168.943223
[00:01:11] [worker #0] Bootstrap tree #697, logLikelihood: -6043.482678
[00:01:11] [worker #2] Bootstrap tree #699, logLikelihood: -6066.375884
[00:01:12] [worker #2] Bootstrap tree #705, logLikelihood: -5956.354229
[00:01:12] [worker #1] Bootstrap tree #704, logLikelihood: -6064.812504
[00:01:12] [worker #0] Bootstrap tree #703, logLikelihood: -6083.595261
[00:01:12] [worker #4] Bootstrap tree #701, logLikelihood: -6279.813582
[00:01:12] [worker #5] Bootstrap tree #702, logLikelihood: -6255.340829
[00:01:12] [worker #3] Bootstrap tree #706, logLikelihood: -6194.655273
[00:01:13] [worker #2] Bootstrap tree #711, logLikelihood: -6090.223063
[00:01:13] [worker #1] Bootstrap tree #710, logLikelihood: -6153.085992
[00:01:13] [worker #5] Bootstrap tree #708, logLikelihood: -6071.183846
[00:01:13] [worker #3] Bootstrap tree #712, logLikelihood: -6088.563360
[00:01:13] [worker #4] Bootstrap tree #707, logLikelihood: -6158.738267
[00:01:13] [worker #0] Bootstrap tree #709, logLikelihood: -6048.331818
[00:01:13] [worker #2] Bootstrap tree #717, logLikelihood: -6094.241767
[00:01:13] [worker #5] Bootstrap tree #714, logLikelihood: -6113.217503
[00:01:13] [worker #1] Bootstrap tree #716, logLikelihood: -6234.391321
[00:01:13] [worker #0] Bootstrap tree #715, logLikelihood: -6117.344725
[00:01:13] [worker #4] Bootstrap tree #713, logLikelihood: -6109.953289
[00:01:14] [worker #3] Bootstrap tree #718, logLikelihood: -6096.728834
[00:01:14] [worker #2] Bootstrap tree #723, logLikelihood: -6023.091905
[00:01:14] [worker #5] Bootstrap tree #720, logLikelihood: -6312.485762
[00:01:14] [worker #0] Bootstrap tree #721, logLikelihood: -6026.675743
[00:01:14] [worker #1] Bootstrap tree #722, logLikelihood: -6011.167455
[00:01:14] [worker #4] Bootstrap tree #719, logLikelihood: -6174.341332
[00:01:14] [worker #5] Bootstrap tree #726, logLikelihood: -5978.693456
[00:01:14] [worker #3] Bootstrap tree #724, logLikelihood: -6096.947260
[00:01:14] [worker #1] Bootstrap tree #728, logLikelihood: -6084.474854
[00:01:15] [worker #4] Bootstrap tree #725, logLikelihood: -5975.471766
[00:01:15] [worker #0] Bootstrap tree #727, logLikelihood: -6109.724195
[00:01:15] [worker #2] Bootstrap tree #729, logLikelihood: -6203.629896
[00:01:15] [worker #3] Bootstrap tree #730, logLikelihood: -6077.654324
[00:01:15] [worker #5] Bootstrap tree #732, logLikelihood: -6113.860660
[00:01:15] [worker #1] Bootstrap tree #734, logLikelihood: -6105.279078
[00:01:15] [worker #4] Bootstrap tree #731, logLikelihood: -6108.370588
[00:01:15] [worker #0] Bootstrap tree #733, logLikelihood: -6164.209845
[00:01:15] [worker #3] Bootstrap tree #736, logLikelihood: -6099.268143
[00:01:16] [worker #5] Bootstrap tree #738, logLikelihood: -6108.790986
[00:01:16] [worker #2] Bootstrap tree #735, logLikelihood: -6094.144766
[00:01:16] [worker #4] Bootstrap tree #737, logLikelihood: -6196.712103
[00:01:16] [worker #1] Bootstrap tree #740, logLikelihood: -6165.972890
[00:01:16] [worker #0] Bootstrap tree #739, logLikelihood: -6227.609322
[00:01:16] [worker #3] Bootstrap tree #742, logLikelihood: -6188.285364
[00:01:16] [worker #5] Bootstrap tree #744, logLikelihood: -6039.779590
[00:01:16] [worker #4] Bootstrap tree #743, logLikelihood: -6209.126110
[00:01:16] [worker #1] Bootstrap tree #746, logLikelihood: -6190.344664
[00:01:16] [worker #2] Bootstrap tree #741, logLikelihood: -6117.144418
[00:01:16] [worker #0] Bootstrap tree #745, logLikelihood: -6026.163818
[00:01:16] [worker #3] Bootstrap tree #748, logLikelihood: -6039.985841
[00:01:17] [worker #5] Bootstrap tree #750, logLikelihood: -5946.962680
[00:01:17] [worker #4] Bootstrap tree #749, logLikelihood: -6152.827036
[00:01:17] [worker #2] Bootstrap tree #747, logLikelihood: -6015.852809
[00:01:18] [worker #2] Bootstrap tree #753, logLikelihood: -6180.440354
[00:01:18] [worker #1] Bootstrap tree #752, logLikelihood: -6012.374527
[00:01:18] [worker #5] Bootstrap tree #756, logLikelihood: -6099.655353
[00:01:18] [worker #4] Bootstrap tree #755, logLikelihood: -6226.085164
[00:01:18] [worker #0] Bootstrap tree #751, logLikelihood: -6047.660778
[00:01:18] [worker #3] Bootstrap tree #754, logLikelihood: -6016.024684
[00:01:18] [worker #1] Bootstrap tree #758, logLikelihood: -6116.495459
[00:01:18] [worker #2] Bootstrap tree #759, logLikelihood: -6251.936203
[00:01:18] [worker #4] Bootstrap tree #761, logLikelihood: -6153.630355
[00:01:18] [worker #5] Bootstrap tree #762, logLikelihood: -5967.930309
[00:01:19] [worker #3] Bootstrap tree #760, logLikelihood: -6329.870365
[00:01:19] [worker #0] Bootstrap tree #757, logLikelihood: -6089.881991
[00:01:19] [worker #4] Bootstrap tree #767, logLikelihood: -6053.837538
[00:01:19] [worker #2] Bootstrap tree #765, logLikelihood: -6060.779273
[00:01:19] [worker #1] Bootstrap tree #764, logLikelihood: -6254.474476
[00:01:19] [worker #3] Bootstrap tree #766, logLikelihood: -6135.338816
[00:01:20] [worker #5] Bootstrap tree #768, logLikelihood: -6134.561121
[00:01:20] [worker #0] Bootstrap tree #763, logLikelihood: -6164.619975
[00:01:20] [worker #4] Bootstrap tree #773, logLikelihood: -6162.461188
[00:01:20] [worker #2] Bootstrap tree #771, logLikelihood: -6239.652149
[00:01:20] [worker #1] Bootstrap tree #770, logLikelihood: -6055.464010
[00:01:20] [worker #3] Bootstrap tree #772, logLikelihood: -6265.520419
[00:01:20] [worker #5] Bootstrap tree #774, logLikelihood: -5965.183893
[00:01:20] [worker #4] Bootstrap tree #779, logLikelihood: -6118.749219
[00:01:20] [worker #0] Bootstrap tree #769, logLikelihood: -6068.211450
[00:01:21] [worker #3] Bootstrap tree #778, logLikelihood: -6241.612359
[00:01:21] [worker #2] Bootstrap tree #777, logLikelihood: -6153.382938
[00:01:21] [worker #1] Bootstrap tree #776, logLikelihood: -6290.533227
[00:01:21] [worker #5] Bootstrap tree #780, logLikelihood: -5993.387285
[00:01:21] [worker #0] Bootstrap tree #775, logLikelihood: -6133.235989
[00:01:21] [worker #4] Bootstrap tree #785, logLikelihood: -6151.051122
[00:01:21] [worker #1] Bootstrap tree #782, logLikelihood: -6234.538944
[00:01:21] [worker #3] Bootstrap tree #784, logLikelihood: -6161.628373
[00:01:22] [worker #2] Bootstrap tree #783, logLikelihood: -6024.722995
[00:01:22] [worker #0] Bootstrap tree #781, logLikelihood: -6133.864252
[00:01:22] [worker #5] Bootstrap tree #786, logLikelihood: -6075.619249
[00:01:22] [worker #1] Bootstrap tree #788, logLikelihood: -6152.920563
[00:01:22] [worker #4] Bootstrap tree #791, logLikelihood: -6108.391420
[00:01:22] [worker #2] Bootstrap tree #789, logLikelihood: -6206.781432
[00:01:22] [worker #3] Bootstrap tree #790, logLikelihood: -6125.287801
[00:01:23] [worker #1] Bootstrap tree #794, logLikelihood: -6154.476108
[00:01:23] [worker #4] Bootstrap tree #797, logLikelihood: -6009.878591
[00:01:23] [worker #5] Bootstrap tree #792, logLikelihood: -6085.197343
[00:01:23] [worker #2] Bootstrap tree #795, logLikelihood: -6319.159104
[00:01:23] [worker #0] Bootstrap tree #787, logLikelihood: -5966.468004
[00:01:23] [worker #3] Bootstrap tree #796, logLikelihood: -6114.035244
[00:01:23] [worker #1] Bootstrap tree #800, logLikelihood: -6080.846103
[00:01:23] [worker #5] Bootstrap tree #798, logLikelihood: -6261.510713
[00:01:24] [worker #0] Bootstrap tree #793, logLikelihood: -6190.476818
[00:01:24] [worker #0] Bootstrap tree #799, logLikelihood: -5987.355429
[00:01:25] [worker #1] Bootstrap tree #806, logLikelihood: -6156.101065
[00:01:25] [worker #4] Bootstrap tree #803, logLikelihood: -6018.974809
[00:01:25] [worker #3] Bootstrap tree #802, logLikelihood: -6086.351228
[00:01:25] [worker #0] Bootstrap tree #805, logLikelihood: -6028.759386
[00:01:25] [worker #5] Bootstrap tree #804, logLikelihood: -6102.729226
[00:01:25] [worker #2] Bootstrap tree #801, logLikelihood: -6239.130118
[00:01:25] [worker #0] Bootstrap tree #811, logLikelihood: -6187.069515
[00:01:25] [worker #4] Bootstrap tree #809, logLikelihood: -6000.739374
[00:01:26] [worker #1] Bootstrap tree #812, logLikelihood: -6247.795770
[00:01:26] [worker #3] Bootstrap tree #808, logLikelihood: -6078.540532
[00:01:26] [worker #5] Bootstrap tree #810, logLikelihood: -6078.957515
[00:01:26] [worker #2] Bootstrap tree #807, logLikelihood: -6148.505984
[00:01:26] [worker #4] Bootstrap tree #815, logLikelihood: -6069.778913
[00:01:26] [worker #1] Bootstrap tree #818, logLikelihood: -6069.838543
[00:01:26] [worker #3] Bootstrap tree #814, logLikelihood: -6262.668550
[00:01:26] [worker #0] Bootstrap tree #817, logLikelihood: -6107.976615
[00:01:26] [worker #5] Bootstrap tree #816, logLikelihood: -6198.556656
[00:01:27] [worker #2] Bootstrap tree #813, logLikelihood: -6213.885517
[00:01:27] [worker #4] Bootstrap tree #821, logLikelihood: -6033.935461
[00:01:27] [worker #1] Bootstrap tree #824, logLikelihood: -6115.692505
[00:01:27] [worker #3] Bootstrap tree #820, logLikelihood: -6083.067588
[00:01:27] [worker #5] Bootstrap tree #822, logLikelihood: -6337.236392
[00:01:27] [worker #3] Bootstrap tree #826, logLikelihood: -6173.230440
[00:01:27] [worker #2] Bootstrap tree #819, logLikelihood: -6156.288816
[00:01:27] [worker #1] Bootstrap tree #830, logLikelihood: -6199.358609
[00:01:27] [worker #4] Bootstrap tree #827, logLikelihood: -5883.485997
[00:01:28] [worker #0] Bootstrap tree #823, logLikelihood: -6219.521986
[00:01:28] [worker #5] Bootstrap tree #828, logLikelihood: -6029.379215
[00:01:28] [worker #3] Bootstrap tree #832, logLikelihood: -6053.644723
[00:01:28] [worker #4] Bootstrap tree #833, logLikelihood: -6167.478721
[00:01:28] [worker #2] Bootstrap tree #825, logLikelihood: -6254.548797
[00:01:28] [worker #1] Bootstrap tree #836, logLikelihood: -6080.845948
[00:01:28] [worker #0] Bootstrap tree #829, logLikelihood: -6255.353760
[00:01:28] [worker #5] Bootstrap tree #834, logLikelihood: -6051.518704
[00:01:29] [worker #3] Bootstrap tree #838, logLikelihood: -6124.590548
[00:01:29] [worker #2] Bootstrap tree #831, logLikelihood: -6219.689261
[00:01:29] [worker #4] Bootstrap tree #839, logLikelihood: -6202.578864
[00:01:29] [worker #0] Bootstrap tree #835, logLikelihood: -6246.840185
[00:01:29] [worker #1] Bootstrap tree #842, logLikelihood: -6305.713981
[00:01:29] [worker #5] Bootstrap tree #840, logLikelihood: -6106.996783
[00:01:29] [worker #3] Bootstrap tree #844, logLikelihood: -6180.550669
[00:01:29] [worker #2] Bootstrap tree #837, logLikelihood: -6041.161627
[00:01:29] [worker #4] Bootstrap tree #845, logLikelihood: -5945.864249
[00:01:29] [worker #5] Bootstrap tree #846, logLikelihood: -6297.156270
[00:01:29] [worker #1] Bootstrap tree #848, logLikelihood: -6070.286894
[00:01:30] [worker #0] Bootstrap tree #841, logLikelihood: -6125.595958
[00:01:30] [worker #3] Bootstrap tree #850, logLikelihood: -6057.895801
[00:01:30] [worker #2] Bootstrap tree #843, logLikelihood: -6264.050246
[00:01:30] [worker #0] Bootstrap tree #847, logLikelihood: -6098.413144
[00:01:30] [worker #2] Bootstrap tree #849, logLikelihood: -6252.920720
[00:01:31] [worker #5] Bootstrap tree #852, logLikelihood: -6211.243056
[00:01:31] [worker #1] Bootstrap tree #854, logLikelihood: -5888.556078
[00:01:31] [worker #4] Bootstrap tree #851, logLikelihood: -6273.200744
[00:01:31] [worker #0] Bootstrap tree #853, logLikelihood: -5972.870635
[00:01:31] [worker #2] Bootstrap tree #855, logLikelihood: -6245.370484
[00:01:31] [worker #3] Bootstrap tree #856, logLikelihood: -6232.686004
[00:01:32] [worker #5] Bootstrap tree #858, logLikelihood: -6355.912949
[00:01:32] [worker #2] Bootstrap tree #861, logLikelihood: -6177.690920
[00:01:32] [worker #0] Bootstrap tree #859, logLikelihood: -6024.126844
[00:01:32] [worker #1] Bootstrap tree #860, logLikelihood: -6075.163070
[00:01:32] [worker #4] Bootstrap tree #857, logLikelihood: -5915.203333
[00:01:32] [worker #3] Bootstrap tree #862, logLikelihood: -6210.113191
[00:01:32] [worker #2] Bootstrap tree #867, logLikelihood: -6159.283611
[00:01:32] [worker #5] Bootstrap tree #864, logLikelihood: -6029.003630
[00:01:32] [worker #4] Bootstrap tree #863, logLikelihood: -6143.923442
[00:01:32] [worker #1] Bootstrap tree #866, logLikelihood: -6192.673083
[00:01:33] [worker #0] Bootstrap tree #865, logLikelihood: -6173.835812
[00:01:33] [worker #3] Bootstrap tree #868, logLikelihood: -6176.647737
[00:01:33] [worker #5] Bootstrap tree #870, logLikelihood: -6045.388108
[00:01:33] [worker #2] Bootstrap tree #873, logLikelihood: -6284.460768
[00:01:33] [worker #4] Bootstrap tree #869, logLikelihood: -6214.699548
[00:01:33] [worker #1] Bootstrap tree #872, logLikelihood: -6307.173286
[00:01:33] [worker #0] Bootstrap tree #871, logLikelihood: -6194.980485
[00:01:33] [worker #3] Bootstrap tree #874, logLikelihood: -6121.342035
[00:01:33] [worker #5] Bootstrap tree #876, logLikelihood: -6006.308558
[00:01:33] [worker #2] Bootstrap tree #879, logLikelihood: -6187.197687
[00:01:34] [worker #4] Bootstrap tree #875, logLikelihood: -6209.809046
[00:01:34] [worker #1] Bootstrap tree #878, logLikelihood: -6176.449078
[00:01:34] [worker #5] Bootstrap tree #882, logLikelihood: -6036.650578
[00:01:34] [worker #0] Bootstrap tree #877, logLikelihood: -6008.010521
[00:01:34] [worker #3] Bootstrap tree #880, logLikelihood: -6049.238924
[00:01:34] [worker #2] Bootstrap tree #885, logLikelihood: -6053.112337
[00:01:34] [worker #4] Bootstrap tree #881, logLikelihood: -6064.188218
[00:01:34] [worker #1] Bootstrap tree #884, logLikelihood: -6093.114634
[00:01:34] [worker #5] Bootstrap tree #888, logLikelihood: -6310.103569
[00:01:35] [worker #0] Bootstrap tree #883, logLikelihood: -6071.481882
[00:01:35] [worker #4] Bootstrap tree #887, logLikelihood: -6074.232485
[00:01:35] [worker #3] Bootstrap tree #886, logLikelihood: -5943.356800
[00:01:35] [worker #2] Bootstrap tree #891, logLikelihood: -6085.583385
[00:01:35] [worker #1] Bootstrap tree #890, logLikelihood: -6021.955053
[00:01:35] [worker #5] Bootstrap tree #894, logLikelihood: -5990.575356
[00:01:35] [worker #3] Bootstrap tree #892, logLikelihood: -6226.085893
[00:01:35] [worker #2] Bootstrap tree #897, logLikelihood: -5944.282775
[00:01:35] [worker #0] Bootstrap tree #889, logLikelihood: -6125.187300
[00:01:35] [worker #4] Bootstrap tree #893, logLikelihood: -6049.402733
[00:01:35] [worker #5] Bootstrap tree #900, logLikelihood: -6246.166224
[00:01:36] [worker #1] Bootstrap tree #896, logLikelihood: -6322.334458
[00:01:36] [worker #3] Bootstrap tree #898, logLikelihood: -6069.794271
[00:01:36] [worker #0] Bootstrap tree #895, logLikelihood: -6091.139323
[00:01:36] [worker #4] Bootstrap tree #899, logLikelihood: -6169.678406
[00:01:37] [worker #0] Bootstrap tree #901, logLikelihood: -6058.482688
[00:01:37] [worker #4] Bootstrap tree #905, logLikelihood: -6147.739961
[00:01:37] [worker #2] Bootstrap tree #903, logLikelihood: -6003.983351
[00:01:37] [worker #5] Bootstrap tree #906, logLikelihood: -6243.832357
[00:01:37] [worker #3] Bootstrap tree #904, logLikelihood: -6104.516379
[00:01:37] [worker #1] Bootstrap tree #902, logLikelihood: -6204.954203
[00:01:37] [worker #4] Bootstrap tree #911, logLikelihood: -6084.519694
[00:01:37] [worker #0] Bootstrap tree #907, logLikelihood: -6039.347073
[00:01:38] [worker #2] Bootstrap tree #909, logLikelihood: -5918.229275
[00:01:38] [worker #3] Bootstrap tree #910, logLikelihood: -6096.291151
[00:01:38] [worker #1] Bootstrap tree #908, logLikelihood: -5836.864484
[00:01:38] [worker #4] Bootstrap tree #917, logLikelihood: -6228.342018
[00:01:38] [worker #0] Bootstrap tree #913, logLikelihood: -5878.448710
[00:01:38] [worker #5] Bootstrap tree #912, logLikelihood: -6146.677043
[00:01:38] [worker #3] Bootstrap tree #916, logLikelihood: -6220.714626
[00:01:38] [worker #2] Bootstrap tree #915, logLikelihood: -5968.543883
[00:01:39] [worker #4] Bootstrap tree #923, logLikelihood: -6198.298882
[00:01:39] [worker #0] Bootstrap tree #919, logLikelihood: -6056.922544
[00:01:39] [worker #2] Bootstrap tree #921, logLikelihood: -6213.630895
[00:01:39] [worker #3] Bootstrap tree #922, logLikelihood: -6146.999634
[00:01:39] [worker #5] Bootstrap tree #918, logLikelihood: -6098.605252
[00:01:39] [worker #1] Bootstrap tree #914, logLikelihood: -6145.694856
[00:01:39] [worker #0] Bootstrap tree #925, logLikelihood: -6252.779110
[00:01:39] [worker #4] Bootstrap tree #929, logLikelihood: -6171.417706
[00:01:39] [worker #5] Bootstrap tree #924, logLikelihood: -6024.464408
[00:01:39] [worker #2] Bootstrap tree #927, logLikelihood: -5952.134105
[00:01:39] [worker #3] Bootstrap tree #928, logLikelihood: -6060.606026
[00:01:40] [worker #1] Bootstrap tree #920, logLikelihood: -6258.432568
[00:01:40] [worker #4] Bootstrap tree #935, logLikelihood: -6089.009007
[00:01:40] [worker #0] Bootstrap tree #931, logLikelihood: -6217.550002
[00:01:40] [worker #5] Bootstrap tree #930, logLikelihood: -6123.997568
[00:01:40] [worker #3] Bootstrap tree #934, logLikelihood: -6052.388598
[00:01:40] [worker #1] Bootstrap tree #926, logLikelihood: -6160.901274
[00:01:40] [worker #4] Bootstrap tree #941, logLikelihood: -6170.934530
[00:01:40] [worker #2] Bootstrap tree #933, logLikelihood: -6085.073946
[00:01:40] [worker #0] Bootstrap tree #937, logLikelihood: -6151.641138
[00:01:40] [worker #5] Bootstrap tree #936, logLikelihood: -6214.796914
[00:01:40] [worker #3] Bootstrap tree #940, logLikelihood: -6013.451778
[00:01:41] [worker #1] Bootstrap tree #932, logLikelihood: -6004.187462
[00:01:41] [worker #2] Bootstrap tree #939, logLikelihood: -6038.063290
[00:01:41] [worker #5] Bootstrap tree #942, logLikelihood: -6168.328538
[00:01:41] [worker #0] Bootstrap tree #943, logLikelihood: -6066.905195
[00:01:41] [worker #4] Bootstrap tree #947, logLikelihood: -6208.314679
[00:01:41] [worker #3] Bootstrap tree #946, logLikelihood: -6079.753549
[00:01:41] [worker #1] Bootstrap tree #938, logLikelihood: -6074.405267
[00:01:41] [worker #2] Bootstrap tree #945, logLikelihood: -6106.075661
[00:01:41] [worker #5] Bootstrap tree #948, logLikelihood: -5999.565318
[00:01:42] [worker #0] Bootstrap tree #949, logLikelihood: -5774.772320
[00:01:42] [worker #1] Bootstrap tree #944, logLikelihood: -6048.893322
[00:01:43] [worker #1] Bootstrap tree #950, logLikelihood: -6002.983537
[00:01:43] [worker #2] Bootstrap tree #951, logLikelihood: -6152.150387
[00:01:43] [worker #3] Bootstrap tree #952, logLikelihood: -6132.682252
[00:01:43] [worker #0] Bootstrap tree #955, logLikelihood: -6042.942171
[00:01:44] [worker #5] Bootstrap tree #954, logLikelihood: -6074.523691
[00:01:44] [worker #4] Bootstrap tree #953, logLikelihood: -6178.059212
[00:01:44] [worker #1] Bootstrap tree #956, logLikelihood: -6056.033565
[00:01:44] [worker #3] Bootstrap tree #958, logLikelihood: -6065.050874
[00:01:44] [worker #2] Bootstrap tree #957, logLikelihood: -6128.386555
[00:01:44] [worker #1] Bootstrap tree #962, logLikelihood: -6204.038735
[00:01:44] [worker #0] Bootstrap tree #961, logLikelihood: -6271.131174
[00:01:44] [worker #5] Bootstrap tree #960, logLikelihood: -6189.693471
[00:01:44] [worker #4] Bootstrap tree #959, logLikelihood: -6003.446339
[00:01:45] [worker #3] Bootstrap tree #964, logLikelihood: -6001.388007
[00:01:45] [worker #4] Bootstrap tree #965, logLikelihood: -6052.768654
[00:01:45] [worker #5] Bootstrap tree #966, logLikelihood: -6141.409374
[00:01:45] [worker #1] Bootstrap tree #968, logLikelihood: -6145.447042
[00:01:45] [worker #2] Bootstrap tree #963, logLikelihood: -6217.972953
[00:01:45] [worker #0] Bootstrap tree #967, logLikelihood: -6133.345566
[00:01:46] [worker #3] Bootstrap tree #970, logLikelihood: -6221.897076
[00:01:46] [worker #2] Bootstrap tree #969, logLikelihood: -6173.722365
[00:01:46] [worker #4] Bootstrap tree #971, logLikelihood: -6114.997140
[00:01:46] [worker #1] Bootstrap tree #974, logLikelihood: -6209.427892
[00:01:46] [worker #5] Bootstrap tree #972, logLikelihood: -6250.740701
[00:01:46] [worker #0] Bootstrap tree #973, logLikelihood: -6094.761571
[00:01:46] [worker #3] Bootstrap tree #976, logLikelihood: -6131.811350
[00:01:46] [worker #5] Bootstrap tree #978, logLikelihood: -5935.372964
[00:01:46] [worker #2] Bootstrap tree #975, logLikelihood: -6072.743940
[00:01:46] [worker #1] Bootstrap tree #980, logLikelihood: -6085.054458
[00:01:46] [worker #4] Bootstrap tree #977, logLikelihood: -6063.276349
[00:01:47] [worker #0] Bootstrap tree #979, logLikelihood: -5973.658185
[00:01:47] [worker #3] Bootstrap tree #982, logLikelihood: -6115.622085
[00:01:47] [worker #5] Bootstrap tree #984, logLikelihood: -6046.456620
[00:01:47] [worker #1] Bootstrap tree #986, logLikelihood: -6193.026378
[00:01:47] [worker #2] Bootstrap tree #981, logLikelihood: -5889.175415
[00:01:47] [worker #4] Bootstrap tree #983, logLikelihood: -6197.247532
[00:01:47] [worker #5] Bootstrap tree #990, logLikelihood: -6219.680748
[00:01:47] [worker #0] Bootstrap tree #985, logLikelihood: -6181.562493
[00:01:47] [worker #3] Bootstrap tree #988, logLikelihood: -6391.237821
[00:01:47] [worker #1] Bootstrap tree #992, logLikelihood: -5985.666940
[00:01:48] [worker #2] Bootstrap tree #987, logLikelihood: -6252.967438
[00:01:48] [worker #4] Bootstrap tree #989, logLikelihood: -6141.481744
[00:01:48] [worker #3] Bootstrap tree #994, logLikelihood: -6008.190254
[00:01:48] [worker #0] Bootstrap tree #991, logLikelihood: -6109.733538
[00:01:48] [worker #1] Bootstrap tree #998, logLikelihood: -6180.489690
[00:01:48] [worker #5] Bootstrap tree #996, logLikelihood: -6109.505521
[00:01:48] [worker #4] Bootstrap tree #995, logLikelihood: -6040.564788
[00:01:48] [worker #2] Bootstrap tree #993, logLikelihood: -5999.989049
[00:01:48] [worker #3] Bootstrap tree #1000, logLikelihood: -6126.087603
[00:01:49] [worker #0] Bootstrap tree #997, logLikelihood: -6164.232192
[00:01:49] [worker #2] Bootstrap tree #999, logLikelihood: -6133.601623

Optimized model parameters:

   Partition 0: noname
   Rate heterogeneity: GAMMA (4 cats, mean),  alpha: 1.076959 (ML),  weights&rates: (0.250000,0.152049) (0.250000,0.498721) (0.250000,1.011667) (0.250000,2.337563) 
   Base frequencies (ML): 0.234963 0.271404 0.221104 0.272529 
   Substitution rates (ML): 1.115512 2.711530 1.227132 1.165899 2.911338 1.000000 


Final LogLikelihood: -6134.776936

AIC score: 12317.553873 / AICc score: 12319.334288 / BIC score: 12426.745491
Free parameters (model + branch lengths): 24

Best ML tree saved to: /Users/bhe2/Documents/work/current/C037-Cand-auris-adhesin/02-case-studies/09-natural-selection/input/gene-tree/B8441-Hil-PF11765-split/B8441-OG-Hil-PF11765-1-414-n-697-981.raxml.bestTree
All ML trees saved to: /Users/bhe2/Documents/work/current/C037-Cand-auris-adhesin/02-case-studies/09-natural-selection/input/gene-tree/B8441-Hil-PF11765-split/B8441-OG-Hil-PF11765-1-414-n-697-981.raxml.mlTrees
Best ML tree with Felsenstein bootstrap (FBP) support values saved to: /Users/bhe2/Documents/work/current/C037-Cand-auris-adhesin/02-case-studies/09-natural-selection/input/gene-tree/B8441-Hil-PF11765-split/B8441-OG-Hil-PF11765-1-414-n-697-981.raxml.support
Optimized model saved to: /Users/bhe2/Documents/work/current/C037-Cand-auris-adhesin/02-case-studies/09-natural-selection/input/gene-tree/B8441-Hil-PF11765-split/B8441-OG-Hil-PF11765-1-414-n-697-981.raxml.bestModel
Bootstrap trees saved to: /Users/bhe2/Documents/work/current/C037-Cand-auris-adhesin/02-case-studies/09-natural-selection/input/gene-tree/B8441-Hil-PF11765-split/B8441-OG-Hil-PF11765-1-414-n-697-981.raxml.bootstraps

Execution log saved to: /Users/bhe2/Documents/work/current/C037-Cand-auris-adhesin/02-case-studies/09-natural-selection/input/gene-tree/B8441-Hil-PF11765-split/B8441-OG-Hil-PF11765-1-414-n-697-981.raxml.log

Analysis started: 30-Jul-2022 20:59:44 / finished: 30-Jul-2022 21:01:33

Elapsed time: 109.479 seconds

