Scanning genomescan/data/all_predicted_adhesins_w_other.fasta
Thu Jul 16 20:29:26 2020 # ------------------------------------------------------------------------------
Thu Jul 16 20:29:26 2020 # PROGRAM:         /Users/bhe2/work/current/C037-Cand-auris-adhesin/01-global-adhesin-prediction/script/CATH/genomescan/apps/cath-genomescan.pl
Thu Jul 16 20:29:26 2020 # DATE:            Thu Jul 16 20:29:26 2020
Thu Jul 16 20:29:26 2020 # PROJECT_HOME:    /Users/bhe2/work/current/C037-Cand-auris-adhesin/01-global-adhesin-prediction/script/CATH
Thu Jul 16 20:29:26 2020 # QUERY_SEQUENCES: /Users/bhe2/work/current/C037-Cand-auris-adhesin/01-global-adhesin-prediction/script/CATH/genomescan/data/all_predicted_adhesins_w_other.fasta
Thu Jul 16 20:29:26 2020 # HMM_LIBRARY:     /Users/bhe2/work/current/C037-Cand-auris-adhesin/01-global-adhesin-prediction/script/CATH/genomescan/data/funfam-hmm3-v4_2_0.lib
Thu Jul 16 20:29:26 2020 # RESULTS_DIR:     /Users/bhe2/work/current/C037-Cand-auris-adhesin/01-global-adhesin-prediction/script/CATH/genomescan/results
Thu Jul 16 20:29:26 2020 # ------------------------------------------------------------------------------
Thu Jul 16 20:29:26 2020 # Processing data ...
Thu Jul 16 20:29:26 2020 #   ... found 1777 sequences
Thu Jul 16 20:30:07 2020 #   ... found 67598 HMM models
Thu Jul 16 20:30:07 2020 # 
Thu Jul 16 20:30:07 2020 # Scanning HMM library ...
Thu Jul 16 20:30:07 2020 #   output: /Users/bhe2/work/current/C037-Cand-auris-adhesin/01-global-adhesin-prediction/script/CATH/genomescan/results/all_predicted_adhesins_w_other.domtblout
Thu Jul 16 20:30:07 2020 # CMD: `/Users/bhe2/work/current/C037-Cand-auris-adhesin/01-global-adhesin-prediction/script/CATH/genomescan/apps/../bin/hmmer3/hmmsearch --cut_tc --domtblout /Users/bhe2/work/current/C037-Cand-auris-adhesin/01-global-adhesin-prediction/script/CATH/genomescan/results/all_predicted_adhesins_w_other.domtblout -Z 10000000 -o /Users/bhe2/work/current/C037-Cand-auris-adhesin/01-global-adhesin-prediction/script/CATH/genomescan/results/all_predicted_adhesins_w_other.hmmsearch /Users/bhe2/work/current/C037-Cand-auris-adhesin/01-global-adhesin-prediction/script/CATH/genomescan/data/funfam-hmm3-v4_2_0.lib /Users/bhe2/work/current/C037-Cand-auris-adhesin/01-global-adhesin-prediction/script/CATH/genomescan/data/all_predicted_adhesins_w_other.fasta`
Thu Jul 16 21:20:03 2020 #   done
Thu Jul 16 21:20:03 2020 # 
Thu Jul 16 21:20:03 2020 # Resolving domain boundaries ... 
Thu Jul 16 21:20:03 2020 #   output: /Users/bhe2/work/current/C037-Cand-auris-adhesin/01-global-adhesin-prediction/script/CATH/genomescan/results/all_predicted_adhesins_w_other.crh
Thu Jul 16 21:20:03 2020 # CMD: `/Users/bhe2/work/current/C037-Cand-auris-adhesin/01-global-adhesin-prediction/script/CATH/genomescan/apps/../bin/cath-resolve-hits.centos6 --input-format hmmsearch_out --hits-text-to-file /Users/bhe2/work/current/C037-Cand-auris-adhesin/01-global-adhesin-prediction/script/CATH/genomescan/results/all_predicted_adhesins_w_other.crh --min-dc-hmm-coverage=80 --html-output-to-file /Users/bhe2/work/current/C037-Cand-auris-adhesin/01-global-adhesin-prediction/script/CATH/genomescan/results/all_predicted_adhesins_w_other.html /Users/bhe2/work/current/C037-Cand-auris-adhesin/01-global-adhesin-prediction/script/CATH/genomescan/results/all_predicted_adhesins_w_other.hmmsearch`
Thu Jul 16 21:20:04 2020 #   done
Thu Jul 16 21:20:04 2020 # 
Thu Jul 16 21:20:04 2020 # Point your web browser at: file:///Users/bhe2/work/current/C037-Cand-auris-adhesin/01-global-adhesin-prediction/script/CATH/genomescan/results/all_predicted_adhesins_w_other.html
Thu Jul 16 21:20:04 2020 # 
Thu Jul 16 21:20:04 2020 # Done
finished
