GeneRax was called as follow:
generax --families families-clustalo.txt --species-tree generax/species-tree.nwk --rec-model UndatedDL --per-family-rates --prefix ../output/generax --max-spr-radius 5 

Parameters summary: 
Families information: families-clustalo.txt
Species tree: generax/species-tree.nwk
Species Strategy: SPR
Strategy: SPR
Reconciliation model: UndatedDL
Reconciliation opt: grid
DTL rates: per family rates
Prefix: ../output/generax
Unrooted reconciliation likelihood: OFF
Prune species tree: OFF
Reconciliation radius: 0
MPI Ranks: 56
Max gene SPR radius: 5
Gene support threshold: -1
Reconciliation likelihood weight: 1
Random seed: 123
Infer ML reconciliation: OFF

[00:00:00] Filtering invalid families...

[00:00:00] Filtering invalid families based on the starting species tree...

[00:00:00] Gathering statistics about the families...
[00:00:00] Input data information:
- Number of gene families: 1
- Number of species: 32
- Total number of genes: 215
- Average number of genes per family: 215
- Maximum number of genes per family: 215
- Species covered with the smallest family coverage: "Candida_nivariensis" (covered by 1/1 families)
- Average (over species) species family coverage: 1

[00:00:00] Optimizing reconciliation rates and gene trees with radius=1... 
	JointLL=-90690.4 RecLL=-3210.55 LibpllLL=-87479.8

[00:00:37] Optimizing reconciliation rates and gene trees with radius=2... 
	JointLL=-90531.9 RecLL=-2937.64 LibpllLL=-87594.3

[00:01:47] Optimizing reconciliation rates and gene trees with radius=3... 
	JointLL=-90516.2 RecLL=-2905.4 LibpllLL=-87610.8

[00:02:29] Optimizing reconciliation rates and gene trees with radius=4... 
	JointLL=-90513.1 RecLL=-2905.4 LibpllLL=-87607.7

[00:03:15] Optimizing reconciliation rates and gene trees with radius=5... 
	JointLL=-90512.1 RecLL=-2905.4 LibpllLL=-87606.7

[00:03:52] Terminating the instance..

[00:03:52] Reconciliation likelihood: -2905.4
[00:03:52] Phylogenetic likelihood: -87606.7
[00:03:52] Joint likelihood: -90512.1
[00:03:52] Results directory: ../output/generax
[00:03:52] End of GeneRax execution
