GeneRax was called as follow:
generax --families families-clustalo.txt --species-tree generax/species-tree-debaryo-moved.nwk --rec-model UndatedDL --per-family-rates --prefix ../output/generax/generax-clustalo-debaryo-moved/ --max-spr-radius 5 

General information:
- Output prefix: ../output/generax/generax-clustalo-debaryo-moved/
- Families information: families-clustalo.txt
- Species tree: generax/species-tree-debaryo-moved.nwk
- MPI Ranks: 56
- Random seed: 123
- Reconciliation model: UndatedDL
- DTL rates: per family rates
- Infer ML reconciliation: ON
- Unrooted reconciliation likelihood: OFF
- Prune species tree mode: OFF

Gene tree correction information:
- Gene tree strategy: SPR
- Max gene SPR radius: 5

[00:00:00] Filtering invalid families...

End of instance initialization
[00:00:00] Starting species tree initialization...
[00:00:00] End of species tree initialization
[00:00:00] Filtering invalid families based on the starting species tree...

[00:00:00] Gathering statistics about the families...
[00:00:00] Input data information:
- Number of gene families: 1
- Number of species: 32
- Total number of genes: 215
- Average number of genes per family: 215
- Maximum number of genes per family: 215
- Species covered with the smallest family coverage: "Candida_nivariensis" (covered by 1/1 families)
- Average (over species) species family coverage: 1

[00:00:00] Optimizing reconciliation rates and gene trees with radius=1... 
	JointLL=-87866.2 RecLL=-505.955 LibpllLL=-87360.2

[00:00:10] Optimizing reconciliation rates and gene trees with radius=2... 
	JointLL=-87859.8 RecLL=-485.255 LibpllLL=-87374.5

[00:00:49] Optimizing reconciliation rates and gene trees with radius=3... 
	JointLL=-87857.5 RecLL=-478.045 LibpllLL=-87379.5

[00:01:18] Optimizing reconciliation rates and gene trees with radius=4... 
	JointLL=-87857.4 RecLL=-477.995 LibpllLL=-87379.4

[00:01:41] Optimizing reconciliation rates and gene trees with radius=5... 
	JointLL=-87857.4 RecLL=-477.995 LibpllLL=-87379.4

[00:02:16] Reconciling gene trees with the species tree...
[00:02:17] Terminating the instance..

[00:02:17] Reconciliation likelihood: -477.995
[00:02:17] Phylogenetic likelihood: -87379.4
[00:02:17] Joint likelihood: -87857.4
[00:02:17] Results directory: ../output/generax/generax-clustalo-debaryo-moved/
[00:02:17] End of GeneRax execution
