
RAxML-NG v. 1.1.0 released on 29.11.2021 by The Exelixis Lab.
Developed by: Alexey M. Kozlov and Alexandros Stamatakis.
Contributors: Diego Darriba, Tomas Flouri, Benoit Morel, Sarah Lutteropp, Ben Bettisworth.
Latest version: https://github.com/amkozlov/raxml-ng
Questions/problems/suggestions? Please visit: https://groups.google.com/forum/#!forum/raxml

System: Intel(R) Xeon(R) CPU E5-2680 v4 @ 2.40GHz, 28 cores, 503 GB RAM

RAxML-NG was called at 16-May-2022 12:01:31 as follows:

/Users/bhe2/bin/raxml-ng-mpi --all --msa ../output/align/expanded-blast-PF11765-noMbic_clustalo_clipkit.faa --model LG+G --seed 123 --threads auto --workers auto --bs-trees autoMRE --prefix ../output/raxml-ng/expanded-blast-PF11765-noMbic_clustalo_clipkit

Analysis options:
  run mode: ML tree search + bootstrapping (Felsenstein Bootstrap)
  start tree(s): random (10) + parsimony (10)
  bootstrap replicates: max: 1000 + bootstopping (autoMRE, cutoff: 0.030000)
  random seed: 123
  tip-inner: OFF
  pattern compression: ON
  per-rate scalers: OFF
  site repeats: ON
  branch lengths: proportional (ML estimate, algorithm: NR-FAST)
  SIMD kernels: AVX2
  parallelization: coarse-grained (auto), PTHREADS (auto)

[00:00:01] Reading alignment from file: ../output/align/expanded-blast-PF11765-noMbic_clustalo_clipkit.faa
[00:00:01] Loaded alignment with 186 taxa and 500 sites

Alignment comprises 1 partitions and 456 patterns

Partition 0: noname
Model: LG+G4m
Alignment sites / patterns: 500 / 456
Gaps: 36.70 %
Invariant sites: 16.40 %


NOTE: Binary MSA file created: ../output/raxml-ng/expanded-blast-PF11765-noMbic_clustalo_clipkit.raxml.rba

Parallelization scheme autoconfig: 14 worker(s) x 2 thread(s)

Parallel reduction/worker buffer size: 1 KB  / 0 KB

[00:00:01] Generating 10 random starting tree(s) with 186 taxa
[00:00:01] Generating 10 parsimony starting tree(s) with 186 taxa
[00:00:01] Data distribution: max. partitions/sites/weight per thread: 1 / 228 / 18240
[00:00:02] Data distribution: max. searches per worker: 74

Starting ML tree search with 20 distinct starting trees

[00:06:39] [worker #8] ML tree search #9, logLikelihood: -72918.047180
[00:06:58] [worker #0] ML tree search #1, logLikelihood: -72914.603240
[00:07:08] [worker #11] ML tree search #12, logLikelihood: -72920.708057
[00:07:08] [worker #9] ML tree search #10, logLikelihood: -72916.606235
[00:07:14] [worker #5] ML tree search #6, logLikelihood: -72910.541067
[00:07:23] [worker #3] ML tree search #4, logLikelihood: -72920.705967
[00:07:26] [worker #13] ML tree search #14, logLikelihood: -72915.729567
[00:07:31] [worker #12] ML tree search #13, logLikelihood: -72916.722437
[00:07:46] [worker #10] ML tree search #11, logLikelihood: -72918.881098
[00:07:49] [worker #6] ML tree search #7, logLikelihood: -72917.720785
[00:07:56] [worker #4] ML tree search #5, logLikelihood: -72918.723705
[00:08:08] [worker #1] ML tree search #2, logLikelihood: -72917.619431
[00:08:10] [worker #2] ML tree search #3, logLikelihood: -72916.702761
[00:08:14] [worker #7] ML tree search #8, logLikelihood: -72918.723661
[00:13:20] [worker #0] ML tree search #15, logLikelihood: -72918.047109
[00:13:39] [worker #4] ML tree search #19, logLikelihood: -72916.309571
[00:14:04] [worker #1] ML tree search #16, logLikelihood: -72920.350440
[00:14:09] [worker #5] ML tree search #20, logLikelihood: -72915.476290
[00:15:15] [worker #2] ML tree search #17, logLikelihood: -72917.724542
[00:15:22] [worker #3] ML tree search #18, logLikelihood: -72923.455530

[00:15:22] ML tree search completed, best tree logLH: -72910.541067

[00:15:22] Starting bootstrapping analysis with 1000 replicates.

[00:20:06] [worker #9] Bootstrap tree #10, logLikelihood: -73885.924565
[00:20:06] [worker #3] Bootstrap tree #4, logLikelihood: -73844.972202
[00:20:15] [worker #8] Bootstrap tree #9, logLikelihood: -69017.469028
[00:20:16] [worker #4] Bootstrap tree #5, logLikelihood: -74718.227600
[00:20:45] [worker #7] Bootstrap tree #8, logLikelihood: -73311.441088
[00:20:49] [worker #6] Bootstrap tree #7, logLikelihood: -77610.804088
[00:20:50] [worker #1] Bootstrap tree #2, logLikelihood: -71727.469680
[00:21:00] [worker #10] Bootstrap tree #11, logLikelihood: -71271.564728
[00:21:06] [worker #13] Bootstrap tree #14, logLikelihood: -70837.029137
[00:21:10] [worker #5] Bootstrap tree #6, logLikelihood: -71553.130173
[00:21:22] [worker #2] Bootstrap tree #3, logLikelihood: -71173.427011
[00:21:34] [worker #12] Bootstrap tree #13, logLikelihood: -71719.927533
[00:21:42] [worker #0] Bootstrap tree #1, logLikelihood: -72941.449225
[00:22:41] [worker #11] Bootstrap tree #12, logLikelihood: -70988.794566
[00:25:41] [worker #3] Bootstrap tree #18, logLikelihood: -73082.753614
[00:25:42] [worker #10] Bootstrap tree #25, logLikelihood: -71371.567987
[00:25:53] [worker #7] Bootstrap tree #22, logLikelihood: -77785.211046
[00:26:04] [worker #6] Bootstrap tree #21, logLikelihood: -66940.919177
[00:26:16] [worker #4] Bootstrap tree #19, logLikelihood: -72112.932577
[00:26:21] [worker #1] Bootstrap tree #16, logLikelihood: -73787.423644
[00:26:44] [worker #12] Bootstrap tree #27, logLikelihood: -75158.622111
[00:26:45] [worker #9] Bootstrap tree #24, logLikelihood: -72196.249690
[00:27:00] [worker #2] Bootstrap tree #17, logLikelihood: -71167.148665
[00:27:22] [worker #5] Bootstrap tree #20, logLikelihood: -74367.667285
[00:27:42] [worker #13] Bootstrap tree #28, logLikelihood: -71020.599217
[00:28:46] [worker #8] Bootstrap tree #23, logLikelihood: -75811.625972
[00:29:27] [worker #0] Bootstrap tree #15, logLikelihood: -75870.896165
[00:29:31] [worker #11] Bootstrap tree #26, logLikelihood: -71232.168337
[00:30:42] [worker #7] Bootstrap tree #36, logLikelihood: -70906.311735
[00:31:21] [worker #6] Bootstrap tree #35, logLikelihood: -69868.726799
[00:31:33] [worker #9] Bootstrap tree #38, logLikelihood: -70376.151035
[00:31:37] [worker #3] Bootstrap tree #32, logLikelihood: -70638.389147
[00:32:13] [worker #1] Bootstrap tree #30, logLikelihood: -79551.919720
[00:32:26] [worker #12] Bootstrap tree #41, logLikelihood: -70906.214457
[00:32:36] [worker #5] Bootstrap tree #34, logLikelihood: -75495.733803
[00:32:57] [worker #10] Bootstrap tree #39, logLikelihood: -73890.221805
[00:33:27] [worker #13] Bootstrap tree #42, logLikelihood: -72158.753302
[00:33:30] [worker #8] Bootstrap tree #37, logLikelihood: -67896.748406
[00:33:33] [worker #2] Bootstrap tree #31, logLikelihood: -69616.892374
[00:34:28] [worker #11] Bootstrap tree #40, logLikelihood: -75029.786926
[00:34:54] [worker #4] Bootstrap tree #33, logLikelihood: -72909.753737
[00:36:05] [worker #0] Bootstrap tree #29, logLikelihood: -71597.695035
[00:36:34] [worker #3] Bootstrap tree #46, logLikelihood: -70926.631008
[00:37:05] [worker #7] Bootstrap tree #50, logLikelihood: -70124.523274
[00:37:28] [worker #6] Bootstrap tree #49, logLikelihood: -71608.364568
[00:38:45] [worker #1] Bootstrap tree #44, logLikelihood: -71568.717717
[00:39:25] [worker #5] Bootstrap tree #48, logLikelihood: -75845.706817
[00:39:27] [worker #4] Bootstrap tree #47, logLikelihood: -73141.806776
[00:40:34] [worker #2] Bootstrap tree #45, logLikelihood: -70437.111968
[00:40:51] [worker #0] Bootstrap tree #43, logLikelihood: -71415.456278
[00:45:45] [worker #8] Bootstrap tree #51, logLikelihood: -69065.436718
[00:46:02] [worker #1] Bootstrap tree #58, logLikelihood: -68612.065718
[00:46:08] [worker #4] Bootstrap tree #61, logLikelihood: -76622.768251
[00:46:31] [worker #10] Bootstrap tree #53, logLikelihood: -70610.132422
[00:46:33] [worker #2] Bootstrap tree #59, logLikelihood: -74917.661111
[00:46:38] [worker #12] Bootstrap tree #55, logLikelihood: -70430.413028
[00:46:40] [worker #11] Bootstrap tree #54, logLikelihood: -70090.125338
[00:46:50] [worker #7] Bootstrap tree #64, logLikelihood: -70193.014987
[00:47:17] [worker #5] Bootstrap tree #62, logLikelihood: -68829.886456
[00:47:31] [worker #0] Bootstrap tree #57, logLikelihood: -73240.848015
[00:47:52] [worker #9] Bootstrap tree #52, logLikelihood: -72225.819468
[00:48:09] [worker #3] Bootstrap tree #60, logLikelihood: -68581.736567
[00:48:19] [worker #6] Bootstrap tree #63, logLikelihood: -78429.385525
[00:48:48] [worker #13] Bootstrap tree #56, logLikelihood: -71014.260867
[00:51:10] [worker #1] Bootstrap tree #72, logLikelihood: -69245.065757
[00:51:13] [worker #4] Bootstrap tree #75, logLikelihood: -76391.945922
[00:51:40] [worker #12] Bootstrap tree #69, logLikelihood: -70405.798157
[00:52:20] [worker #2] Bootstrap tree #73, logLikelihood: -69181.276581
[00:52:54] [worker #7] Bootstrap tree #78, logLikelihood: -71776.844767
[00:52:56] [worker #9] Bootstrap tree #66, logLikelihood: -73776.656331
[00:52:56] [worker #11] Bootstrap tree #68, logLikelihood: -71168.018916
[00:53:10] [worker #10] Bootstrap tree #67, logLikelihood: -71121.172513
[00:53:30] [worker #6] Bootstrap tree #77, logLikelihood: -71423.301583
[00:53:33] [worker #3] Bootstrap tree #74, logLikelihood: -74553.607320
[00:53:39] [worker #5] Bootstrap tree #76, logLikelihood: -73130.032042
[00:54:03] [worker #8] Bootstrap tree #65, logLikelihood: -72239.599701
[00:54:09] [worker #13] Bootstrap tree #70, logLikelihood: -75879.257590
[00:54:36] [worker #0] Bootstrap tree #71, logLikelihood: -78049.578599
[00:56:29] [worker #1] Bootstrap tree #86, logLikelihood: -70394.707370
[00:56:50] [worker #4] Bootstrap tree #89, logLikelihood: -77145.926880
[00:57:35] [worker #9] Bootstrap tree #80, logLikelihood: -70786.809769
[00:57:50] [worker #11] Bootstrap tree #82, logLikelihood: -71805.531585
[00:58:31] [worker #2] Bootstrap tree #87, logLikelihood: -71836.316178
[00:58:56] [worker #8] Bootstrap tree #79, logLikelihood: -70581.978817
[00:58:58] [worker #5] Bootstrap tree #90, logLikelihood: -76910.648903
[00:59:10] [worker #7] Bootstrap tree #92, logLikelihood: -75800.341561
[00:59:21] [worker #3] Bootstrap tree #88, logLikelihood: -71567.233024
[00:59:24] [worker #12] Bootstrap tree #83, logLikelihood: -71563.438707
[01:00:21] [worker #6] Bootstrap tree #91, logLikelihood: -75190.109018
[01:00:24] [worker #0] Bootstrap tree #85, logLikelihood: -72334.108970
[01:00:44] [worker #10] Bootstrap tree #81, logLikelihood: -76061.984789
[01:01:36] [worker #13] Bootstrap tree #84, logLikelihood: -72260.824835
[01:02:53] [worker #11] Bootstrap tree #96, logLikelihood: -70399.231599
[01:03:05] [worker #1] Bootstrap tree #100, logLikelihood: -74493.861787
[01:03:44] [worker #9] Bootstrap tree #94, logLikelihood: -70498.799403
[01:04:02] [worker #8] Bootstrap tree #93, logLikelihood: -76338.166576
[01:05:02] [worker #12] Bootstrap tree #97, logLikelihood: -73628.007940
[01:05:50] [worker #10] Bootstrap tree #95, logLikelihood: -72196.088567
[01:07:09] [worker #13] Bootstrap tree #98, logLikelihood: -74019.671465
[01:07:45] [worker #0] Bootstrap tree #99, logLikelihood: -74074.721142
[01:12:56] [worker #10] Bootstrap tree #109, logLikelihood: -73077.489273
[01:12:56] [worker #4] Bootstrap tree #103, logLikelihood: -75236.089683
[01:12:58] [worker #9] Bootstrap tree #108, logLikelihood: -72112.848111
[01:13:08] [worker #7] Bootstrap tree #106, logLikelihood: -72072.089134
[01:13:16] [worker #6] Bootstrap tree #105, logLikelihood: -72416.881548
[01:13:22] [worker #8] Bootstrap tree #107, logLikelihood: -74602.885169
[01:13:48] [worker #13] Bootstrap tree #112, logLikelihood: -67942.855660
[01:13:55] [worker #2] Bootstrap tree #101, logLikelihood: -70145.316803
[01:13:59] [worker #1] Bootstrap tree #114, logLikelihood: -69164.564608
[01:14:02] [worker #3] Bootstrap tree #102, logLikelihood: -69173.436899
[01:14:31] [worker #5] Bootstrap tree #104, logLikelihood: -73520.954733
[01:14:40] [worker #12] Bootstrap tree #111, logLikelihood: -73383.853086
[01:14:48] [worker #11] Bootstrap tree #110, logLikelihood: -73953.853423
[01:14:56] [worker #0] Bootstrap tree #113, logLikelihood: -70618.191547
[01:17:43] [worker #10] Bootstrap tree #123, logLikelihood: -72041.566680
[01:18:08] [worker #9] Bootstrap tree #122, logLikelihood: -74955.849263
[01:18:36] [worker #2] Bootstrap tree #115, logLikelihood: -74571.403069
[01:18:44] [worker #7] Bootstrap tree #120, logLikelihood: -69092.780826
[01:19:27] [worker #3] Bootstrap tree #116, logLikelihood: -69026.406297
[01:19:30] [worker #6] Bootstrap tree #119, logLikelihood: -71199.127165
[01:19:43] [worker #8] Bootstrap tree #121, logLikelihood: -75326.392548
[01:19:52] [worker #5] Bootstrap tree #118, logLikelihood: -69793.660706
[01:20:01] [worker #12] Bootstrap tree #125, logLikelihood: -75167.831913
[01:20:15] [worker #11] Bootstrap tree #124, logLikelihood: -70450.814001
[01:20:21] [worker #4] Bootstrap tree #117, logLikelihood: -72434.488993
[01:20:38] [worker #13] Bootstrap tree #126, logLikelihood: -70495.735343
[01:20:50] [worker #1] Bootstrap tree #128, logLikelihood: -67472.092164
[01:22:50] [worker #10] Bootstrap tree #137, logLikelihood: -68392.356333
[01:22:50] [worker #0] Bootstrap tree #127, logLikelihood: -75199.058589
[01:23:58] [worker #2] Bootstrap tree #129, logLikelihood: -76912.816161
[01:24:37] [worker #3] Bootstrap tree #130, logLikelihood: -71148.038067
[01:24:46] [worker #9] Bootstrap tree #136, logLikelihood: -71018.763278
[01:24:59] [worker #7] Bootstrap tree #134, logLikelihood: -71179.239462
[01:25:32] [worker #6] Bootstrap tree #133, logLikelihood: -73933.071125
[01:25:39] [worker #12] Bootstrap tree #139, logLikelihood: -73935.230078
[01:25:44] [worker #11] Bootstrap tree #138, logLikelihood: -71574.798446
[01:25:55] [worker #5] Bootstrap tree #132, logLikelihood: -70632.744808
[01:26:15] [worker #13] Bootstrap tree #140, logLikelihood: -72573.050230
[01:26:47] [worker #4] Bootstrap tree #131, logLikelihood: -71072.965658
[01:27:08] [worker #1] Bootstrap tree #142, logLikelihood: -70648.728656
[01:27:16] [worker #8] Bootstrap tree #135, logLikelihood: -77038.794979
[01:30:03] [worker #2] Bootstrap tree #143, logLikelihood: -71199.109297
[01:30:48] [worker #6] Bootstrap tree #147, logLikelihood: -71009.365735
[01:31:04] [worker #7] Bootstrap tree #148, logLikelihood: -77291.759437
[01:31:06] [worker #3] Bootstrap tree #144, logLikelihood: -69224.841322
[01:31:15] [worker #9] Bootstrap tree #150, logLikelihood: -79611.584168
[01:31:16] [worker #0] Bootstrap tree #141, logLikelihood: -70227.003647
[01:31:41] [worker #5] Bootstrap tree #146, logLikelihood: -73825.240448
[01:32:22] [worker #4] Bootstrap tree #145, logLikelihood: -73808.342392
[01:32:27] [worker #8] Bootstrap tree #149, logLikelihood: -74669.035628
[01:36:57] [worker #7] Bootstrap tree #162, logLikelihood: -73507.582634
[01:37:15] [worker #3] Bootstrap tree #158, logLikelihood: -72178.816773
[01:37:22] [worker #9] Bootstrap tree #164, logLikelihood: -76612.954260
[01:37:52] [worker #11] Bootstrap tree #152, logLikelihood: -75436.976369
[01:38:18] [worker #1] Bootstrap tree #156, logLikelihood: -68981.828705
[01:38:33] [worker #6] Bootstrap tree #161, logLikelihood: -73920.002436
[01:38:39] [worker #4] Bootstrap tree #159, logLikelihood: -77295.044930
[01:38:48] [worker #2] Bootstrap tree #157, logLikelihood: -75906.318049
[01:39:15] [worker #10] Bootstrap tree #151, logLikelihood: -83214.374909
[01:39:52] [worker #5] Bootstrap tree #160, logLikelihood: -77750.679251
[01:39:58] [worker #13] Bootstrap tree #154, logLikelihood: -72845.070524
[01:40:21] [worker #0] Bootstrap tree #155, logLikelihood: -69320.287871
[01:40:26] [worker #12] Bootstrap tree #153, logLikelihood: -73758.342497
[01:41:47] [worker #8] Bootstrap tree #163, logLikelihood: -72253.102072
[01:41:48] [worker #7] Bootstrap tree #176, logLikelihood: -70652.695906
[01:41:58] [worker #9] Bootstrap tree #178, logLikelihood: -76204.290268
[01:42:30] [worker #3] Bootstrap tree #172, logLikelihood: -74554.948175
[01:43:24] [worker #11] Bootstrap tree #166, logLikelihood: -74035.351596
[01:43:31] [worker #1] Bootstrap tree #170, logLikelihood: -71453.082175
[01:43:41] [worker #6] Bootstrap tree #175, logLikelihood: -75036.624461
[01:44:01] [worker #10] Bootstrap tree #165, logLikelihood: -70387.838529
[01:44:59] [worker #5] Bootstrap tree #174, logLikelihood: -75690.356170
[01:45:49] [worker #13] Bootstrap tree #168, logLikelihood: -75574.604131
[01:46:07] [worker #4] Bootstrap tree #173, logLikelihood: -74791.918784
[01:46:29] [worker #8] Bootstrap tree #177, logLikelihood: -72838.154376
[01:46:31] [worker #0] Bootstrap tree #169, logLikelihood: -72901.260833
[01:47:25] [worker #7] Bootstrap tree #190, logLikelihood: -71531.119236
[01:47:53] [worker #6] Bootstrap tree #189, logLikelihood: -77133.075561
[01:48:06] [worker #3] Bootstrap tree #186, logLikelihood: -70745.602904
[01:48:23] [worker #12] Bootstrap tree #167, logLikelihood: -71692.792858
[01:48:27] [worker #2] Bootstrap tree #171, logLikelihood: -75942.135201
[01:48:52] [worker #9] Bootstrap tree #192, logLikelihood: -66833.811835
[01:50:35] [worker #10] Bootstrap tree #179, logLikelihood: -70704.601356
[01:50:37] [worker #1] Bootstrap tree #184, logLikelihood: -72737.388747
[01:50:48] [worker #5] Bootstrap tree #188, logLikelihood: -76140.012252
[01:51:11] [worker #13] Bootstrap tree #182, logLikelihood: -74630.415687
[01:51:18] [worker #8] Bootstrap tree #191, logLikelihood: -75885.491138
[01:51:21] [worker #11] Bootstrap tree #180, logLikelihood: -77349.600017
[01:51:47] [worker #4] Bootstrap tree #187, logLikelihood: -73374.607684
[01:52:10] [worker #0] Bootstrap tree #183, logLikelihood: -72160.314472
[01:53:37] [worker #3] Bootstrap tree #200, logLikelihood: -74111.669769
[01:53:58] [worker #12] Bootstrap tree #181, logLikelihood: -76694.246982
[01:54:11] [worker #2] Bootstrap tree #185, logLikelihood: -74637.263574
[01:56:24] [worker #1] Bootstrap tree #198, logLikelihood: -73586.562974
[01:57:28] [worker #0] Bootstrap tree #197, logLikelihood: -74714.849623
[01:57:33] [worker #10] Bootstrap tree #193, logLikelihood: -77375.936722
[01:58:07] [worker #11] Bootstrap tree #194, logLikelihood: -72089.459413
[01:58:43] [worker #13] Bootstrap tree #196, logLikelihood: -70031.806776
[01:59:08] [worker #2] Bootstrap tree #199, logLikelihood: -72211.838086
[01:59:34] [worker #12] Bootstrap tree #195, logLikelihood: -74446.227965
[02:04:43] [worker #12] Bootstrap tree #209, logLikelihood: -74437.214567
[02:04:43] [worker #5] Bootstrap tree #202, logLikelihood: -69849.556382
[02:04:50] [worker #8] Bootstrap tree #205, logLikelihood: -69423.146567
[02:05:03] [worker #2] Bootstrap tree #213, logLikelihood: -74072.287982
[02:05:14] [worker #7] Bootstrap tree #204, logLikelihood: -70581.269275
[02:05:15] [worker #4] Bootstrap tree #201, logLikelihood: -70039.999426
[02:05:25] [worker #13] Bootstrap tree #210, logLikelihood: -70231.854158
[02:05:41] [worker #6] Bootstrap tree #203, logLikelihood: -68419.088692
[02:05:42] [worker #1] Bootstrap tree #212, logLikelihood: -73223.350550
[02:05:45] [worker #11] Bootstrap tree #208, logLikelihood: -71044.043722
[02:06:00] [worker #3] Bootstrap tree #214, logLikelihood: -73831.021494
[02:06:16] [worker #0] Bootstrap tree #211, logLikelihood: -72083.280142
[02:06:24] [worker #9] Bootstrap tree #206, logLikelihood: -72942.780764
[02:06:54] [worker #10] Bootstrap tree #207, logLikelihood: -73993.230126
[02:09:52] [worker #5] Bootstrap tree #216, logLikelihood: -72112.736311
[02:10:37] [worker #8] Bootstrap tree #219, logLikelihood: -72536.634568
[02:10:39] [worker #2] Bootstrap tree #227, logLikelihood: -77016.326538
[02:10:40] [worker #7] Bootstrap tree #218, logLikelihood: -76253.171237
[02:11:21] [worker #4] Bootstrap tree #215, logLikelihood: -75717.476410
[02:11:29] [worker #12] Bootstrap tree #223, logLikelihood: -75881.148687
[02:11:41] [worker #11] Bootstrap tree #222, logLikelihood: -75767.536330
[02:12:03] [worker #3] Bootstrap tree #228, logLikelihood: -69330.059924
[02:12:15] [worker #6] Bootstrap tree #217, logLikelihood: -70934.535613
[02:12:22] [worker #9] Bootstrap tree #220, logLikelihood: -70039.395605
[02:12:31] [worker #10] Bootstrap tree #221, logLikelihood: -66962.918375
[02:13:17] [worker #1] Bootstrap tree #226, logLikelihood: -73398.918549
[02:13:19] [worker #13] Bootstrap tree #224, logLikelihood: -72304.747044
[02:13:43] [worker #0] Bootstrap tree #225, logLikelihood: -71396.617271
[02:15:05] [worker #5] Bootstrap tree #230, logLikelihood: -74346.908610
[02:15:57] [worker #2] Bootstrap tree #241, logLikelihood: -72253.976398
[02:16:15] [worker #11] Bootstrap tree #236, logLikelihood: -70571.472989
[02:16:26] [worker #7] Bootstrap tree #232, logLikelihood: -70880.982337
[02:16:58] [worker #4] Bootstrap tree #229, logLikelihood: -69771.333409
[02:17:35] [worker #12] Bootstrap tree #237, logLikelihood: -65544.197203
[02:17:48] [worker #10] Bootstrap tree #235, logLikelihood: -73213.975171
[02:17:57] [worker #6] Bootstrap tree #231, logLikelihood: -71184.219727
[02:18:11] [worker #3] Bootstrap tree #242, logLikelihood: -76241.327305
[02:18:14] [worker #9] Bootstrap tree #234, logLikelihood: -72697.317393
[02:18:59] [worker #8] Bootstrap tree #233, logLikelihood: -70469.972917
[02:19:05] [worker #1] Bootstrap tree #240, logLikelihood: -71880.284729
[02:19:05] [worker #0] Bootstrap tree #239, logLikelihood: -71820.414452
[02:20:34] [worker #5] Bootstrap tree #244, logLikelihood: -73632.981384
[02:21:15] [worker #7] Bootstrap tree #246, logLikelihood: -73418.373076
[02:21:29] [worker #13] Bootstrap tree #238, logLikelihood: -71555.820591
[02:21:49] [worker #6] Bootstrap tree #245, logLikelihood: -67552.025041
[02:22:33] [worker #4] Bootstrap tree #243, logLikelihood: -75049.278975
[02:22:46] [worker #11] Bootstrap tree #250, logLikelihood: -70448.629302
[02:24:09] [worker #10] Bootstrap tree #249, logLikelihood: -71083.723980
[02:25:16] [worker #9] Bootstrap tree #248, logLikelihood: -69712.888453
[02:25:34] [worker #8] Bootstrap tree #247, logLikelihood: -68120.042162
[02:30:31] [worker #8] Bootstrap tree #261, logLikelihood: -74760.960297
[02:31:04] [worker #2] Bootstrap tree #255, logLikelihood: -73585.456680
[02:31:10] [worker #0] Bootstrap tree #253, logLikelihood: -70553.855287
[02:31:11] [worker #13] Bootstrap tree #252, logLikelihood: -72871.094326
[02:31:12] [worker #3] Bootstrap tree #256, logLikelihood: -73001.528471
[02:31:20] [worker #9] Bootstrap tree #262, logLikelihood: -70726.007563
[02:31:32] [worker #7] Bootstrap tree #260, logLikelihood: -71174.519076
[02:31:33] [worker #5] Bootstrap tree #258, logLikelihood: -71007.873599
[02:31:35] [worker #6] Bootstrap tree #259, logLikelihood: -70854.912252
[02:31:37] [worker #4] Bootstrap tree #257, logLikelihood: -71214.317935
[02:31:45] [worker #1] Bootstrap tree #254, logLikelihood: -77997.222966
[02:32:51] [worker #11] Bootstrap tree #264, logLikelihood: -71565.593103
[02:33:20] [worker #10] Bootstrap tree #263, logLikelihood: -73540.931631
[02:34:27] [worker #12] Bootstrap tree #251, logLikelihood: -70884.621986
[02:35:44] [worker #8] Bootstrap tree #275, logLikelihood: -71305.990814
[02:36:12] [worker #0] Bootstrap tree #267, logLikelihood: -68210.676287
[02:36:30] [worker #6] Bootstrap tree #273, logLikelihood: -71586.415221
[02:36:32] [worker #13] Bootstrap tree #266, logLikelihood: -72268.234087
[02:36:52] [worker #7] Bootstrap tree #274, logLikelihood: -71690.352939
[02:36:52] [worker #4] Bootstrap tree #271, logLikelihood: -72967.108572
[02:36:58] [worker #3] Bootstrap tree #270, logLikelihood: -75654.196236
[02:37:23] [worker #9] Bootstrap tree #276, logLikelihood: -78248.502561
[02:37:31] [worker #2] Bootstrap tree #269, logLikelihood: -72066.692737
[02:38:11] [worker #1] Bootstrap tree #268, logLikelihood: -68439.710647
[02:38:48] [worker #5] Bootstrap tree #272, logLikelihood: -75109.168636
[02:39:06] [worker #11] Bootstrap tree #278, logLikelihood: -68816.422852
[02:39:21] [worker #10] Bootstrap tree #277, logLikelihood: -76236.403497
[02:40:31] [worker #12] Bootstrap tree #265, logLikelihood: -74384.719034
[02:41:37] [worker #8] Bootstrap tree #289, logLikelihood: -71463.672490
[02:41:38] [worker #7] Bootstrap tree #288, logLikelihood: -73079.694251
[02:41:47] [worker #4] Bootstrap tree #285, logLikelihood: -74932.119874
[02:41:53] [worker #13] Bootstrap tree #280, logLikelihood: -74904.513207
[02:42:25] [worker #3] Bootstrap tree #284, logLikelihood: -72170.419739
[02:42:31] [worker #0] Bootstrap tree #281, logLikelihood: -70088.541079
[02:42:31] [worker #6] Bootstrap tree #287, logLikelihood: -72739.468581
[02:42:59] [worker #9] Bootstrap tree #290, logLikelihood: -71991.047188
[02:43:25] [worker #1] Bootstrap tree #282, logLikelihood: -75965.762244
[02:43:28] [worker #5] Bootstrap tree #286, logLikelihood: -72889.413447
[02:44:11] [worker #2] Bootstrap tree #283, logLikelihood: -71804.947558
[02:45:09] [worker #10] Bootstrap tree #291, logLikelihood: -69701.957562
[02:45:19] [worker #12] Bootstrap tree #279, logLikelihood: -73802.182175
[02:46:43] [worker #13] Bootstrap tree #294, logLikelihood: -75243.271905
[02:47:04] [worker #11] Bootstrap tree #292, logLikelihood: -74501.025821
[02:47:54] [worker #4] Bootstrap tree #299, logLikelihood: -70206.692134
[02:48:17] [worker #0] Bootstrap tree #295, logLikelihood: -72636.864757
[02:48:28] [worker #3] Bootstrap tree #298, logLikelihood: -75664.200942
[02:48:43] [worker #5] Bootstrap tree #300, logLikelihood: -71432.819200
[02:49:49] [worker #2] Bootstrap tree #297, logLikelihood: -75291.889634
[02:50:38] [worker #12] Bootstrap tree #293, logLikelihood: -72318.531015
[02:50:46] [worker #1] Bootstrap tree #296, logLikelihood: -69884.436707
[02:55:31] [worker #13] Bootstrap tree #308, logLikelihood: -70729.351989
[02:55:34] [worker #8] Bootstrap tree #303, logLikelihood: -64971.667650
[02:55:47] [worker #7] Bootstrap tree #302, logLikelihood: -74784.657847
[02:55:49] [worker #5] Bootstrap tree #314, logLikelihood: -70184.721547
[02:56:12] [worker #11] Bootstrap tree #306, logLikelihood: -74368.808488
[02:56:21] [worker #9] Bootstrap tree #304, logLikelihood: -66519.669637
[02:56:25] [worker #1] Bootstrap tree #310, logLikelihood: -73436.892091
[02:56:28] [worker #12] Bootstrap tree #307, logLikelihood: -74945.899359
[02:56:48] [worker #0] Bootstrap tree #309, logLikelihood: -70266.995224
[02:56:50] [worker #10] Bootstrap tree #305, logLikelihood: -75737.891150
[02:56:57] [worker #4] Bootstrap tree #313, logLikelihood: -75962.245477
[02:57:14] [worker #2] Bootstrap tree #311, logLikelihood: -75718.121880
[02:57:15] [worker #6] Bootstrap tree #301, logLikelihood: -75158.405535
[02:58:28] [worker #3] Bootstrap tree #312, logLikelihood: -71598.181992
[03:00:34] [worker #13] Bootstrap tree #322, logLikelihood: -74877.648141
[03:01:36] [worker #8] Bootstrap tree #317, logLikelihood: -71894.699499
[03:01:51] [worker #7] Bootstrap tree #316, logLikelihood: -70107.596644
[03:01:56] [worker #12] Bootstrap tree #321, logLikelihood: -74538.162295
[03:01:58] [worker #11] Bootstrap tree #320, logLikelihood: -75984.101116
[03:02:02] [worker #0] Bootstrap tree #323, logLikelihood: -73895.038576
[03:02:09] [worker #5] Bootstrap tree #328, logLikelihood: -71835.433664
[03:02:18] [worker #1] Bootstrap tree #324, logLikelihood: -72080.741382
[03:02:28] [worker #6] Bootstrap tree #315, logLikelihood: -74942.711068
[03:02:32] [worker #9] Bootstrap tree #318, logLikelihood: -72003.283848
[03:02:32] [worker #10] Bootstrap tree #319, logLikelihood: -70116.081041
[03:02:39] [worker #4] Bootstrap tree #327, logLikelihood: -72262.553592
[03:03:35] [worker #3] Bootstrap tree #326, logLikelihood: -65838.119589
[03:03:42] [worker #2] Bootstrap tree #325, logLikelihood: -71235.008327
[03:06:20] [worker #13] Bootstrap tree #336, logLikelihood: -69862.944428
[03:06:57] [worker #12] Bootstrap tree #335, logLikelihood: -71881.916987
[03:07:05] [worker #11] Bootstrap tree #334, logLikelihood: -72638.755486
[03:07:19] [worker #8] Bootstrap tree #331, logLikelihood: -73784.434104
[03:07:21] [worker #4] Bootstrap tree #341, logLikelihood: -67967.041191
[03:07:31] [worker #0] Bootstrap tree #337, logLikelihood: -73586.593763
[03:07:59] [worker #6] Bootstrap tree #329, logLikelihood: -68672.499285
[03:08:08] [worker #5] Bootstrap tree #342, logLikelihood: -70316.257893
[03:08:29] [worker #1] Bootstrap tree #338, logLikelihood: -70784.316941
[03:08:54] [worker #10] Bootstrap tree #333, logLikelihood: -74252.194074
[03:08:56] [worker #9] Bootstrap tree #332, logLikelihood: -71179.664243
[03:09:48] [worker #3] Bootstrap tree #340, logLikelihood: -75023.134865
[03:10:37] [worker #7] Bootstrap tree #330, logLikelihood: -74093.343066
[03:12:06] [worker #2] Bootstrap tree #339, logLikelihood: -69398.366895
[03:12:35] [worker #11] Bootstrap tree #348, logLikelihood: -70944.750677
[03:13:11] [worker #6] Bootstrap tree #343, logLikelihood: -74711.641540
[03:14:10] [worker #13] Bootstrap tree #350, logLikelihood: -72164.319437
[03:14:17] [worker #9] Bootstrap tree #346, logLikelihood: -72043.574327
[03:14:36] [worker #8] Bootstrap tree #345, logLikelihood: -73474.662201
[03:15:53] [worker #7] Bootstrap tree #344, logLikelihood: -77167.448651
[03:15:58] [worker #12] Bootstrap tree #349, logLikelihood: -73820.813473
[03:17:45] [worker #10] Bootstrap tree #347, logLikelihood: -72743.457131
[03:22:50] [worker #3] Bootstrap tree #354, logLikelihood: -74092.967711
[03:23:05] [worker #6] Bootstrap tree #357, logLikelihood: -76952.487361
[03:23:08] [worker #7] Bootstrap tree #358, logLikelihood: -73864.124468
[03:23:12] [worker #10] Bootstrap tree #361, logLikelihood: -74394.840096
[03:23:25] [worker #0] Bootstrap tree #351, logLikelihood: -71947.349782
[03:23:43] [worker #2] Bootstrap tree #353, logLikelihood: -73148.414586
[03:23:51] [worker #8] Bootstrap tree #359, logLikelihood: -70590.199728
[03:23:58] [worker #5] Bootstrap tree #356, logLikelihood: -66541.316419
[03:24:10] [worker #11] Bootstrap tree #362, logLikelihood: -77884.253674
[03:24:16] [worker #1] Bootstrap tree #352, logLikelihood: -75118.925644
[03:24:35] [worker #9] Bootstrap tree #360, logLikelihood: -73352.207175
[03:24:45] [worker #13] Bootstrap tree #364, logLikelihood: -71599.227145
[03:25:42] [worker #4] Bootstrap tree #355, logLikelihood: -77467.942599
[03:26:45] [worker #12] Bootstrap tree #363, logLikelihood: -71139.899560
[03:28:27] [worker #0] Bootstrap tree #365, logLikelihood: -72951.725696
[03:28:28] [worker #3] Bootstrap tree #368, logLikelihood: -72360.796523
[03:29:21] [worker #7] Bootstrap tree #372, logLikelihood: -73202.239395
[03:29:39] [worker #5] Bootstrap tree #370, logLikelihood: -71398.750195
[03:29:47] [worker #10] Bootstrap tree #375, logLikelihood: -76616.303153
[03:30:20] [worker #11] Bootstrap tree #376, logLikelihood: -74615.474542
[03:30:24] [worker #13] Bootstrap tree #378, logLikelihood: -73385.668814
[03:30:31] [worker #1] Bootstrap tree #366, logLikelihood: -71565.467901
[03:31:03] [worker #2] Bootstrap tree #367, logLikelihood: -73673.384969
[03:31:10] [worker #9] Bootstrap tree #374, logLikelihood: -71201.047356
[03:31:21] [worker #6] Bootstrap tree #371, logLikelihood: -74132.735877
[03:31:32] [worker #12] Bootstrap tree #377, logLikelihood: -71947.433077
[03:32:54] [worker #4] Bootstrap tree #369, logLikelihood: -72404.090538
[03:33:33] [worker #8] Bootstrap tree #373, logLikelihood: -69230.156746
[03:34:03] [worker #0] Bootstrap tree #379, logLikelihood: -73111.162172
[03:34:15] [worker #3] Bootstrap tree #382, logLikelihood: -69914.650469
[03:34:42] [worker #5] Bootstrap tree #384, logLikelihood: -68665.316439
[03:35:11] [worker #10] Bootstrap tree #389, logLikelihood: -71214.760581
[03:35:49] [worker #13] Bootstrap tree #392, logLikelihood: -71535.790270
[03:36:02] [worker #2] Bootstrap tree #381, logLikelihood: -70858.439068
[03:36:09] [worker #1] Bootstrap tree #380, logLikelihood: -70713.646427
[03:36:23] [worker #7] Bootstrap tree #386, logLikelihood: -71195.045297
[03:36:32] [worker #6] Bootstrap tree #385, logLikelihood: -72704.276015
[03:36:36] [worker #9] Bootstrap tree #388, logLikelihood: -72841.088478
[03:36:45] [worker #11] Bootstrap tree #390, logLikelihood: -69913.105913
[03:38:40] [worker #12] Bootstrap tree #391, logLikelihood: -75444.242427
[03:38:50] [worker #0] Bootstrap tree #393, logLikelihood: -69172.702096
[03:40:13] [worker #5] Bootstrap tree #398, logLikelihood: -71812.221555
[03:40:32] [worker #3] Bootstrap tree #396, logLikelihood: -71191.024588
[03:40:49] [worker #2] Bootstrap tree #395, logLikelihood: -74736.764508
[03:40:54] [worker #8] Bootstrap tree #387, logLikelihood: -72745.324904
[03:41:11] [worker #7] Bootstrap tree #400, logLikelihood: -75557.941160
[03:42:05] [worker #1] Bootstrap tree #394, logLikelihood: -72782.858823
[03:42:05] [worker #6] Bootstrap tree #399, logLikelihood: -72658.424528
[03:43:28] [worker #4] Bootstrap tree #383, logLikelihood: -69590.198981
[03:48:32] [worker #4] Bootstrap tree #397, logLikelihood: -75672.346430
[03:53:20] [worker #12] Bootstrap tree #405, logLikelihood: -74110.493501
[03:53:49] [worker #7] Bootstrap tree #414, logLikelihood: -72812.406139
[03:53:51] [worker #3] Bootstrap tree #410, logLikelihood: -73011.031303
[03:53:56] [worker #6] Bootstrap tree #413, logLikelihood: -70556.858193
[03:53:57] [worker #10] Bootstrap tree #403, logLikelihood: -78445.345149
[03:54:00] [worker #8] Bootstrap tree #401, logLikelihood: -74769.043918
[03:54:35] [worker #9] Bootstrap tree #402, logLikelihood: -70249.953388
[03:54:35] [worker #1] Bootstrap tree #408, logLikelihood: -70730.862226
[03:54:40] [worker #4] Bootstrap tree #411, logLikelihood: -72376.611250
[03:54:46] [worker #0] Bootstrap tree #407, logLikelihood: -72984.725511
[03:55:08] [worker #13] Bootstrap tree #406, logLikelihood: -74507.742462
[03:55:14] [worker #11] Bootstrap tree #404, logLikelihood: -72541.150172
[03:57:59] [worker #5] Bootstrap tree #412, logLikelihood: -70025.405737
[03:58:06] [worker #2] Bootstrap tree #409, logLikelihood: -75820.389115
[03:58:57] [worker #10] Bootstrap tree #417, logLikelihood: -70428.322512
[03:59:25] [worker #4] Bootstrap tree #425, logLikelihood: -69902.229760
[03:59:25] [worker #6] Bootstrap tree #427, logLikelihood: -72940.344346
[03:59:40] [worker #0] Bootstrap tree #421, logLikelihood: -74935.952244
[03:59:43] [worker #8] Bootstrap tree #415, logLikelihood: -70293.483001
[03:59:52] [worker #3] Bootstrap tree #424, logLikelihood: -71472.062298
[04:00:34] [worker #13] Bootstrap tree #420, logLikelihood: -74156.949738
[04:00:58] [worker #7] Bootstrap tree #428, logLikelihood: -73283.084840
[04:00:58] [worker #11] Bootstrap tree #418, logLikelihood: -69972.508520
[04:01:02] [worker #12] Bootstrap tree #419, logLikelihood: -72962.127844
[04:01:58] [worker #9] Bootstrap tree #416, logLikelihood: -70382.976512
[04:02:10] [worker #1] Bootstrap tree #422, logLikelihood: -70212.507354
[04:02:29] [worker #5] Bootstrap tree #426, logLikelihood: -71693.657876
[04:02:57] [worker #2] Bootstrap tree #423, logLikelihood: -72249.252181
[04:04:25] [worker #6] Bootstrap tree #441, logLikelihood: -72235.766511
[04:04:51] [worker #4] Bootstrap tree #439, logLikelihood: -68726.957864
[04:05:04] [worker #10] Bootstrap tree #431, logLikelihood: -74655.500711
[04:05:04] [worker #8] Bootstrap tree #429, logLikelihood: -69625.123796
[04:05:11] [worker #7] Bootstrap tree #442, logLikelihood: -67240.614194
[04:06:04] [worker #3] Bootstrap tree #438, logLikelihood: -74121.031195
[04:06:19] [worker #13] Bootstrap tree #434, logLikelihood: -71076.098385
[04:06:27] [worker #0] Bootstrap tree #435, logLikelihood: -70157.034645
[04:06:28] [worker #11] Bootstrap tree #432, logLikelihood: -72023.102097
[04:07:21] [worker #9] Bootstrap tree #430, logLikelihood: -74304.318590
[04:07:32] [worker #12] Bootstrap tree #433, logLikelihood: -68025.963681
[04:07:37] [worker #5] Bootstrap tree #440, logLikelihood: -71976.706623
[04:08:07] [worker #1] Bootstrap tree #436, logLikelihood: -72673.379942
[04:09:49] [worker #10] Bootstrap tree #445, logLikelihood: -68714.507152
[04:10:29] [worker #2] Bootstrap tree #437, logLikelihood: -75264.227025
[04:11:25] [worker #11] Bootstrap tree #446, logLikelihood: -76642.482938
[04:12:25] [worker #13] Bootstrap tree #448, logLikelihood: -73624.011176
[04:12:43] [worker #0] Bootstrap tree #449, logLikelihood: -72262.302257
[04:12:49] [worker #8] Bootstrap tree #443, logLikelihood: -74111.802217
[04:12:56] [worker #12] Bootstrap tree #447, logLikelihood: -71675.865801
[04:14:43] [worker #9] Bootstrap tree #444, logLikelihood: -73717.746364
[04:15:59] [worker #1] Bootstrap tree #450, logLikelihood: -72076.367148
[04:20:00] [worker #12] Bootstrap tree #461, logLikelihood: -72078.051947
[04:21:17] [worker #7] Bootstrap tree #456, logLikelihood: -68074.965204
[04:21:23] [worker #13] Bootstrap tree #462, logLikelihood: -72308.550673
[04:21:26] [worker #0] Bootstrap tree #463, logLikelihood: -76105.775103
[04:21:35] [worker #5] Bootstrap tree #454, logLikelihood: -72568.720650
[04:21:42] [worker #2] Bootstrap tree #451, logLikelihood: -74414.783334
[04:21:45] [worker #10] Bootstrap tree #459, logLikelihood: -71343.069172
[04:21:46] [worker #4] Bootstrap tree #453, logLikelihood: -71429.826509
[04:21:57] [worker #9] Bootstrap tree #458, logLikelihood: -75172.839874
[04:22:01] [worker #3] Bootstrap tree #452, logLikelihood: -74591.868408
[04:22:12] [worker #11] Bootstrap tree #460, logLikelihood: -72170.580085
[04:22:52] [worker #1] Bootstrap tree #464, logLikelihood: -75004.772745
[04:23:02] [worker #6] Bootstrap tree #455, logLikelihood: -74214.896796
[04:23:40] [worker #8] Bootstrap tree #457, logLikelihood: -75517.465108
[04:25:36] [worker #13] Bootstrap tree #476, logLikelihood: -66663.939411
[04:26:34] [worker #5] Bootstrap tree #468, logLikelihood: -70271.813238
[04:26:43] [worker #9] Bootstrap tree #472, logLikelihood: -71292.764373
[04:26:47] [worker #3] Bootstrap tree #466, logLikelihood: -72639.082214
[04:26:48] [worker #2] Bootstrap tree #465, logLikelihood: -70712.049925
[04:27:08] [worker #4] Bootstrap tree #467, logLikelihood: -69905.196239
[04:27:12] [worker #11] Bootstrap tree #474, logLikelihood: -78455.567357
[04:27:57] [worker #12] Bootstrap tree #475, logLikelihood: -75015.533204
[04:28:09] [worker #1] Bootstrap tree #478, logLikelihood: -70491.304763
[04:28:31] [worker #7] Bootstrap tree #470, logLikelihood: -75085.410142
[04:28:56] [worker #0] Bootstrap tree #477, logLikelihood: -67753.861789
[04:30:11] [worker #10] Bootstrap tree #473, logLikelihood: -71724.970666
[04:30:19] [worker #8] Bootstrap tree #471, logLikelihood: -72488.353496
[04:31:22] [worker #2] Bootstrap tree #479, logLikelihood: -72000.530398
[04:31:46] [worker #5] Bootstrap tree #482, logLikelihood: -73774.926250
[04:31:47] [worker #6] Bootstrap tree #469, logLikelihood: -69867.496153
[04:32:02] [worker #4] Bootstrap tree #481, logLikelihood: -73976.174662
[04:32:27] [worker #13] Bootstrap tree #490, logLikelihood: -71036.486400
[04:32:39] [worker #3] Bootstrap tree #480, logLikelihood: -70050.957295
[04:33:18] [worker #9] Bootstrap tree #486, logLikelihood: -72743.021749
[04:33:53] [worker #12] Bootstrap tree #489, logLikelihood: -76482.974852
[04:33:57] [worker #1] Bootstrap tree #492, logLikelihood: -72631.584513
[04:34:38] [worker #0] Bootstrap tree #491, logLikelihood: -75247.591172
[04:35:00] [worker #11] Bootstrap tree #488, logLikelihood: -68271.683024
[04:35:21] [worker #7] Bootstrap tree #484, logLikelihood: -75688.279748
[04:35:26] [worker #10] Bootstrap tree #487, logLikelihood: -76079.174515
[04:36:08] [worker #8] Bootstrap tree #485, logLikelihood: -69672.492808
[04:37:09] [worker #5] Bootstrap tree #496, logLikelihood: -70414.560798
[04:37:19] [worker #3] Bootstrap tree #494, logLikelihood: -69344.190562
[04:37:44] [worker #4] Bootstrap tree #495, logLikelihood: -76633.811030
[04:37:47] [worker #6] Bootstrap tree #483, logLikelihood: -74105.623800
[04:38:11] [worker #2] Bootstrap tree #493, logLikelihood: -72769.608335
[04:41:04] [worker #8] Bootstrap tree #499, logLikelihood: -68770.374717
[04:41:07] [worker #9] Bootstrap tree #500, logLikelihood: -75750.477301
[04:41:32] [worker #7] Bootstrap tree #498, logLikelihood: -71158.852268
[04:43:29] [worker #6] Bootstrap tree #497, logLikelihood: -71871.371454
[04:48:24] [worker #11] Bootstrap tree #502, logLikelihood: -76870.312292
[04:48:24] [worker #5] Bootstrap tree #510, logLikelihood: -68527.095291
[04:48:41] [worker #8] Bootstrap tree #513, logLikelihood: -75953.689767
[04:48:43] [worker #7] Bootstrap tree #512, logLikelihood: -71084.815833
[04:48:55] [worker #9] Bootstrap tree #514, logLikelihood: -74918.136263
[04:49:16] [worker #3] Bootstrap tree #508, logLikelihood: -72162.192230
[04:49:42] [worker #10] Bootstrap tree #501, logLikelihood: -78048.557951
[04:49:47] [worker #13] Bootstrap tree #504, logLikelihood: -73303.714702
[04:50:10] [worker #12] Bootstrap tree #503, logLikelihood: -72914.730300
[04:50:26] [worker #0] Bootstrap tree #505, logLikelihood: -74271.652780
[04:50:32] [worker #1] Bootstrap tree #506, logLikelihood: -72070.382678
[04:50:43] [worker #2] Bootstrap tree #507, logLikelihood: -76618.198742
[04:50:47] [worker #6] Bootstrap tree #511, logLikelihood: -72762.816597
[04:52:29] [worker #4] Bootstrap tree #509, logLikelihood: -74828.405115
[04:53:06] [worker #9] Bootstrap tree #528, logLikelihood: -72590.495694
[04:53:30] [worker #5] Bootstrap tree #524, logLikelihood: -73192.065343
[04:53:47] [worker #7] Bootstrap tree #526, logLikelihood: -70964.693765
[04:53:56] [worker #11] Bootstrap tree #516, logLikelihood: -72441.152954
[04:54:16] [worker #8] Bootstrap tree #527, logLikelihood: -70328.442188
[04:54:48] [worker #3] Bootstrap tree #522, logLikelihood: -76157.245546
[04:54:51] [worker #10] Bootstrap tree #515, logLikelihood: -72558.691089
[04:55:37] [worker #12] Bootstrap tree #517, logLikelihood: -68727.843709
[04:55:38] [worker #13] Bootstrap tree #518, logLikelihood: -72668.103726
[04:56:10] [worker #1] Bootstrap tree #520, logLikelihood: -75582.466190
[04:56:15] [worker #0] Bootstrap tree #519, logLikelihood: -72827.823013
[04:57:43] [worker #2] Bootstrap tree #521, logLikelihood: -72139.793718
[04:57:54] [worker #9] Bootstrap tree #542, logLikelihood: -73780.777872
[04:58:14] [worker #4] Bootstrap tree #523, logLikelihood: -76610.292730
[04:58:53] [worker #7] Bootstrap tree #540, logLikelihood: -69385.431768
[04:58:58] [worker #6] Bootstrap tree #525, logLikelihood: -76916.004448
[04:59:51] [worker #5] Bootstrap tree #538, logLikelihood: -72763.365443
[04:59:52] [worker #11] Bootstrap tree #530, logLikelihood: -72916.224722
[05:00:22] [worker #10] Bootstrap tree #529, logLikelihood: -71147.937347
[05:00:46] [worker #1] Bootstrap tree #534, logLikelihood: -75592.481152
[05:00:46] [worker #3] Bootstrap tree #536, logLikelihood: -66850.533721
[05:00:56] [worker #8] Bootstrap tree #541, logLikelihood: -69962.142018
[05:01:47] [worker #13] Bootstrap tree #532, logLikelihood: -71230.689285
[05:03:31] [worker #12] Bootstrap tree #531, logLikelihood: -74388.906757
[05:03:32] [worker #4] Bootstrap tree #537, logLikelihood: -71603.100423
[05:03:39] [worker #2] Bootstrap tree #535, logLikelihood: -73225.399218
[05:04:08] [worker #0] Bootstrap tree #533, logLikelihood: -76193.365592
[05:04:41] [worker #6] Bootstrap tree #539, logLikelihood: -71238.732103
[05:05:13] [worker #10] Bootstrap tree #543, logLikelihood: -71338.343987
[05:05:14] [worker #11] Bootstrap tree #544, logLikelihood: -70750.499644
[05:06:16] [worker #13] Bootstrap tree #546, logLikelihood: -72077.710913
[05:06:21] [worker #1] Bootstrap tree #548, logLikelihood: -71298.592626
[05:06:47] [worker #3] Bootstrap tree #550, logLikelihood: -71892.328298
[05:08:28] [worker #2] Bootstrap tree #549, logLikelihood: -69798.360720
[05:08:54] [worker #12] Bootstrap tree #545, logLikelihood: -69386.477614
[05:09:31] [worker #0] Bootstrap tree #547, logLikelihood: -75158.116627
[05:14:46] [worker #3] Bootstrap tree #564, logLikelihood: -72425.638527
[05:14:52] [worker #9] Bootstrap tree #556, logLikelihood: -75481.806720
[05:14:56] [worker #4] Bootstrap tree #551, logLikelihood: -73893.338580
[05:15:00] [worker #12] Bootstrap tree #559, logLikelihood: -73118.050253
[05:15:12] [worker #10] Bootstrap tree #557, logLikelihood: -74896.774175
[05:15:18] [worker #11] Bootstrap tree #558, logLikelihood: -72557.908616
[05:15:23] [worker #13] Bootstrap tree #560, logLikelihood: -73181.239708
[05:15:37] [worker #7] Bootstrap tree #554, logLikelihood: -76808.336010
[05:15:40] [worker #0] Bootstrap tree #561, logLikelihood: -72387.990580
[05:15:41] [worker #6] Bootstrap tree #553, logLikelihood: -72874.988625
[05:15:50] [worker #1] Bootstrap tree #562, logLikelihood: -73736.695783
[05:16:12] [worker #5] Bootstrap tree #552, logLikelihood: -72765.809104
[05:16:20] [worker #2] Bootstrap tree #563, logLikelihood: -70594.938094
[05:16:53] [worker #8] Bootstrap tree #555, logLikelihood: -71941.125277
[05:19:33] [worker #9] Bootstrap tree #570, logLikelihood: -69694.226211
[05:20:08] [worker #12] Bootstrap tree #573, logLikelihood: -76842.700436
[05:20:34] [worker #4] Bootstrap tree #565, logLikelihood: -75662.863139
[05:20:35] [worker #11] Bootstrap tree #572, logLikelihood: -68927.217321
[05:20:43] [worker #10] Bootstrap tree #571, logLikelihood: -72528.314984
[05:21:12] [worker #5] Bootstrap tree #566, logLikelihood: -73855.846073
[05:21:19] [worker #13] Bootstrap tree #574, logLikelihood: -72139.520521
[05:21:21] [worker #1] Bootstrap tree #576, logLikelihood: -70567.376984
[05:21:23] [worker #7] Bootstrap tree #568, logLikelihood: -71664.692697
[05:21:35] [worker #3] Bootstrap tree #578, logLikelihood: -71029.219926
[05:21:36] [worker #6] Bootstrap tree #567, logLikelihood: -70012.803955
[05:22:14] [worker #0] Bootstrap tree #575, logLikelihood: -70084.652123
[05:23:30] [worker #2] Bootstrap tree #577, logLikelihood: -72314.395914
[05:24:01] [worker #8] Bootstrap tree #569, logLikelihood: -72731.975226
[05:25:52] [worker #9] Bootstrap tree #584, logLikelihood: -73879.969374
[05:26:05] [worker #4] Bootstrap tree #579, logLikelihood: -70669.246752
[05:26:22] [worker #12] Bootstrap tree #587, logLikelihood: -73191.694228
[05:26:45] [worker #5] Bootstrap tree #580, logLikelihood: -74491.313673
[05:27:05] [worker #11] Bootstrap tree #586, logLikelihood: -72814.444061
[05:27:19] [worker #13] Bootstrap tree #588, logLikelihood: -69477.654816
[05:27:35] [worker #7] Bootstrap tree #582, logLikelihood: -76559.200428
[05:27:45] [worker #1] Bootstrap tree #590, logLikelihood: -72141.458535
[05:27:51] [worker #3] Bootstrap tree #592, logLikelihood: -74005.492353
[05:29:10] [worker #6] Bootstrap tree #581, logLikelihood: -70758.055805
[05:29:23] [worker #2] Bootstrap tree #591, logLikelihood: -71246.767348
[05:29:34] [worker #8] Bootstrap tree #583, logLikelihood: -72772.240927
[05:30:33] [worker #10] Bootstrap tree #585, logLikelihood: -71705.361597
[05:30:36] [worker #0] Bootstrap tree #589, logLikelihood: -75515.557919
[05:31:24] [worker #4] Bootstrap tree #593, logLikelihood: -72463.967220
[05:32:26] [worker #11] Bootstrap tree #600, logLikelihood: -75068.600899
[05:32:43] [worker #7] Bootstrap tree #596, logLikelihood: -77237.473112
[05:32:55] [worker #5] Bootstrap tree #594, logLikelihood: -75658.034845
[05:33:41] [worker #9] Bootstrap tree #598, logLikelihood: -74595.617078
[05:34:03] [worker #6] Bootstrap tree #595, logLikelihood: -73481.519973
[05:35:20] [worker #10] Bootstrap tree #599, logLikelihood: -73994.952534
[05:36:20] [worker #8] Bootstrap tree #597, logLikelihood: -74802.751557
[05:41:10] [worker #11] Bootstrap tree #614, logLikelihood: -72758.560588
[05:41:15] [worker #13] Bootstrap tree #602, logLikelihood: -67444.567853
[05:41:28] [worker #5] Bootstrap tree #608, logLikelihood: -68263.979857
[05:41:36] [worker #9] Bootstrap tree #612, logLikelihood: -72879.260589
[05:41:44] [worker #8] Bootstrap tree #611, logLikelihood: -74152.843457
[05:41:49] [worker #4] Bootstrap tree #607, logLikelihood: -73229.610123
[05:42:17] [worker #1] Bootstrap tree #604, logLikelihood: -72507.218102
[05:42:22] [worker #3] Bootstrap tree #606, logLikelihood: -73832.158569
[05:42:26] [worker #2] Bootstrap tree #605, logLikelihood: -75553.238034
[05:42:31] [worker #12] Bootstrap tree #601, logLikelihood: -77288.680249
[05:42:39] [worker #7] Bootstrap tree #610, logLikelihood: -73789.497677
[05:42:50] [worker #10] Bootstrap tree #613, logLikelihood: -75524.316853
[05:43:24] [worker #6] Bootstrap tree #609, logLikelihood: -70970.244014
[05:43:52] [worker #0] Bootstrap tree #603, logLikelihood: -69710.126600
[05:46:22] [worker #8] Bootstrap tree #625, logLikelihood: -75914.061821
[05:46:29] [worker #13] Bootstrap tree #616, logLikelihood: -77381.706206
[05:46:58] [worker #1] Bootstrap tree #618, logLikelihood: -72998.995812
[05:47:13] [worker #11] Bootstrap tree #628, logLikelihood: -72986.852241
[05:47:28] [worker #12] Bootstrap tree #615, logLikelihood: -72309.865964
[05:47:32] [worker #7] Bootstrap tree #624, logLikelihood: -70932.785037
[05:47:48] [worker #4] Bootstrap tree #621, logLikelihood: -75385.702118
[05:48:06] [worker #9] Bootstrap tree #626, logLikelihood: -76986.750642
[05:48:31] [worker #2] Bootstrap tree #619, logLikelihood: -72501.137812
[05:48:32] [worker #3] Bootstrap tree #620, logLikelihood: -73218.419045
[05:48:39] [worker #0] Bootstrap tree #617, logLikelihood: -74179.141178
[05:49:11] [worker #10] Bootstrap tree #627, logLikelihood: -68330.380289
[05:49:19] [worker #5] Bootstrap tree #622, logLikelihood: -69475.130676
[05:51:50] [worker #8] Bootstrap tree #639, logLikelihood: -66389.872870
[05:52:09] [worker #11] Bootstrap tree #642, logLikelihood: -67631.154712
[05:52:42] [worker #7] Bootstrap tree #638, logLikelihood: -69778.668569
[05:52:58] [worker #13] Bootstrap tree #630, logLikelihood: -67221.108259
[05:53:00] [worker #12] Bootstrap tree #629, logLikelihood: -75644.745182
[05:53:09] [worker #4] Bootstrap tree #635, logLikelihood: -66661.670008
[05:53:30] [worker #1] Bootstrap tree #632, logLikelihood: -70613.771114
[05:54:14] [worker #6] Bootstrap tree #623, logLikelihood: -68470.416355
[05:54:18] [worker #10] Bootstrap tree #641, logLikelihood: -72007.070694
[05:54:26] [worker #2] Bootstrap tree #633, logLikelihood: -72211.257451
[05:54:56] [worker #3] Bootstrap tree #634, logLikelihood: -71198.167419
[05:55:12] [worker #5] Bootstrap tree #636, logLikelihood: -72173.575458
[05:55:48] [worker #0] Bootstrap tree #631, logLikelihood: -75071.586193
[05:56:06] [worker #9] Bootstrap tree #640, logLikelihood: -78067.232547
[05:58:17] [worker #12] Bootstrap tree #643, logLikelihood: -75215.270294
[05:58:39] [worker #4] Bootstrap tree #649, logLikelihood: -72296.998346
[05:59:47] [worker #1] Bootstrap tree #646, logLikelihood: -72538.887674
[06:00:05] [worker #6] Bootstrap tree #637, logLikelihood: -71966.322817
[06:00:40] [worker #5] Bootstrap tree #650, logLikelihood: -67938.624530
[06:00:56] [worker #3] Bootstrap tree #648, logLikelihood: -77249.477671
[06:02:31] [worker #0] Bootstrap tree #645, logLikelihood: -73190.868376
[06:02:41] [worker #13] Bootstrap tree #644, logLikelihood: -75392.591533
[06:05:02] [worker #2] Bootstrap tree #647, logLikelihood: -68899.719537
[06:05:07] Bootstrapping converged after 650 replicates.

Optimized model parameters:

   Partition 0: noname
   Rate heterogeneity: GAMMA (4 cats, mean),  alpha: 1.396898 (ML),  weights&rates: (0.250000,0.208947) (0.250000,0.570444) (0.250000,1.043746) (0.250000,2.176863) 
   Base frequencies (model): 0.079066 0.055941 0.041977 0.053052 0.012937 0.040767 0.071586 0.057337 0.022355 0.062157 0.099081 0.064600 0.022951 0.042302 0.044040 0.061197 0.053287 0.012066 0.034155 0.069147 
   Substitution rates (model): 0.425093 0.276818 0.395144 2.489084 0.969894 1.038545 2.066040 0.358858 0.149830 0.395337 0.536518 1.124035 0.253701 1.177651 4.727182 2.139501 0.180717 0.218959 2.547870 0.751878 0.123954 0.534551 2.807908 0.363970 0.390192 2.426601 0.126991 0.301848 6.326067 0.484133 0.052722 0.332533 0.858151 0.578987 0.593607 0.314440 0.170887 5.076149 0.528768 1.695752 0.541712 1.437645 4.509238 0.191503 0.068427 2.145078 0.371004 0.089525 0.161787 4.008358 2.000679 0.045376 0.612025 0.083688 0.062556 0.523386 5.243870 0.844926 0.927114 0.010690 0.015076 0.282959 0.025548 0.017416 0.394456 1.240275 0.425860 0.029890 0.135107 0.037967 0.084808 0.003499 0.569265 0.640543 0.320627 0.594007 0.013266 0.893680 1.105251 0.075382 2.784478 1.143480 0.670128 1.165532 1.959291 4.128591 0.267959 4.813505 0.072854 0.582457 3.234294 1.672569 0.035855 0.624294 1.223828 1.080136 0.236199 0.257336 0.210332 0.348847 0.423881 0.044265 0.069673 1.807177 0.173735 0.018811 0.419409 0.611973 0.604545 0.077852 0.120037 0.245034 0.311484 0.008705 0.044261 0.296636 0.139538 0.089586 0.196961 1.739990 0.129836 0.268491 0.054679 0.076701 0.108882 0.366317 0.697264 0.442472 0.682139 0.508851 0.990012 0.584262 0.597054 5.306834 0.119013 4.145067 0.159069 4.273607 1.112727 0.078281 0.064105 1.033739 0.111660 0.232523 10.649107 0.137500 6.312358 2.592692 0.249060 0.182287 0.302936 0.619632 0.299648 1.702745 0.656604 0.023918 0.390322 0.748683 1.136863 0.049906 0.131932 0.185202 1.798853 0.099849 0.346960 2.020366 0.696175 0.481306 1.898718 0.094464 0.361819 0.165001 2.457121 7.803902 0.654683 1.338132 0.571468 0.095131 0.089613 0.296501 6.472279 0.248862 0.400547 0.098369 0.140825 0.245841 2.188158 3.151815 0.189510 0.249313 


Final LogLikelihood: -72910.541067

AIC score: 146561.082133 / AICc score: 148689.299187 / BIC score: 148120.487129
Free parameters (model + branch lengths): 370

Best ML tree saved to: /Users/bhe2/Documents/work/current/C037-Cand-auris-adhesin/02-case-studies/03-gene-tree/20220516-raxmlng-remove-Mbic/output/raxml-ng/expanded-blast-PF11765-noMbic_clustalo_clipkit.raxml.bestTree
All ML trees saved to: /Users/bhe2/Documents/work/current/C037-Cand-auris-adhesin/02-case-studies/03-gene-tree/20220516-raxmlng-remove-Mbic/output/raxml-ng/expanded-blast-PF11765-noMbic_clustalo_clipkit.raxml.mlTrees
Best ML tree with Felsenstein bootstrap (FBP) support values saved to: /Users/bhe2/Documents/work/current/C037-Cand-auris-adhesin/02-case-studies/03-gene-tree/20220516-raxmlng-remove-Mbic/output/raxml-ng/expanded-blast-PF11765-noMbic_clustalo_clipkit.raxml.support
Optimized model saved to: /Users/bhe2/Documents/work/current/C037-Cand-auris-adhesin/02-case-studies/03-gene-tree/20220516-raxmlng-remove-Mbic/output/raxml-ng/expanded-blast-PF11765-noMbic_clustalo_clipkit.raxml.bestModel
Bootstrap trees saved to: /Users/bhe2/Documents/work/current/C037-Cand-auris-adhesin/02-case-studies/03-gene-tree/20220516-raxmlng-remove-Mbic/output/raxml-ng/expanded-blast-PF11765-noMbic_clustalo_clipkit.raxml.bootstraps

Execution log saved to: /Users/bhe2/Documents/work/current/C037-Cand-auris-adhesin/02-case-studies/03-gene-tree/20220516-raxmlng-remove-Mbic/output/raxml-ng/expanded-blast-PF11765-noMbic_clustalo_clipkit.raxml.log

Analysis started: 16-May-2022 12:01:31 / finished: 16-May-2022 18:06:39

Elapsed time: 21907.773 seconds

Consumed energy: 1520.617 Wh (= 8 km in an electric car, or 38 km with an e-scooter!)

