
RAxML-NG v. 1.1.0 released on 29.11.2021 by The Exelixis Lab.
Developed by: Alexey M. Kozlov and Alexandros Stamatakis.
Contributors: Diego Darriba, Tomas Flouri, Benoit Morel, Sarah Lutteropp, Ben Bettisworth.
Latest version: https://github.com/amkozlov/raxml-ng
Questions/problems/suggestions? Please visit: https://groups.google.com/forum/#!forum/raxml

System: Intel(R) Xeon(R) CPU E5-2680 v4 @ 2.40GHz, 28 cores, 251 GB RAM

RAxML-NG was called at 17-May-2022 10:43:37 as follows:

/Users/bhe2/bin/raxml-ng-mpi --all --msa ../output/align/expanded-blast-PF11765-noMbic_clustalo.faa --model LG+G --seed 123 --threads auto --workers auto --bs-trees autoMRE --prefix ../output/raxml-ng/expanded-blast-PF11765-noMbic_clustalo

Analysis options:
  run mode: ML tree search + bootstrapping (Felsenstein Bootstrap)
  start tree(s): random (10) + parsimony (10)
  bootstrap replicates: max: 1000 + bootstopping (autoMRE, cutoff: 0.030000)
  random seed: 123
  tip-inner: OFF
  pattern compression: ON
  per-rate scalers: OFF
  site repeats: ON
  branch lengths: proportional (ML estimate, algorithm: NR-FAST)
  SIMD kernels: AVX2
  parallelization: coarse-grained (auto), PTHREADS (auto)

[00:00:00] Reading alignment from file: ../output/align/expanded-blast-PF11765-noMbic_clustalo.faa
[00:00:00] Loaded alignment with 186 taxa and 522 sites

Alignment comprises 1 partitions and 475 patterns

Partition 0: noname
Model: LG+G4m
Alignment sites / patterns: 522 / 475
Gaps: 39.35 %
Invariant sites: 19.92 %


NOTE: Binary MSA file created: ../output/raxml-ng/expanded-blast-PF11765-noMbic_clustalo.raxml.rba

Parallelization scheme autoconfig: 14 worker(s) x 2 thread(s)

Parallel reduction/worker buffer size: 1 KB  / 0 KB

[00:00:00] Generating 10 random starting tree(s) with 186 taxa
[00:00:00] Generating 10 parsimony starting tree(s) with 186 taxa
[00:00:00] Data distribution: max. partitions/sites/weight per thread: 1 / 238 / 19040
[00:00:01] Data distribution: max. searches per worker: 74

Starting ML tree search with 20 distinct starting trees

[00:06:53] [worker #8] ML tree search #9, logLikelihood: -72979.813120
[00:07:08] [worker #0] ML tree search #1, logLikelihood: -72976.369180
[00:07:20] [worker #11] ML tree search #12, logLikelihood: -72982.473997
[00:07:20] [worker #9] ML tree search #10, logLikelihood: -72978.372175
[00:07:39] [worker #13] ML tree search #14, logLikelihood: -72977.495507
[00:07:45] [worker #12] ML tree search #13, logLikelihood: -72978.488377
[00:07:59] [worker #10] ML tree search #11, logLikelihood: -72980.647038
[00:08:22] [worker #1] ML tree search #2, logLikelihood: -72979.385371
[00:08:30] [worker #5] ML tree search #6, logLikelihood: -72976.365191
[00:08:33] [worker #7] ML tree search #8, logLikelihood: -72980.489601
[00:08:49] [worker #3] ML tree search #4, logLikelihood: -72982.471907
[00:09:19] [worker #6] ML tree search #7, logLikelihood: -72979.486725
[00:09:25] [worker #4] ML tree search #5, logLikelihood: -72980.489645
[00:09:49] [worker #2] ML tree search #3, logLikelihood: -72978.468701
[00:13:40] [worker #0] ML tree search #15, logLikelihood: -72979.813049
[00:14:28] [worker #1] ML tree search #16, logLikelihood: -72982.116380
[00:16:10] [worker #4] ML tree search #19, logLikelihood: -72978.075511
[00:16:41] [worker #5] ML tree search #20, logLikelihood: -72977.242230
[00:18:13] [worker #2] ML tree search #17, logLikelihood: -72979.490482
[00:18:15] [worker #3] ML tree search #18, logLikelihood: -72985.221470

[00:18:15] ML tree search completed, best tree logLH: -72976.365191

[00:18:15] Starting bootstrapping analysis with 1000 replicates.

[00:23:16] [worker #0] Bootstrap tree #1, logLikelihood: -74009.922277
[00:23:41] [worker #13] Bootstrap tree #14, logLikelihood: -74323.533032
[00:23:56] [worker #10] Bootstrap tree #11, logLikelihood: -69594.120512
[00:23:58] [worker #7] Bootstrap tree #8, logLikelihood: -74757.715002
[00:24:10] [worker #12] Bootstrap tree #13, logLikelihood: -68375.597375
[00:24:10] [worker #5] Bootstrap tree #6, logLikelihood: -73299.456343
[00:24:13] [worker #8] Bootstrap tree #9, logLikelihood: -72979.122666
[00:24:14] [worker #11] Bootstrap tree #12, logLikelihood: -72137.041106
[00:24:29] [worker #3] Bootstrap tree #4, logLikelihood: -75340.431061
[00:24:29] [worker #4] Bootstrap tree #5, logLikelihood: -69632.399402
[00:24:45] [worker #1] Bootstrap tree #2, logLikelihood: -74683.378566
[00:25:05] [worker #9] Bootstrap tree #10, logLikelihood: -74651.797383
[00:25:58] [worker #2] Bootstrap tree #3, logLikelihood: -75428.717215
[00:27:13] [worker #6] Bootstrap tree #7, logLikelihood: -78735.929780
[00:29:33] [worker #7] Bootstrap tree #22, logLikelihood: -76733.788838
[00:29:36] [worker #1] Bootstrap tree #16, logLikelihood: -75504.035385
[00:29:44] [worker #13] Bootstrap tree #28, logLikelihood: -71137.859073
[00:30:12] [worker #12] Bootstrap tree #27, logLikelihood: -73105.638887
[00:30:12] [worker #11] Bootstrap tree #26, logLikelihood: -69985.700246
[00:30:35] [worker #5] Bootstrap tree #20, logLikelihood: -75029.652178
[00:30:38] [worker #4] Bootstrap tree #19, logLikelihood: -74411.194007
[00:30:39] [worker #10] Bootstrap tree #25, logLikelihood: -70192.477476
[00:30:57] [worker #8] Bootstrap tree #23, logLikelihood: -73580.574329
[00:31:05] [worker #3] Bootstrap tree #18, logLikelihood: -77224.038441
[00:31:22] [worker #0] Bootstrap tree #15, logLikelihood: -76457.450967
[00:31:36] [worker #9] Bootstrap tree #24, logLikelihood: -73578.934716
[00:34:28] [worker #2] Bootstrap tree #17, logLikelihood: -70791.356946
[00:34:50] [worker #1] Bootstrap tree #30, logLikelihood: -72351.765867
[00:35:04] [worker #6] Bootstrap tree #21, logLikelihood: -69739.488912
[00:35:32] [worker #13] Bootstrap tree #42, logLikelihood: -67620.374618
[00:36:15] [worker #10] Bootstrap tree #39, logLikelihood: -75267.139111
[00:36:27] [worker #7] Bootstrap tree #36, logLikelihood: -72672.647673
[00:36:33] [worker #8] Bootstrap tree #37, logLikelihood: -71891.421983
[00:37:00] [worker #11] Bootstrap tree #40, logLikelihood: -73759.737032
[00:37:16] [worker #0] Bootstrap tree #29, logLikelihood: -70354.297910
[00:37:23] [worker #4] Bootstrap tree #33, logLikelihood: -71291.601651
[00:37:24] [worker #3] Bootstrap tree #32, logLikelihood: -69248.833970
[00:37:33] [worker #12] Bootstrap tree #41, logLikelihood: -71989.509584
[00:37:33] [worker #5] Bootstrap tree #34, logLikelihood: -75431.376758
[00:38:03] [worker #9] Bootstrap tree #38, logLikelihood: -70458.162952
[00:40:52] [worker #2] Bootstrap tree #31, logLikelihood: -71311.013130
[00:41:29] [worker #7] Bootstrap tree #50, logLikelihood: -72360.112298
[00:42:39] [worker #0] Bootstrap tree #43, logLikelihood: -72670.179849
[00:43:09] [worker #1] Bootstrap tree #44, logLikelihood: -71818.945903
[00:43:50] [worker #5] Bootstrap tree #48, logLikelihood: -74385.121988
[00:44:41] [worker #3] Bootstrap tree #46, logLikelihood: -70314.687098
[00:45:54] [worker #6] Bootstrap tree #35, logLikelihood: -71546.289862
[00:46:18] [worker #4] Bootstrap tree #47, logLikelihood: -75388.304602
[00:47:50] [worker #2] Bootstrap tree #45, logLikelihood: -70786.815936
[00:52:21] [worker #6] Bootstrap tree #49, logLikelihood: -72758.972608
[00:57:10] [worker #10] Bootstrap tree #53, logLikelihood: -71773.727310
[00:57:22] [worker #11] Bootstrap tree #54, logLikelihood: -71281.755185
[00:57:31] [worker #9] Bootstrap tree #52, logLikelihood: -71767.686089
[00:57:39] [worker #13] Bootstrap tree #56, logLikelihood: -73825.163950
[00:57:41] [worker #5] Bootstrap tree #62, logLikelihood: -71907.769125
[00:57:55] [worker #4] Bootstrap tree #61, logLikelihood: -72449.660346
[00:58:04] [worker #8] Bootstrap tree #51, logLikelihood: -75207.864532
[00:58:25] [worker #0] Bootstrap tree #57, logLikelihood: -76296.681893
[00:58:39] [worker #12] Bootstrap tree #55, logLikelihood: -72940.711287
[00:58:44] [worker #7] Bootstrap tree #64, logLikelihood: -65926.950792
[00:58:52] [worker #3] Bootstrap tree #60, logLikelihood: -71005.465664
[00:59:14] [worker #2] Bootstrap tree #59, logLikelihood: -74141.833916
[00:59:45] [worker #1] Bootstrap tree #58, logLikelihood: -72996.995148
[01:01:19] [worker #6] Bootstrap tree #63, logLikelihood: -74754.485154
[01:02:32] [worker #10] Bootstrap tree #67, logLikelihood: -69894.926401
[01:03:04] [worker #9] Bootstrap tree #66, logLikelihood: -72721.912683
[01:03:35] [worker #4] Bootstrap tree #75, logLikelihood: -72572.082536
[01:03:38] [worker #13] Bootstrap tree #70, logLikelihood: -72073.578753
[01:04:23] [worker #7] Bootstrap tree #78, logLikelihood: -72409.667938
[01:04:35] [worker #11] Bootstrap tree #68, logLikelihood: -70335.093327
[01:05:10] [worker #5] Bootstrap tree #76, logLikelihood: -69630.361932
[01:05:33] [worker #8] Bootstrap tree #65, logLikelihood: -73406.089854
[01:05:50] [worker #2] Bootstrap tree #73, logLikelihood: -72432.720346
[01:06:01] [worker #1] Bootstrap tree #72, logLikelihood: -68840.174850
[01:06:02] [worker #12] Bootstrap tree #69, logLikelihood: -66911.737517
[01:06:18] [worker #0] Bootstrap tree #71, logLikelihood: -77521.977417
[01:06:47] [worker #3] Bootstrap tree #74, logLikelihood: -73051.481940
[01:07:10] [worker #6] Bootstrap tree #77, logLikelihood: -70170.099514
[01:08:21] [worker #10] Bootstrap tree #81, logLikelihood: -70356.557252
[01:09:07] [worker #9] Bootstrap tree #80, logLikelihood: -73738.514837
[01:09:37] [worker #11] Bootstrap tree #82, logLikelihood: -74387.828517
[01:10:41] [worker #7] Bootstrap tree #92, logLikelihood: -73407.742556
[01:10:53] [worker #0] Bootstrap tree #85, logLikelihood: -74499.396913
[01:10:54] [worker #13] Bootstrap tree #84, logLikelihood: -76064.326131
[01:10:55] [worker #4] Bootstrap tree #89, logLikelihood: -73523.512658
[01:11:13] [worker #8] Bootstrap tree #79, logLikelihood: -74710.413783
[01:11:24] [worker #12] Bootstrap tree #83, logLikelihood: -71622.058693
[01:11:28] [worker #5] Bootstrap tree #90, logLikelihood: -72455.490124
[01:11:37] [worker #2] Bootstrap tree #87, logLikelihood: -73453.505804
[01:13:21] [worker #3] Bootstrap tree #88, logLikelihood: -76618.951779
[01:13:27] [worker #1] Bootstrap tree #86, logLikelihood: -71298.647662
[01:13:48] [worker #6] Bootstrap tree #91, logLikelihood: -72247.564701
[01:14:52] [worker #10] Bootstrap tree #95, logLikelihood: -70929.155390
[01:14:58] [worker #11] Bootstrap tree #96, logLikelihood: -71753.739101
[01:15:04] [worker #9] Bootstrap tree #94, logLikelihood: -67198.149207
[01:16:25] [worker #12] Bootstrap tree #97, logLikelihood: -74256.127892
[01:17:01] [worker #0] Bootstrap tree #99, logLikelihood: -73537.583052
[01:17:07] [worker #13] Bootstrap tree #98, logLikelihood: -69336.353218
[01:17:15] [worker #8] Bootstrap tree #93, logLikelihood: -72754.672333
[01:20:06] [worker #1] Bootstrap tree #100, logLikelihood: -74401.412729
[01:25:32] [worker #8] Bootstrap tree #107, logLikelihood: -72210.764893
[01:25:36] [worker #7] Bootstrap tree #106, logLikelihood: -70655.841907
[01:25:45] [worker #0] Bootstrap tree #113, logLikelihood: -70725.025059
[01:25:48] [worker #2] Bootstrap tree #101, logLikelihood: -68015.664393
[01:25:56] [worker #5] Bootstrap tree #104, logLikelihood: -75464.895106
[01:25:57] [worker #3] Bootstrap tree #102, logLikelihood: -73759.679431
[01:26:08] [worker #11] Bootstrap tree #110, logLikelihood: -73393.820105
[01:26:24] [worker #9] Bootstrap tree #108, logLikelihood: -73614.322026
[01:26:28] [worker #12] Bootstrap tree #111, logLikelihood: -73307.350626
[01:26:39] [worker #13] Bootstrap tree #112, logLikelihood: -67735.795231
[01:26:42] [worker #1] Bootstrap tree #114, logLikelihood: -70764.371129
[01:27:01] [worker #4] Bootstrap tree #103, logLikelihood: -74416.167622
[01:28:01] [worker #6] Bootstrap tree #105, logLikelihood: -73667.729371
[01:28:18] [worker #10] Bootstrap tree #109, logLikelihood: -71121.246115
[01:31:02] [worker #3] Bootstrap tree #116, logLikelihood: -67778.302888
[01:31:23] [worker #11] Bootstrap tree #124, logLikelihood: -68258.083602
[01:31:29] [worker #12] Bootstrap tree #125, logLikelihood: -73938.500032
[01:31:42] [worker #7] Bootstrap tree #120, logLikelihood: -69957.953495
[01:31:51] [worker #2] Bootstrap tree #115, logLikelihood: -74483.679461
[01:32:13] [worker #9] Bootstrap tree #122, logLikelihood: -75852.249216
[01:33:01] [worker #4] Bootstrap tree #117, logLikelihood: -72063.067699
[01:33:04] [worker #8] Bootstrap tree #121, logLikelihood: -73693.527880
[01:33:10] [worker #5] Bootstrap tree #118, logLikelihood: -72637.743973
[01:33:31] [worker #13] Bootstrap tree #126, logLikelihood: -75404.918260
[01:33:40] [worker #1] Bootstrap tree #128, logLikelihood: -72347.097417
[01:33:43] [worker #0] Bootstrap tree #127, logLikelihood: -72522.134198
[01:34:34] [worker #10] Bootstrap tree #123, logLikelihood: -72876.386045
[01:34:53] [worker #6] Bootstrap tree #119, logLikelihood: -75851.923810
[01:36:40] [worker #3] Bootstrap tree #130, logLikelihood: -71671.902275
[01:37:19] [worker #9] Bootstrap tree #136, logLikelihood: -70643.008898
[01:37:30] [worker #7] Bootstrap tree #134, logLikelihood: -72233.101652
[01:38:00] [worker #11] Bootstrap tree #138, logLikelihood: -68426.269829
[01:38:02] [worker #12] Bootstrap tree #139, logLikelihood: -73300.456308
[01:38:04] [worker #4] Bootstrap tree #131, logLikelihood: -72908.900391
[01:39:33] [worker #13] Bootstrap tree #140, logLikelihood: -68949.293445
[01:39:41] [worker #2] Bootstrap tree #129, logLikelihood: -73661.096670
[01:39:45] [worker #5] Bootstrap tree #132, logLikelihood: -71877.071934
[01:40:02] [worker #10] Bootstrap tree #137, logLikelihood: -71816.693664
[01:40:09] [worker #1] Bootstrap tree #142, logLikelihood: -70537.296601
[01:40:21] [worker #0] Bootstrap tree #141, logLikelihood: -69640.484158
[01:41:47] [worker #6] Bootstrap tree #133, logLikelihood: -71187.654175
[01:42:49] [worker #8] Bootstrap tree #135, logLikelihood: -78215.843474
[01:43:16] [worker #4] Bootstrap tree #145, logLikelihood: -75771.287109
[01:43:50] [worker #9] Bootstrap tree #150, logLikelihood: -77843.505598
[01:44:23] [worker #7] Bootstrap tree #148, logLikelihood: -74254.260852
[01:44:47] [worker #3] Bootstrap tree #144, logLikelihood: -69862.519316
[01:45:16] [worker #2] Bootstrap tree #143, logLikelihood: -71501.664418
[01:46:14] [worker #5] Bootstrap tree #146, logLikelihood: -72917.137617
[01:46:43] [worker #6] Bootstrap tree #147, logLikelihood: -68391.684807
[01:51:41] [worker #8] Bootstrap tree #149, logLikelihood: -78155.323373
[01:56:51] [worker #10] Bootstrap tree #151, logLikelihood: -78327.337582
[01:56:59] [worker #2] Bootstrap tree #157, logLikelihood: -75079.146498
[01:57:00] [worker #5] Bootstrap tree #160, logLikelihood: -73894.952676
[01:57:40] [worker #13] Bootstrap tree #154, logLikelihood: -71895.613717
[01:57:54] [worker #0] Bootstrap tree #155, logLikelihood: -72043.978115
[01:58:14] [worker #12] Bootstrap tree #153, logLikelihood: -74631.136748
[01:58:16] [worker #1] Bootstrap tree #156, logLikelihood: -71517.781413
[01:58:17] [worker #8] Bootstrap tree #163, logLikelihood: -70452.869256
[01:58:39] [worker #3] Bootstrap tree #158, logLikelihood: -69678.505612
[01:58:42] [worker #4] Bootstrap tree #159, logLikelihood: -73887.320466
[01:58:48] [worker #7] Bootstrap tree #162, logLikelihood: -71964.402768
[01:59:10] [worker #6] Bootstrap tree #161, logLikelihood: -78913.253934
[01:59:27] [worker #9] Bootstrap tree #164, logLikelihood: -70335.823166
[02:00:14] [worker #11] Bootstrap tree #152, logLikelihood: -75820.657608
[02:02:56] [worker #5] Bootstrap tree #174, logLikelihood: -80080.870466
[02:03:03] [worker #10] Bootstrap tree #165, logLikelihood: -70520.533038
[02:03:07] [worker #0] Bootstrap tree #169, logLikelihood: -74676.855981
[02:03:22] [worker #1] Bootstrap tree #170, logLikelihood: -73093.418510
[02:03:38] [worker #13] Bootstrap tree #168, logLikelihood: -75268.930109
[02:04:49] [worker #9] Bootstrap tree #178, logLikelihood: -77335.949286
[02:04:51] [worker #12] Bootstrap tree #167, logLikelihood: -74857.327046
[02:04:59] [worker #7] Bootstrap tree #176, logLikelihood: -70348.987877
[02:05:02] [worker #4] Bootstrap tree #173, logLikelihood: -75774.935614
[02:05:23] [worker #11] Bootstrap tree #166, logLikelihood: -71201.003363
[02:05:32] [worker #3] Bootstrap tree #172, logLikelihood: -73410.335349
[02:06:19] [worker #8] Bootstrap tree #177, logLikelihood: -74321.594478
[02:06:30] [worker #2] Bootstrap tree #171, logLikelihood: -77128.236659
[02:06:34] [worker #6] Bootstrap tree #175, logLikelihood: -75565.369407
[02:07:38] [worker #5] Bootstrap tree #188, logLikelihood: -72836.094623
[02:08:22] [worker #0] Bootstrap tree #183, logLikelihood: -68211.995756
[02:09:18] [worker #10] Bootstrap tree #179, logLikelihood: -72175.666819
[02:09:30] [worker #1] Bootstrap tree #184, logLikelihood: -70465.981097
[02:10:08] [worker #4] Bootstrap tree #187, logLikelihood: -69113.575440
[02:10:25] [worker #9] Bootstrap tree #192, logLikelihood: -67725.097689
[02:10:27] [worker #7] Bootstrap tree #190, logLikelihood: -72332.775843
[02:10:52] [worker #12] Bootstrap tree #181, logLikelihood: -74797.976381
[02:10:54] [worker #3] Bootstrap tree #186, logLikelihood: -69455.972077
[02:11:44] [worker #8] Bootstrap tree #191, logLikelihood: -75100.220919
[02:12:04] [worker #11] Bootstrap tree #180, logLikelihood: -71631.484549
[02:12:28] [worker #2] Bootstrap tree #185, logLikelihood: -71610.031303
[02:13:10] [worker #6] Bootstrap tree #189, logLikelihood: -82789.390289
[02:13:53] [worker #13] Bootstrap tree #182, logLikelihood: -71107.530293
[02:14:06] [worker #10] Bootstrap tree #193, logLikelihood: -74135.556296
[02:14:11] [worker #0] Bootstrap tree #197, logLikelihood: -73409.539650
[02:15:44] [worker #1] Bootstrap tree #198, logLikelihood: -72586.566974
[02:16:39] [worker #12] Bootstrap tree #195, logLikelihood: -69104.793013
[02:17:05] [worker #3] Bootstrap tree #200, logLikelihood: -71969.980526
[02:17:29] [worker #11] Bootstrap tree #194, logLikelihood: -71824.322340
[02:18:19] [worker #2] Bootstrap tree #199, logLikelihood: -73192.629335
[02:20:28] [worker #13] Bootstrap tree #196, logLikelihood: -69055.382308
[02:25:43] [worker #7] Bootstrap tree #204, logLikelihood: -71080.583554
[02:26:16] [worker #13] Bootstrap tree #210, logLikelihood: -68264.551521
[02:26:27] [worker #11] Bootstrap tree #208, logLikelihood: -73535.432526
[02:26:28] [worker #1] Bootstrap tree #212, logLikelihood: -69144.883108
[02:26:28] [worker #9] Bootstrap tree #206, logLikelihood: -75371.616811
[02:26:34] [worker #2] Bootstrap tree #213, logLikelihood: -74614.329011
[02:26:39] [worker #3] Bootstrap tree #214, logLikelihood: -74846.467849
[02:26:47] [worker #8] Bootstrap tree #205, logLikelihood: -71867.354632
[02:27:04] [worker #12] Bootstrap tree #209, logLikelihood: -73375.843340
[02:27:11] [worker #6] Bootstrap tree #203, logLikelihood: -71638.555212
[02:27:32] [worker #0] Bootstrap tree #211, logLikelihood: -74318.608535
[02:27:36] [worker #5] Bootstrap tree #202, logLikelihood: -73827.344693
[02:27:37] [worker #10] Bootstrap tree #207, logLikelihood: -73404.119565
[02:30:41] [worker #4] Bootstrap tree #201, logLikelihood: -70461.127481
[02:31:20] [worker #7] Bootstrap tree #218, logLikelihood: -72257.932366
[02:31:46] [worker #9] Bootstrap tree #220, logLikelihood: -70216.656222
[02:31:53] [worker #2] Bootstrap tree #227, logLikelihood: -74625.732200
[02:32:00] [worker #12] Bootstrap tree #223, logLikelihood: -72887.460780
[02:32:11] [worker #3] Bootstrap tree #228, logLikelihood: -71410.669606
[02:32:28] [worker #5] Bootstrap tree #216, logLikelihood: -70529.393692
[02:32:33] [worker #13] Bootstrap tree #224, logLikelihood: -74189.892015
[02:32:45] [worker #8] Bootstrap tree #219, logLikelihood: -73677.696250
[02:33:02] [worker #0] Bootstrap tree #225, logLikelihood: -71129.003889
[02:33:07] [worker #1] Bootstrap tree #226, logLikelihood: -72779.166216
[02:33:43] [worker #11] Bootstrap tree #222, logLikelihood: -75680.569095
[02:33:49] [worker #10] Bootstrap tree #221, logLikelihood: -71056.370787
[02:34:33] [worker #6] Bootstrap tree #217, logLikelihood: -70635.181211
[02:37:29] [worker #4] Bootstrap tree #215, logLikelihood: -75847.973155
[02:37:47] [worker #13] Bootstrap tree #238, logLikelihood: -71170.847285
[02:38:10] [worker #5] Bootstrap tree #230, logLikelihood: -74280.827788
[02:38:21] [worker #8] Bootstrap tree #233, logLikelihood: -73040.237819
[02:38:23] [worker #12] Bootstrap tree #237, logLikelihood: -72839.106682
[02:38:33] [worker #7] Bootstrap tree #232, logLikelihood: -70699.452472
[02:38:49] [worker #0] Bootstrap tree #239, logLikelihood: -69065.012036
[02:39:06] [worker #11] Bootstrap tree #236, logLikelihood: -70639.663020
[02:39:07] [worker #9] Bootstrap tree #234, logLikelihood: -69761.728554
[02:39:12] [worker #3] Bootstrap tree #242, logLikelihood: -72363.107762
[02:39:24] [worker #1] Bootstrap tree #240, logLikelihood: -71429.982334
[02:39:25] [worker #10] Bootstrap tree #235, logLikelihood: -75403.100813
[02:39:31] [worker #2] Bootstrap tree #241, logLikelihood: -73388.462263
[02:42:04] [worker #6] Bootstrap tree #231, logLikelihood: -70963.910171
[02:43:00] [worker #4] Bootstrap tree #229, logLikelihood: -74286.735745
[02:43:26] [worker #7] Bootstrap tree #246, logLikelihood: -70829.500752
[02:43:54] [worker #8] Bootstrap tree #247, logLikelihood: -71440.843318
[02:44:20] [worker #10] Bootstrap tree #249, logLikelihood: -73275.903677
[02:44:36] [worker #11] Bootstrap tree #250, logLikelihood: -73811.292343
[02:45:03] [worker #5] Bootstrap tree #244, logLikelihood: -72917.106999
[02:46:45] [worker #6] Bootstrap tree #245, logLikelihood: -66944.754937
[02:46:46] [worker #9] Bootstrap tree #248, logLikelihood: -68315.215003
[02:50:35] [worker #4] Bootstrap tree #243, logLikelihood: -69916.825495
[02:56:14] [worker #13] Bootstrap tree #252, logLikelihood: -78644.305840
[02:56:23] [worker #0] Bootstrap tree #253, logLikelihood: -69801.908667
[02:56:28] [worker #5] Bootstrap tree #258, logLikelihood: -71001.135080
[02:56:30] [worker #6] Bootstrap tree #259, logLikelihood: -72476.643688
[02:56:35] [worker #3] Bootstrap tree #256, logLikelihood: -73189.638096
[02:56:46] [worker #4] Bootstrap tree #257, logLikelihood: -67704.802126
[02:56:46] [worker #10] Bootstrap tree #263, logLikelihood: -75523.131364
[02:56:49] [worker #12] Bootstrap tree #251, logLikelihood: -67539.548981
[02:57:00] [worker #9] Bootstrap tree #262, logLikelihood: -71537.353677
[02:57:25] [worker #11] Bootstrap tree #264, logLikelihood: -75769.601911
[02:57:30] [worker #1] Bootstrap tree #254, logLikelihood: -71614.385180
[02:58:06] [worker #8] Bootstrap tree #261, logLikelihood: -71231.788595
[02:58:07] [worker #2] Bootstrap tree #255, logLikelihood: -73509.032256
[02:58:33] [worker #7] Bootstrap tree #260, logLikelihood: -75951.290906
[03:01:13] [worker #5] Bootstrap tree #272, logLikelihood: -74681.338218
[03:01:22] [worker #6] Bootstrap tree #273, logLikelihood: -73876.840369
[03:02:08] [worker #4] Bootstrap tree #271, logLikelihood: -76550.869055
[03:02:13] [worker #10] Bootstrap tree #277, logLikelihood: -71708.119669
[03:02:15] [worker #0] Bootstrap tree #267, logLikelihood: -71630.754536
[03:02:35] [worker #9] Bootstrap tree #276, logLikelihood: -76319.057305
[03:02:41] [worker #3] Bootstrap tree #270, logLikelihood: -74472.555634
[03:02:43] [worker #12] Bootstrap tree #265, logLikelihood: -70494.417172
[03:02:50] [worker #11] Bootstrap tree #278, logLikelihood: -72415.163064
[03:03:28] [worker #13] Bootstrap tree #266, logLikelihood: -77543.520055
[03:04:10] [worker #8] Bootstrap tree #275, logLikelihood: -71454.747476
[03:04:23] [worker #2] Bootstrap tree #269, logLikelihood: -71348.825472
[03:04:30] [worker #7] Bootstrap tree #274, logLikelihood: -73884.439024
[03:04:46] [worker #1] Bootstrap tree #268, logLikelihood: -69510.182433
[03:06:58] [worker #6] Bootstrap tree #287, logLikelihood: -68213.623496
[03:07:16] [worker #5] Bootstrap tree #286, logLikelihood: -69972.073997
[03:07:37] [worker #4] Bootstrap tree #285, logLikelihood: -76066.203486
[03:07:44] [worker #0] Bootstrap tree #281, logLikelihood: -73249.698034
[03:08:09] [worker #13] Bootstrap tree #280, logLikelihood: -66792.017473
[03:08:31] [worker #3] Bootstrap tree #284, logLikelihood: -68520.045230
[03:08:46] [worker #11] Bootstrap tree #292, logLikelihood: -76927.197125
[03:09:06] [worker #9] Bootstrap tree #290, logLikelihood: -73995.648981
[03:09:28] [worker #10] Bootstrap tree #291, logLikelihood: -67195.062194
[03:09:54] [worker #12] Bootstrap tree #279, logLikelihood: -71957.949348
[03:10:16] [worker #1] Bootstrap tree #282, logLikelihood: -75774.612876
[03:10:22] [worker #8] Bootstrap tree #289, logLikelihood: -71251.572124
[03:10:42] [worker #7] Bootstrap tree #288, logLikelihood: -71197.278284
[03:11:16] [worker #2] Bootstrap tree #283, logLikelihood: -73662.092806
[03:13:12] [worker #0] Bootstrap tree #295, logLikelihood: -70427.977473
[03:13:31] [worker #4] Bootstrap tree #299, logLikelihood: -77774.492136
[03:13:59] [worker #5] Bootstrap tree #300, logLikelihood: -75959.178571
[03:14:16] [worker #13] Bootstrap tree #294, logLikelihood: -75364.132524
[03:14:22] [worker #3] Bootstrap tree #298, logLikelihood: -77712.768343
[03:15:35] [worker #12] Bootstrap tree #293, logLikelihood: -73389.182602
[03:15:51] [worker #1] Bootstrap tree #296, logLikelihood: -68509.948396
[03:17:48] [worker #2] Bootstrap tree #297, logLikelihood: -73112.339760
[03:22:30] [worker #2] Bootstrap tree #311, logLikelihood: -72874.608896
[03:22:50] [worker #7] Bootstrap tree #302, logLikelihood: -73131.922892
[03:22:51] [worker #1] Bootstrap tree #310, logLikelihood: -75357.299351
[03:23:15] [worker #9] Bootstrap tree #304, logLikelihood: -67882.274491
[03:23:16] [worker #6] Bootstrap tree #301, logLikelihood: -73138.447379
[03:23:24] [worker #13] Bootstrap tree #308, logLikelihood: -69189.835932
[03:23:25] [worker #3] Bootstrap tree #312, logLikelihood: -74290.691851
[03:23:27] [worker #5] Bootstrap tree #314, logLikelihood: -73790.126152
[03:23:30] [worker #8] Bootstrap tree #303, logLikelihood: -68282.805410
[03:24:06] [worker #12] Bootstrap tree #307, logLikelihood: -73894.459386
[03:24:30] [worker #10] Bootstrap tree #305, logLikelihood: -69389.962445
[03:24:55] [worker #4] Bootstrap tree #313, logLikelihood: -74908.711111
[03:25:34] [worker #0] Bootstrap tree #309, logLikelihood: -69397.597325
[03:25:48] [worker #11] Bootstrap tree #306, logLikelihood: -76004.178117
[03:27:47] [worker #1] Bootstrap tree #324, logLikelihood: -71825.616828
[03:29:16] [worker #12] Bootstrap tree #321, logLikelihood: -76160.986837
[03:29:16] [worker #7] Bootstrap tree #316, logLikelihood: -71184.891927
[03:29:26] [worker #13] Bootstrap tree #322, logLikelihood: -72114.967034
[03:29:43] [worker #5] Bootstrap tree #328, logLikelihood: -71671.189744
[03:29:53] [worker #10] Bootstrap tree #319, logLikelihood: -70913.071315
[03:29:59] [worker #2] Bootstrap tree #325, logLikelihood: -71487.289460
[03:30:43] [worker #3] Bootstrap tree #326, logLikelihood: -70537.097036
[03:30:52] [worker #4] Bootstrap tree #327, logLikelihood: -70145.381195
[03:30:52] [worker #6] Bootstrap tree #315, logLikelihood: -73085.413652
[03:30:55] [worker #0] Bootstrap tree #323, logLikelihood: -73120.512039
[03:31:45] [worker #8] Bootstrap tree #317, logLikelihood: -70174.501577
[03:32:17] [worker #9] Bootstrap tree #318, logLikelihood: -74078.651829
[03:32:43] [worker #11] Bootstrap tree #320, logLikelihood: -77469.156540
[03:33:15] [worker #1] Bootstrap tree #338, logLikelihood: -74261.361468
[03:34:46] [worker #12] Bootstrap tree #335, logLikelihood: -70671.767943
[03:35:01] [worker #7] Bootstrap tree #330, logLikelihood: -77218.156854
[03:35:27] [worker #13] Bootstrap tree #336, logLikelihood: -72118.351174
[03:36:04] [worker #4] Bootstrap tree #341, logLikelihood: -73279.113754
[03:36:29] [worker #2] Bootstrap tree #339, logLikelihood: -71534.782849
[03:36:48] [worker #3] Bootstrap tree #340, logLikelihood: -73666.091973
[03:36:53] [worker #10] Bootstrap tree #333, logLikelihood: -73629.584484
[03:36:59] [worker #9] Bootstrap tree #332, logLikelihood: -66136.855870
[03:36:59] [worker #0] Bootstrap tree #337, logLikelihood: -71823.195916
[03:37:04] [worker #6] Bootstrap tree #329, logLikelihood: -68952.132456
[03:38:00] [worker #11] Bootstrap tree #334, logLikelihood: -68447.343127
[03:39:24] [worker #5] Bootstrap tree #342, logLikelihood: -71026.555956
[03:39:32] [worker #8] Bootstrap tree #331, logLikelihood: -72705.640161
[03:39:48] [worker #12] Bootstrap tree #349, logLikelihood: -73600.876894
[03:42:36] [worker #10] Bootstrap tree #347, logLikelihood: -68530.871093
[03:42:44] [worker #13] Bootstrap tree #350, logLikelihood: -70485.358509
[03:42:50] [worker #9] Bootstrap tree #346, logLikelihood: -71872.134986
[03:43:28] [worker #11] Bootstrap tree #348, logLikelihood: -71012.624748
[03:43:34] [worker #7] Bootstrap tree #344, logLikelihood: -74045.591678
[03:44:43] [worker #6] Bootstrap tree #343, logLikelihood: -72748.185034
[03:45:14] [worker #8] Bootstrap tree #345, logLikelihood: -74952.523515
[03:50:23] [worker #6] Bootstrap tree #357, logLikelihood: -72876.864112
[03:50:44] [worker #0] Bootstrap tree #351, logLikelihood: -73485.103242
[03:50:45] [worker #2] Bootstrap tree #353, logLikelihood: -76980.180124
[03:50:46] [worker #13] Bootstrap tree #364, logLikelihood: -73358.465763
[03:50:56] [worker #9] Bootstrap tree #360, logLikelihood: -72637.590180
[03:51:08] [worker #11] Bootstrap tree #362, logLikelihood: -74543.678965
[03:51:08] [worker #4] Bootstrap tree #355, logLikelihood: -77694.763266
[03:51:13] [worker #1] Bootstrap tree #352, logLikelihood: -70704.348806
[03:51:18] [worker #7] Bootstrap tree #358, logLikelihood: -73581.577664
[03:51:24] [worker #10] Bootstrap tree #361, logLikelihood: -73041.830100
[03:51:26] [worker #8] Bootstrap tree #359, logLikelihood: -70085.731564
[03:51:29] [worker #12] Bootstrap tree #363, logLikelihood: -74102.743474
[03:51:53] [worker #3] Bootstrap tree #354, logLikelihood: -72780.291102
[03:53:44] [worker #5] Bootstrap tree #356, logLikelihood: -69297.753261
[03:56:06] [worker #7] Bootstrap tree #372, logLikelihood: -73606.255565
[03:56:17] [worker #6] Bootstrap tree #371, logLikelihood: -75456.802558
[03:56:22] [worker #4] Bootstrap tree #369, logLikelihood: -72652.694040
[03:56:46] [worker #0] Bootstrap tree #365, logLikelihood: -77552.671051
[03:57:01] [worker #10] Bootstrap tree #375, logLikelihood: -74276.185879
[03:57:16] [worker #3] Bootstrap tree #368, logLikelihood: -72620.507559
[03:57:26] [worker #13] Bootstrap tree #378, logLikelihood: -71621.198390
[03:57:37] [worker #9] Bootstrap tree #374, logLikelihood: -75018.607346
[03:58:12] [worker #1] Bootstrap tree #366, logLikelihood: -72452.625445
[03:58:21] [worker #8] Bootstrap tree #373, logLikelihood: -71852.143529
[03:58:35] [worker #2] Bootstrap tree #367, logLikelihood: -71635.607300
[03:58:37] [worker #5] Bootstrap tree #370, logLikelihood: -75961.047329
[03:59:38] [worker #11] Bootstrap tree #376, logLikelihood: -77934.783077
[04:01:02] [worker #12] Bootstrap tree #377, logLikelihood: -73960.285203
[04:01:55] [worker #7] Bootstrap tree #386, logLikelihood: -71097.228316
[04:02:13] [worker #4] Bootstrap tree #383, logLikelihood: -70926.828473
[04:02:38] [worker #0] Bootstrap tree #379, logLikelihood: -72487.970491
[04:03:03] [worker #9] Bootstrap tree #388, logLikelihood: -74593.106659
[04:03:42] [worker #10] Bootstrap tree #389, logLikelihood: -75604.935393
[04:03:57] [worker #6] Bootstrap tree #385, logLikelihood: -71955.916262
[04:04:08] [worker #8] Bootstrap tree #387, logLikelihood: -72027.167680
[04:04:22] [worker #3] Bootstrap tree #382, logLikelihood: -68278.935136
[04:05:02] [worker #11] Bootstrap tree #390, logLikelihood: -68404.988068
[04:05:59] [worker #5] Bootstrap tree #384, logLikelihood: -73229.471493
[04:06:20] [worker #2] Bootstrap tree #381, logLikelihood: -72976.616429
[04:07:02] [worker #1] Bootstrap tree #380, logLikelihood: -70624.173706
[04:07:17] [worker #13] Bootstrap tree #392, logLikelihood: -71676.208786
[04:09:14] [worker #4] Bootstrap tree #397, logLikelihood: -77191.759637
[04:09:20] [worker #12] Bootstrap tree #391, logLikelihood: -78850.867323
[04:09:28] [worker #7] Bootstrap tree #400, logLikelihood: -76948.899096
[04:10:38] [worker #3] Bootstrap tree #396, logLikelihood: -72704.175605
[04:10:41] [worker #0] Bootstrap tree #393, logLikelihood: -70484.744269
[04:11:08] [worker #6] Bootstrap tree #399, logLikelihood: -69928.820429
[04:11:23] [worker #1] Bootstrap tree #394, logLikelihood: -70514.103670
[04:11:41] [worker #2] Bootstrap tree #395, logLikelihood: -75799.741205
[04:12:14] [worker #5] Bootstrap tree #398, logLikelihood: -69521.062772
[04:17:22] [worker #6] Bootstrap tree #413, logLikelihood: -69292.999660
[04:17:32] [worker #7] Bootstrap tree #414, logLikelihood: -74269.141672
[04:17:52] [worker #8] Bootstrap tree #401, logLikelihood: -72677.814510
[04:17:52] [worker #10] Bootstrap tree #403, logLikelihood: -73082.696812
[04:18:10] [worker #3] Bootstrap tree #410, logLikelihood: -76566.289923
[04:18:17] [worker #4] Bootstrap tree #411, logLikelihood: -74780.951422
[04:18:19] [worker #2] Bootstrap tree #409, logLikelihood: -79256.917398
[04:18:36] [worker #12] Bootstrap tree #405, logLikelihood: -73125.260658
[04:18:39] [worker #9] Bootstrap tree #402, logLikelihood: -71114.151369
[04:18:57] [worker #5] Bootstrap tree #412, logLikelihood: -70532.333830
[04:19:02] [worker #1] Bootstrap tree #408, logLikelihood: -72901.861595
[04:19:30] [worker #13] Bootstrap tree #406, logLikelihood: -74481.600585
[04:19:31] [worker #11] Bootstrap tree #404, logLikelihood: -68152.093045
[04:20:56] [worker #0] Bootstrap tree #407, logLikelihood: -71155.265780
[04:22:50] [worker #8] Bootstrap tree #415, logLikelihood: -72867.822505
[04:23:20] [worker #3] Bootstrap tree #424, logLikelihood: -72931.546087
[04:23:34] [worker #6] Bootstrap tree #427, logLikelihood: -72511.139307
[04:23:37] [worker #4] Bootstrap tree #425, logLikelihood: -74582.609601
[04:23:38] [worker #10] Bootstrap tree #417, logLikelihood: -71241.129342
[04:24:17] [worker #12] Bootstrap tree #419, logLikelihood: -77404.192558
[04:24:59] [worker #1] Bootstrap tree #422, logLikelihood: -73131.176070
[04:25:06] [worker #7] Bootstrap tree #428, logLikelihood: -70250.136737
[04:25:07] [worker #13] Bootstrap tree #420, logLikelihood: -74296.939083
[04:25:11] [worker #5] Bootstrap tree #426, logLikelihood: -74314.463737
[04:25:36] [worker #2] Bootstrap tree #423, logLikelihood: -69703.354572
[04:25:38] [worker #9] Bootstrap tree #416, logLikelihood: -67800.651120
[04:26:11] [worker #0] Bootstrap tree #421, logLikelihood: -73838.056600
[04:27:07] [worker #11] Bootstrap tree #418, logLikelihood: -68426.097813
[04:28:26] [worker #8] Bootstrap tree #429, logLikelihood: -69323.671138
[04:28:59] [worker #6] Bootstrap tree #441, logLikelihood: -73779.553933
[04:29:04] [worker #3] Bootstrap tree #438, logLikelihood: -69588.996258
[04:29:28] [worker #4] Bootstrap tree #439, logLikelihood: -70777.222391
[04:30:47] [worker #1] Bootstrap tree #436, logLikelihood: -74419.283739
[04:30:51] [worker #7] Bootstrap tree #442, logLikelihood: -67423.401670
[04:31:28] [worker #9] Bootstrap tree #430, logLikelihood: -73362.952974
[04:31:49] [worker #0] Bootstrap tree #435, logLikelihood: -74448.786429
[04:31:56] [worker #12] Bootstrap tree #433, logLikelihood: -69594.902696
[04:31:59] [worker #2] Bootstrap tree #437, logLikelihood: -76077.096719
[04:32:19] [worker #11] Bootstrap tree #432, logLikelihood: -75478.520682
[04:32:24] [worker #13] Bootstrap tree #434, logLikelihood: -75206.613709
[04:32:27] [worker #10] Bootstrap tree #431, logLikelihood: -74950.205069
[04:33:11] [worker #5] Bootstrap tree #440, logLikelihood: -73009.159325
[04:34:27] [worker #8] Bootstrap tree #443, logLikelihood: -70856.516853
[04:37:21] [worker #1] Bootstrap tree #450, logLikelihood: -75275.108741
[04:37:31] [worker #11] Bootstrap tree #446, logLikelihood: -72098.956326
[04:37:33] [worker #0] Bootstrap tree #449, logLikelihood: -74245.775317
[04:38:04] [worker #13] Bootstrap tree #448, logLikelihood: -70366.630636
[04:38:37] [worker #9] Bootstrap tree #444, logLikelihood: -74220.515945
[04:38:44] [worker #12] Bootstrap tree #447, logLikelihood: -69275.647548
[04:39:09] [worker #10] Bootstrap tree #445, logLikelihood: -70879.852983
[04:44:07] [worker #2] Bootstrap tree #451, logLikelihood: -73221.907050
[04:44:15] [worker #0] Bootstrap tree #463, logLikelihood: -74407.456009
[04:44:39] [worker #8] Bootstrap tree #457, logLikelihood: -76936.351286
[04:45:15] [worker #4] Bootstrap tree #453, logLikelihood: -71959.639464
[04:45:19] [worker #9] Bootstrap tree #458, logLikelihood: -72287.098472
[04:45:28] [worker #6] Bootstrap tree #455, logLikelihood: -71942.129911
[04:45:39] [worker #11] Bootstrap tree #460, logLikelihood: -74176.775848
[04:45:45] [worker #1] Bootstrap tree #464, logLikelihood: -75610.825401
[04:45:46] [worker #3] Bootstrap tree #452, logLikelihood: -72449.147028
[04:46:11] [worker #13] Bootstrap tree #462, logLikelihood: -69068.779530
[04:46:36] [worker #10] Bootstrap tree #459, logLikelihood: -70398.693954
[04:46:41] [worker #7] Bootstrap tree #456, logLikelihood: -74002.539539
[04:46:42] [worker #12] Bootstrap tree #461, logLikelihood: -72177.529555
[04:48:28] [worker #5] Bootstrap tree #454, logLikelihood: -69526.155692
[04:50:16] [worker #4] Bootstrap tree #467, logLikelihood: -67674.814462
[04:50:30] [worker #0] Bootstrap tree #477, logLikelihood: -71636.290893
[04:50:42] [worker #2] Bootstrap tree #465, logLikelihood: -70512.948516
[04:50:59] [worker #11] Bootstrap tree #474, logLikelihood: -79173.440054
[04:51:03] [worker #6] Bootstrap tree #469, logLikelihood: -70832.866133
[04:51:27] [worker #1] Bootstrap tree #478, logLikelihood: -74914.313463
[04:51:28] [worker #8] Bootstrap tree #471, logLikelihood: -77083.646123
[04:51:33] [worker #9] Bootstrap tree #472, logLikelihood: -73533.595541
[04:52:07] [worker #7] Bootstrap tree #470, logLikelihood: -75342.722967
[04:52:34] [worker #10] Bootstrap tree #473, logLikelihood: -71471.628798
[04:52:59] [worker #12] Bootstrap tree #475, logLikelihood: -72924.421054
[04:53:56] [worker #5] Bootstrap tree #468, logLikelihood: -69235.939377
[04:54:30] [worker #3] Bootstrap tree #466, logLikelihood: -68883.347657
[04:54:58] [worker #13] Bootstrap tree #476, logLikelihood: -67755.203091
[04:56:22] [worker #4] Bootstrap tree #481, logLikelihood: -76061.469554
[04:56:31] [worker #0] Bootstrap tree #491, logLikelihood: -76130.532055
[04:56:50] [worker #8] Bootstrap tree #485, logLikelihood: -69618.736774
[04:57:09] [worker #11] Bootstrap tree #488, logLikelihood: -72496.339510
[04:57:12] [worker #2] Bootstrap tree #479, logLikelihood: -67947.179504
[04:57:12] [worker #9] Bootstrap tree #486, logLikelihood: -70129.345272
[04:57:31] [worker #6] Bootstrap tree #483, logLikelihood: -76017.676631
[04:58:14] [worker #1] Bootstrap tree #492, logLikelihood: -73905.833285
[04:58:51] [worker #10] Bootstrap tree #487, logLikelihood: -75735.366539
[04:59:00] [worker #7] Bootstrap tree #484, logLikelihood: -74223.971178
[05:00:02] [worker #13] Bootstrap tree #490, logLikelihood: -70942.595471
[05:00:26] [worker #5] Bootstrap tree #482, logLikelihood: -70900.537266
[05:00:39] [worker #12] Bootstrap tree #489, logLikelihood: -76733.289533
[05:00:46] [worker #3] Bootstrap tree #480, logLikelihood: -70535.450212
[05:02:16] [worker #8] Bootstrap tree #499, logLikelihood: -73949.619010
[05:03:07] [worker #2] Bootstrap tree #493, logLikelihood: -73299.600898
[05:03:13] [worker #6] Bootstrap tree #497, logLikelihood: -74172.602934
[05:03:16] [worker #9] Bootstrap tree #500, logLikelihood: -75130.976499
[05:04:26] [worker #7] Bootstrap tree #498, logLikelihood: -74363.227401
[05:05:46] [worker #5] Bootstrap tree #496, logLikelihood: -72290.145625
[05:06:07] [worker #3] Bootstrap tree #494, logLikelihood: -71664.790996
[05:06:49] [worker #4] Bootstrap tree #495, logLikelihood: -75679.242011
[05:11:51] [worker #9] Bootstrap tree #514, logLikelihood: -71185.388631
[05:11:56] [worker #11] Bootstrap tree #502, logLikelihood: -74067.650391
[05:12:12] [worker #8] Bootstrap tree #513, logLikelihood: -73476.163671
[05:12:17] [worker #6] Bootstrap tree #511, logLikelihood: -72824.265923
[05:12:40] [worker #1] Bootstrap tree #506, logLikelihood: -72795.164576
[05:12:58] [worker #0] Bootstrap tree #505, logLikelihood: -73937.939222
[05:12:58] [worker #7] Bootstrap tree #512, logLikelihood: -72766.655916
[05:13:38] [worker #4] Bootstrap tree #509, logLikelihood: -76350.617244
[05:13:40] [worker #5] Bootstrap tree #510, logLikelihood: -73204.389965
[05:13:54] [worker #12] Bootstrap tree #503, logLikelihood: -75545.818598
[05:13:56] [worker #10] Bootstrap tree #501, logLikelihood: -75210.519481
[05:13:59] [worker #13] Bootstrap tree #504, logLikelihood: -78430.337793
[05:14:05] [worker #2] Bootstrap tree #507, logLikelihood: -75197.351634
[05:14:22] [worker #3] Bootstrap tree #508, logLikelihood: -71589.600175
[05:17:16] [worker #11] Bootstrap tree #516, logLikelihood: -72729.604652
[05:17:17] [worker #8] Bootstrap tree #527, logLikelihood: -68459.299488
[05:17:23] [worker #6] Bootstrap tree #525, logLikelihood: -73791.402819
[05:17:30] [worker #9] Bootstrap tree #528, logLikelihood: -69635.614302
[05:18:28] [worker #7] Bootstrap tree #526, logLikelihood: -72341.342413
[05:18:37] [worker #1] Bootstrap tree #520, logLikelihood: -74972.898255
[05:18:59] [worker #10] Bootstrap tree #515, logLikelihood: -72690.214074
[05:19:00] [worker #0] Bootstrap tree #519, logLikelihood: -75488.517370
[05:19:19] [worker #4] Bootstrap tree #523, logLikelihood: -73562.044537
[05:19:48] [worker #12] Bootstrap tree #517, logLikelihood: -70016.748373
[05:20:00] [worker #3] Bootstrap tree #522, logLikelihood: -72441.703516
[05:20:14] [worker #13] Bootstrap tree #518, logLikelihood: -69310.336291
[05:20:59] [worker #5] Bootstrap tree #524, logLikelihood: -71342.331373
[05:22:23] [worker #6] Bootstrap tree #539, logLikelihood: -74103.102764
[05:22:34] [worker #9] Bootstrap tree #542, logLikelihood: -72999.986810
[05:22:59] [worker #11] Bootstrap tree #530, logLikelihood: -72992.489173
[05:23:28] [worker #8] Bootstrap tree #541, logLikelihood: -68287.184174
[05:24:10] [worker #2] Bootstrap tree #521, logLikelihood: -71687.990943
[05:24:25] [worker #1] Bootstrap tree #534, logLikelihood: -74420.914396
[05:24:33] [worker #10] Bootstrap tree #529, logLikelihood: -71212.659482
[05:24:36] [worker #4] Bootstrap tree #537, logLikelihood: -75801.654890
[05:25:10] [worker #12] Bootstrap tree #531, logLikelihood: -75297.295590
[05:25:18] [worker #0] Bootstrap tree #533, logLikelihood: -72489.384716
[05:26:01] [worker #5] Bootstrap tree #538, logLikelihood: -72254.757556
[05:26:14] [worker #3] Bootstrap tree #536, logLikelihood: -68433.051505
[05:26:42] [worker #13] Bootstrap tree #532, logLikelihood: -73556.797905
[05:27:30] [worker #7] Bootstrap tree #540, logLikelihood: -74540.556180
[05:29:26] [worker #11] Bootstrap tree #544, logLikelihood: -68406.898306
[05:29:50] [worker #1] Bootstrap tree #548, logLikelihood: -71079.066926
[05:30:05] [worker #2] Bootstrap tree #535, logLikelihood: -78422.638953
[05:30:27] [worker #10] Bootstrap tree #543, logLikelihood: -66343.990711
[05:30:29] [worker #12] Bootstrap tree #545, logLikelihood: -72961.318704
[05:30:45] [worker #0] Bootstrap tree #547, logLikelihood: -74364.914975
[05:33:12] [worker #13] Bootstrap tree #546, logLikelihood: -77268.823329
[05:35:24] [worker #2] Bootstrap tree #549, logLikelihood: -69605.077595
[05:35:35] [worker #3] Bootstrap tree #550, logLikelihood: -72030.044913
[05:40:14] [worker #3] Bootstrap tree #564, logLikelihood: -71464.245206
[05:41:19] [worker #7] Bootstrap tree #554, logLikelihood: -75152.626670
[05:41:21] [worker #8] Bootstrap tree #555, logLikelihood: -68793.359390
[05:41:27] [worker #11] Bootstrap tree #558, logLikelihood: -74345.664705
[05:41:34] [worker #2] Bootstrap tree #563, logLikelihood: -70296.220381
[05:41:44] [worker #1] Bootstrap tree #562, logLikelihood: -69406.468934
[05:42:00] [worker #9] Bootstrap tree #556, logLikelihood: -73366.591895
[05:42:24] [worker #0] Bootstrap tree #561, logLikelihood: -73393.281700
[05:42:27] [worker #13] Bootstrap tree #560, logLikelihood: -70428.512903
[05:42:31] [worker #12] Bootstrap tree #559, logLikelihood: -77063.499504
[05:42:39] [worker #6] Bootstrap tree #553, logLikelihood: -74188.683973
[05:42:40] [worker #10] Bootstrap tree #557, logLikelihood: -72510.031321
[05:43:18] [worker #5] Bootstrap tree #552, logLikelihood: -73338.751430
[05:43:19] [worker #4] Bootstrap tree #551, logLikelihood: -75487.127506
[05:46:12] [worker #3] Bootstrap tree #578, logLikelihood: -73381.695507
[05:46:33] [worker #11] Bootstrap tree #572, logLikelihood: -65544.004014
[05:47:18] [worker #9] Bootstrap tree #570, logLikelihood: -70355.163384
[05:47:20] [worker #8] Bootstrap tree #569, logLikelihood: -71872.697135
[05:47:34] [worker #2] Bootstrap tree #577, logLikelihood: -71569.139882
[05:47:48] [worker #10] Bootstrap tree #571, logLikelihood: -72890.286272
[05:48:04] [worker #0] Bootstrap tree #575, logLikelihood: -72515.130767
[05:48:14] [worker #7] Bootstrap tree #568, logLikelihood: -71228.561708
[05:48:20] [worker #5] Bootstrap tree #566, logLikelihood: -74312.772963
[05:48:48] [worker #1] Bootstrap tree #576, logLikelihood: -73261.436084
[05:48:51] [worker #13] Bootstrap tree #574, logLikelihood: -73830.808639
[05:49:03] [worker #6] Bootstrap tree #567, logLikelihood: -73866.789182
[05:49:09] [worker #12] Bootstrap tree #573, logLikelihood: -72705.014996
[05:49:58] [worker #4] Bootstrap tree #565, logLikelihood: -72399.439087
[05:51:17] [worker #3] Bootstrap tree #592, logLikelihood: -69120.372000
[05:51:51] [worker #11] Bootstrap tree #586, logLikelihood: -70524.948378
[05:52:53] [worker #10] Bootstrap tree #585, logLikelihood: -72186.751570
[05:52:58] [worker #8] Bootstrap tree #583, logLikelihood: -70260.249503
[05:53:09] [worker #2] Bootstrap tree #591, logLikelihood: -72913.912171
[05:53:21] [worker #0] Bootstrap tree #589, logLikelihood: -71307.046904
[05:53:37] [worker #9] Bootstrap tree #584, logLikelihood: -76773.028798
[05:54:39] [worker #12] Bootstrap tree #587, logLikelihood: -74016.469307
[05:54:50] [worker #13] Bootstrap tree #588, logLikelihood: -70981.394462
[05:54:50] [worker #5] Bootstrap tree #580, logLikelihood: -69406.800404
[05:55:07] [worker #4] Bootstrap tree #579, logLikelihood: -73215.151070
[05:55:09] [worker #1] Bootstrap tree #590, logLikelihood: -69298.680511
[05:55:25] [worker #6] Bootstrap tree #581, logLikelihood: -73469.133772
[05:55:50] [worker #7] Bootstrap tree #582, logLikelihood: -73000.123791
[05:57:23] [worker #11] Bootstrap tree #600, logLikelihood: -73684.941750
[05:57:30] [worker #10] Bootstrap tree #599, logLikelihood: -76928.980271
[05:59:20] [worker #8] Bootstrap tree #597, logLikelihood: -74126.444010
[06:00:05] [worker #5] Bootstrap tree #594, logLikelihood: -76093.807218
[06:00:26] [worker #6] Bootstrap tree #595, logLikelihood: -74135.031279
[06:00:38] [worker #9] Bootstrap tree #598, logLikelihood: -73213.975185
[06:00:42] [worker #4] Bootstrap tree #593, logLikelihood: -75370.826554
[06:01:41] [worker #7] Bootstrap tree #596, logLikelihood: -77349.586014
[06:01:45] Bootstrapping converged after 600 replicates.

Optimized model parameters:

   Partition 0: noname
   Rate heterogeneity: GAMMA (4 cats, mean),  alpha: 1.387110 (ML),  weights&rates: (0.250000,0.207345) (0.250000,0.568620) (0.250000,1.043042) (0.250000,2.180994) 
   Base frequencies (model): 0.079066 0.055941 0.041977 0.053052 0.012937 0.040767 0.071586 0.057337 0.022355 0.062157 0.099081 0.064600 0.022951 0.042302 0.044040 0.061197 0.053287 0.012066 0.034155 0.069147 
   Substitution rates (model): 0.425093 0.276818 0.395144 2.489084 0.969894 1.038545 2.066040 0.358858 0.149830 0.395337 0.536518 1.124035 0.253701 1.177651 4.727182 2.139501 0.180717 0.218959 2.547870 0.751878 0.123954 0.534551 2.807908 0.363970 0.390192 2.426601 0.126991 0.301848 6.326067 0.484133 0.052722 0.332533 0.858151 0.578987 0.593607 0.314440 0.170887 5.076149 0.528768 1.695752 0.541712 1.437645 4.509238 0.191503 0.068427 2.145078 0.371004 0.089525 0.161787 4.008358 2.000679 0.045376 0.612025 0.083688 0.062556 0.523386 5.243870 0.844926 0.927114 0.010690 0.015076 0.282959 0.025548 0.017416 0.394456 1.240275 0.425860 0.029890 0.135107 0.037967 0.084808 0.003499 0.569265 0.640543 0.320627 0.594007 0.013266 0.893680 1.105251 0.075382 2.784478 1.143480 0.670128 1.165532 1.959291 4.128591 0.267959 4.813505 0.072854 0.582457 3.234294 1.672569 0.035855 0.624294 1.223828 1.080136 0.236199 0.257336 0.210332 0.348847 0.423881 0.044265 0.069673 1.807177 0.173735 0.018811 0.419409 0.611973 0.604545 0.077852 0.120037 0.245034 0.311484 0.008705 0.044261 0.296636 0.139538 0.089586 0.196961 1.739990 0.129836 0.268491 0.054679 0.076701 0.108882 0.366317 0.697264 0.442472 0.682139 0.508851 0.990012 0.584262 0.597054 5.306834 0.119013 4.145067 0.159069 4.273607 1.112727 0.078281 0.064105 1.033739 0.111660 0.232523 10.649107 0.137500 6.312358 2.592692 0.249060 0.182287 0.302936 0.619632 0.299648 1.702745 0.656604 0.023918 0.390322 0.748683 1.136863 0.049906 0.131932 0.185202 1.798853 0.099849 0.346960 2.020366 0.696175 0.481306 1.898718 0.094464 0.361819 0.165001 2.457121 7.803902 0.654683 1.338132 0.571468 0.095131 0.089613 0.296501 6.472279 0.248862 0.400547 0.098369 0.140825 0.245841 2.188158 3.151815 0.189510 0.249313 


Final LogLikelihood: -72976.365191

AIC score: 146692.730382 / AICc score: 148510.876077 / BIC score: 148268.067389
Free parameters (model + branch lengths): 370

Best ML tree saved to: /Users/bhe2/Documents/work/current/C037-Cand-auris-adhesin/02-case-studies/03-gene-tree/20220516-raxmlng-remove-Mbic/output/raxml-ng/expanded-blast-PF11765-noMbic_clustalo.raxml.bestTree
All ML trees saved to: /Users/bhe2/Documents/work/current/C037-Cand-auris-adhesin/02-case-studies/03-gene-tree/20220516-raxmlng-remove-Mbic/output/raxml-ng/expanded-blast-PF11765-noMbic_clustalo.raxml.mlTrees
Best ML tree with Felsenstein bootstrap (FBP) support values saved to: /Users/bhe2/Documents/work/current/C037-Cand-auris-adhesin/02-case-studies/03-gene-tree/20220516-raxmlng-remove-Mbic/output/raxml-ng/expanded-blast-PF11765-noMbic_clustalo.raxml.support
Optimized model saved to: /Users/bhe2/Documents/work/current/C037-Cand-auris-adhesin/02-case-studies/03-gene-tree/20220516-raxmlng-remove-Mbic/output/raxml-ng/expanded-blast-PF11765-noMbic_clustalo.raxml.bestModel
Bootstrap trees saved to: /Users/bhe2/Documents/work/current/C037-Cand-auris-adhesin/02-case-studies/03-gene-tree/20220516-raxmlng-remove-Mbic/output/raxml-ng/expanded-blast-PF11765-noMbic_clustalo.raxml.bootstraps

Execution log saved to: /Users/bhe2/Documents/work/current/C037-Cand-auris-adhesin/02-case-studies/03-gene-tree/20220516-raxmlng-remove-Mbic/output/raxml-ng/expanded-blast-PF11765-noMbic_clustalo.raxml.log

Analysis started: 17-May-2022 10:43:37 / finished: 17-May-2022 16:45:23

Elapsed time: 21706.129 seconds

Consumed energy: 1559.287 Wh (= 8 km in an electric car, or 39 km with an e-scooter!)

