
RAxML-NG v. 1.1.0 released on 29.11.2021 by The Exelixis Lab.
Developed by: Alexey M. Kozlov and Alexandros Stamatakis.
Contributors: Diego Darriba, Tomas Flouri, Benoit Morel, Sarah Lutteropp, Ben Bettisworth.
Latest version: https://github.com/amkozlov/raxml-ng
Questions/problems/suggestions? Please visit: https://groups.google.com/forum/#!forum/raxml

System: Apple M1, 8 cores, 16 GB RAM

RAxML-NG was called at 11-Jan-2022 14:53:42 as follows:

raxml-ng --support --tree 20220111nuc.raxml.bestTree --bs-trees 20220111nuc.raxml.all.bootstraps --prefix 20220111nuc --threads 3

Analysis options:
  run mode: Compute bipartition support (Felsenstein Bootstrap)
  start tree(s): user
  random seed: 1641934422
  SIMD kernels: SSE3
  parallelization: coarse-grained (auto), PTHREADS (3 threads), thread pinning: OFF

Reading reference tree from file: 20220111nuc.raxml.bestTree
Reference tree size: 34

Reading bootstrap trees from file: 20220111nuc.raxml.all.bootstraps
Loaded 2000 trees with 34 taxa.

Best ML tree with Felsenstein bootstrap (FBP) support values saved to: /Users/bhe2/Documents/work/current/C037-Cand-auris-adhesin/02-case-studies/09-natural-selection/output/gene-tree/Hil1-2-repeats/20220111nuc.raxml.support

Execution log saved to: /Users/bhe2/Documents/work/current/C037-Cand-auris-adhesin/02-case-studies/09-natural-selection/output/gene-tree/Hil1-2-repeats/20220111nuc.raxml.log

Analysis started: 11-Jan-2022 14:53:42 / finished: 11-Jan-2022 14:53:43

Elapsed time: 0.173 seconds

