
RAxML-NG v. 1.1.0 released on 29.11.2021 by The Exelixis Lab.
Developed by: Alexey M. Kozlov and Alexandros Stamatakis.
Contributors: Diego Darriba, Tomas Flouri, Benoit Morel, Sarah Lutteropp, Ben Bettisworth.
Latest version: https://github.com/amkozlov/raxml-ng
Questions/problems/suggestions? Please visit: https://groups.google.com/forum/#!forum/raxml

System: Apple M1, 8 cores, 16 GB RAM

RAxML-NG was called at 11-Jan-2022 11:02:15 as follows:

raxml-ng --msa input/repeats/B8441-Hil1-2-repeats-combined.fna --model GTR+G --seed 333 --threads 7 --bootstrap --prefix output/gene-tree/Hil1-2-repeats/20220111nuc1

Analysis options:
  run mode: Bootstrapping
  start tree(s): 
  bootstrap replicates: max: 1000 + bootstopping (autoMRE, cutoff: 0.030000)
  random seed: 333
  tip-inner: OFF
  pattern compression: ON
  per-rate scalers: OFF
  site repeats: ON
  branch lengths: proportional (ML estimate, algorithm: NR-FAST)
  SIMD kernels: SSE3
  parallelization: coarse-grained (auto), PTHREADS (7 threads), thread pinning: OFF

[00:00:00] Reading alignment from file: input/repeats/B8441-Hil1-2-repeats-combined.fna
[00:00:00] Loaded alignment with 34 taxa and 132 sites

Alignment comprises 1 partitions and 97 patterns

Partition 0: noname
Model: GTR+FO+G4m
Alignment sites / patterns: 132 / 97
Gaps: 0.00 %
Invariant sites: 29.55 %


NOTE: Binary MSA file created: output/gene-tree/Hil1-2-repeats/20220111nuc1.raxml.rba

Parallelization scheme autoconfig: 7 worker(s) x 1 thread(s)

Parallel reduction/worker buffer size: 1 KB  / 0 KB

[00:00:00] Data distribution: max. partitions/sites/weight per thread: 1 / 97 / 1552
[00:00:00] Data distribution: max. searches per worker: 143
[00:00:00] Starting bootstrapping analysis with 1000 replicates.

[00:00:01] [worker #3] Bootstrap tree #4, logLikelihood: -2933.475090
[00:00:01] [worker #2] Bootstrap tree #3, logLikelihood: -2663.224657
[00:00:01] [worker #6] Bootstrap tree #7, logLikelihood: -2730.914231
[00:00:02] [worker #0] Bootstrap tree #1, logLikelihood: -2668.612493
[00:00:02] [worker #4] Bootstrap tree #5, logLikelihood: -2790.565918
[00:00:02] [worker #1] Bootstrap tree #2, logLikelihood: -2560.712216
[00:00:03] [worker #3] Bootstrap tree #11, logLikelihood: -2370.353131
[00:00:03] [worker #5] Bootstrap tree #6, logLikelihood: -2520.366167
[00:00:04] [worker #2] Bootstrap tree #10, logLikelihood: -2744.673545
[00:00:04] [worker #6] Bootstrap tree #14, logLikelihood: -2728.061821
[00:00:04] [worker #0] Bootstrap tree #8, logLikelihood: -2853.737692
[00:00:04] [worker #1] Bootstrap tree #9, logLikelihood: -2774.824592
[00:00:05] [worker #4] Bootstrap tree #12, logLikelihood: -2623.174468
[00:00:05] [worker #2] Bootstrap tree #17, logLikelihood: -2345.619478
[00:00:06] [worker #3] Bootstrap tree #18, logLikelihood: -2953.619347
[00:00:06] [worker #0] Bootstrap tree #15, logLikelihood: -2688.994106
[00:00:06] [worker #6] Bootstrap tree #21, logLikelihood: -2651.933284
[00:00:06] [worker #5] Bootstrap tree #13, logLikelihood: -2368.979334
[00:00:07] [worker #1] Bootstrap tree #16, logLikelihood: -2466.443881
[00:00:08] [worker #3] Bootstrap tree #25, logLikelihood: -2792.235022
[00:00:08] [worker #4] Bootstrap tree #19, logLikelihood: -2747.707097
[00:00:09] [worker #0] Bootstrap tree #22, logLikelihood: -2904.176908
[00:00:09] [worker #6] Bootstrap tree #28, logLikelihood: -2455.293511
[00:00:09] [worker #2] Bootstrap tree #24, logLikelihood: -2675.776446
[00:00:09] [worker #5] Bootstrap tree #20, logLikelihood: -3041.549604
[00:00:10] [worker #1] Bootstrap tree #23, logLikelihood: -2543.598785
[00:00:11] [worker #3] Bootstrap tree #32, logLikelihood: -2707.762230
[00:00:11] [worker #2] Bootstrap tree #31, logLikelihood: -2743.742440
[00:00:11] [worker #6] Bootstrap tree #35, logLikelihood: -2939.555507
[00:00:11] [worker #4] Bootstrap tree #26, logLikelihood: -2788.378129
[00:00:12] [worker #1] Bootstrap tree #30, logLikelihood: -2750.285409
[00:00:12] [worker #5] Bootstrap tree #27, logLikelihood: -2848.284099
[00:00:13] [worker #0] Bootstrap tree #29, logLikelihood: -2659.770929
[00:00:13] [worker #2] Bootstrap tree #38, logLikelihood: -2678.410563
[00:00:14] [worker #6] Bootstrap tree #42, logLikelihood: -2579.656372
[00:00:14] [worker #3] Bootstrap tree #39, logLikelihood: -2465.413262
[00:00:15] [worker #4] Bootstrap tree #33, logLikelihood: -2734.358884
[00:00:15] [worker #0] Bootstrap tree #36, logLikelihood: -2725.295500
[00:00:15] [worker #5] Bootstrap tree #34, logLikelihood: -2589.590309
[00:00:15] [worker #2] Bootstrap tree #45, logLikelihood: -2334.100789
[00:00:16] [worker #1] Bootstrap tree #37, logLikelihood: -2559.058645
[00:00:17] [worker #4] Bootstrap tree #40, logLikelihood: -2702.414161
[00:00:17] [worker #3] Bootstrap tree #46, logLikelihood: -2938.746817
[00:00:17] [worker #6] Bootstrap tree #49, logLikelihood: -2554.405296
[00:00:17] [worker #0] Bootstrap tree #43, logLikelihood: -2737.003940
[00:00:19] [worker #5] Bootstrap tree #41, logLikelihood: -2882.949218
[00:00:20] [worker #1] Bootstrap tree #44, logLikelihood: -3035.740524
[00:00:20] [worker #4] Bootstrap tree #47, logLikelihood: -2491.083983
[00:00:21] [worker #5] Bootstrap tree #48, logLikelihood: -2511.527845
[00:00:21] [worker #0] Bootstrap tree #50, logLikelihood: -2619.742414
[00:00:23] [worker #0] Bootstrap tree #57, logLikelihood: -2667.179812
[00:00:23] [worker #3] Bootstrap tree #53, logLikelihood: -2484.448303
[00:00:24] [worker #2] Bootstrap tree #52, logLikelihood: -2701.450813
[00:00:24] [worker #4] Bootstrap tree #54, logLikelihood: -2637.820652
[00:00:25] [worker #6] Bootstrap tree #56, logLikelihood: -3161.989755
[00:00:25] [worker #1] Bootstrap tree #51, logLikelihood: -2580.786077
[00:00:26] [worker #5] Bootstrap tree #55, logLikelihood: -2853.737059
[00:00:26] [worker #4] Bootstrap tree #61, logLikelihood: -2014.516151
[00:00:27] [worker #0] Bootstrap tree #64, logLikelihood: -2833.905662
[00:00:27] [worker #3] Bootstrap tree #60, logLikelihood: -2629.566795
[00:00:28] [worker #6] Bootstrap tree #63, logLikelihood: -2904.212630
[00:00:28] [worker #2] Bootstrap tree #59, logLikelihood: -2614.488720
[00:00:28] [worker #5] Bootstrap tree #62, logLikelihood: -2522.969020
[00:00:29] [worker #0] Bootstrap tree #71, logLikelihood: -2210.869945
[00:00:29] [worker #1] Bootstrap tree #58, logLikelihood: -2502.026759
[00:00:30] [worker #4] Bootstrap tree #68, logLikelihood: -2474.861028
[00:00:31] [worker #2] Bootstrap tree #66, logLikelihood: -2590.184607
[00:00:31] [worker #6] Bootstrap tree #70, logLikelihood: -2952.025937
[00:00:32] [worker #5] Bootstrap tree #69, logLikelihood: -2812.435435
[00:00:32] [worker #3] Bootstrap tree #67, logLikelihood: -2572.434249
[00:00:32] [worker #1] Bootstrap tree #65, logLikelihood: -2711.300293
[00:00:32] [worker #0] Bootstrap tree #78, logLikelihood: -2557.579616
[00:00:33] [worker #2] Bootstrap tree #73, logLikelihood: -2394.488466
[00:00:34] [worker #5] Bootstrap tree #76, logLikelihood: -2097.923246
[00:00:35] [worker #3] Bootstrap tree #74, logLikelihood: -2441.154943
[00:00:35] [worker #2] Bootstrap tree #80, logLikelihood: -2738.735312
[00:00:35] [worker #6] Bootstrap tree #77, logLikelihood: -2644.847535
[00:00:35] [worker #0] Bootstrap tree #85, logLikelihood: -2817.940045
[00:00:36] [worker #5] Bootstrap tree #83, logLikelihood: -2756.552440
[00:00:36] [worker #4] Bootstrap tree #75, logLikelihood: -2821.736939
[00:00:36] [worker #1] Bootstrap tree #72, logLikelihood: -2708.801312
[00:00:38] [worker #4] Bootstrap tree #82, logLikelihood: -2617.711051
[00:00:38] [worker #1] Bootstrap tree #79, logLikelihood: -2599.959594
[00:00:38] [worker #5] Bootstrap tree #90, logLikelihood: -2501.941982
[00:00:39] [worker #2] Bootstrap tree #87, logLikelihood: -2885.240170
[00:00:39] [worker #0] Bootstrap tree #92, logLikelihood: -2882.656379
[00:00:40] [worker #3] Bootstrap tree #81, logLikelihood: -2680.999803
[00:00:41] [worker #1] Bootstrap tree #86, logLikelihood: -2728.169475
[00:00:41] [worker #5] Bootstrap tree #97, logLikelihood: -2818.773349
[00:00:41] [worker #4] Bootstrap tree #89, logLikelihood: -2973.581145
[00:00:41] [worker #2] Bootstrap tree #94, logLikelihood: -2957.150299
[00:00:42] [worker #6] Bootstrap tree #84, logLikelihood: -2695.114259
[00:00:43] [worker #3] Bootstrap tree #88, logLikelihood: -2504.872300
[00:00:45] [worker #6] Bootstrap tree #91, logLikelihood: -3051.040102
[00:00:46] [worker #4] Bootstrap tree #96, logLikelihood: -2644.940410
[00:00:46] [worker #3] Bootstrap tree #95, logLikelihood: -2619.215070
[00:00:47] [worker #1] Bootstrap tree #93, logLikelihood: -2568.527847
[00:00:47] [worker #0] Bootstrap tree #99, logLikelihood: -3005.671422
[00:00:48] [worker #6] Bootstrap tree #98, logLikelihood: -2351.877864
[00:00:49] [worker #1] Bootstrap tree #100, logLikelihood: -2832.469885
[00:00:52] [worker #5] Bootstrap tree #104, logLikelihood: -2780.372883
[00:00:52] [worker #0] Bootstrap tree #106, logLikelihood: -2726.188640
[00:00:52] [worker #4] Bootstrap tree #103, logLikelihood: -2600.764060
[00:00:52] [worker #2] Bootstrap tree #101, logLikelihood: -2319.637905
[00:00:52] [worker #1] Bootstrap tree #107, logLikelihood: -2469.500996
[00:00:53] [worker #6] Bootstrap tree #105, logLikelihood: -2460.270414
[00:00:54] [worker #3] Bootstrap tree #102, logLikelihood: -2953.062647
[00:00:54] [worker #1] Bootstrap tree #114, logLikelihood: -2649.722202
[00:00:55] [worker #0] Bootstrap tree #113, logLikelihood: -2727.190054
[00:00:55] [worker #6] Bootstrap tree #112, logLikelihood: -2598.117801
[00:00:55] [worker #5] Bootstrap tree #111, logLikelihood: -2326.742328
[00:00:56] [worker #2] Bootstrap tree #108, logLikelihood: -2910.753368
[00:00:56] [worker #3] Bootstrap tree #109, logLikelihood: -2752.126030
[00:00:57] [worker #4] Bootstrap tree #110, logLikelihood: -2693.627931
[00:00:58] [worker #0] Bootstrap tree #120, logLikelihood: -3003.912558
[00:00:58] [worker #5] Bootstrap tree #118, logLikelihood: -2690.474415
[00:00:58] [worker #6] Bootstrap tree #119, logLikelihood: -2572.991530
[00:00:58] [worker #2] Bootstrap tree #115, logLikelihood: -2635.135933
[00:00:59] [worker #1] Bootstrap tree #121, logLikelihood: -2710.376104
[00:01:00] [worker #5] Bootstrap tree #125, logLikelihood: -2714.654912
[00:01:00] [worker #4] Bootstrap tree #117, logLikelihood: -2581.740033
[00:01:01] [worker #3] Bootstrap tree #116, logLikelihood: -2757.560852
[00:01:01] [worker #1] Bootstrap tree #128, logLikelihood: -3119.367319
[00:01:02] [worker #6] Bootstrap tree #126, logLikelihood: -2744.895489
[00:01:03] [worker #5] Bootstrap tree #132, logLikelihood: -2768.770549
[00:01:03] [worker #2] Bootstrap tree #122, logLikelihood: -2676.142204
[00:01:03] [worker #0] Bootstrap tree #127, logLikelihood: -2779.525682
[00:01:04] [worker #3] Bootstrap tree #123, logLikelihood: -2769.071508
[00:01:04] [worker #6] Bootstrap tree #133, logLikelihood: -2599.300016
[00:01:05] [worker #4] Bootstrap tree #124, logLikelihood: -2473.657619
[00:01:05] [worker #5] Bootstrap tree #139, logLikelihood: -2474.359709
[00:01:05] [worker #1] Bootstrap tree #135, logLikelihood: -2420.753333
[00:01:06] [worker #2] Bootstrap tree #129, logLikelihood: -2346.414427
[00:01:06] [worker #0] Bootstrap tree #134, logLikelihood: -2396.552732
[00:01:06] [worker #3] Bootstrap tree #130, logLikelihood: -2906.308119
[00:01:08] [worker #5] Bootstrap tree #146, logLikelihood: -2702.601177
[00:01:08] [worker #1] Bootstrap tree #142, logLikelihood: -2485.815294
[00:01:08] [worker #4] Bootstrap tree #131, logLikelihood: -2829.536426
[00:01:09] [worker #2] Bootstrap tree #136, logLikelihood: -2649.735165
[00:01:10] [worker #6] Bootstrap tree #140, logLikelihood: -2665.214723
[00:01:11] [worker #0] Bootstrap tree #141, logLikelihood: -2594.664857
[00:01:11] [worker #4] Bootstrap tree #138, logLikelihood: -2435.880369
[00:01:12] [worker #3] Bootstrap tree #137, logLikelihood: -2834.062460
[00:01:12] [worker #1] Bootstrap tree #149, logLikelihood: -2890.543940
[00:01:13] [worker #6] Bootstrap tree #147, logLikelihood: -2638.417794
[00:01:13] [worker #2] Bootstrap tree #143, logLikelihood: -2672.231774
[00:01:13] [worker #0] Bootstrap tree #148, logLikelihood: -2828.245370
[00:01:14] [worker #4] Bootstrap tree #145, logLikelihood: -2625.108848
[00:01:15] [worker #3] Bootstrap tree #144, logLikelihood: -2865.407381
[00:01:17] [worker #2] Bootstrap tree #150, logLikelihood: -2561.172557
[00:01:20] [worker #1] Bootstrap tree #156, logLikelihood: -2571.268707
[00:01:20] [worker #6] Bootstrap tree #154, logLikelihood: -2307.154343
[00:01:21] [worker #0] Bootstrap tree #155, logLikelihood: -3123.185424
[00:01:21] [worker #3] Bootstrap tree #151, logLikelihood: -2646.626560
[00:01:22] [worker #4] Bootstrap tree #152, logLikelihood: -2407.224557
[00:01:22] [worker #5] Bootstrap tree #153, logLikelihood: -2921.400484
[00:01:23] [worker #2] Bootstrap tree #157, logLikelihood: -2701.053890
[00:01:23] [worker #6] Bootstrap tree #161, logLikelihood: -2365.527010
[00:01:24] [worker #0] Bootstrap tree #162, logLikelihood: -2880.718985
[00:01:24] [worker #3] Bootstrap tree #158, logLikelihood: -2852.772809
[00:01:24] [worker #1] Bootstrap tree #163, logLikelihood: -3002.542247
[00:01:25] [worker #5] Bootstrap tree #160, logLikelihood: -2631.973454
[00:01:26] [worker #4] Bootstrap tree #159, logLikelihood: -2462.153358
[00:01:26] [worker #0] Bootstrap tree #169, logLikelihood: -2397.167987
[00:01:26] [worker #6] Bootstrap tree #168, logLikelihood: -3008.840047
[00:01:26] [worker #2] Bootstrap tree #164, logLikelihood: -2853.581797
[00:01:26] [worker #3] Bootstrap tree #165, logLikelihood: -2613.628164
[00:01:27] [worker #1] Bootstrap tree #170, logLikelihood: -2912.554595
[00:01:27] [worker #5] Bootstrap tree #167, logLikelihood: -2526.054218
[00:01:28] [worker #0] Bootstrap tree #176, logLikelihood: -2337.781396
[00:01:29] [worker #3] Bootstrap tree #172, logLikelihood: -2562.493390
[00:01:29] [worker #6] Bootstrap tree #175, logLikelihood: -2856.995636
[00:01:30] [worker #4] Bootstrap tree #166, logLikelihood: -2654.192605
[00:01:30] [worker #2] Bootstrap tree #171, logLikelihood: -2652.385005
[00:01:31] [worker #5] Bootstrap tree #174, logLikelihood: -2856.728615
[00:01:31] [worker #0] Bootstrap tree #183, logLikelihood: -2830.094051
[00:01:32] [worker #6] Bootstrap tree #182, logLikelihood: -2772.754159
[00:01:32] [worker #4] Bootstrap tree #173, logLikelihood: -2532.336367
[00:01:32] [worker #1] Bootstrap tree #177, logLikelihood: -2595.257095
[00:01:33] [worker #2] Bootstrap tree #178, logLikelihood: -2312.747982
[00:01:33] [worker #0] Bootstrap tree #190, logLikelihood: -2909.762318
[00:01:33] [worker #3] Bootstrap tree #179, logLikelihood: -2592.115412
[00:01:34] [worker #6] Bootstrap tree #189, logLikelihood: -2609.801859
[00:01:34] [worker #5] Bootstrap tree #181, logLikelihood: -2609.724904
[00:01:35] [worker #4] Bootstrap tree #180, logLikelihood: -2574.152349
[00:01:35] [worker #1] Bootstrap tree #184, logLikelihood: -2852.439139
[00:01:37] [worker #4] Bootstrap tree #187, logLikelihood: -2418.509763
[00:01:37] [worker #6] Bootstrap tree #196, logLikelihood: -2826.097036
[00:01:37] [worker #3] Bootstrap tree #186, logLikelihood: -2527.434762
[00:01:37] [worker #0] Bootstrap tree #197, logLikelihood: -2652.579618
[00:01:38] [worker #2] Bootstrap tree #185, logLikelihood: -2454.907637
[00:01:38] [worker #1] Bootstrap tree #191, logLikelihood: -2846.017257
[00:01:39] [worker #5] Bootstrap tree #188, logLikelihood: -2944.924034
[00:01:40] [worker #1] Bootstrap tree #198, logLikelihood: -2890.544917
[00:01:41] [worker #3] Bootstrap tree #193, logLikelihood: -2739.903512
[00:01:42] [worker #2] Bootstrap tree #192, logLikelihood: -2762.489978
[00:01:44] [worker #2] Bootstrap tree #199, logLikelihood: -2674.615884
[00:01:44] [worker #4] Bootstrap tree #194, logLikelihood: -2276.083802
[00:01:44] [worker #5] Bootstrap tree #195, logLikelihood: -2273.615858
[00:01:46] [worker #3] Bootstrap tree #200, logLikelihood: -2569.995157
[00:01:50] [worker #6] Bootstrap tree #203, logLikelihood: -2929.692829
[00:01:50] [worker #5] Bootstrap tree #202, logLikelihood: -2489.164520
[00:01:50] [worker #3] Bootstrap tree #207, logLikelihood: -2769.642824
[00:01:51] [worker #0] Bootstrap tree #204, logLikelihood: -2302.500813
[00:01:51] [worker #1] Bootstrap tree #205, logLikelihood: -2622.366708
[00:01:51] [worker #4] Bootstrap tree #201, logLikelihood: -2797.648382
[00:01:52] [worker #2] Bootstrap tree #206, logLikelihood: -2439.003865
[00:01:52] [worker #5] Bootstrap tree #209, logLikelihood: -2444.604833
[00:01:53] [worker #3] Bootstrap tree #214, logLikelihood: -2807.223449
[00:01:54] [worker #1] Bootstrap tree #212, logLikelihood: -2624.155287
[00:01:54] [worker #4] Bootstrap tree #208, logLikelihood: -2822.820754
[00:01:54] [worker #0] Bootstrap tree #211, logLikelihood: -2639.464611
[00:01:54] [worker #6] Bootstrap tree #210, logLikelihood: -2865.395602
[00:01:54] [worker #2] Bootstrap tree #213, logLikelihood: -2753.728493
[00:01:55] [worker #5] Bootstrap tree #216, logLikelihood: -2916.689444
[00:01:55] [worker #3] Bootstrap tree #221, logLikelihood: -2793.150373
[00:01:56] [worker #1] Bootstrap tree #219, logLikelihood: -2999.115171
[00:01:57] [worker #4] Bootstrap tree #215, logLikelihood: -2620.391311
[00:01:57] [worker #0] Bootstrap tree #218, logLikelihood: -2436.954480
[00:01:57] [worker #6] Bootstrap tree #217, logLikelihood: -2763.981635
[00:01:57] [worker #2] Bootstrap tree #220, logLikelihood: -2750.217195
[00:01:58] [worker #3] Bootstrap tree #228, logLikelihood: -2589.121597
[00:01:59] [worker #5] Bootstrap tree #223, logLikelihood: -2430.185634
[00:02:00] [worker #6] Bootstrap tree #224, logLikelihood: -2571.346008
[00:02:00] [worker #0] Bootstrap tree #225, logLikelihood: -2704.339150
[00:02:00] [worker #2] Bootstrap tree #227, logLikelihood: -2665.532516
[00:02:01] [worker #3] Bootstrap tree #235, logLikelihood: -2444.051599
[00:02:01] [worker #4] Bootstrap tree #222, logLikelihood: -2572.534870
[00:02:01] [worker #5] Bootstrap tree #230, logLikelihood: -2542.711053
[00:02:02] [worker #1] Bootstrap tree #226, logLikelihood: -2763.584678
[00:02:03] [worker #3] Bootstrap tree #242, logLikelihood: -2679.259439
[00:02:03] [worker #2] Bootstrap tree #234, logLikelihood: -2709.363768
[00:02:05] [worker #6] Bootstrap tree #231, logLikelihood: -2837.532685
[00:02:05] [worker #3] Bootstrap tree #249, logLikelihood: -2467.532008
[00:02:05] [worker #5] Bootstrap tree #237, logLikelihood: -2717.530188
[00:02:05] [worker #4] Bootstrap tree #229, logLikelihood: -2646.444339
[00:02:06] [worker #1] Bootstrap tree #233, logLikelihood: -2920.788139
[00:02:07] [worker #0] Bootstrap tree #232, logLikelihood: -2922.126399
[00:02:07] [worker #2] Bootstrap tree #241, logLikelihood: -2978.429810
[00:02:08] [worker #6] Bootstrap tree #238, logLikelihood: -2836.256375
[00:02:09] [worker #1] Bootstrap tree #240, logLikelihood: -2806.772975
[00:02:09] [worker #4] Bootstrap tree #236, logLikelihood: -2978.136883
[00:02:09] [worker #0] Bootstrap tree #239, logLikelihood: -2584.395866
[00:02:10] [worker #2] Bootstrap tree #248, logLikelihood: -2923.046235
[00:02:10] [worker #5] Bootstrap tree #244, logLikelihood: -2695.843312
[00:02:11] [worker #4] Bootstrap tree #243, logLikelihood: -2975.536995
[00:02:12] [worker #0] Bootstrap tree #246, logLikelihood: -2875.113245
[00:02:12] [worker #6] Bootstrap tree #245, logLikelihood: -2439.349118
[00:02:13] [worker #1] Bootstrap tree #247, logLikelihood: -2850.055701
[00:02:13] [worker #4] Bootstrap tree #250, logLikelihood: -2706.785925
[00:02:17] [worker #4] Bootstrap tree #257, logLikelihood: -2880.742015
[00:02:17] [worker #3] Bootstrap tree #256, logLikelihood: -2688.360249
[00:02:17] [worker #0] Bootstrap tree #253, logLikelihood: -2621.333136
[00:02:18] [worker #5] Bootstrap tree #251, logLikelihood: -2429.562884
[00:02:18] [worker #2] Bootstrap tree #255, logLikelihood: -2850.062167
[00:03:01] [worker #6] Bootstrap tree #252, logLikelihood: -3311.415542
[00:03:01] [worker #1] Bootstrap tree #254, logLikelihood: -2809.125388
[00:03:02] [worker #3] Bootstrap tree #263, logLikelihood: -2813.344116
[00:03:03] [worker #6] Bootstrap tree #259, logLikelihood: -2575.314391
[00:03:03] [worker #4] Bootstrap tree #264, logLikelihood: -2684.653021
[00:03:04] [worker #2] Bootstrap tree #262, logLikelihood: -2409.675382
[00:03:04] [worker #1] Bootstrap tree #261, logLikelihood: -2476.965172
[00:03:04] [worker #5] Bootstrap tree #258, logLikelihood: -2639.579743
[00:03:05] [worker #3] Bootstrap tree #270, logLikelihood: -2732.160009
[00:03:05] [worker #2] Bootstrap tree #269, logLikelihood: -2766.911499
[00:03:05] [worker #4] Bootstrap tree #271, logLikelihood: -2832.936666
[00:03:06] [worker #6] Bootstrap tree #266, logLikelihood: -2550.120770
[00:03:06] [worker #0] Bootstrap tree #260, logLikelihood: -2438.344505
[00:03:07] [worker #3] Bootstrap tree #277, logLikelihood: -2740.935885
[00:03:07] [worker #2] Bootstrap tree #276, logLikelihood: -3152.846845
[00:03:07] [worker #5] Bootstrap tree #265, logLikelihood: -2574.208971
[00:03:08] [worker #4] Bootstrap tree #278, logLikelihood: -2851.617037
[00:03:08] [worker #0] Bootstrap tree #267, logLikelihood: -2849.782952
[00:03:09] [worker #1] Bootstrap tree #268, logLikelihood: -2440.686805
[00:03:09] [worker #3] Bootstrap tree #284, logLikelihood: -2859.359433
[00:03:09] [worker #6] Bootstrap tree #273, logLikelihood: -2378.168361
[00:03:09] [worker #5] Bootstrap tree #272, logLikelihood: -2724.620863
[00:03:10] [worker #4] Bootstrap tree #285, logLikelihood: -2492.790362
[00:03:10] [worker #0] Bootstrap tree #274, logLikelihood: -2247.430161
[00:03:10] [worker #1] Bootstrap tree #275, logLikelihood: -2753.992958
[00:03:11] [worker #3] Bootstrap tree #291, logLikelihood: -2392.888125
[00:03:11] [worker #2] Bootstrap tree #283, logLikelihood: -2601.646886
[00:03:11] [worker #4] Bootstrap tree #292, logLikelihood: -2420.868315
[00:03:11] [worker #6] Bootstrap tree #280, logLikelihood: -2335.602319
[00:03:12] [worker #5] Bootstrap tree #279, logLikelihood: -3023.766502
[00:03:12] [worker #0] Bootstrap tree #281, logLikelihood: -2855.743806
[00:03:12] [worker #2] Bootstrap tree #290, logLikelihood: -2758.273998
[00:03:13] [worker #3] Bootstrap tree #298, logLikelihood: -2551.448070
[00:03:13] [worker #4] Bootstrap tree #299, logLikelihood: -2574.926654
[00:03:13] [worker #6] Bootstrap tree #287, logLikelihood: -2643.693069
[00:03:14] [worker #1] Bootstrap tree #282, logLikelihood: -2868.055065
[00:03:14] [worker #0] Bootstrap tree #288, logLikelihood: -2449.281643
[00:03:15] [worker #2] Bootstrap tree #297, logLikelihood: -2403.175405
[00:03:16] [worker #6] Bootstrap tree #294, logLikelihood: -3082.789358
[00:03:16] [worker #1] Bootstrap tree #289, logLikelihood: -2477.136779
[00:03:16] [worker #5] Bootstrap tree #286, logLikelihood: -2837.667452
[00:03:17] [worker #0] Bootstrap tree #295, logLikelihood: -2814.471385
[00:03:18] [worker #5] Bootstrap tree #293, logLikelihood: -2660.921496
[00:03:19] [worker #1] Bootstrap tree #296, logLikelihood: -2813.050398
[00:03:20] [worker #5] Bootstrap tree #300, logLikelihood: -2653.144484
[00:03:23] [worker #3] Bootstrap tree #305, logLikelihood: -2344.329371
[00:03:24] [worker #4] Bootstrap tree #306, logLikelihood: -2409.525366
[00:03:24] [worker #2] Bootstrap tree #304, logLikelihood: -2642.389292
[00:03:24] [worker #6] Bootstrap tree #301, logLikelihood: -2640.852014
[00:03:24] [worker #0] Bootstrap tree #302, logLikelihood: -2734.857883
[00:03:24] [worker #5] Bootstrap tree #307, logLikelihood: -3000.985175
[00:03:25] [worker #1] Bootstrap tree #303, logLikelihood: -2926.887466
[00:03:26] [worker #2] Bootstrap tree #311, logLikelihood: -2542.731081
[00:03:26] [worker #4] Bootstrap tree #313, logLikelihood: -2688.843058
[00:03:26] [worker #3] Bootstrap tree #312, logLikelihood: -2473.946747
[00:03:26] [worker #6] Bootstrap tree #308, logLikelihood: -2667.648357
[00:03:27] [worker #0] Bootstrap tree #309, logLikelihood: -2601.370513
[00:03:27] [worker #1] Bootstrap tree #310, logLikelihood: -2941.301370
[00:03:27] [worker #5] Bootstrap tree #314, logLikelihood: -2553.410949
[00:03:28] [worker #2] Bootstrap tree #318, logLikelihood: -2245.878014
[00:03:28] [worker #4] Bootstrap tree #320, logLikelihood: -2329.221309
[00:03:28] [worker #6] Bootstrap tree #315, logLikelihood: -2795.531186
[00:03:29] [worker #0] Bootstrap tree #316, logLikelihood: -2467.065415
[00:03:29] [worker #3] Bootstrap tree #319, logLikelihood: -2590.040491
[00:03:29] [worker #1] Bootstrap tree #317, logLikelihood: -2400.215793
[00:03:30] [worker #5] Bootstrap tree #321, logLikelihood: -2541.712549
[00:03:30] [worker #4] Bootstrap tree #327, logLikelihood: -2591.463113
[00:03:30] [worker #6] Bootstrap tree #322, logLikelihood: -2241.702361
[00:03:30] [worker #2] Bootstrap tree #325, logLikelihood: -2678.149903
[00:03:31] [worker #3] Bootstrap tree #326, logLikelihood: -2728.310633
[00:03:31] [worker #0] Bootstrap tree #323, logLikelihood: -2634.870427
[00:03:32] [worker #1] Bootstrap tree #324, logLikelihood: -2637.133753
[00:03:32] [worker #5] Bootstrap tree #328, logLikelihood: -2681.792829
[00:03:33] [worker #6] Bootstrap tree #329, logLikelihood: -2857.849075
[00:03:34] [worker #0] Bootstrap tree #330, logLikelihood: -2875.758833
[00:03:34] [worker #1] Bootstrap tree #331, logLikelihood: -2457.682854
[00:03:34] [worker #4] Bootstrap tree #334, logLikelihood: -2689.069902
[00:03:34] [worker #3] Bootstrap tree #333, logLikelihood: -2628.000434
[00:03:35] [worker #5] Bootstrap tree #335, logLikelihood: -3020.421366
[00:03:36] [worker #6] Bootstrap tree #336, logLikelihood: -2335.458735
[00:03:36] [worker #0] Bootstrap tree #337, logLikelihood: -2749.749827
[00:03:36] [worker #2] Bootstrap tree #332, logLikelihood: -2837.324313
[00:03:36] [worker #3] Bootstrap tree #340, logLikelihood: -2514.533916
[00:03:37] [worker #5] Bootstrap tree #342, logLikelihood: -2658.329040
[00:03:37] [worker #4] Bootstrap tree #341, logLikelihood: -2637.294715
[00:03:38] [worker #1] Bootstrap tree #338, logLikelihood: -2948.151620
[00:03:38] [worker #6] Bootstrap tree #343, logLikelihood: -2787.808310
[00:03:39] [worker #0] Bootstrap tree #344, logLikelihood: -2631.808635
[00:03:39] [worker #2] Bootstrap tree #339, logLikelihood: -2893.640072
[00:03:39] [worker #4] Bootstrap tree #348, logLikelihood: -2471.643633
[00:03:39] [worker #5] Bootstrap tree #349, logLikelihood: -2785.357766
[00:03:40] [worker #1] Bootstrap tree #345, logLikelihood: -3129.603622
[00:03:41] [worker #3] Bootstrap tree #347, logLikelihood: -2663.695179
[00:03:41] [worker #6] Bootstrap tree #350, logLikelihood: -2498.971242
[00:03:41] [worker #2] Bootstrap tree #346, logLikelihood: -2737.409170
[00:03:45] [worker #4] Bootstrap tree #355, logLikelihood: -2576.329073
[00:03:45] [worker #6] Bootstrap tree #357, logLikelihood: -3048.314519
[00:03:45] [worker #0] Bootstrap tree #351, logLikelihood: -2829.357930
[00:03:46] [worker #3] Bootstrap tree #354, logLikelihood: -2857.108331
[00:03:46] [worker #1] Bootstrap tree #352, logLikelihood: -2622.046183
[00:03:47] [worker #5] Bootstrap tree #356, logLikelihood: -2674.954660
[00:03:47] [worker #2] Bootstrap tree #353, logLikelihood: -2737.665684
[00:03:48] [worker #4] Bootstrap tree #362, logLikelihood: -2587.552151
[00:03:48] [worker #6] Bootstrap tree #364, logLikelihood: -2630.841777
[00:03:49] [worker #1] Bootstrap tree #359, logLikelihood: -2782.948182
[00:03:49] [worker #5] Bootstrap tree #363, logLikelihood: -2676.441679
[00:03:50] [worker #2] Bootstrap tree #360, logLikelihood: -2627.218703
[00:03:50] [worker #0] Bootstrap tree #358, logLikelihood: -2874.443959
[00:03:51] [worker #6] Bootstrap tree #371, logLikelihood: -2717.940679
[00:03:51] [worker #4] Bootstrap tree #369, logLikelihood: -2585.904792
[00:03:51] [worker #3] Bootstrap tree #361, logLikelihood: -2828.422710
[00:03:51] [worker #5] Bootstrap tree #370, logLikelihood: -2897.956626
[00:03:52] [worker #6] Bootstrap tree #378, logLikelihood: -2516.100718
[00:03:52] [worker #1] Bootstrap tree #366, logLikelihood: -2914.949269
[00:03:53] [worker #4] Bootstrap tree #376, logLikelihood: -2598.680198
[00:03:53] [worker #3] Bootstrap tree #368, logLikelihood: -2636.332204
[00:03:53] [worker #5] Bootstrap tree #377, logLikelihood: -2581.912380
[00:03:54] [worker #0] Bootstrap tree #365, logLikelihood: -2583.712882
[00:03:54] [worker #1] Bootstrap tree #373, logLikelihood: -3033.280667
[00:03:55] [worker #2] Bootstrap tree #367, logLikelihood: -2957.631380
[00:03:55] [worker #6] Bootstrap tree #385, logLikelihood: -2865.844361
[00:03:56] [worker #5] Bootstrap tree #384, logLikelihood: -2727.239185
[00:03:56] [worker #4] Bootstrap tree #383, logLikelihood: -2723.592525
[00:03:57] [worker #1] Bootstrap tree #380, logLikelihood: -2805.300358
[00:03:57] [worker #2] Bootstrap tree #374, logLikelihood: -2523.441294
[00:03:57] [worker #3] Bootstrap tree #375, logLikelihood: -2756.997932
[00:03:58] [worker #5] Bootstrap tree #391, logLikelihood: -2853.134198
[00:03:58] [worker #0] Bootstrap tree #372, logLikelihood: -2830.322360
[00:03:59] [worker #2] Bootstrap tree #381, logLikelihood: -2611.234745
[00:03:59] [worker #4] Bootstrap tree #390, logLikelihood: -2606.254476
[00:04:00] [worker #1] Bootstrap tree #387, logLikelihood: -3183.603300
[00:04:00] [worker #6] Bootstrap tree #392, logLikelihood: -2509.520490
[00:04:00] [worker #5] Bootstrap tree #398, logLikelihood: -2743.993666
[00:04:00] [worker #3] Bootstrap tree #382, logLikelihood: -2815.291676
[00:04:01] [worker #2] Bootstrap tree #388, logLikelihood: -2414.698102
[00:04:02] [worker #6] Bootstrap tree #399, logLikelihood: -2309.068047
[00:04:02] [worker #4] Bootstrap tree #397, logLikelihood: -2717.964723
[00:04:02] [worker #1] Bootstrap tree #394, logLikelihood: -2734.734448
[00:04:04] [worker #0] Bootstrap tree #379, logLikelihood: -2410.066907
[00:04:05] [worker #2] Bootstrap tree #395, logLikelihood: -2625.630938
[00:04:05] [worker #3] Bootstrap tree #389, logLikelihood: -2836.841593
[00:04:07] [worker #0] Bootstrap tree #386, logLikelihood: -2766.330373
[00:04:09] [worker #3] Bootstrap tree #396, logLikelihood: -2819.681822
[00:04:10] [worker #0] Bootstrap tree #393, logLikelihood: -3191.453724
[00:04:13] [worker #0] Bootstrap tree #400, logLikelihood: -2573.035507
[00:04:20] [worker #5] Bootstrap tree #405, logLikelihood: -2733.395680
[00:04:20] [worker #4] Bootstrap tree #404, logLikelihood: -2519.802071
[00:04:20] [worker #3] Bootstrap tree #403, logLikelihood: -2939.439838
[00:04:21] [worker #0] Bootstrap tree #407, logLikelihood: -2809.300636
[00:04:21] [worker #6] Bootstrap tree #406, logLikelihood: -2749.021395
[00:04:21] [worker #1] Bootstrap tree #401, logLikelihood: -2955.123949
[00:04:22] [worker #5] Bootstrap tree #412, logLikelihood: -2646.124892
[00:04:22] [worker #3] Bootstrap tree #410, logLikelihood: -2521.748338
[00:04:23] [worker #2] Bootstrap tree #402, logLikelihood: -2480.266471
[00:04:23] [worker #0] Bootstrap tree #414, logLikelihood: -2520.389942
[00:04:23] [worker #4] Bootstrap tree #411, logLikelihood: -2915.521245
[00:04:23] [worker #6] Bootstrap tree #413, logLikelihood: -2478.595730
[00:04:24] [worker #1] Bootstrap tree #408, logLikelihood: -3112.816413
[00:04:26] [worker #3] Bootstrap tree #417, logLikelihood: -2664.292439
[00:04:26] [worker #5] Bootstrap tree #419, logLikelihood: -2354.457806
[00:04:27] [worker #4] Bootstrap tree #418, logLikelihood: -2653.216765
[00:04:27] [worker #2] Bootstrap tree #409, logLikelihood: -2865.478513
[00:04:28] [worker #3] Bootstrap tree #424, logLikelihood: -2622.211178
[00:04:28] [worker #0] Bootstrap tree #421, logLikelihood: -2512.809481
[00:04:28] [worker #1] Bootstrap tree #415, logLikelihood: -2832.158431
[00:04:29] [worker #6] Bootstrap tree #420, logLikelihood: -2877.440450
[00:04:29] [worker #4] Bootstrap tree #425, logLikelihood: -2914.959276
[00:04:30] [worker #2] Bootstrap tree #416, logLikelihood: -2535.697364
[00:04:30] [worker #5] Bootstrap tree #426, logLikelihood: -2606.944472
[00:04:31] [worker #0] Bootstrap tree #428, logLikelihood: -2612.231437
[00:04:31] [worker #3] Bootstrap tree #431, logLikelihood: -2817.209558
[00:04:31] [worker #1] Bootstrap tree #422, logLikelihood: -2655.083222
[00:04:32] [worker #6] Bootstrap tree #427, logLikelihood: -2584.082648
[00:04:33] [worker #4] Bootstrap tree #432, logLikelihood: -2559.533772
[00:04:34] [worker #2] Bootstrap tree #423, logLikelihood: -2832.145968
[00:04:34] [worker #3] Bootstrap tree #438, logLikelihood: -2804.312607
[00:04:34] [worker #0] Bootstrap tree #435, logLikelihood: -2836.021816
[00:04:35] [worker #6] Bootstrap tree #434, logLikelihood: -2983.240442
[00:04:36] [worker #4] Bootstrap tree #439, logLikelihood: -2565.642451
[00:04:36] [worker #5] Bootstrap tree #433, logLikelihood: -2691.405012
[00:04:36] [worker #1] Bootstrap tree #429, logLikelihood: -2633.887264
[00:04:36] [worker #3] Bootstrap tree #445, logLikelihood: -2819.244928
[00:04:36] [worker #2] Bootstrap tree #430, logLikelihood: -2601.959211
[00:04:37] [worker #0] Bootstrap tree #442, logLikelihood: -2671.076600
[00:04:37] [worker #6] Bootstrap tree #441, logLikelihood: -2548.430735
[00:04:38] [worker #4] Bootstrap tree #446, logLikelihood: -2732.122252
[00:04:38] [worker #5] Bootstrap tree #440, logLikelihood: -2515.041194
[00:04:39] [worker #2] Bootstrap tree #437, logLikelihood: -2517.582307
[00:04:40] [worker #0] Bootstrap tree #449, logLikelihood: -2637.033936
[00:04:40] [worker #6] Bootstrap tree #448, logLikelihood: -2577.694902
[00:04:40] [worker #1] Bootstrap tree #436, logLikelihood: -2577.682487
[00:04:42] [worker #2] Bootstrap tree #444, logLikelihood: -2634.677786
[00:04:42] [worker #5] Bootstrap tree #447, logLikelihood: -2554.323335
[00:04:44] [worker #1] Bootstrap tree #443, logLikelihood: -2485.301965
[00:04:46] [worker #1] Bootstrap tree #450, logLikelihood: -3013.061750
[00:04:52] [worker #4] Bootstrap tree #453, logLikelihood: -2543.983026
[00:04:52] [worker #3] Bootstrap tree #452, logLikelihood: -2819.553460
[00:04:52] [worker #0] Bootstrap tree #456, logLikelihood: -2524.206499
[00:04:52] [worker #5] Bootstrap tree #454, logLikelihood: -2639.811467
[00:04:53] [worker #1] Bootstrap tree #457, logLikelihood: -2383.567182
[00:04:54] [worker #6] Bootstrap tree #455, logLikelihood: -2362.568074
[00:04:54] [worker #2] Bootstrap tree #451, logLikelihood: -2728.828553
[00:04:54] [worker #3] Bootstrap tree #459, logLikelihood: -2878.763666
[00:04:55] [worker #4] Bootstrap tree #460, logLikelihood: -2935.396386
[00:04:55] [worker #5] Bootstrap tree #461, logLikelihood: -2664.580937
[00:04:55] [worker #0] Bootstrap tree #463, logLikelihood: -2606.189184
[00:04:56] [worker #1] Bootstrap tree #464, logLikelihood: -2989.473182
[00:04:57] [worker #3] Bootstrap tree #466, logLikelihood: -2442.238433
[00:04:57] [worker #5] Bootstrap tree #468, logLikelihood: -2602.966550
[00:04:58] [worker #4] Bootstrap tree #467, logLikelihood: -2770.484197
[00:04:58] [worker #6] Bootstrap tree #462, logLikelihood: -2814.787402
[00:04:59] [worker #0] Bootstrap tree #470, logLikelihood: -2861.966980
[00:04:59] [worker #1] Bootstrap tree #471, logLikelihood: -2499.607493
[00:05:00] [worker #5] Bootstrap tree #475, logLikelihood: -2729.218731
[00:05:00] [worker #4] Bootstrap tree #474, logLikelihood: -2626.760273
[00:05:01] [worker #2] Bootstrap tree #458, logLikelihood: -2793.953291
[00:05:01] [worker #3] Bootstrap tree #473, logLikelihood: -2592.200008
[00:05:01] [worker #6] Bootstrap tree #469, logLikelihood: -2848.565968
[00:05:01] [worker #0] Bootstrap tree #477, logLikelihood: -2699.374788
[00:05:03] [worker #4] Bootstrap tree #481, logLikelihood: -2536.535933
[00:05:03] [worker #1] Bootstrap tree #478, logLikelihood: -3143.692377
[00:05:03] [worker #2] Bootstrap tree #465, logLikelihood: -2865.549957
[00:05:03] [worker #5] Bootstrap tree #482, logLikelihood: -2413.034961
[00:05:04] [worker #3] Bootstrap tree #480, logLikelihood: -2571.185435
[00:05:05] [worker #0] Bootstrap tree #484, logLikelihood: -2816.913432
[00:05:05] [worker #6] Bootstrap tree #476, logLikelihood: -2617.607394
[00:05:05] [worker #2] Bootstrap tree #472, logLikelihood: -2589.386269
[00:05:05] [worker #4] Bootstrap tree #488, logLikelihood: -2644.166772
[00:05:06] [worker #1] Bootstrap tree #485, logLikelihood: -3057.171310
[00:05:06] [worker #5] Bootstrap tree #489, logLikelihood: -2715.428021
[00:05:07] [worker #6] Bootstrap tree #483, logLikelihood: -2959.594430
[00:05:07] [worker #3] Bootstrap tree #487, logLikelihood: -3036.008305
[00:05:07] [worker #0] Bootstrap tree #491, logLikelihood: -2779.478608
[00:05:08] [worker #2] Bootstrap tree #479, logLikelihood: -2700.132509
[00:05:09] [worker #6] Bootstrap tree #490, logLikelihood: -2788.209335
[00:05:09] [worker #3] Bootstrap tree #494, logLikelihood: -2879.712426
[00:05:10] [worker #0] Bootstrap tree #498, logLikelihood: -2934.033021
[00:05:11] [worker #4] Bootstrap tree #495, logLikelihood: -2468.833232
[00:05:11] [worker #1] Bootstrap tree #492, logLikelihood: -2709.529619
[00:05:11] [worker #6] Bootstrap tree #497, logLikelihood: -3004.692430
[00:05:12] [worker #2] Bootstrap tree #486, logLikelihood: -2792.155955
[00:05:13] [worker #5] Bootstrap tree #496, logLikelihood: -2774.730493
[00:05:13] [worker #1] Bootstrap tree #499, logLikelihood: -2183.760752
[00:05:15] [worker #2] Bootstrap tree #493, logLikelihood: -2659.726124
[00:05:18] [worker #2] Bootstrap tree #500, logLikelihood: -2555.562804
[00:05:25] [worker #5] Bootstrap tree #503, logLikelihood: -2839.010806
[00:05:25] [worker #1] Bootstrap tree #506, logLikelihood: -2541.139242
[00:05:25] [worker #4] Bootstrap tree #502, logLikelihood: -2794.065114
[00:05:26] [worker #6] Bootstrap tree #504, logLikelihood: -2322.988558
[00:05:26] [worker #0] Bootstrap tree #505, logLikelihood: -2374.281452
[00:05:26] [worker #3] Bootstrap tree #501, logLikelihood: -2611.476806
[00:05:27] [worker #2] Bootstrap tree #507, logLikelihood: -2612.635600
[00:05:28] [worker #4] Bootstrap tree #509, logLikelihood: -2438.134359
[00:05:28] [worker #5] Bootstrap tree #510, logLikelihood: -2599.847113
[00:05:28] [worker #1] Bootstrap tree #513, logLikelihood: -2757.618662
[00:05:29] [worker #6] Bootstrap tree #511, logLikelihood: -2978.186511
[00:05:30] [worker #3] Bootstrap tree #508, logLikelihood: -2992.136803
[00:05:30] [worker #0] Bootstrap tree #512, logLikelihood: -2877.814070
[00:05:30] [worker #2] Bootstrap tree #514, logLikelihood: -2890.068929
[00:05:31] [worker #4] Bootstrap tree #516, logLikelihood: -2327.524412
[00:05:31] [worker #1] Bootstrap tree #520, logLikelihood: -2482.528740
[00:05:31] [worker #5] Bootstrap tree #517, logLikelihood: -2743.039065
[00:05:32] [worker #3] Bootstrap tree #515, logLikelihood: -2507.247665
[00:05:32] [worker #6] Bootstrap tree #518, logLikelihood: -2715.613289
[00:05:33] [worker #2] Bootstrap tree #521, logLikelihood: -2668.924547
[00:05:33] [worker #4] Bootstrap tree #523, logLikelihood: -2809.320355
[00:05:33] [worker #1] Bootstrap tree #527, logLikelihood: -2913.518369
[00:05:33] [worker #0] Bootstrap tree #519, logLikelihood: -2655.447452
[00:05:34] [worker #6] Bootstrap tree #525, logLikelihood: -2739.053836
[00:05:35] [worker #5] Bootstrap tree #524, logLikelihood: -2742.664709
[00:05:36] [worker #3] Bootstrap tree #522, logLikelihood: -2824.336102
[00:05:36] [worker #0] Bootstrap tree #526, logLikelihood: -3154.020340
[00:05:36] [worker #1] Bootstrap tree #534, logLikelihood: -2686.328363
[00:05:37] [worker #2] Bootstrap tree #528, logLikelihood: -3082.471735
[00:05:37] [worker #5] Bootstrap tree #531, logLikelihood: -2932.268199
[00:05:38] [worker #0] Bootstrap tree #533, logLikelihood: -2847.450074
[00:05:38] [worker #6] Bootstrap tree #532, logLikelihood: -2619.202020
[00:05:39] [worker #3] Bootstrap tree #529, logLikelihood: -2847.500540
[00:05:39] [worker #1] Bootstrap tree #541, logLikelihood: -2733.027683
[00:05:40] [worker #5] Bootstrap tree #538, logLikelihood: -3037.907693
[00:05:40] [worker #2] Bootstrap tree #535, logLikelihood: -2950.315925
[00:05:41] [worker #4] Bootstrap tree #530, logLikelihood: -2376.853130
[00:05:41] [worker #0] Bootstrap tree #540, logLikelihood: -2640.144398
[00:05:42] [worker #1] Bootstrap tree #548, logLikelihood: -2532.895465
[00:05:42] [worker #5] Bootstrap tree #545, logLikelihood: -2800.933365
[00:05:42] [worker #3] Bootstrap tree #536, logLikelihood: -2755.511268
[00:05:43] [worker #4] Bootstrap tree #537, logLikelihood: -2486.413563
[00:05:44] [worker #0] Bootstrap tree #547, logLikelihood: -2787.907796
[00:05:44] [worker #6] Bootstrap tree #539, logLikelihood: -2642.174837
[00:05:45] [worker #3] Bootstrap tree #543, logLikelihood: -2474.961283
[00:05:47] [worker #2] Bootstrap tree #542, logLikelihood: -2806.913560
[00:05:47] [worker #6] Bootstrap tree #546, logLikelihood: -2541.037343
[00:05:50] [worker #2] Bootstrap tree #549, logLikelihood: -2761.093454
[00:05:50] [worker #4] Bootstrap tree #544, logLikelihood: -2452.870861
[00:05:50] [worker #3] Bootstrap tree #550, logLikelihood: -2869.798473
[00:05:57] [worker #1] Bootstrap tree #555, logLikelihood: -2569.343864
[00:05:57] [worker #6] Bootstrap tree #553, logLikelihood: -2610.736800
[00:05:58] [worker #0] Bootstrap tree #554, logLikelihood: -2660.805687
[00:05:58] [worker #2] Bootstrap tree #556, logLikelihood: -2510.062051
[00:05:59] [worker #1] Bootstrap tree #562, logLikelihood: -2930.057680
[00:06:00] [worker #4] Bootstrap tree #551, logLikelihood: -2767.535145
[00:06:00] [worker #3] Bootstrap tree #557, logLikelihood: -2626.228222
[00:06:00] [worker #5] Bootstrap tree #552, logLikelihood: -2663.306796
[00:06:00] [worker #6] Bootstrap tree #560, logLikelihood: -2976.175598
[00:06:01] [worker #0] Bootstrap tree #561, logLikelihood: -2718.971079
[00:06:01] [worker #2] Bootstrap tree #563, logLikelihood: -2571.606203
[00:06:02] [worker #5] Bootstrap tree #559, logLikelihood: -2737.394921
[00:06:03] [worker #4] Bootstrap tree #558, logLikelihood: -2774.898404
[00:06:03] [worker #1] Bootstrap tree #569, logLikelihood: -2857.894048
[00:06:03] [worker #6] Bootstrap tree #567, logLikelihood: -2451.127572
[00:06:03] [worker #2] Bootstrap tree #570, logLikelihood: -2370.954466
[00:06:04] [worker #0] Bootstrap tree #568, logLikelihood: -2735.231328
[00:06:05] [worker #1] Bootstrap tree #576, logLikelihood: -2624.239030
[00:06:05] [worker #3] Bootstrap tree #564, logLikelihood: -2368.852258
[00:06:05] [worker #6] Bootstrap tree #574, logLikelihood: -2459.699443
[00:06:05] [worker #4] Bootstrap tree #565, logLikelihood: -2877.307484
[00:06:07] [worker #5] Bootstrap tree #566, logLikelihood: -2746.632424
[00:06:07] [worker #0] Bootstrap tree #575, logLikelihood: -2527.110641
[00:06:07] [worker #2] Bootstrap tree #577, logLikelihood: -2614.511777
[00:06:08] [worker #3] Bootstrap tree #571, logLikelihood: -2774.780462
[00:06:08] [worker #4] Bootstrap tree #572, logLikelihood: -2587.943201
[00:06:08] [worker #6] Bootstrap tree #581, logLikelihood: -2663.123703
[00:06:08] [worker #1] Bootstrap tree #583, logLikelihood: -2817.133255
[00:06:10] [worker #0] Bootstrap tree #582, logLikelihood: -2643.654732
[00:06:11] [worker #3] Bootstrap tree #578, logLikelihood: -2603.479156
[00:06:11] [worker #4] Bootstrap tree #579, logLikelihood: -2588.735314
[00:06:12] [worker #6] Bootstrap tree #588, logLikelihood: -2707.661201
[00:06:12] [worker #0] Bootstrap tree #589, logLikelihood: -3006.059498
[00:06:13] [worker #2] Bootstrap tree #584, logLikelihood: -2853.974366
[00:06:13] [worker #3] Bootstrap tree #585, logLikelihood: -2650.214183
[00:06:14] [worker #5] Bootstrap tree #573, logLikelihood: -2751.828229
[00:06:14] [worker #4] Bootstrap tree #586, logLikelihood: -2791.287476
[00:06:14] [worker #6] Bootstrap tree #595, logLikelihood: -2679.863402
[00:06:15] [worker #2] Bootstrap tree #591, logLikelihood: -2871.271749
[00:06:15] [worker #0] Bootstrap tree #596, logLikelihood: -2822.264890
[00:06:16] [worker #4] Bootstrap tree #593, logLikelihood: -2432.632999
[00:06:17] [worker #1] Bootstrap tree #590, logLikelihood: -2901.833810
[00:06:17] [worker #3] Bootstrap tree #592, logLikelihood: -2468.496275
[00:06:18] [worker #2] Bootstrap tree #598, logLikelihood: -2852.271651
[00:06:19] [worker #5] Bootstrap tree #580, logLikelihood: -2711.077145
[00:06:20] [worker #1] Bootstrap tree #597, logLikelihood: -2834.004979
[00:06:20] [worker #3] Bootstrap tree #599, logLikelihood: -2509.841810
[00:06:21] [worker #4] Bootstrap tree #600, logLikelihood: -2490.702312
[00:06:21] [worker #5] Bootstrap tree #587, logLikelihood: -2464.542055
[00:06:25] [worker #5] Bootstrap tree #594, logLikelihood: -3027.888950
[00:06:32] [worker #0] Bootstrap tree #603, logLikelihood: -2779.368555
[00:06:32] [worker #2] Bootstrap tree #605, logLikelihood: -2608.007936
[00:06:32] [worker #5] Bootstrap tree #601, logLikelihood: -2699.234460
[00:06:33] [worker #1] Bootstrap tree #604, logLikelihood: -2503.191223
[00:06:33] [worker #4] Bootstrap tree #607, logLikelihood: -2609.670848
[00:06:35] [worker #1] Bootstrap tree #611, logLikelihood: -2538.190163
[00:06:35] [worker #6] Bootstrap tree #602, logLikelihood: -2682.521966
[00:06:36] [worker #4] Bootstrap tree #614, logLikelihood: -2724.011771
[00:06:36] [worker #5] Bootstrap tree #608, logLikelihood: -2832.204514
[00:06:37] [worker #3] Bootstrap tree #606, logLikelihood: -2532.763066
[00:06:37] [worker #1] Bootstrap tree #618, logLikelihood: -2577.553764
[00:06:37] [worker #0] Bootstrap tree #610, logLikelihood: -2899.810182
[00:06:38] [worker #6] Bootstrap tree #609, logLikelihood: -2682.386087
[00:06:40] [worker #6] Bootstrap tree #616, logLikelihood: -2250.157367
[00:06:40] [worker #4] Bootstrap tree #621, logLikelihood: -2818.810272
[00:06:40] [worker #1] Bootstrap tree #625, logLikelihood: -2682.756919
[00:06:40] [worker #5] Bootstrap tree #615, logLikelihood: -3025.904198
[00:06:40] [worker #2] Bootstrap tree #612, logLikelihood: -2454.660921
[00:06:41] [worker #0] Bootstrap tree #617, logLikelihood: -2754.063460
[00:06:42] [worker #3] Bootstrap tree #613, logLikelihood: -2729.109128
[00:06:42] [worker #1] Bootstrap tree #632, logLikelihood: -2401.861243
[00:06:42] [worker #6] Bootstrap tree #623, logLikelihood: -2692.528916
[00:06:43] [worker #2] Bootstrap tree #619, logLikelihood: -2884.098913
[00:06:44] [worker #4] Bootstrap tree #628, logLikelihood: -2500.097696
[00:06:44] [worker #0] Bootstrap tree #624, logLikelihood: -3059.621527
[00:06:44] [worker #5] Bootstrap tree #622, logLikelihood: -2611.995979
[00:06:45] [worker #3] Bootstrap tree #620, logLikelihood: -2733.187341
[00:06:45] [worker #1] Bootstrap tree #639, logLikelihood: -2411.261910
[00:06:45] [worker #6] Bootstrap tree #630, logLikelihood: -2819.866768
[00:06:46] [worker #4] Bootstrap tree #635, logLikelihood: -2862.636583
[00:06:47] [worker #5] Bootstrap tree #629, logLikelihood: -2966.644338
[00:06:47] [worker #0] Bootstrap tree #631, logLikelihood: -2574.653855
[00:06:47] [worker #3] Bootstrap tree #627, logLikelihood: -2934.123619
[00:06:48] [worker #1] Bootstrap tree #646, logLikelihood: -2299.262298
[00:06:48] [worker #6] Bootstrap tree #637, logLikelihood: -2812.098631
[00:06:49] [worker #2] Bootstrap tree #626, logLikelihood: -2859.140263
[00:06:49] [worker #4] Bootstrap tree #642, logLikelihood: -2867.612721
[00:06:50] [worker #0] Bootstrap tree #638, logLikelihood: -2557.831992
[00:06:50] [worker #3] Bootstrap tree #634, logLikelihood: -2618.690444
[00:06:50] [worker #5] Bootstrap tree #636, logLikelihood: -2886.660835
[00:06:51] [worker #6] Bootstrap tree #644, logLikelihood: -2663.333455
[00:06:52] [worker #4] Bootstrap tree #649, logLikelihood: -2700.897414
[00:06:52] [worker #5] Bootstrap tree #643, logLikelihood: -2487.129480
[00:06:52] [worker #3] Bootstrap tree #641, logLikelihood: -2880.959590
[00:06:53] [worker #0] Bootstrap tree #645, logLikelihood: -2560.903719
[00:06:53] [worker #2] Bootstrap tree #633, logLikelihood: -2636.381222
[00:06:54] [worker #5] Bootstrap tree #650, logLikelihood: -2669.636120
[00:06:56] [worker #2] Bootstrap tree #640, logLikelihood: -2547.150891
[00:06:56] [worker #3] Bootstrap tree #648, logLikelihood: -2550.957791
[00:07:01] [worker #2] Bootstrap tree #647, logLikelihood: -2585.891478
[00:07:09] [worker #6] Bootstrap tree #651, logLikelihood: -2805.716587
[00:07:10] [worker #2] Bootstrap tree #654, logLikelihood: -2724.103113
[00:07:10] [worker #5] Bootstrap tree #657, logLikelihood: -2484.244582
[00:07:10] [worker #1] Bootstrap tree #653, logLikelihood: -2697.881314
[00:07:10] [worker #4] Bootstrap tree #656, logLikelihood: -2492.172967
[00:07:11] [worker #0] Bootstrap tree #652, logLikelihood: -2476.646879
[00:07:11] [worker #3] Bootstrap tree #655, logLikelihood: -2752.428402
[00:07:12] [worker #6] Bootstrap tree #658, logLikelihood: -2639.132352
[00:07:13] [worker #5] Bootstrap tree #664, logLikelihood: -2823.871156
[00:07:13] [worker #0] Bootstrap tree #659, logLikelihood: -2612.279944
[00:07:14] [worker #3] Bootstrap tree #662, logLikelihood: -2421.369703
[00:07:14] [worker #4] Bootstrap tree #663, logLikelihood: -2497.635988
[00:07:14] [worker #1] Bootstrap tree #660, logLikelihood: -2560.884452
[00:07:15] [worker #2] Bootstrap tree #661, logLikelihood: -2852.229828
[00:07:15] [worker #5] Bootstrap tree #671, logLikelihood: -2623.952084
[00:07:16] [worker #1] Bootstrap tree #667, logLikelihood: -2678.191958
[00:07:17] [worker #6] Bootstrap tree #665, logLikelihood: -2531.523361
[00:07:17] [worker #3] Bootstrap tree #669, logLikelihood: -2873.855979
[00:07:17] [worker #0] Bootstrap tree #666, logLikelihood: -2455.098068
[00:07:17] [worker #4] Bootstrap tree #670, logLikelihood: -2458.867568
[00:07:18] [worker #2] Bootstrap tree #668, logLikelihood: -2933.843716
[00:07:18] [worker #5] Bootstrap tree #678, logLikelihood: -2669.257828
[00:07:20] [worker #4] Bootstrap tree #677, logLikelihood: -2784.625696
[00:07:20] [worker #1] Bootstrap tree #674, logLikelihood: -2563.423005
[00:07:20] [worker #5] Bootstrap tree #685, logLikelihood: -2439.567499
[00:07:20] [worker #3] Bootstrap tree #676, logLikelihood: -2757.046414
[00:07:22] [worker #2] Bootstrap tree #675, logLikelihood: -2510.933268
[00:07:22] [worker #6] Bootstrap tree #672, logLikelihood: -2620.164993
[00:07:23] [worker #3] Bootstrap tree #683, logLikelihood: -2724.335857
[00:07:23] [worker #0] Bootstrap tree #673, logLikelihood: -3131.699684
[00:07:23] [worker #4] Bootstrap tree #684, logLikelihood: -2933.896716
[00:07:23] [worker #1] Bootstrap tree #681, logLikelihood: -2744.487132
[00:07:25] [worker #5] Bootstrap tree #692, logLikelihood: -2737.631326
[00:07:25] [worker #6] Bootstrap tree #679, logLikelihood: -2479.210987
[00:07:25] [worker #3] Bootstrap tree #690, logLikelihood: -2631.334202
[00:07:26] [worker #2] Bootstrap tree #682, logLikelihood: -2200.056375
[00:07:26] [worker #0] Bootstrap tree #680, logLikelihood: -2640.476663
[00:07:26] [worker #1] Bootstrap tree #688, logLikelihood: -2841.499750
[00:07:26] [worker #4] Bootstrap tree #691, logLikelihood: -2536.679460
[00:07:28] [worker #5] Bootstrap tree #699, logLikelihood: -2918.451708
[00:07:29] [worker #6] Bootstrap tree #686, logLikelihood: -2601.846064
[00:07:29] [worker #1] Bootstrap tree #695, logLikelihood: -2684.729818
[00:07:29] [worker #3] Bootstrap tree #697, logLikelihood: -2927.862002
[00:07:30] [worker #0] Bootstrap tree #687, logLikelihood: -2559.286499
[00:07:30] [worker #2] Bootstrap tree #689, logLikelihood: -2840.831657
[00:07:30] [worker #4] Bootstrap tree #698, logLikelihood: -2540.610653
[00:07:31] [worker #6] Bootstrap tree #693, logLikelihood: -2761.048665
[00:07:32] [worker #2] Bootstrap tree #696, logLikelihood: -2825.987417
[00:07:33] [worker #0] Bootstrap tree #694, logLikelihood: -2541.970890
[00:07:36] [worker #6] Bootstrap tree #700, logLikelihood: -2524.703333
[00:07:45] [worker #0] Bootstrap tree #701, logLikelihood: -2593.034508
[00:07:45] [worker #2] Bootstrap tree #703, logLikelihood: -3242.942907
[00:07:45] [worker #3] Bootstrap tree #704, logLikelihood: -2856.894844
[00:07:46] [worker #1] Bootstrap tree #702, logLikelihood: -2653.284238
[00:07:46] [worker #6] Bootstrap tree #707, logLikelihood: -2611.226964
[00:07:47] [worker #4] Bootstrap tree #705, logLikelihood: -2581.198992
[00:07:47] [worker #2] Bootstrap tree #710, logLikelihood: -2727.519801
[00:07:48] [worker #0] Bootstrap tree #708, logLikelihood: -2768.418424
[00:07:48] [worker #3] Bootstrap tree #711, logLikelihood: -2409.185336
[00:07:48] [worker #5] Bootstrap tree #706, logLikelihood: -2873.016792
[00:07:50] [worker #4] Bootstrap tree #712, logLikelihood: -2642.575980
[00:07:50] [worker #2] Bootstrap tree #717, logLikelihood: -2311.539839
[00:07:50] [worker #1] Bootstrap tree #709, logLikelihood: -2393.142181
[00:07:50] [worker #0] Bootstrap tree #715, logLikelihood: -2687.883469
[00:07:51] [worker #6] Bootstrap tree #714, logLikelihood: -2607.540845
[00:07:51] [worker #3] Bootstrap tree #718, logLikelihood: -2685.540196
[00:07:52] [worker #4] Bootstrap tree #719, logLikelihood: -2462.479475
[00:07:52] [worker #5] Bootstrap tree #713, logLikelihood: -2661.748997
[00:07:52] [worker #1] Bootstrap tree #716, logLikelihood: -2294.957155
[00:07:53] [worker #2] Bootstrap tree #724, logLikelihood: -2943.625687
[00:07:53] [worker #6] Bootstrap tree #721, logLikelihood: -2402.298366
[00:07:55] [worker #4] Bootstrap tree #726, logLikelihood: -2386.659020
[00:07:55] [worker #0] Bootstrap tree #722, logLikelihood: -2476.508739
[00:07:55] [worker #5] Bootstrap tree #720, logLikelihood: -2643.370874
[00:07:55] [worker #2] Bootstrap tree #731, logLikelihood: -2577.162932
[00:07:55] [worker #1] Bootstrap tree #723, logLikelihood: -2639.761954
[00:07:55] [worker #6] Bootstrap tree #728, logLikelihood: -2809.795395
[00:07:57] [worker #5] Bootstrap tree #727, logLikelihood: -2594.832769
[00:07:58] [worker #4] Bootstrap tree #733, logLikelihood: -2793.849870
[00:07:58] [worker #6] Bootstrap tree #735, logLikelihood: -2909.092802
[00:07:58] [worker #3] Bootstrap tree #725, logLikelihood: -3006.162999
[00:07:58] [worker #2] Bootstrap tree #738, logLikelihood: -2562.622228
[00:07:59] [worker #0] Bootstrap tree #729, logLikelihood: -2884.417487
[00:07:59] [worker #1] Bootstrap tree #730, logLikelihood: -3079.412013
[00:08:00] [worker #5] Bootstrap tree #734, logLikelihood: -2614.551878
[00:08:01] [worker #6] Bootstrap tree #742, logLikelihood: -2571.124388
[00:08:01] [worker #3] Bootstrap tree #732, logLikelihood: -2527.519142
[00:08:01] [worker #2] Bootstrap tree #745, logLikelihood: -2560.502938
[00:08:01] [worker #0] Bootstrap tree #736, logLikelihood: -2579.873278
[00:08:01] [worker #1] Bootstrap tree #737, logLikelihood: -2610.801598
[00:08:01] [worker #4] Bootstrap tree #740, logLikelihood: -2690.094080
[00:08:02] [worker #5] Bootstrap tree #741, logLikelihood: -2632.482208
[00:08:03] [worker #3] Bootstrap tree #739, logLikelihood: -3013.412964
[00:08:03] [worker #6] Bootstrap tree #749, logLikelihood: -2581.880715
[00:08:03] [worker #1] Bootstrap tree #744, logLikelihood: -2867.331689
[00:08:04] [worker #0] Bootstrap tree #743, logLikelihood: -2941.540112
[00:08:04] [worker #4] Bootstrap tree #747, logLikelihood: -2858.677885
[00:08:04] [worker #5] Bootstrap tree #748, logLikelihood: -2733.476153
[00:08:05] [worker #3] Bootstrap tree #746, logLikelihood: -2753.455284
[00:08:07] [worker #0] Bootstrap tree #750, logLikelihood: -2579.920525
[00:08:16] [worker #2] Bootstrap tree #752, logLikelihood: -2416.251554
[00:08:17] [worker #4] Bootstrap tree #754, logLikelihood: -2820.112544
[00:08:17] [worker #1] Bootstrap tree #751, logLikelihood: -2458.970312
[00:08:17] [worker #5] Bootstrap tree #755, logLikelihood: -2515.578425
[00:08:18] [worker #0] Bootstrap tree #757, logLikelihood: -2726.277291
[00:08:18] [worker #3] Bootstrap tree #753, logLikelihood: -2671.163381
[00:08:18] [worker #6] Bootstrap tree #756, logLikelihood: -2437.765719
[00:08:19] [worker #4] Bootstrap tree #761, logLikelihood: -2715.341053
[00:08:19] [worker #2] Bootstrap tree #759, logLikelihood: -2748.721580
[00:08:20] [worker #5] Bootstrap tree #762, logLikelihood: -2863.987565
[00:08:20] [worker #6] Bootstrap tree #763, logLikelihood: -2524.363863
[00:08:20] [worker #1] Bootstrap tree #758, logLikelihood: -2660.027639
[00:08:20] [worker #3] Bootstrap tree #760, logLikelihood: -2868.664121
[00:08:21] [worker #0] Bootstrap tree #764, logLikelihood: -2769.683186
[00:08:22] [worker #2] Bootstrap tree #766, logLikelihood: -2669.273194
[00:08:22] [worker #4] Bootstrap tree #768, logLikelihood: -2680.626425
[00:08:23] [worker #5] Bootstrap tree #769, logLikelihood: -2574.456225
[00:08:23] [worker #1] Bootstrap tree #765, logLikelihood: -2654.423506
[00:08:23] [worker #6] Bootstrap tree #770, logLikelihood: -3052.458256
[00:08:23] [worker #3] Bootstrap tree #767, logLikelihood: -2636.239112
[00:08:23] [worker #0] Bootstrap tree #771, logLikelihood: -2582.926956
[00:08:24] [worker #2] Bootstrap tree #773, logLikelihood: -2736.867335
[00:08:25] [worker #5] Bootstrap tree #776, logLikelihood: -3143.537182
[00:08:25] [worker #1] Bootstrap tree #772, logLikelihood: -2726.825709
[00:08:26] [worker #3] Bootstrap tree #774, logLikelihood: -2807.752260
[00:08:26] [worker #6] Bootstrap tree #777, logLikelihood: -2797.398166
[00:08:26] [worker #0] Bootstrap tree #778, logLikelihood: -2804.965835
[00:08:26] [worker #4] Bootstrap tree #775, logLikelihood: -2612.883882
[00:08:27] [worker #2] Bootstrap tree #780, logLikelihood: -2337.545788
[00:08:27] [worker #5] Bootstrap tree #783, logLikelihood: -2675.630822
[00:08:28] [worker #1] Bootstrap tree #779, logLikelihood: -2710.603699
[00:08:29] [worker #4] Bootstrap tree #782, logLikelihood: -3053.332044
[00:08:29] [worker #0] Bootstrap tree #785, logLikelihood: -2514.445598
[00:08:30] [worker #3] Bootstrap tree #781, logLikelihood: -2887.278858
[00:08:31] [worker #6] Bootstrap tree #784, logLikelihood: -2860.349122
[00:08:31] [worker #2] Bootstrap tree #787, logLikelihood: -3097.335314
[00:08:31] [worker #1] Bootstrap tree #786, logLikelihood: -2468.901217
[00:08:32] [worker #5] Bootstrap tree #790, logLikelihood: -2789.153309
[00:08:33] [worker #4] Bootstrap tree #789, logLikelihood: -2685.998987
[00:08:33] [worker #3] Bootstrap tree #788, logLikelihood: -2625.269721
[00:08:33] [worker #0] Bootstrap tree #792, logLikelihood: -2601.425473
[00:08:34] [worker #1] Bootstrap tree #793, logLikelihood: -2826.659974
[00:08:34] [worker #2] Bootstrap tree #794, logLikelihood: -3026.040617
[00:08:34] [worker #5] Bootstrap tree #797, logLikelihood: -2674.267824
[00:08:36] [worker #3] Bootstrap tree #795, logLikelihood: -2753.092910
[00:08:36] [worker #4] Bootstrap tree #796, logLikelihood: -2661.055374
[00:08:36] [worker #0] Bootstrap tree #799, logLikelihood: -2553.490843
[00:08:37] [worker #6] Bootstrap tree #791, logLikelihood: -2649.038180
[00:08:38] [worker #1] Bootstrap tree #800, logLikelihood: -2761.532728
[00:08:40] [worker #6] Bootstrap tree #798, logLikelihood: -2679.714188
[00:08:50] [worker #2] Bootstrap tree #801, logLikelihood: -2623.033488
[00:08:51] [worker #1] Bootstrap tree #807, logLikelihood: -2427.286335
[00:08:51] [worker #4] Bootstrap tree #803, logLikelihood: -2845.878326
[00:08:52] [worker #3] Bootstrap tree #802, logLikelihood: -2454.378122
[00:08:52] [worker #5] Bootstrap tree #804, logLikelihood: -2703.456425
[00:08:52] [worker #6] Bootstrap tree #805, logLikelihood: -3000.112266
[00:08:53] [worker #2] Bootstrap tree #808, logLikelihood: -2553.541637
[00:08:53] [worker #1] Bootstrap tree #814, logLikelihood: -2936.632205
[00:08:54] [worker #0] Bootstrap tree #806, logLikelihood: -2964.919633
[00:08:54] [worker #4] Bootstrap tree #810, logLikelihood: -2472.295007
[00:08:55] [worker #6] Bootstrap tree #812, logLikelihood: -2875.139987
[00:08:55] [worker #5] Bootstrap tree #811, logLikelihood: -2834.512202
[00:08:55] [worker #3] Bootstrap tree #809, logLikelihood: -2565.460148
[00:08:56] [worker #1] Bootstrap tree #821, logLikelihood: -2509.866985
[00:08:58] [worker #5] Bootstrap tree #818, logLikelihood: -2666.696313
[00:08:59] [worker #0] Bootstrap tree #813, logLikelihood: -2900.345018
[00:08:59] [worker #3] Bootstrap tree #816, logLikelihood: -2503.588875
[00:08:59] [worker #2] Bootstrap tree #815, logLikelihood: -2423.863909
[00:08:59] [worker #4] Bootstrap tree #817, logLikelihood: -2703.750876
[00:09:00] [worker #6] Bootstrap tree #819, logLikelihood: -2836.503411
[00:09:01] [worker #1] Bootstrap tree #828, logLikelihood: -2963.086292
[00:09:01] [worker #5] Bootstrap tree #825, logLikelihood: -2604.711114
[00:09:02] [worker #0] Bootstrap tree #820, logLikelihood: -2647.477306
[00:09:02] [worker #3] Bootstrap tree #823, logLikelihood: -2558.547768
[00:09:02] [worker #4] Bootstrap tree #824, logLikelihood: -2726.433854
[00:09:03] [worker #6] Bootstrap tree #826, logLikelihood: -2461.870832
[00:09:04] [worker #2] Bootstrap tree #822, logLikelihood: -2572.495510
[00:09:05] [worker #5] Bootstrap tree #832, logLikelihood: -2717.984596
[00:09:05] [worker #0] Bootstrap tree #827, logLikelihood: -2667.060379
[00:09:06] [worker #4] Bootstrap tree #831, logLikelihood: -2685.749016
[00:09:06] [worker #3] Bootstrap tree #830, logLikelihood: -2704.757320
[00:09:07] [worker #1] Bootstrap tree #835, logLikelihood: -2623.365730
[00:09:08] [worker #2] Bootstrap tree #829, logLikelihood: -2634.606186
[00:09:08] [worker #4] Bootstrap tree #838, logLikelihood: -2803.626976
[00:09:09] [worker #3] Bootstrap tree #837, logLikelihood: -3079.701978
[00:09:10] [worker #1] Bootstrap tree #842, logLikelihood: -2485.351229
[00:09:10] [worker #5] Bootstrap tree #839, logLikelihood: -2765.430228
[00:09:11] [worker #6] Bootstrap tree #833, logLikelihood: -2598.360126
[00:09:11] [worker #2] Bootstrap tree #836, logLikelihood: -2903.662978
[00:09:12] [worker #3] Bootstrap tree #844, logLikelihood: -2749.687661
[00:09:12] [worker #4] Bootstrap tree #845, logLikelihood: -2450.042255
[00:09:13] [worker #0] Bootstrap tree #834, logLikelihood: -2769.968513
[00:09:14] [worker #2] Bootstrap tree #843, logLikelihood: -2647.131164
[00:09:15] [worker #5] Bootstrap tree #846, logLikelihood: -2264.371837
[00:09:15] [worker #6] Bootstrap tree #840, logLikelihood: -2861.429847
[00:09:16] [worker #1] Bootstrap tree #849, logLikelihood: -2581.855162
[00:09:17] [worker #2] Bootstrap tree #850, logLikelihood: -2520.841198
[00:09:17] [worker #0] Bootstrap tree #841, logLikelihood: -2451.061609
[00:09:18] [worker #6] Bootstrap tree #847, logLikelihood: -2825.045523
[00:09:20] [worker #0] Bootstrap tree #848, logLikelihood: -2614.783979
[00:09:32] [worker #6] Bootstrap tree #854, logLikelihood: -2558.201360
[00:09:32] [worker #3] Bootstrap tree #851, logLikelihood: -2595.940773
[00:09:32] [worker #0] Bootstrap tree #855, logLikelihood: -2707.183998
[00:09:32] [worker #5] Bootstrap tree #853, logLikelihood: -3011.319973
[00:09:33] [worker #4] Bootstrap tree #852, logLikelihood: -2637.850760
[00:09:33] [worker #2] Bootstrap tree #857, logLikelihood: -2443.021919
[00:09:34] [worker #1] Bootstrap tree #856, logLikelihood: -3013.176743
[00:09:35] [worker #6] Bootstrap tree #861, logLikelihood: -2447.898445
[00:09:35] [worker #0] Bootstrap tree #862, logLikelihood: -2638.470070
[00:09:35] [worker #3] Bootstrap tree #858, logLikelihood: -2640.959043
[00:09:36] [worker #4] Bootstrap tree #859, logLikelihood: -2601.785154
[00:09:38] [worker #6] Bootstrap tree #868, logLikelihood: -2892.040826
[00:09:38] [worker #5] Bootstrap tree #860, logLikelihood: -2454.779004
[00:09:38] [worker #1] Bootstrap tree #863, logLikelihood: -2624.054813
[00:09:39] [worker #3] Bootstrap tree #865, logLikelihood: -2719.328022
[00:09:39] [worker #0] Bootstrap tree #869, logLikelihood: -2973.536366
[00:09:39] [worker #2] Bootstrap tree #864, logLikelihood: -2653.165156
[00:09:40] [worker #4] Bootstrap tree #866, logLikelihood: -3030.478281
[00:09:41] [worker #1] Bootstrap tree #870, logLikelihood: -2529.513503
[00:09:41] [worker #5] Bootstrap tree #867, logLikelihood: -2670.652273
[00:09:41] [worker #6] Bootstrap tree #875, logLikelihood: -3127.676092
[00:09:42] [worker #0] Bootstrap tree #876, logLikelihood: -2446.890675
[00:09:43] [worker #3] Bootstrap tree #872, logLikelihood: -2588.275403
[00:09:43] [worker #2] Bootstrap tree #871, logLikelihood: -2757.914985
[00:09:44] [worker #1] Bootstrap tree #877, logLikelihood: -2963.637659
[00:09:45] [worker #6] Bootstrap tree #882, logLikelihood: -2520.325810
[00:09:46] [worker #0] Bootstrap tree #883, logLikelihood: -2679.160277
[00:09:46] [worker #2] Bootstrap tree #878, logLikelihood: -2706.311244
[00:09:46] [worker #3] Bootstrap tree #879, logLikelihood: -2560.037151
[00:09:46] [worker #5] Bootstrap tree #874, logLikelihood: -2976.680191
[00:09:47] [worker #4] Bootstrap tree #873, logLikelihood: -2833.561534
[00:09:47] [worker #1] Bootstrap tree #884, logLikelihood: -2904.150232
[00:09:49] [worker #0] Bootstrap tree #890, logLikelihood: -2662.162299
[00:09:50] [worker #2] Bootstrap tree #885, logLikelihood: -2911.929353
[00:09:50] [worker #3] Bootstrap tree #886, logLikelihood: -2858.318245
[00:09:50] [worker #6] Bootstrap tree #889, logLikelihood: -2689.214412
[00:09:51] [worker #5] Bootstrap tree #881, logLikelihood: -2650.368353
[00:09:52] [worker #1] Bootstrap tree #891, logLikelihood: -2775.590942
[00:09:52] [worker #4] Bootstrap tree #880, logLikelihood: -2662.861897
[00:09:52] [worker #0] Bootstrap tree #897, logLikelihood: -2670.835074
[00:09:53] [worker #2] Bootstrap tree #892, logLikelihood: -2789.050353
[00:09:53] [worker #3] Bootstrap tree #893, logLikelihood: -2659.174121
[00:09:54] [worker #6] Bootstrap tree #896, logLikelihood: -2241.713289
[00:09:54] [worker #5] Bootstrap tree #888, logLikelihood: -2900.574921
[00:09:54] [worker #4] Bootstrap tree #887, logLikelihood: -2915.566396
[00:09:54] [worker #1] Bootstrap tree #898, logLikelihood: -2721.895270
[00:09:56] [worker #2] Bootstrap tree #899, logLikelihood: -2632.214695
[00:09:56] [worker #3] Bootstrap tree #900, logLikelihood: -2558.973508
[00:09:58] [worker #4] Bootstrap tree #894, logLikelihood: -2572.177074
[00:09:59] [worker #5] Bootstrap tree #895, logLikelihood: -2567.500204
[00:10:11] [worker #1] Bootstrap tree #905, logLikelihood: -2609.398846
[00:10:11] [worker #3] Bootstrap tree #907, logLikelihood: -2879.953633
[00:10:11] [worker #5] Bootstrap tree #902, logLikelihood: -3221.593713
[00:10:12] [worker #4] Bootstrap tree #901, logLikelihood: -2188.413251
[00:10:12] [worker #6] Bootstrap tree #903, logLikelihood: -2738.456568
[00:10:13] [worker #0] Bootstrap tree #904, logLikelihood: -2533.490400
[00:10:13] [worker #2] Bootstrap tree #906, logLikelihood: -2577.861690
[00:10:14] [worker #5] Bootstrap tree #909, logLikelihood: -2515.187295
[00:10:14] [worker #6] Bootstrap tree #910, logLikelihood: -2594.854483
[00:10:15] [worker #1] Bootstrap tree #912, logLikelihood: -2954.959181
[00:10:15] [worker #2] Bootstrap tree #913, logLikelihood: -2124.837893
[00:10:16] [worker #4] Bootstrap tree #908, logLikelihood: -2584.195465
[00:10:16] [worker #0] Bootstrap tree #911, logLikelihood: -2478.661238
[00:10:17] [worker #6] Bootstrap tree #917, logLikelihood: -2933.152189
[00:10:18] [worker #3] Bootstrap tree #914, logLikelihood: -2466.386301
[00:10:18] [worker #2] Bootstrap tree #920, logLikelihood: -2490.511990
[00:10:18] [worker #5] Bootstrap tree #916, logLikelihood: -2717.369515
[00:10:19] [worker #4] Bootstrap tree #915, logLikelihood: -2853.975081
[00:10:19] [worker #0] Bootstrap tree #918, logLikelihood: -2638.523816
[00:10:19] [worker #1] Bootstrap tree #919, logLikelihood: -2675.872182
[00:10:21] [worker #2] Bootstrap tree #927, logLikelihood: -3060.648666
[00:10:21] [worker #5] Bootstrap tree #923, logLikelihood: -2796.335287
[00:10:21] [worker #6] Bootstrap tree #924, logLikelihood: -2227.576161
[00:10:21] [worker #3] Bootstrap tree #921, logLikelihood: -2920.867417
[00:10:22] [worker #0] Bootstrap tree #925, logLikelihood: -2212.239669
[00:10:22] [worker #1] Bootstrap tree #926, logLikelihood: -2975.680965
[00:10:23] [worker #4] Bootstrap tree #922, logLikelihood: -3109.442823
[00:10:24] [worker #3] Bootstrap tree #928, logLikelihood: -2478.501273
[00:10:24] [worker #2] Bootstrap tree #934, logLikelihood: -2887.845039
[00:10:24] [worker #6] Bootstrap tree #931, logLikelihood: -2779.568492
[00:10:25] [worker #0] Bootstrap tree #932, logLikelihood: -2868.426920
[00:10:25] [worker #5] Bootstrap tree #930, logLikelihood: -2926.057557
[00:10:26] [worker #4] Bootstrap tree #929, logLikelihood: -2748.512206
[00:10:27] [worker #1] Bootstrap tree #933, logLikelihood: -2857.855123
[00:10:27] [worker #2] Bootstrap tree #941, logLikelihood: -2678.176643
[00:10:27] [worker #6] Bootstrap tree #938, logLikelihood: -2662.463337
[00:10:27] [worker #3] Bootstrap tree #935, logLikelihood: -2618.919388
[00:10:28] [worker #0] Bootstrap tree #939, logLikelihood: -2844.945900
[00:10:28] [worker #5] Bootstrap tree #937, logLikelihood: -2483.723103
[00:10:29] [worker #4] Bootstrap tree #936, logLikelihood: -2543.112417
[00:10:30] [worker #3] Bootstrap tree #942, logLikelihood: -2715.634527
[00:10:30] [worker #2] Bootstrap tree #948, logLikelihood: -2456.722415
[00:10:31] [worker #6] Bootstrap tree #945, logLikelihood: -2437.015312
[00:10:31] [worker #4] Bootstrap tree #943, logLikelihood: -2725.019562
[00:10:32] [worker #5] Bootstrap tree #944, logLikelihood: -3002.811823
[00:10:32] [worker #0] Bootstrap tree #946, logLikelihood: -2875.928135
[00:10:33] [worker #3] Bootstrap tree #949, logLikelihood: -2983.095602
[00:10:33] [worker #1] Bootstrap tree #940, logLikelihood: -2785.973820
[00:10:35] [worker #4] Bootstrap tree #950, logLikelihood: -2527.732993
[00:10:36] [worker #1] Bootstrap tree #947, logLikelihood: -2612.395127
[00:10:48] [worker #6] Bootstrap tree #952, logLikelihood: -2550.775006
[00:10:48] [worker #3] Bootstrap tree #956, logLikelihood: -2794.627894
[00:10:48] [worker #1] Bootstrap tree #954, logLikelihood: -2788.833348
[00:10:48] [worker #5] Bootstrap tree #951, logLikelihood: -2416.399212
[00:10:48] [worker #0] Bootstrap tree #953, logLikelihood: -2987.809580
[00:10:49] [worker #2] Bootstrap tree #955, logLikelihood: -2639.870645
[00:10:51] [worker #4] Bootstrap tree #957, logLikelihood: -2979.770844
[00:10:51] [worker #5] Bootstrap tree #958, logLikelihood: -2545.372368
[00:10:52] [worker #2] Bootstrap tree #962, logLikelihood: -3113.166547
[00:10:53] [worker #1] Bootstrap tree #961, logLikelihood: -2700.784007
[00:10:53] [worker #6] Bootstrap tree #959, logLikelihood: -2746.735436
[00:10:53] [worker #0] Bootstrap tree #960, logLikelihood: -2593.386456
[00:10:53] [worker #3] Bootstrap tree #963, logLikelihood: -2958.922605
[00:10:54] [worker #5] Bootstrap tree #965, logLikelihood: -2346.135453
[00:10:54] [worker #4] Bootstrap tree #964, logLikelihood: -2850.283049
[00:10:55] [worker #2] Bootstrap tree #969, logLikelihood: -2844.824969
[00:10:56] [worker #0] Bootstrap tree #967, logLikelihood: -2610.328578
[00:10:56] [worker #6] Bootstrap tree #966, logLikelihood: -2419.804630
[00:10:56] [worker #4] Bootstrap tree #971, logLikelihood: -2689.636963
[00:10:57] [worker #1] Bootstrap tree #968, logLikelihood: -2548.652604
[00:10:57] [worker #3] Bootstrap tree #970, logLikelihood: -2497.628809
[00:10:58] [worker #2] Bootstrap tree #976, logLikelihood: -2481.429926
[00:10:59] [worker #6] Bootstrap tree #973, logLikelihood: -2676.167946
[00:10:59] [worker #5] Bootstrap tree #972, logLikelihood: -2627.800786
[00:10:59] [worker #0] Bootstrap tree #974, logLikelihood: -3248.963397
[00:10:59] [worker #4] Bootstrap tree #978, logLikelihood: -2852.368632
[00:11:00] [worker #1] Bootstrap tree #975, logLikelihood: -3062.052819
[00:11:00] [worker #3] Bootstrap tree #977, logLikelihood: -2598.364668
[00:11:01] [worker #2] Bootstrap tree #983, logLikelihood: -2609.410127
[00:11:01] [worker #6] Bootstrap tree #980, logLikelihood: -2668.016023
[00:11:02] [worker #0] Bootstrap tree #981, logLikelihood: -2801.951703
[00:11:02] [worker #1] Bootstrap tree #982, logLikelihood: -2752.105630
[00:11:02] [worker #3] Bootstrap tree #984, logLikelihood: -2604.621324
[00:11:02] [worker #5] Bootstrap tree #979, logLikelihood: -2772.390310
[00:11:03] [worker #2] Bootstrap tree #990, logLikelihood: -2453.749679
[00:11:04] [worker #6] Bootstrap tree #987, logLikelihood: -2586.068328
[00:11:04] [worker #4] Bootstrap tree #985, logLikelihood: -2664.093504
[00:11:05] [worker #0] Bootstrap tree #988, logLikelihood: -2935.337610
[00:11:06] [worker #2] Bootstrap tree #997, logLikelihood: -2722.106389
[00:11:06] [worker #1] Bootstrap tree #989, logLikelihood: -2640.844920
[00:11:06] [worker #4] Bootstrap tree #992, logLikelihood: -2505.819648
[00:11:07] [worker #3] Bootstrap tree #991, logLikelihood: -2959.816173
[00:11:07] [worker #6] Bootstrap tree #994, logLikelihood: -3040.744481
[00:11:08] [worker #0] Bootstrap tree #995, logLikelihood: -2550.969210
[00:11:08] [worker #5] Bootstrap tree #986, logLikelihood: -2926.528661
[00:11:08] [worker #4] Bootstrap tree #999, logLikelihood: -2300.110898
[00:11:09] [worker #1] Bootstrap tree #996, logLikelihood: -2615.730457
[00:11:10] [worker #3] Bootstrap tree #998, logLikelihood: -2979.617171
[00:11:11] [worker #5] Bootstrap tree #993, logLikelihood: -2726.217710
[00:11:16] [worker #5] Bootstrap tree #1000, logLikelihood: -2598.650141

Bootstrap trees saved to: /Users/bhe2/Documents/work/current/C037-Cand-auris-adhesin/02-case-studies/09-natural-selection/output/gene-tree/Hil1-2-repeats/20220111nuc1.raxml.bootstraps

Execution log saved to: /Users/bhe2/Documents/work/current/C037-Cand-auris-adhesin/02-case-studies/09-natural-selection/output/gene-tree/Hil1-2-repeats/20220111nuc1.raxml.log

Analysis started: 11-Jan-2022 11:02:15 / finished: 11-Jan-2022 11:13:42

Elapsed time: 687.374 seconds

