
RAxML-NG v. 0.9.0 released on 20.05.2019 by The Exelixis Lab.
Developed by: Alexey M. Kozlov and Alexandros Stamatakis.
Contributors: Diego Darriba, Tomas Flouri, Benoit Morel, Sarah Lutteropp, Ben Bettisworth.
Latest version: https://github.com/amkozlov/raxml-ng
Questions/problems/suggestions? Please visit: https://groups.google.com/forum/#!forum/raxml

RAxML-NG was called at 13-May-2022 17:19:51 as follows:

raxml-ng --parse --msa expanded-blast-PF11765_clustalo_clipkit.faa --model LG+G

Analysis options:
  run mode: Alignment parsing and compression
  start tree(s): 
  random seed: 1652480391
  tip-inner: OFF
  pattern compression: ON
  per-rate scalers: OFF
  site repeats: ON
  branch lengths: proportional (ML estimate, algorithm: NR-FAST)
  SIMD kernels: AVX2
  parallelization: PTHREADS (28 threads), thread pinning: OFF

[00:00:00] Reading alignment from file: expanded-blast-PF11765_clustalo_clipkit.faa
[00:00:00] Loaded alignment with 215 taxa and 517 sites

Alignment comprises 1 partitions and 463 patterns

Partition 0: noname
Model: LG+G4m
Alignment sites / patterns: 517 / 463
Gaps: 39.42 %
Invariant sites: 19.15 %


NOTE: Binary MSA file created: expanded-blast-PF11765_clustalo_clipkit.faa.raxml.rba

* Estimated memory requirements                : 121 MB

* Recommended number of threads / MPI processes: 7

Please note that numbers given above are rough estimates only. 
Actual memory consumption and parallel performance on your system may differ!

Alignment can be successfully read by RAxML-NG.


Execution log saved to: /Users/bhe2/Documents/work/current/C037-Cand-auris-adhesin/02-case-studies/03-gene-tree/20220512-raxmlng-expanded/output/align/expanded-blast-PF11765_clustalo_clipkit.faa.raxml.log

Analysis started: 13-May-2022 17:19:51 / finished: 13-May-2022 17:19:51

Elapsed time: 0.015 seconds

