
RAxML-NG v. 0.9.0 released on 20.05.2019 by The Exelixis Lab.
Developed by: Alexey M. Kozlov and Alexandros Stamatakis.
Contributors: Diego Darriba, Tomas Flouri, Benoit Morel, Sarah Lutteropp, Ben Bettisworth.
Latest version: https://github.com/amkozlov/raxml-ng
Questions/problems/suggestions? Please visit: https://groups.google.com/forum/#!forum/raxml

RAxML-NG was called at 13-May-2022 17:32:55 as follows:

raxml-ng --all --msa ../output/align/expanded-blast-PF11765_clustalo_clipkit.faa --model LG+G --seed 123 --threads 6 --bs-trees autoMRE --prefix ../output/align/expanded-blast-PF11765_clustalo_clipkit

Analysis options:
  run mode: ML tree search + bootstrapping (Felsenstein Bootstrap)
  start tree(s): random (10) + parsimony (10)
  bootstrap replicates: max: 1000 + bootstopping (autoMRE, cutoff: 0.030000)
  random seed: 123
  tip-inner: OFF
  pattern compression: ON
  per-rate scalers: OFF
  site repeats: ON
  branch lengths: proportional (ML estimate, algorithm: NR-FAST)
  SIMD kernels: AVX2
  parallelization: PTHREADS (6 threads), thread pinning: OFF

[00:00:00] Reading alignment from file: ../output/align/expanded-blast-PF11765_clustalo_clipkit.faa
[00:00:00] Loaded alignment with 215 taxa and 517 sites

Alignment comprises 1 partitions and 463 patterns

Partition 0: noname
Model: LG+G4m
Alignment sites / patterns: 517 / 463
Gaps: 39.42 %
Invariant sites: 19.15 %


NOTE: Binary MSA file created: ../output/align/expanded-blast-PF11765_clustalo_clipkit.raxml.rba

[00:00:00] Generating 10 random starting tree(s) with 215 taxa
[00:00:00] Generating 10 parsimony starting tree(s) with 215 taxa
[00:00:10] Data distribution: max. partitions/sites/weight per thread: 1 / 78 / 6240

Starting ML tree search with 20 distinct starting trees


RAxML-NG v. 0.9.0 released on 20.05.2019 by The Exelixis Lab.
Developed by: Alexey M. Kozlov and Alexandros Stamatakis.
Contributors: Diego Darriba, Tomas Flouri, Benoit Morel, Sarah Lutteropp, Ben Bettisworth.
Latest version: https://github.com/amkozlov/raxml-ng
Questions/problems/suggestions? Please visit: https://groups.google.com/forum/#!forum/raxml

RAxML-NG was called at 13-May-2022 17:33:44 as follows:

raxml-ng --all --msa ../output/align/expanded-blast-PF11765_clustalo_clipkit.faa --model LG+G --seed 123 --threads 6 --bs-trees autoMRE --prefix ../output/align/expanded-blast-PF11765_clustalo_clipkit

Analysis options:
  run mode: ML tree search + bootstrapping (Felsenstein Bootstrap)
  start tree(s): random (10) + parsimony (10)
  bootstrap replicates: max: 1000 + bootstopping (autoMRE, cutoff: 0.030000)
  random seed: 123
  tip-inner: OFF
  pattern compression: ON
  per-rate scalers: OFF
  site repeats: ON
  branch lengths: proportional (ML estimate, algorithm: NR-FAST)
  SIMD kernels: AVX2
  parallelization: PTHREADS (6 threads), thread pinning: OFF

WARNING: The model you specified on the command line (LG+G) will be ignored 
         since the binary MSA file already contains a model definition.
         If you want to change the model, please re-run RAxML-NG 
         with the original PHYLIP/FASTA alignment and --redo option.

[00:00:00] Loading binary alignment from file: ../output/align/expanded-blast-PF11765_clustalo_clipkit.raxml.rba
[00:00:00] Alignment comprises 215 taxa, 1 partitions and 463 patterns

Partition 0: noname
Model: LG+G4m
Alignment sites / patterns: 517 / 463
Gaps: 39.42 %
Invariant sites: 19.15 %


[00:00:00] NOTE: Resuming execution from checkpoint (logLH: -137053.56, ML trees: 0, bootstraps: 0)
[00:00:00] Data distribution: max. partitions/sites/weight per thread: 1 / 78 / 6240

Starting ML tree search with 20 distinct starting trees

[00:04:38] ML tree search #1, logLikelihood: -87348.324744
[00:09:34] ML tree search #2, logLikelihood: -87348.099813
[00:14:12] ML tree search #3, logLikelihood: -87348.098225
[00:19:26] ML tree search #4, logLikelihood: -87348.682591
[00:24:01] ML tree search #5, logLikelihood: -87348.681654
[00:28:03] ML tree search #6, logLikelihood: -87348.681807
[00:33:05] ML tree search #7, logLikelihood: -87361.442490

RAxML-NG v. 0.9.0 released on 20.05.2019 by The Exelixis Lab.
Developed by: Alexey M. Kozlov and Alexandros Stamatakis.
Contributors: Diego Darriba, Tomas Flouri, Benoit Morel, Sarah Lutteropp, Ben Bettisworth.
Latest version: https://github.com/amkozlov/raxml-ng
Questions/problems/suggestions? Please visit: https://groups.google.com/forum/#!forum/raxml

RAxML-NG was called at 13-May-2022 19:29:25 as follows:

raxml-ng --all --msa ../output/align/expanded-blast-PF11765_clustalo_clipkit.faa --model LG+G --seed 123 --threads 10 --bs-trees autoMRE --prefix ../output/align/expanded-blast-PF11765_clustalo_clipkit

Analysis options:
  run mode: ML tree search + bootstrapping (Felsenstein Bootstrap)
  start tree(s): random (10) + parsimony (10)
  bootstrap replicates: max: 1000 + bootstopping (autoMRE, cutoff: 0.030000)
  random seed: 123
  tip-inner: OFF
  pattern compression: ON
  per-rate scalers: OFF
  site repeats: ON
  branch lengths: proportional (ML estimate, algorithm: NR-FAST)
  SIMD kernels: AVX2
  parallelization: PTHREADS (10 threads), thread pinning: OFF

WARNING: The model you specified on the command line (LG+G) will be ignored 
         since the binary MSA file already contains a model definition.
         If you want to change the model, please re-run RAxML-NG 
         with the original PHYLIP/FASTA alignment and --redo option.

[00:00:00] Loading binary alignment from file: ../output/align/expanded-blast-PF11765_clustalo_clipkit.raxml.rba
[00:00:00] Alignment comprises 215 taxa, 1 partitions and 463 patterns

Partition 0: noname
Model: LG+G4m
Alignment sites / patterns: 517 / 463
Gaps: 39.42 %
Invariant sites: 19.15 %



WARNING: You might be using too many threads (10) for your alignment with 463 unique patterns.
NOTE:    For the optimal throughput, please consider using fewer threads 
NOTE:    and parallelize across starting trees/bootstrap replicates.
NOTE:    As a general rule-of-thumb, please assign at least 200-1000 alignment patterns per thread.

[00:00:00] NOTE: Resuming execution from checkpoint (logLH: -87379.23, ML trees: 7, bootstraps: 0)
[00:00:00] Data distribution: max. partitions/sites/weight per thread: 1 / 47 / 3760

Starting ML tree search with 20 distinct starting trees

[00:03:09] ML tree search #8, logLikelihood: -87348.100017
[00:07:08] ML tree search #9, logLikelihood: -87348.682251
[00:10:54] ML tree search #10, logLikelihood: -87348.097707
[00:14:21] ML tree search #11, logLikelihood: -87348.321808
[00:18:22] ML tree search #12, logLikelihood: -87348.322046
[00:22:09] ML tree search #13, logLikelihood: -87348.097313
[00:25:06] ML tree search #14, logLikelihood: -87348.097786
[00:28:11] ML tree search #15, logLikelihood: -87348.097341
[00:31:25] ML tree search #16, logLikelihood: -87348.097292
[00:34:59] ML tree search #17, logLikelihood: -87348.098617
[00:38:25] ML tree search #18, logLikelihood: -87348.321773
[00:41:59] ML tree search #19, logLikelihood: -87348.097396
[00:45:18] ML tree search #20, logLikelihood: -87362.529351

[00:45:18] ML tree search completed, best tree logLH: -87348.097292

[00:45:18] Starting bootstrapping analysis with 1000 replicates.

[00:48:46] Bootstrap tree #1, logLikelihood: -89866.510691
[00:52:03] Bootstrap tree #2, logLikelihood: -88344.411938
[00:54:56] Bootstrap tree #3, logLikelihood: -88224.458810
[00:57:58] Bootstrap tree #4, logLikelihood: -92038.785196
[01:00:53] Bootstrap tree #5, logLikelihood: -83928.564861
[01:04:07] Bootstrap tree #6, logLikelihood: -87066.883610
[01:07:42] Bootstrap tree #7, logLikelihood: -92096.342781
[01:10:36] Bootstrap tree #8, logLikelihood: -87969.510787
[01:14:39] Bootstrap tree #9, logLikelihood: -84777.524596
[01:18:19] Bootstrap tree #10, logLikelihood: -90781.585845
[01:21:43] Bootstrap tree #11, logLikelihood: -83522.899696
[01:24:52] Bootstrap tree #12, logLikelihood: -85123.918053
[01:28:01] Bootstrap tree #13, logLikelihood: -84896.133395
[01:31:02] Bootstrap tree #14, logLikelihood: -84554.617625
[01:34:17] Bootstrap tree #15, logLikelihood: -89363.882332
[01:38:03] Bootstrap tree #16, logLikelihood: -86702.219933
[01:41:24] Bootstrap tree #17, logLikelihood: -85802.410961
[01:44:52] Bootstrap tree #18, logLikelihood: -92003.879433
[01:48:12] Bootstrap tree #19, logLikelihood: -85691.235570
[01:51:55] Bootstrap tree #20, logLikelihood: -86634.217368
[01:56:50] Bootstrap tree #21, logLikelihood: -85090.483859
[02:00:41] Bootstrap tree #22, logLikelihood: -90916.016010
[02:04:08] Bootstrap tree #23, logLikelihood: -89524.770170
[02:07:29] Bootstrap tree #24, logLikelihood: -86321.341540
[02:10:29] Bootstrap tree #25, logLikelihood: -84089.605908
[02:13:42] Bootstrap tree #26, logLikelihood: -87764.706284
[02:17:23] Bootstrap tree #27, logLikelihood: -86077.411089
[02:21:06] Bootstrap tree #28, logLikelihood: -87379.814122
[02:24:42] Bootstrap tree #29, logLikelihood: -83991.112272
[02:28:58] Bootstrap tree #30, logLikelihood: -87229.820989
[02:32:18] Bootstrap tree #31, logLikelihood: -87030.064701
[02:35:21] Bootstrap tree #32, logLikelihood: -83841.397688
[02:39:58] Bootstrap tree #33, logLikelihood: -86807.269830
[02:43:07] Bootstrap tree #34, logLikelihood: -88794.127262
[02:46:25] Bootstrap tree #35, logLikelihood: -83552.916221
[02:49:57] Bootstrap tree #36, logLikelihood: -88825.565356
[02:53:54] Bootstrap tree #37, logLikelihood: -85309.068509
[02:56:51] Bootstrap tree #38, logLikelihood: -83086.344922
[02:59:24] Bootstrap tree #39, logLikelihood: -87598.014322
[03:02:26] Bootstrap tree #40, logLikelihood: -87197.471069
[03:05:32] Bootstrap tree #41, logLikelihood: -86508.655265
[03:08:31] Bootstrap tree #42, logLikelihood: -85144.102803
[03:11:24] Bootstrap tree #43, logLikelihood: -86781.980354
[03:14:28] Bootstrap tree #44, logLikelihood: -85596.361965
[03:18:01] Bootstrap tree #45, logLikelihood: -85442.325247
[03:21:12] Bootstrap tree #46, logLikelihood: -84239.452542
[03:24:28] Bootstrap tree #47, logLikelihood: -86672.704823
[03:27:43] Bootstrap tree #48, logLikelihood: -88301.269647
[03:32:12] Bootstrap tree #49, logLikelihood: -85832.159394
[03:35:29] Bootstrap tree #50, logLikelihood: -87770.260438
[03:40:01] Bootstrap tree #51, logLikelihood: -85620.730879
[03:42:53] Bootstrap tree #52, logLikelihood: -84704.416611
[03:46:27] Bootstrap tree #53, logLikelihood: -84264.708731
[03:49:49] Bootstrap tree #54, logLikelihood: -86128.203859
[03:55:02] Bootstrap tree #55, logLikelihood: -83909.576812
[03:59:31] Bootstrap tree #56, logLikelihood: -85319.744012
[04:02:25] Bootstrap tree #57, logLikelihood: -87140.170069
[04:05:08] Bootstrap tree #58, logLikelihood: -87260.857227
[04:07:58] Bootstrap tree #59, logLikelihood: -86520.812970
[04:10:52] Bootstrap tree #60, logLikelihood: -81970.461758
[04:13:45] Bootstrap tree #61, logLikelihood: -93904.354940
[04:17:03] Bootstrap tree #62, logLikelihood: -82873.233555
[04:20:42] Bootstrap tree #63, logLikelihood: -93883.477798
[04:25:20] Bootstrap tree #64, logLikelihood: -81818.507067
[04:29:06] Bootstrap tree #65, logLikelihood: -86842.155180
[04:32:47] Bootstrap tree #66, logLikelihood: -88098.882486
[04:36:09] Bootstrap tree #67, logLikelihood: -85546.478596
[04:39:03] Bootstrap tree #68, logLikelihood: -86704.157265
[04:42:36] Bootstrap tree #69, logLikelihood: -85518.784808
[04:45:24] Bootstrap tree #70, logLikelihood: -89239.737995
[04:48:58] Bootstrap tree #71, logLikelihood: -92824.542020
[04:52:22] Bootstrap tree #72, logLikelihood: -85359.769150
[04:54:52] Bootstrap tree #73, logLikelihood: -88299.628441
[04:58:15] Bootstrap tree #74, logLikelihood: -85511.950790
[05:01:38] Bootstrap tree #75, logLikelihood: -88093.938538
[05:05:53] Bootstrap tree #76, logLikelihood: -84521.736467
[05:09:22] Bootstrap tree #77, logLikelihood: -82889.418188
[05:12:39] Bootstrap tree #78, logLikelihood: -88388.020755
[05:16:33] Bootstrap tree #79, logLikelihood: -89189.880982
[05:20:43] Bootstrap tree #80, logLikelihood: -87076.772191
[05:23:37] Bootstrap tree #81, logLikelihood: -85066.896401
[05:27:06] Bootstrap tree #82, logLikelihood: -86252.930633
[05:30:27] Bootstrap tree #83, logLikelihood: -84621.821827
[05:33:58] Bootstrap tree #84, logLikelihood: -91357.828386
[05:37:40] Bootstrap tree #85, logLikelihood: -86679.728050
[05:41:43] Bootstrap tree #86, logLikelihood: -87922.606616
[05:44:58] Bootstrap tree #87, logLikelihood: -87689.124462
[05:47:58] Bootstrap tree #88, logLikelihood: -90051.970987
[05:50:47] Bootstrap tree #89, logLikelihood: -88118.814060
[05:54:09] Bootstrap tree #90, logLikelihood: -87662.775677
[05:57:18] Bootstrap tree #91, logLikelihood: -85962.410337
[06:00:25] Bootstrap tree #92, logLikelihood: -87086.150384
[06:03:55] Bootstrap tree #93, logLikelihood: -88157.955378
[06:07:02] Bootstrap tree #94, logLikelihood: -81619.551725
[06:11:43] Bootstrap tree #95, logLikelihood: -85573.087695
[06:15:21] Bootstrap tree #96, logLikelihood: -84840.245319
[06:19:15] Bootstrap tree #97, logLikelihood: -87584.415253
[06:22:27] Bootstrap tree #98, logLikelihood: -87818.226812
[06:25:16] Bootstrap tree #99, logLikelihood: -89900.531855
[06:29:44] Bootstrap tree #100, logLikelihood: -89211.528726
[06:33:15] Bootstrap tree #101, logLikelihood: -80432.725243
[06:36:20] Bootstrap tree #102, logLikelihood: -86964.616402
[06:39:32] Bootstrap tree #103, logLikelihood: -86854.683992
[06:42:41] Bootstrap tree #104, logLikelihood: -88833.621998
[06:45:43] Bootstrap tree #105, logLikelihood: -84756.347050
[06:49:28] Bootstrap tree #106, logLikelihood: -87964.929191
[06:52:47] Bootstrap tree #107, logLikelihood: -89833.167963
[06:56:28] Bootstrap tree #108, logLikelihood: -86035.159844
[06:59:53] Bootstrap tree #109, logLikelihood: -87384.191556
[07:03:47] Bootstrap tree #110, logLikelihood: -83282.090000
[07:07:51] Bootstrap tree #111, logLikelihood: -88896.316668
[07:10:29] Bootstrap tree #112, logLikelihood: -81469.206451
[07:13:35] Bootstrap tree #113, logLikelihood: -85599.252177
[07:16:48] Bootstrap tree #114, logLikelihood: -86055.898721
[07:20:19] Bootstrap tree #115, logLikelihood: -92608.907139
[07:23:49] Bootstrap tree #116, logLikelihood: -84796.915514
[07:30:07] Bootstrap tree #117, logLikelihood: -88854.408763
[07:33:34] Bootstrap tree #118, logLikelihood: -88072.722741
[07:36:57] Bootstrap tree #119, logLikelihood: -87244.122321
[07:42:29] Bootstrap tree #120, logLikelihood: -85098.875097
[07:47:30] Bootstrap tree #121, logLikelihood: -88805.404170
[07:51:11] Bootstrap tree #122, logLikelihood: -84867.190647
[07:54:58] Bootstrap tree #123, logLikelihood: -86885.341667
[07:57:39] Bootstrap tree #124, logLikelihood: -84369.690844
[08:01:02] Bootstrap tree #125, logLikelihood: -85741.115872
[08:03:53] Bootstrap tree #126, logLikelihood: -86606.910676
[08:06:49] Bootstrap tree #127, logLikelihood: -89364.345159
[08:10:16] Bootstrap tree #128, logLikelihood: -85750.902142
[08:13:24] Bootstrap tree #129, logLikelihood: -90811.387242
[08:16:38] Bootstrap tree #130, logLikelihood: -85739.098509
[08:20:07] Bootstrap tree #131, logLikelihood: -83512.536889
[08:23:13] Bootstrap tree #132, logLikelihood: -88671.679167
[08:25:57] Bootstrap tree #133, logLikelihood: -89549.541318
[08:29:10] Bootstrap tree #134, logLikelihood: -85209.676263
[08:33:12] Bootstrap tree #135, logLikelihood: -95743.475463
[08:37:07] Bootstrap tree #136, logLikelihood: -83816.092514
[08:41:45] Bootstrap tree #137, logLikelihood: -83177.242752
[08:45:04] Bootstrap tree #138, logLikelihood: -85062.896762
[08:50:42] Bootstrap tree #139, logLikelihood: -86431.440192
[08:54:25] Bootstrap tree #140, logLikelihood: -84247.984676
[08:58:44] Bootstrap tree #141, logLikelihood: -84825.596848
[09:03:19] Bootstrap tree #142, logLikelihood: -87948.111414
[09:06:14] Bootstrap tree #143, logLikelihood: -84204.569231
[09:09:29] Bootstrap tree #144, logLikelihood: -83898.019180
[09:12:31] Bootstrap tree #145, logLikelihood: -87485.377943
[09:16:39] Bootstrap tree #146, logLikelihood: -86262.368838
[09:20:06] Bootstrap tree #147, logLikelihood: -85084.393870
[09:23:58] Bootstrap tree #148, logLikelihood: -85088.505126
[09:27:48] Bootstrap tree #149, logLikelihood: -97963.529614
[09:31:18] Bootstrap tree #150, logLikelihood: -92813.252017
[09:34:23] Bootstrap tree #151, logLikelihood: -97393.272940
[09:38:45] Bootstrap tree #152, logLikelihood: -87373.716180
[09:41:42] Bootstrap tree #153, logLikelihood: -89174.734118
[09:44:55] Bootstrap tree #154, logLikelihood: -84726.881786
[09:48:04] Bootstrap tree #155, logLikelihood: -85322.977030
[09:53:17] Bootstrap tree #156, logLikelihood: -85952.283285
[09:57:06] Bootstrap tree #157, logLikelihood: -90076.449089
[10:00:06] Bootstrap tree #158, logLikelihood: -87478.742637
[10:03:03] Bootstrap tree #159, logLikelihood: -88338.699338
[10:06:16] Bootstrap tree #160, logLikelihood: -87532.841748
[10:10:03] Bootstrap tree #161, logLikelihood: -87422.477450
[10:13:40] Bootstrap tree #162, logLikelihood: -86153.284676
[10:16:49] Bootstrap tree #163, logLikelihood: -83558.438197
[10:20:06] Bootstrap tree #164, logLikelihood: -91955.564008
[10:23:55] Bootstrap tree #165, logLikelihood: -83758.640447
[10:27:08] Bootstrap tree #166, logLikelihood: -85074.558555
[10:30:54] Bootstrap tree #167, logLikelihood: -87401.255014
[10:33:54] Bootstrap tree #168, logLikelihood: -89384.590233
[10:37:29] Bootstrap tree #169, logLikelihood: -85803.450140
[10:40:46] Bootstrap tree #170, logLikelihood: -86845.020262
[10:44:38] Bootstrap tree #171, logLikelihood: -89772.917504
[10:47:45] Bootstrap tree #172, logLikelihood: -86828.060223
[10:50:33] Bootstrap tree #173, logLikelihood: -85866.732203
[10:56:39] Bootstrap tree #174, logLikelihood: -93692.398433
[10:59:23] Bootstrap tree #175, logLikelihood: -86336.690231
[11:03:16] Bootstrap tree #176, logLikelihood: -82310.498121
[11:06:10] Bootstrap tree #177, logLikelihood: -88516.691731
[11:09:17] Bootstrap tree #178, logLikelihood: -88985.402756
[11:11:56] Bootstrap tree #179, logLikelihood: -82760.729651
[11:15:50] Bootstrap tree #180, logLikelihood: -86487.100762
[11:18:35] Bootstrap tree #181, logLikelihood: -92886.709625
[11:22:11] Bootstrap tree #182, logLikelihood: -87198.512127
[11:26:05] Bootstrap tree #183, logLikelihood: -83999.181716
[11:29:21] Bootstrap tree #184, logLikelihood: -86959.037172
[11:33:13] Bootstrap tree #185, logLikelihood: -86813.242399
[11:36:14] Bootstrap tree #186, logLikelihood: -85165.289114
[11:39:22] Bootstrap tree #187, logLikelihood: -86980.424598
[11:42:56] Bootstrap tree #188, logLikelihood: -89494.548535
[11:46:24] Bootstrap tree #189, logLikelihood: -97886.046548
[11:49:48] Bootstrap tree #190, logLikelihood: -85589.974280
[11:54:14] Bootstrap tree #191, logLikelihood: -87619.887742
[11:57:58] Bootstrap tree #192, logLikelihood: -79603.550171
[12:01:19] Bootstrap tree #193, logLikelihood: -88344.512745
[12:05:23] Bootstrap tree #194, logLikelihood: -82352.421344
[12:09:29] Bootstrap tree #195, logLikelihood: -80751.636753
[12:13:03] Bootstrap tree #196, logLikelihood: -84028.175325
[12:16:43] Bootstrap tree #197, logLikelihood: -88352.850340
[12:20:14] Bootstrap tree #198, logLikelihood: -84668.176634
[12:23:11] Bootstrap tree #199, logLikelihood: -86867.477324
[12:26:23] Bootstrap tree #200, logLikelihood: -85574.600993
[12:30:13] Bootstrap tree #201, logLikelihood: -87065.186577
[12:33:42] Bootstrap tree #202, logLikelihood: -84061.496044
[12:37:21] Bootstrap tree #203, logLikelihood: -82764.717041
[12:40:46] Bootstrap tree #204, logLikelihood: -82929.377950
[12:45:48] Bootstrap tree #205, logLikelihood: -90127.983853
[12:49:39] Bootstrap tree #206, logLikelihood: -94012.247146
[12:53:50] Bootstrap tree #207, logLikelihood: -84590.698730
[12:56:50] Bootstrap tree #208, logLikelihood: -79999.348438
[13:00:28] Bootstrap tree #209, logLikelihood: -90370.463606
[13:03:53] Bootstrap tree #210, logLikelihood: -86523.900571
[13:07:31] Bootstrap tree #211, logLikelihood: -88341.303772
[13:11:35] Bootstrap tree #212, logLikelihood: -88566.720061
[13:15:12] Bootstrap tree #213, logLikelihood: -88326.212343
[13:18:41] Bootstrap tree #214, logLikelihood: -86056.530458
[13:22:11] Bootstrap tree #215, logLikelihood: -87170.830431
[13:25:30] Bootstrap tree #216, logLikelihood: -85125.682293
[13:29:17] Bootstrap tree #217, logLikelihood: -82025.069875
[13:33:09] Bootstrap tree #218, logLikelihood: -86835.764463
[13:37:38] Bootstrap tree #219, logLikelihood: -87574.896148
[13:41:43] Bootstrap tree #220, logLikelihood: -87343.235698
[13:44:31] Bootstrap tree #221, logLikelihood: -84548.622335
[13:48:39] Bootstrap tree #222, logLikelihood: -90876.305362
[13:52:46] Bootstrap tree #223, logLikelihood: -91119.923498
[13:56:17] Bootstrap tree #224, logLikelihood: -90379.876857
[14:00:11] Bootstrap tree #225, logLikelihood: -85960.211100
[14:03:16] Bootstrap tree #226, logLikelihood: -84066.282140
[14:07:41] Bootstrap tree #227, logLikelihood: -92633.116921
[14:10:30] Bootstrap tree #228, logLikelihood: -87133.401389
[14:13:49] Bootstrap tree #229, logLikelihood: -87565.308782
[14:17:23] Bootstrap tree #230, logLikelihood: -87396.265246
[14:20:51] Bootstrap tree #231, logLikelihood: -85438.585603
[14:24:18] Bootstrap tree #232, logLikelihood: -85838.055243
[14:27:22] Bootstrap tree #233, logLikelihood: -87432.623616
[14:32:20] Bootstrap tree #234, logLikelihood: -87234.340060
[14:35:03] Bootstrap tree #235, logLikelihood: -85849.351686
[14:38:33] Bootstrap tree #236, logLikelihood: -85263.776712
[14:41:59] Bootstrap tree #237, logLikelihood: -87000.185917
[14:46:12] Bootstrap tree #238, logLikelihood: -86080.968154
[14:49:22] Bootstrap tree #239, logLikelihood: -83118.371287
[14:52:11] Bootstrap tree #240, logLikelihood: -89718.564902
[14:55:28] Bootstrap tree #241, logLikelihood: -85009.904436
[14:59:47] Bootstrap tree #242, logLikelihood: -89392.718814
[15:04:05] Bootstrap tree #243, logLikelihood: -85227.634807
[15:07:44] Bootstrap tree #244, logLikelihood: -86897.033852
[15:11:12] Bootstrap tree #245, logLikelihood: -82045.049696
[15:14:05] Bootstrap tree #246, logLikelihood: -88477.934376

RAxML-NG v. 0.9.0 released on 20.05.2019 by The Exelixis Lab.
Developed by: Alexey M. Kozlov and Alexandros Stamatakis.
Contributors: Diego Darriba, Tomas Flouri, Benoit Morel, Sarah Lutteropp, Ben Bettisworth.
Latest version: https://github.com/amkozlov/raxml-ng
Questions/problems/suggestions? Please visit: https://groups.google.com/forum/#!forum/raxml

RAxML-NG was called at 14-May-2022 10:44:42 as follows:

raxml-ng --all --msa ../output/align/expanded-blast-PF11765_clustalo_clipkit.faa --model LG+G --seed 123 --threads 7 --bs-trees autoMRE --prefix ../output/align/expanded-blast-PF11765_clustalo_clipkit

Analysis options:
  run mode: ML tree search + bootstrapping (Felsenstein Bootstrap)
  start tree(s): random (10) + parsimony (10)
  bootstrap replicates: max: 1000 + bootstopping (autoMRE, cutoff: 0.030000)
  random seed: 123
  tip-inner: OFF
  pattern compression: ON
  per-rate scalers: OFF
  site repeats: ON
  branch lengths: proportional (ML estimate, algorithm: NR-FAST)
  SIMD kernels: AVX2
  parallelization: PTHREADS (7 threads), thread pinning: OFF

WARNING: The model you specified on the command line (LG+G) will be ignored 
         since the binary MSA file already contains a model definition.
         If you want to change the model, please re-run RAxML-NG 
         with the original PHYLIP/FASTA alignment and --redo option.

[00:00:00] Loading binary alignment from file: ../output/align/expanded-blast-PF11765_clustalo_clipkit.raxml.rba
[00:00:00] Alignment comprises 215 taxa, 1 partitions and 463 patterns

Partition 0: noname
Model: LG+G4m
Alignment sites / patterns: 517 / 463
Gaps: 39.42 %
Invariant sites: 19.15 %


[00:00:00] NOTE: Resuming execution from checkpoint (logLH: -86810.02, ML trees: 20, bootstraps: 246)
[00:00:00] Data distribution: max. partitions/sites/weight per thread: 1 / 67 / 5360

[00:00:00] ML tree search completed, best tree logLH: -87348.097292

[00:00:00] Starting bootstrapping analysis with 1000 replicates.

[00:03:07] Bootstrap tree #247, logLikelihood: -84272.646525
[00:08:09] Bootstrap tree #248, logLikelihood: -84274.695603
[00:12:34] Bootstrap tree #249, logLikelihood: -91751.953655
[00:19:34] Bootstrap tree #250, logLikelihood: -85946.289486
[00:25:34] Bootstrap tree #251, logLikelihood: -81714.011011
[00:36:39] Bootstrap tree #252, logLikelihood: -89612.495273
[00:44:53] Bootstrap tree #253, logLikelihood: -81391.029712
[00:54:17] Bootstrap tree #254, logLikelihood: -86693.057875
[01:07:16] Bootstrap tree #255, logLikelihood: -88119.940118
[01:19:45] Bootstrap tree #256, logLikelihood: -87040.022693
[01:28:16] Bootstrap tree #257, logLikelihood: -79726.936444
[01:35:11] Bootstrap tree #258, logLikelihood: -87527.453180
[01:43:14] Bootstrap tree #259, logLikelihood: -86253.831129
[01:50:22] Bootstrap tree #260, logLikelihood: -83707.112345
[01:58:49] Bootstrap tree #261, logLikelihood: -91241.418909
[02:07:13] Bootstrap tree #262, logLikelihood: -84544.504802
[02:15:57] Bootstrap tree #263, logLikelihood: -88443.376931
[02:25:45] Bootstrap tree #264, logLikelihood: -88387.400404
[02:34:09] Bootstrap tree #265, logLikelihood: -87273.216942
[02:42:19] Bootstrap tree #266, logLikelihood: -87854.652516
[02:48:30] Bootstrap tree #267, logLikelihood: -79396.415858
[02:52:38] Bootstrap tree #268, logLikelihood: -82457.267353
[02:58:09] Bootstrap tree #269, logLikelihood: -83683.477112
[03:02:24] Bootstrap tree #270, logLikelihood: -87134.945145
[03:05:44] Bootstrap tree #271, logLikelihood: -91167.642881
[03:10:24] Bootstrap tree #272, logLikelihood: -87814.430992
[03:13:40] Bootstrap tree #273, logLikelihood: -85201.436708
[03:17:45] Bootstrap tree #274, logLikelihood: -87510.359303
[03:21:51] Bootstrap tree #275, logLikelihood: -83945.753001
[03:26:20] Bootstrap tree #276, logLikelihood: -94940.581892
[03:31:15] Bootstrap tree #277, logLikelihood: -83658.398129
[03:34:57] Bootstrap tree #278, logLikelihood: -82670.535480
[03:39:35] Bootstrap tree #279, logLikelihood: -85675.171900
[03:43:05] Bootstrap tree #280, logLikelihood: -82712.555733
[03:47:09] Bootstrap tree #281, logLikelihood: -85669.577462
[03:52:57] Bootstrap tree #282, logLikelihood: -92418.546771
[03:56:24] Bootstrap tree #283, logLikelihood: -85705.044007
[04:01:34] Bootstrap tree #284, logLikelihood: -82802.041498
[04:05:31] Bootstrap tree #285, logLikelihood: -90912.250754
[04:09:26] Bootstrap tree #286, logLikelihood: -84663.100467
[04:13:38] Bootstrap tree #287, logLikelihood: -84714.360534
[04:18:05] Bootstrap tree #288, logLikelihood: -86822.573667
[04:22:42] Bootstrap tree #289, logLikelihood: -85948.399933
[04:27:28] Bootstrap tree #290, logLikelihood: -84534.317993
[04:31:32] Bootstrap tree #291, logLikelihood: -79595.304017
[04:35:41] Bootstrap tree #292, logLikelihood: -87173.690833
[04:40:26] Bootstrap tree #293, logLikelihood: -89578.736801
[04:45:11] Bootstrap tree #294, logLikelihood: -87123.529322
[04:49:28] Bootstrap tree #295, logLikelihood: -80556.107858
[04:54:08] Bootstrap tree #296, logLikelihood: -82834.606925
[04:57:59] Bootstrap tree #297, logLikelihood: -92864.626835
[05:03:23] Bootstrap tree #298, logLikelihood: -92097.428018
[05:07:21] Bootstrap tree #299, logLikelihood: -87541.987069
[05:11:21] Bootstrap tree #300, logLikelihood: -91618.501405
[05:15:33] Bootstrap tree #301, logLikelihood: -87611.564089
[05:19:34] Bootstrap tree #302, logLikelihood: -86418.207710
[05:22:57] Bootstrap tree #303, logLikelihood: -77549.358904
[05:29:49] Bootstrap tree #304, logLikelihood: -79795.330975
[05:34:32] Bootstrap tree #305, logLikelihood: -82769.833604
[05:39:59] Bootstrap tree #306, logLikelihood: -91914.256911
[05:43:53] Bootstrap tree #307, logLikelihood: -88464.261683
[05:47:54] Bootstrap tree #308, logLikelihood: -84287.671310
[05:51:43] Bootstrap tree #309, logLikelihood: -84548.977361
[05:56:33] Bootstrap tree #310, logLikelihood: -87973.009598
[06:01:24] Bootstrap tree #311, logLikelihood: -89710.966256
[06:05:30] Bootstrap tree #312, logLikelihood: -87807.050475
[06:09:20] Bootstrap tree #313, logLikelihood: -88905.533974
[06:13:29] Bootstrap tree #314, logLikelihood: -87338.160203
[06:18:43] Bootstrap tree #315, logLikelihood: -88405.756430
[06:22:20] Bootstrap tree #316, logLikelihood: -85443.954259
[06:26:51] Bootstrap tree #317, logLikelihood: -83619.181568
[06:30:51] Bootstrap tree #318, logLikelihood: -87048.885754
[06:35:17] Bootstrap tree #319, logLikelihood: -85290.343424
[06:39:12] Bootstrap tree #320, logLikelihood: -89967.049252
[06:45:56] Bootstrap tree #321, logLikelihood: -88068.604519
[06:50:11] Bootstrap tree #322, logLikelihood: -90313.877046
[06:54:08] Bootstrap tree #323, logLikelihood: -83301.454651
[06:58:08] Bootstrap tree #324, logLikelihood: -86040.496357
[07:03:38] Bootstrap tree #325, logLikelihood: -83761.835425
[07:07:49] Bootstrap tree #326, logLikelihood: -80314.492896
[07:11:16] Bootstrap tree #327, logLikelihood: -83974.337253
[07:14:30] Bootstrap tree #328, logLikelihood: -85533.151396
[07:18:09] Bootstrap tree #329, logLikelihood: -78405.880347
[07:23:06] Bootstrap tree #330, logLikelihood: -85470.846180
[07:27:18] Bootstrap tree #331, logLikelihood: -89618.173314
[07:30:45] Bootstrap tree #332, logLikelihood: -82818.453465
[07:35:20] Bootstrap tree #333, logLikelihood: -88191.319696
[07:38:49] Bootstrap tree #334, logLikelihood: -84259.602109
[07:43:06] Bootstrap tree #335, logLikelihood: -85984.716127
[07:47:31] Bootstrap tree #336, logLikelihood: -83748.399752
[07:51:54] Bootstrap tree #337, logLikelihood: -87692.834163
[07:55:57] Bootstrap tree #338, logLikelihood: -86475.046556
[08:00:48] Bootstrap tree #339, logLikelihood: -82975.443576
[08:04:50] Bootstrap tree #340, logLikelihood: -90267.024233
[08:09:19] Bootstrap tree #341, logLikelihood: -84683.854784
[08:13:51] Bootstrap tree #342, logLikelihood: -85703.675961
[08:20:28] Bootstrap tree #343, logLikelihood: -85023.663942
[08:25:09] Bootstrap tree #344, logLikelihood: -88735.058543
[08:29:22] Bootstrap tree #345, logLikelihood: -89816.470793
[08:32:54] Bootstrap tree #346, logLikelihood: -85646.383467
[08:37:11] Bootstrap tree #347, logLikelihood: -84556.502545
[08:42:45] Bootstrap tree #348, logLikelihood: -87292.541255
[08:48:07] Bootstrap tree #349, logLikelihood: -93769.554295
[08:52:04] Bootstrap tree #350, logLikelihood: -82879.053834
[08:56:12] Bootstrap tree #351, logLikelihood: -88112.058462
[09:01:07] Bootstrap tree #352, logLikelihood: -87452.264603
[09:05:39] Bootstrap tree #353, logLikelihood: -95026.676810
[09:09:55] Bootstrap tree #354, logLikelihood: -87687.186867
[09:13:36] Bootstrap tree #355, logLikelihood: -88672.064680
[09:17:18] Bootstrap tree #356, logLikelihood: -83598.967270
[09:21:25] Bootstrap tree #357, logLikelihood: -90311.500106
[09:25:37] Bootstrap tree #358, logLikelihood: -83411.505878
[09:29:01] Bootstrap tree #359, logLikelihood: -86051.562571
[09:34:35] Bootstrap tree #360, logLikelihood: -86510.004065
[09:38:23] Bootstrap tree #361, logLikelihood: -89172.880772
[09:42:08] Bootstrap tree #362, logLikelihood: -90810.737157
[09:47:02] Bootstrap tree #363, logLikelihood: -87163.392837
[09:51:06] Bootstrap tree #364, logLikelihood: -89605.071402
[09:54:48] Bootstrap tree #365, logLikelihood: -90813.873611
[09:58:27] Bootstrap tree #366, logLikelihood: -85417.275689
[10:03:07] Bootstrap tree #367, logLikelihood: -86334.960469
[10:06:46] Bootstrap tree #368, logLikelihood: -85892.705262
[10:11:08] Bootstrap tree #369, logLikelihood: -89480.661093
[10:15:10] Bootstrap tree #370, logLikelihood: -87206.872283
[10:19:25] Bootstrap tree #371, logLikelihood: -89314.247866
[10:25:18] Bootstrap tree #372, logLikelihood: -86595.958184
[10:29:58] Bootstrap tree #373, logLikelihood: -85114.078971
[10:34:31] Bootstrap tree #374, logLikelihood: -88987.882419
[10:37:52] Bootstrap tree #375, logLikelihood: -88425.953887
[10:42:43] Bootstrap tree #376, logLikelihood: -92136.199575
[10:48:52] Bootstrap tree #377, logLikelihood: -84852.029714
[10:52:13] Bootstrap tree #378, logLikelihood: -84818.176588
[10:57:18] Bootstrap tree #379, logLikelihood: -90155.749642
[11:01:28] Bootstrap tree #380, logLikelihood: -85690.285708
[11:05:54] Bootstrap tree #381, logLikelihood: -87306.841989
[11:12:01] Bootstrap tree #382, logLikelihood: -85764.127423
[11:16:05] Bootstrap tree #383, logLikelihood: -85367.888074
[11:20:03] Bootstrap tree #384, logLikelihood: -87482.867084
[11:24:33] Bootstrap tree #385, logLikelihood: -87402.383600
[11:27:55] Bootstrap tree #386, logLikelihood: -83906.330589
[11:33:24] Bootstrap tree #387, logLikelihood: -88139.644811
[11:37:34] Bootstrap tree #388, logLikelihood: -89930.418880
[11:41:26] Bootstrap tree #389, logLikelihood: -87003.048267
[11:46:34] Bootstrap tree #390, logLikelihood: -79775.515967
[11:50:53] Bootstrap tree #391, logLikelihood: -89478.858480
[11:54:44] Bootstrap tree #392, logLikelihood: -84328.075354
[11:59:15] Bootstrap tree #393, logLikelihood: -86760.117535
[12:02:23] Bootstrap tree #394, logLikelihood: -85947.868772
[12:07:37] Bootstrap tree #395, logLikelihood: -91804.655763
[12:11:44] Bootstrap tree #396, logLikelihood: -84902.369117
[12:15:51] Bootstrap tree #397, logLikelihood: -93143.872788
[12:22:19] Bootstrap tree #398, logLikelihood: -86928.614337
[12:26:38] Bootstrap tree #399, logLikelihood: -87963.177236
[12:31:16] Bootstrap tree #400, logLikelihood: -88117.435769
[12:34:53] Bootstrap tree #401, logLikelihood: -87079.903814
[12:39:29] Bootstrap tree #402, logLikelihood: -85932.476731
[12:43:54] Bootstrap tree #403, logLikelihood: -94780.334567
[12:51:39] Bootstrap tree #404, logLikelihood: -84537.610110
[12:58:18] Bootstrap tree #405, logLikelihood: -88864.949282
[13:01:35] Bootstrap tree #406, logLikelihood: -90236.052675
[13:05:32] Bootstrap tree #407, logLikelihood: -90184.721050
[13:10:16] Bootstrap tree #408, logLikelihood: -86851.305787
[13:14:31] Bootstrap tree #409, logLikelihood: -91882.284091
[13:19:24] Bootstrap tree #410, logLikelihood: -92102.805029
[13:24:46] Bootstrap tree #411, logLikelihood: -89526.699658
[13:28:42] Bootstrap tree #412, logLikelihood: -84961.375998
[13:33:32] Bootstrap tree #413, logLikelihood: -84725.514323
[13:38:17] Bootstrap tree #414, logLikelihood: -87002.077853
[13:41:54] Bootstrap tree #415, logLikelihood: -86931.917900
[13:46:05] Bootstrap tree #416, logLikelihood: -80047.343990
[13:50:09] Bootstrap tree #417, logLikelihood: -86955.590612
[13:54:16] Bootstrap tree #418, logLikelihood: -81656.333999
[13:58:06] Bootstrap tree #419, logLikelihood: -88515.469325
[14:02:04] Bootstrap tree #420, logLikelihood: -89150.859636
[14:07:38] Bootstrap tree #421, logLikelihood: -87281.258750
[14:11:18] Bootstrap tree #422, logLikelihood: -84342.099254
[14:15:36] Bootstrap tree #423, logLikelihood: -85639.339365
[14:20:41] Bootstrap tree #424, logLikelihood: -89078.295515
[14:24:42] Bootstrap tree #425, logLikelihood: -87845.332488
[14:28:59] Bootstrap tree #426, logLikelihood: -87095.121493
[14:33:16] Bootstrap tree #427, logLikelihood: -85934.624466
[14:39:17] Bootstrap tree #428, logLikelihood: -86273.216114
[14:44:16] Bootstrap tree #429, logLikelihood: -85745.405452
[14:49:08] Bootstrap tree #430, logLikelihood: -89464.249594
[14:55:47] Bootstrap tree #431, logLikelihood: -86484.914358
[15:00:24] Bootstrap tree #432, logLikelihood: -88549.907600
[15:04:27] Bootstrap tree #433, logLikelihood: -84893.780968
[15:09:18] Bootstrap tree #434, logLikelihood: -84532.323799
[15:12:50] Bootstrap tree #435, logLikelihood: -84860.914824
[15:16:25] Bootstrap tree #436, logLikelihood: -88974.300819
[15:20:05] Bootstrap tree #437, logLikelihood: -89149.936684
[15:24:31] Bootstrap tree #438, logLikelihood: -87277.070645
[15:27:53] Bootstrap tree #439, logLikelihood: -82034.094738
[15:31:35] Bootstrap tree #440, logLikelihood: -89074.006638
[15:35:43] Bootstrap tree #441, logLikelihood: -87490.822746
[15:40:56] Bootstrap tree #442, logLikelihood: -82267.166431
[15:45:52] Bootstrap tree #443, logLikelihood: -84359.422975
[15:50:21] Bootstrap tree #444, logLikelihood: -89471.858201
[15:54:48] Bootstrap tree #445, logLikelihood: -83210.660423
[15:58:11] Bootstrap tree #446, logLikelihood: -88335.312628
[16:01:33] Bootstrap tree #447, logLikelihood: -85258.030335
[16:05:25] Bootstrap tree #448, logLikelihood: -89127.940105
[16:09:53] Bootstrap tree #449, logLikelihood: -81739.955373
[16:13:52] Bootstrap tree #450, logLikelihood: -88121.791172
[16:18:38] Bootstrap tree #451, logLikelihood: -87244.486755
[16:22:38] Bootstrap tree #452, logLikelihood: -86297.184854
[16:26:02] Bootstrap tree #453, logLikelihood: -84491.241702
[16:29:40] Bootstrap tree #454, logLikelihood: -83560.871339
[16:33:15] Bootstrap tree #455, logLikelihood: -86261.910457
[16:36:37] Bootstrap tree #456, logLikelihood: -83893.924893
[16:42:59] Bootstrap tree #457, logLikelihood: -92452.012293
[16:47:16] Bootstrap tree #458, logLikelihood: -85951.733488
[16:51:00] Bootstrap tree #459, logLikelihood: -86598.394476
[16:55:13] Bootstrap tree #460, logLikelihood: -90669.441262
[16:59:41] Bootstrap tree #461, logLikelihood: -84076.619305
[17:03:53] Bootstrap tree #462, logLikelihood: -91167.075275
[17:07:31] Bootstrap tree #463, logLikelihood: -88869.443826
[17:11:36] Bootstrap tree #464, logLikelihood: -87466.566658
[17:15:01] Bootstrap tree #465, logLikelihood: -83176.979465
[17:18:52] Bootstrap tree #466, logLikelihood: -83296.116661
[17:22:43] Bootstrap tree #467, logLikelihood: -82596.542412
[17:27:23] Bootstrap tree #468, logLikelihood: -86967.457351
[17:31:57] Bootstrap tree #469, logLikelihood: -87230.022152
[17:35:32] Bootstrap tree #470, logLikelihood: -88815.360574
[17:40:04] Bootstrap tree #471, logLikelihood: -91562.880741
[17:44:42] Bootstrap tree #472, logLikelihood: -87158.264687
[17:49:01] Bootstrap tree #473, logLikelihood: -86957.342767
[17:53:26] Bootstrap tree #474, logLikelihood: -96226.219033
[17:57:24] Bootstrap tree #475, logLikelihood: -87460.937047
[18:00:49] Bootstrap tree #476, logLikelihood: -78587.482093
[18:06:21] Bootstrap tree #477, logLikelihood: -87034.194182
[18:10:42] Bootstrap tree #478, logLikelihood: -90180.711347
[18:15:41] Bootstrap tree #479, logLikelihood: -84383.189857
[18:19:46] Bootstrap tree #480, logLikelihood: -83112.485379
[18:23:25] Bootstrap tree #481, logLikelihood: -92949.337002
[18:27:57] Bootstrap tree #482, logLikelihood: -88522.802277
[18:31:56] Bootstrap tree #483, logLikelihood: -88999.998446
[18:35:51] Bootstrap tree #484, logLikelihood: -92555.439735
[18:39:33] Bootstrap tree #485, logLikelihood: -83067.621872
[18:44:27] Bootstrap tree #486, logLikelihood: -84571.521601
[18:49:12] Bootstrap tree #487, logLikelihood: -85485.349615
[18:53:26] Bootstrap tree #488, logLikelihood: -86316.367005
[18:57:26] Bootstrap tree #489, logLikelihood: -90857.207095
[19:01:04] Bootstrap tree #490, logLikelihood: -84624.238293
[19:04:57] Bootstrap tree #491, logLikelihood: -92084.411966
[19:08:35] Bootstrap tree #492, logLikelihood: -87755.036916
[19:13:10] Bootstrap tree #493, logLikelihood: -88131.224552
[19:16:52] Bootstrap tree #494, logLikelihood: -86886.706825
[19:21:36] Bootstrap tree #495, logLikelihood: -92574.357108
[19:26:35] Bootstrap tree #496, logLikelihood: -89641.861241
[19:32:01] Bootstrap tree #497, logLikelihood: -89577.161018
[19:37:45] Bootstrap tree #498, logLikelihood: -89573.907862
[19:41:34] Bootstrap tree #499, logLikelihood: -87358.968956
[19:45:27] Bootstrap tree #500, logLikelihood: -89908.264288
[19:50:07] Bootstrap tree #501, logLikelihood: -94216.167442
[19:54:47] Bootstrap tree #502, logLikelihood: -92946.235932
[20:00:19] Bootstrap tree #503, logLikelihood: -88837.577764
[20:06:02] Bootstrap tree #504, logLikelihood: -91462.593934
[20:09:45] Bootstrap tree #505, logLikelihood: -89159.484544
[20:13:49] Bootstrap tree #506, logLikelihood: -88840.276538
[20:17:45] Bootstrap tree #507, logLikelihood: -92986.808917
[20:22:47] Bootstrap tree #508, logLikelihood: -82647.962421
[20:26:56] Bootstrap tree #509, logLikelihood: -88024.148984
[20:31:49] Bootstrap tree #510, logLikelihood: -82555.770338
[20:35:30] Bootstrap tree #511, logLikelihood: -86095.649749
[20:40:09] Bootstrap tree #512, logLikelihood: -84524.992910
[20:46:09] Bootstrap tree #513, logLikelihood: -85179.835331
[20:49:30] Bootstrap tree #514, logLikelihood: -83893.196877
[20:53:05] Bootstrap tree #515, logLikelihood: -84270.171856
[20:57:43] Bootstrap tree #516, logLikelihood: -91123.111125
[21:02:01] Bootstrap tree #517, logLikelihood: -82886.363196
[21:08:35] Bootstrap tree #518, logLikelihood: -83970.226830
[21:12:03] Bootstrap tree #519, logLikelihood: -84313.758259
[21:17:13] Bootstrap tree #520, logLikelihood: -92331.657076
[21:21:33] Bootstrap tree #521, logLikelihood: -83541.672785
[21:25:49] Bootstrap tree #522, logLikelihood: -91176.497426
[21:29:59] Bootstrap tree #523, logLikelihood: -88940.539120
[21:34:23] Bootstrap tree #524, logLikelihood: -86780.110889
[21:38:01] Bootstrap tree #525, logLikelihood: -88897.365917
[21:44:09] Bootstrap tree #526, logLikelihood: -87815.905602
[21:47:48] Bootstrap tree #527, logLikelihood: -83365.007727
[21:51:38] Bootstrap tree #528, logLikelihood: -83678.299958
[21:54:54] Bootstrap tree #529, logLikelihood: -83845.366582
[21:58:49] Bootstrap tree #530, logLikelihood: -86229.919090
[22:02:48] Bootstrap tree #531, logLikelihood: -88563.386490
[22:08:19] Bootstrap tree #532, logLikelihood: -86335.657355
[22:13:10] Bootstrap tree #533, logLikelihood: -87643.978944
[22:17:24] Bootstrap tree #534, logLikelihood: -87736.505004
[22:21:28] Bootstrap tree #535, logLikelihood: -86417.136462
