================================================================
Program: CD-HIT, V4.7 (+OpenMP), Sep 06 2018, 09:36:42
Command: /data5/data/NGS-ann-project/apps/cd-hit/cd-hit -i
         1627439988.fas.0 -d 0 -o 1627439988.fas.1 -c 0.6 -n 4
         -G 1 -g 1 -b 20 -l 10 -s 0.0 -aL 0.0 -aS 0.0 -T 4 -M
         32000

Started: Tue Jul 27 19:40:22 2021
================================================================
                            Output                              
----------------------------------------------------------------
total seq: 229
longest and shortest : 2608 and 66
Total letters: 88441
Sequences have been sorted

Approximated minimal memory consumption:
Sequence        : 0M
Buffer          : 4 X 11M = 44M
Table           : 2 X 3M = 6M
Miscellaneous   : 0M
Total           : 50M

Table limit with the given memory limit:
Max number of representatives: 4000000
Max number of word counting entries: 3993682336

# comparing sequences from          0  to        229
---------- new table with       68 representatives

      229  finished         68  clusters

Apprixmated maximum memory consumption: 50M
writing new database
writing clustering information
program completed !

Total CPU time 0.16
