
RAxML-NG v. 1.1.0 released on 29.11.2021 by The Exelixis Lab.
Developed by: Alexey M. Kozlov and Alexandros Stamatakis.
Contributors: Diego Darriba, Tomas Flouri, Benoit Morel, Sarah Lutteropp, Ben Bettisworth.
Latest version: https://github.com/amkozlov/raxml-ng
Questions/problems/suggestions? Please visit: https://groups.google.com/forum/#!forum/raxml

System: Apple M1, 8 cores, 16 GB RAM

RAxML-NG was called at 14-Jan-2022 14:02:38 as follows:

raxml-ng --msa input/homologs/Hil1-2-MDR-PF11765-clustalo.faa --model LG+G --seed 123 --threads 3 --prefix output/gene-tree/Hil1-2-MDR-NTD/20220114a

Analysis options:
  run mode: ML tree search
  start tree(s): random (10) + parsimony (10)
  random seed: 123
  tip-inner: OFF
  pattern compression: ON
  per-rate scalers: OFF
  site repeats: ON
  fast spr radius: AUTO
  spr subtree cutoff: 1.000000
  branch lengths: proportional (ML estimate, algorithm: NR-FAST)
  SIMD kernels: SSE3
  parallelization: coarse-grained (auto), PTHREADS (3 threads), thread pinning: OFF

[00:00:00] Reading alignment from file: input/homologs/Hil1-2-MDR-PF11765-clustalo.faa
[00:00:00] Loaded alignment with 5 taxa and 318 sites

Alignment comprises 1 partitions and 132 patterns

Partition 0: noname
Model: LG+G4m
Alignment sites / patterns: 318 / 132
Gaps: 0.50 %
Invariant sites: 63.21 %


NOTE: Binary MSA file created: output/gene-tree/Hil1-2-MDR-NTD/20220114a.raxml.rba

Parallelization scheme autoconfig: 3 worker(s) x 1 thread(s)

Parallel reduction/worker buffer size: 1 KB  / 0 KB

[00:00:00] Generating 10 random starting tree(s) with 5 taxa
[00:00:00] Generating 10 parsimony starting tree(s) with 5 taxa
[00:00:00] Data distribution: max. partitions/sites/weight per thread: 1 / 132 / 10560
[00:00:00] Data distribution: max. searches per worker: 7

Starting ML tree search with 20 distinct starting trees

[00:00:00 -1935.062713] Initial branch length optimization
[00:00:00 -1902.345975] Model parameter optimization (eps = 10.000000)
[00:00:00 -1897.758133] AUTODETECT spr round 1 (radius: 5)
[00:00:00 -1875.254624] SPR radius for FAST iterations: 5 (autodetect)
[00:00:00 -1875.254624] Model parameter optimization (eps = 3.000000)
[00:00:00 -1875.014777] FAST spr round 1 (radius: 5)
[00:00:00 -1875.014737] Model parameter optimization (eps = 1.000000)
[00:00:00 -1875.014735] SLOW spr round 1 (radius: 5)
[00:00:00] [worker #1] ML tree search #2, logLikelihood: -1875.014731
[00:00:00 -1875.014735] Model parameter optimization (eps = 0.100000)

[00:00:00] [worker #0] ML tree search #1, logLikelihood: -1875.014732

[00:00:00] [worker #2] ML tree search #3, logLikelihood: -1875.014732
[00:00:00 -1892.515079] Initial branch length optimization
[00:00:00 -1877.470077] Model parameter optimization (eps = 10.000000)
[00:00:00 -1875.015167] AUTODETECT spr round 1 (radius: 5)
[00:00:00 -1875.014746] SPR radius for FAST iterations: 5 (autodetect)
[00:00:00 -1875.014746] Model parameter optimization (eps = 3.000000)
[00:00:00 -1875.014732] FAST spr round 1 (radius: 5)
[00:00:00 -1875.014732] Model parameter optimization (eps = 1.000000)
[00:00:00 -1875.014732] SLOW spr round 1 (radius: 5)
[00:00:00 -1875.014732] Model parameter optimization (eps = 0.100000)
[00:00:00] [worker #1] ML tree search #5, logLikelihood: -1875.014732

[00:00:00] [worker #0] ML tree search #4, logLikelihood: -1875.014732

[00:00:00] [worker #2] ML tree search #6, logLikelihood: -1875.014731
[00:00:00 -1935.062713] Initial branch length optimization
[00:00:00 -1902.345975] Model parameter optimization (eps = 10.000000)
[00:00:00 -1897.758133] AUTODETECT spr round 1 (radius: 5)
[00:00:00 -1875.254624] SPR radius for FAST iterations: 5 (autodetect)
[00:00:00 -1875.254624] Model parameter optimization (eps = 3.000000)
[00:00:00 -1875.014777] FAST spr round 1 (radius: 5)
[00:00:00 -1875.014737] Model parameter optimization (eps = 1.000000)
[00:00:00 -1875.014735] SLOW spr round 1 (radius: 5)
[00:00:00] [worker #1] ML tree search #8, logLikelihood: -1875.014731
[00:00:00 -1875.014735] Model parameter optimization (eps = 0.100000)

[00:00:00] [worker #0] ML tree search #7, logLikelihood: -1875.014732

[00:00:00 -1942.230928] Initial branch length optimization
[00:00:00 -1906.353906] Model parameter optimization (eps = 10.000000)
[00:00:00 -1900.948006] AUTODETECT spr round 1 (radius: 5)
[00:00:00 -1875.409898] SPR radius for FAST iterations: 5 (autodetect)
[00:00:00 -1875.409898] Model parameter optimization (eps = 3.000000)
[00:00:00] [worker #2] ML tree search #9, logLikelihood: -1875.014731
[00:00:00 -1875.014827] FAST spr round 1 (radius: 5)
[00:00:00 -1875.014736] Model parameter optimization (eps = 1.000000)
[00:00:00 -1875.014735] SLOW spr round 1 (radius: 5)
[00:00:00] [worker #1] ML tree search #11, logLikelihood: -1875.014731
[00:00:00 -1875.014735] Model parameter optimization (eps = 0.100000)

[00:00:00] [worker #0] ML tree search #10, logLikelihood: -1875.014732

[00:00:00 -1892.515079] Initial branch length optimization
[00:00:00 -1877.470165] Model parameter optimization (eps = 10.000000)
[00:00:00 -1875.015320] AUTODETECT spr round 1 (radius: 5)
[00:00:00 -1875.014756] SPR radius for FAST iterations: 5 (autodetect)
[00:00:00 -1875.014756] Model parameter optimization (eps = 3.000000)
[00:00:00 -1875.014732] FAST spr round 1 (radius: 5)
[00:00:00 -1875.014731] Model parameter optimization (eps = 1.000000)
[00:00:00] [worker #2] ML tree search #12, logLikelihood: -1875.014731
[00:00:00 -1875.014731] SLOW spr round 1 (radius: 5)
[00:00:01] [worker #1] ML tree search #14, logLikelihood: -1875.014731
[00:00:01 -1875.014731] Model parameter optimization (eps = 0.100000)

[00:00:01] [worker #0] ML tree search #13, logLikelihood: -1875.014731

[00:00:01 -1891.335442] Initial branch length optimization
[00:00:01 -1877.638278] Model parameter optimization (eps = 10.000000)
[00:00:01 -1875.321153] AUTODETECT spr round 1 (radius: 5)
[00:00:01 -1875.320986] SPR radius for FAST iterations: 5 (autodetect)
[00:00:01 -1875.320986] Model parameter optimization (eps = 3.000000)
[00:00:01 -1875.320986] FAST spr round 1 (radius: 5)
[00:00:01 -1875.016175] FAST spr round 2 (radius: 5)
[00:00:01] [worker #2] ML tree search #15, logLikelihood: -1875.014731
[00:00:01 -1875.016175] Model parameter optimization (eps = 1.000000)
[00:00:01 -1875.014731] SLOW spr round 1 (radius: 5)
[00:00:01] [worker #1] ML tree search #17, logLikelihood: -1875.014731
[00:00:01 -1875.014731] Model parameter optimization (eps = 0.100000)

[00:00:01] [worker #0] ML tree search #16, logLikelihood: -1875.014731

[00:00:01 -1891.335442] Initial branch length optimization
[00:00:01 -1877.639882] Model parameter optimization (eps = 10.000000)
[00:00:01 -1875.321464] AUTODETECT spr round 1 (radius: 5)
[00:00:01 -1875.321005] SPR radius for FAST iterations: 5 (autodetect)
[00:00:01 -1875.321005] Model parameter optimization (eps = 3.000000)
[00:00:01 -1875.320986] FAST spr round 1 (radius: 5)
[00:00:01 -1875.016000] FAST spr round 2 (radius: 5)
[00:00:01] [worker #2] ML tree search #18, logLikelihood: -1875.014731
[00:00:01 -1875.016000] Model parameter optimization (eps = 1.000000)
[00:00:01 -1875.014731] SLOW spr round 1 (radius: 5)
[00:00:01] [worker #1] ML tree search #20, logLikelihood: -1875.014731
[00:00:01 -1875.014731] Model parameter optimization (eps = 0.100000)

[00:00:01] [worker #0] ML tree search #19, logLikelihood: -1875.014731


Optimized model parameters:

   Partition 0: noname
   Rate heterogeneity: GAMMA (4 cats, mean),  alpha: 0.558575 (ML),  weights&rates: (0.250000,0.044693) (0.250000,0.288446) (0.250000,0.858618) (0.250000,2.808243) 
   Base frequencies (model): 0.079066 0.055941 0.041977 0.053052 0.012937 0.040767 0.071586 0.057337 0.022355 0.062157 0.099081 0.064600 0.022951 0.042302 0.044040 0.061197 0.053287 0.012066 0.034155 0.069147 
   Substitution rates (model): 0.425093 0.276818 0.395144 2.489084 0.969894 1.038545 2.066040 0.358858 0.149830 0.395337 0.536518 1.124035 0.253701 1.177651 4.727182 2.139501 0.180717 0.218959 2.547870 0.751878 0.123954 0.534551 2.807908 0.363970 0.390192 2.426601 0.126991 0.301848 6.326067 0.484133 0.052722 0.332533 0.858151 0.578987 0.593607 0.314440 0.170887 5.076149 0.528768 1.695752 0.541712 1.437645 4.509238 0.191503 0.068427 2.145078 0.371004 0.089525 0.161787 4.008358 2.000679 0.045376 0.612025 0.083688 0.062556 0.523386 5.243870 0.844926 0.927114 0.010690 0.015076 0.282959 0.025548 0.017416 0.394456 1.240275 0.425860 0.029890 0.135107 0.037967 0.084808 0.003499 0.569265 0.640543 0.320627 0.594007 0.013266 0.893680 1.105251 0.075382 2.784478 1.143480 0.670128 1.165532 1.959291 4.128591 0.267959 4.813505 0.072854 0.582457 3.234294 1.672569 0.035855 0.624294 1.223828 1.080136 0.236199 0.257336 0.210332 0.348847 0.423881 0.044265 0.069673 1.807177 0.173735 0.018811 0.419409 0.611973 0.604545 0.077852 0.120037 0.245034 0.311484 0.008705 0.044261 0.296636 0.139538 0.089586 0.196961 1.739990 0.129836 0.268491 0.054679 0.076701 0.108882 0.366317 0.697264 0.442472 0.682139 0.508851 0.990012 0.584262 0.597054 5.306834 0.119013 4.145067 0.159069 4.273607 1.112727 0.078281 0.064105 1.033739 0.111660 0.232523 10.649107 0.137500 6.312358 2.592692 0.249060 0.182287 0.302936 0.619632 0.299648 1.702745 0.656604 0.023918 0.390322 0.748683 1.136863 0.049906 0.131932 0.185202 1.798853 0.099849 0.346960 2.020366 0.696175 0.481306 1.898718 0.094464 0.361819 0.165001 2.457121 7.803902 0.654683 1.338132 0.571468 0.095131 0.089613 0.296501 6.472279 0.248862 0.400547 0.098369 0.140825 0.245841 2.188158 3.151815 0.189510 0.249313 


Final LogLikelihood: -1875.014731

AIC score: 3766.029462 / AICc score: 3766.495481 / BIC score: 3796.125873
Free parameters (model + branch lengths): 8

Best ML tree saved to: /Users/bhe2/Documents/work/current/C037-Cand-auris-adhesin/02-case-studies/09-natural-selection/output/gene-tree/Hil1-2-MDR-NTD/20220114a.raxml.bestTree
All ML trees saved to: /Users/bhe2/Documents/work/current/C037-Cand-auris-adhesin/02-case-studies/09-natural-selection/output/gene-tree/Hil1-2-MDR-NTD/20220114a.raxml.mlTrees
Optimized model saved to: /Users/bhe2/Documents/work/current/C037-Cand-auris-adhesin/02-case-studies/09-natural-selection/output/gene-tree/Hil1-2-MDR-NTD/20220114a.raxml.bestModel

Execution log saved to: /Users/bhe2/Documents/work/current/C037-Cand-auris-adhesin/02-case-studies/09-natural-selection/output/gene-tree/Hil1-2-MDR-NTD/20220114a.raxml.log

Analysis started: 14-Jan-2022 14:02:38 / finished: 14-Jan-2022 14:02:40

Elapsed time: 1.425 seconds

