
RAxML can't, parse the alignment file as phylip file 
it will now try to parse it as FASTA file



IMPORTANT WARNING: Sequences XP_028888611.1 and PIS49865.1 are exactly identical


IMPORTANT WARNING: Sequences XP_028887965.1 and PIS52483.1 are exactly identical


IMPORTANT WARNING: Sequences XP_028889034.1 and PIS50297.1 are exactly identical


IMPORTANT WARNING: Sequences XP_028892087.1 and PIS56617.1 are exactly identical

IMPORTANT WARNING
Found 4 sequences that are exactly identical to other sequences in the alignment.
Normally they should be excluded from the analysis.

Just in case you might need it, an alignment file with 
sequence duplicates removed is printed to file OG5_132045_N500.faa.reduced

This is the RAxML Master Pthread

This is RAxML Worker Pthread Number: 1

This is RAxML Worker Pthread Number: 2

This is RAxML Worker Pthread Number: 4

This is RAxML Worker Pthread Number: 3

This is RAxML Worker Pthread Number: 6

This is RAxML Worker Pthread Number: 5

This is RAxML Worker Pthread Number: 7


This is RAxML version 8.2.12 released by Alexandros Stamatakis on May 2018.

With greatly appreciated code contributions by:
Andre Aberer      (HITS)
Simon Berger      (HITS)
Alexey Kozlov     (HITS)
Kassian Kobert    (HITS)
David Dao         (KIT and HITS)
Sarah Lutteropp   (KIT and HITS)
Nick Pattengale   (Sandia)
Wayne Pfeiffer    (SDSC)
Akifumi S. Tanabe (NRIFS)
Charlie Taylor    (UF)


Alignment has 500 distinct alignment patterns

Proportion of gaps and completely undetermined characters in this alignment: 0.00%

RAxML rapid bootstrapping algorithm

Using 1 distinct models/data partitions with joint branch length optimization



Executing 1000 rapid bootstrap inferences

All free model parameters will be estimated by RAxML
GAMMA model of rate heterogeneity, ML estimate of alpha-parameter

GAMMA Model parameters will be estimated up to an accuracy of 0.1000000000 Log Likelihood units

Partition: 0
Alignment Patterns: 500
Name: No Name Provided
DataType: AA
Substitution Matrix: AUTO
Using fixed base frequencies




RAxML was called as follows:

/Users/bhe2/bin/raxmlHPC-PTHREADS-AVX -x 12345 -p 12345 -# autoMRE -m PROTGAMMAAUTO -s OG5_132045_N500.faa -n TH8 -T 8 


Automatic protein model assignment algorithm using ML criterion:

	Partition: 0 best-scoring AA model: VT likelihood -17586.115350 with empirical base frequencies


Automatic protein model assignment algorithm using ML criterion:

	Partition: 0 best-scoring AA model: VT likelihood -17585.677039 with empirical base frequencies



Time for BS model parameter optimization 7.497202
Bootstrap[0]: Time 10.623855 seconds, bootstrap likelihood -17457.134110, best rearrangement setting 13
Bootstrap[1]: Time 2.529449 seconds, bootstrap likelihood -17611.291195, best rearrangement setting 13
Bootstrap[2]: Time 2.584436 seconds, bootstrap likelihood -17367.654545, best rearrangement setting 12
Bootstrap[3]: Time 2.724986 seconds, bootstrap likelihood -17839.524612, best rearrangement setting 15
Bootstrap[4]: Time 2.456897 seconds, bootstrap likelihood -17615.027356, best rearrangement setting 10
Bootstrap[5]: Time 3.500996 seconds, bootstrap likelihood -17630.607711, best rearrangement setting 10
Bootstrap[6]: Time 2.438741 seconds, bootstrap likelihood -17451.478430, best rearrangement setting 6
Bootstrap[7]: Time 2.500703 seconds, bootstrap likelihood -17471.729325, best rearrangement setting 14
Bootstrap[8]: Time 2.286605 seconds, bootstrap likelihood -17593.068869, best rearrangement setting 5
Bootstrap[9]: Time 2.407428 seconds, bootstrap likelihood -17635.561555, best rearrangement setting 7
Bootstrap[10]: Time 2.603457 seconds, bootstrap likelihood -17526.961506, best rearrangement setting 7
Bootstrap[11]: Time 2.277868 seconds, bootstrap likelihood -17465.838694, best rearrangement setting 5
Bootstrap[12]: Time 2.803301 seconds, bootstrap likelihood -17753.555601, best rearrangement setting 8
Bootstrap[13]: Time 2.489651 seconds, bootstrap likelihood -17613.905253, best rearrangement setting 7
Bootstrap[14]: Time 2.874965 seconds, bootstrap likelihood -17955.807847, best rearrangement setting 12
Bootstrap[15]: Time 2.377446 seconds, bootstrap likelihood -17458.839943, best rearrangement setting 15
Bootstrap[16]: Time 2.964713 seconds, bootstrap likelihood -17932.883038, best rearrangement setting 12
Bootstrap[17]: Time 2.533233 seconds, bootstrap likelihood -17438.039696, best rearrangement setting 12
Bootstrap[18]: Time 1.789818 seconds, bootstrap likelihood -17611.659796, best rearrangement setting 5
Bootstrap[19]: Time 2.548559 seconds, bootstrap likelihood -17586.521824, best rearrangement setting 8
Bootstrap[20]: Time 4.248281 seconds, bootstrap likelihood -17553.621206, best rearrangement setting 10
Bootstrap[21]: Time 2.372619 seconds, bootstrap likelihood -17678.880996, best rearrangement setting 6
Bootstrap[22]: Time 2.405160 seconds, bootstrap likelihood -17392.092632, best rearrangement setting 5
Bootstrap[23]: Time 2.597698 seconds, bootstrap likelihood -17498.099612, best rearrangement setting 7
Bootstrap[24]: Time 2.684652 seconds, bootstrap likelihood -17728.624254, best rearrangement setting 8
Bootstrap[25]: Time 2.434852 seconds, bootstrap likelihood -17739.290524, best rearrangement setting 6
Bootstrap[26]: Time 2.640136 seconds, bootstrap likelihood -17414.486835, best rearrangement setting 12
Bootstrap[27]: Time 2.872279 seconds, bootstrap likelihood -17615.345888, best rearrangement setting 10
Bootstrap[28]: Time 2.636074 seconds, bootstrap likelihood -17553.402177, best rearrangement setting 11
Bootstrap[29]: Time 2.794206 seconds, bootstrap likelihood -17606.826521, best rearrangement setting 12
Bootstrap[30]: Time 2.856446 seconds, bootstrap likelihood -17424.900465, best rearrangement setting 15
Bootstrap[31]: Time 2.847166 seconds, bootstrap likelihood -17574.657507, best rearrangement setting 15
Bootstrap[32]: Time 2.360260 seconds, bootstrap likelihood -17696.970744, best rearrangement setting 6
Bootstrap[33]: Time 2.566601 seconds, bootstrap likelihood -17664.892487, best rearrangement setting 15
Bootstrap[34]: Time 2.621015 seconds, bootstrap likelihood -17682.566624, best rearrangement setting 11
Bootstrap[35]: Time 2.591495 seconds, bootstrap likelihood -17431.968096, best rearrangement setting 8
Bootstrap[36]: Time 2.710864 seconds, bootstrap likelihood -17625.292383, best rearrangement setting 9
Bootstrap[37]: Time 2.658134 seconds, bootstrap likelihood -17630.888306, best rearrangement setting 11
Bootstrap[38]: Time 2.192723 seconds, bootstrap likelihood -17505.969670, best rearrangement setting 8
Bootstrap[39]: Time 2.438626 seconds, bootstrap likelihood -17440.399487, best rearrangement setting 13
Bootstrap[40]: Time 2.520478 seconds, bootstrap likelihood -17627.787423, best rearrangement setting 13
Bootstrap[41]: Time 2.686577 seconds, bootstrap likelihood -17785.374257, best rearrangement setting 10
Bootstrap[42]: Time 2.101259 seconds, bootstrap likelihood -17449.632559, best rearrangement setting 5
Bootstrap[43]: Time 2.590363 seconds, bootstrap likelihood -17330.150601, best rearrangement setting 14
Bootstrap[44]: Time 2.465484 seconds, bootstrap likelihood -17607.150196, best rearrangement setting 10
Bootstrap[45]: Time 2.702070 seconds, bootstrap likelihood -17482.205613, best rearrangement setting 15
Bootstrap[46]: Time 2.551137 seconds, bootstrap likelihood -17393.539809, best rearrangement setting 14
Bootstrap[47]: Time 2.334314 seconds, bootstrap likelihood -17533.280497, best rearrangement setting 8
Bootstrap[48]: Time 2.283097 seconds, bootstrap likelihood -17731.871801, best rearrangement setting 6
Bootstrap[49]: Time 2.404440 seconds, bootstrap likelihood -17707.164279, best rearrangement setting 7
Bootstrap[50]: Time 2.058844 seconds, bootstrap likelihood -17644.524898, best rearrangement setting 7
Bootstrap[51]: Time 2.534529 seconds, bootstrap likelihood -17473.887565, best rearrangement setting 11
Bootstrap[52]: Time 2.501735 seconds, bootstrap likelihood -17594.791127, best rearrangement setting 12
Bootstrap[53]: Time 2.734690 seconds, bootstrap likelihood -17802.290786, best rearrangement setting 8
Bootstrap[54]: Time 2.746941 seconds, bootstrap likelihood -17749.155003, best rearrangement setting 9
Bootstrap[55]: Time 2.634218 seconds, bootstrap likelihood -17471.271538, best rearrangement setting 11
Bootstrap[56]: Time 2.024702 seconds, bootstrap likelihood -17446.682846, best rearrangement setting 5
Bootstrap[57]: Time 2.358773 seconds, bootstrap likelihood -17589.843164, best rearrangement setting 7
Bootstrap[58]: Time 2.473187 seconds, bootstrap likelihood -17796.613236, best rearrangement setting 10
Bootstrap[59]: Time 2.641363 seconds, bootstrap likelihood -17577.541382, best rearrangement setting 9
Bootstrap[60]: Time 2.409526 seconds, bootstrap likelihood -17513.187733, best rearrangement setting 7
Bootstrap[61]: Time 2.291026 seconds, bootstrap likelihood -17673.358038, best rearrangement setting 5
Bootstrap[62]: Time 3.207603 seconds, bootstrap likelihood -17403.465428, best rearrangement setting 11
Bootstrap[63]: Time 2.491562 seconds, bootstrap likelihood -17473.775819, best rearrangement setting 12
Bootstrap[64]: Time 2.128173 seconds, bootstrap likelihood -17613.079173, best rearrangement setting 7
Bootstrap[65]: Time 1.852085 seconds, bootstrap likelihood -17338.553011, best rearrangement setting 5
Bootstrap[66]: Time 1.895731 seconds, bootstrap likelihood -17479.195557, best rearrangement setting 5
Bootstrap[67]: Time 2.616490 seconds, bootstrap likelihood -17522.370131, best rearrangement setting 15
Bootstrap[68]: Time 2.517496 seconds, bootstrap likelihood -17348.305802, best rearrangement setting 11
Bootstrap[69]: Time 2.163200 seconds, bootstrap likelihood -17630.993614, best rearrangement setting 5
Bootstrap[70]: Time 2.355418 seconds, bootstrap likelihood -17527.536714, best rearrangement setting 8
Bootstrap[71]: Time 2.568157 seconds, bootstrap likelihood -17895.288011, best rearrangement setting 10
Bootstrap[72]: Time 3.936620 seconds, bootstrap likelihood -17397.632262, best rearrangement setting 11
Bootstrap[73]: Time 2.387357 seconds, bootstrap likelihood -17508.613999, best rearrangement setting 9
Bootstrap[74]: Time 2.191061 seconds, bootstrap likelihood -17550.832751, best rearrangement setting 5
Bootstrap[75]: Time 2.293193 seconds, bootstrap likelihood -17771.158198, best rearrangement setting 8
Bootstrap[76]: Time 2.355323 seconds, bootstrap likelihood -17679.318096, best rearrangement setting 9
Bootstrap[77]: Time 2.552450 seconds, bootstrap likelihood -17434.186055, best rearrangement setting 11
Bootstrap[78]: Time 2.352189 seconds, bootstrap likelihood -17465.629946, best rearrangement setting 15
Bootstrap[79]: Time 2.378378 seconds, bootstrap likelihood -17373.691381, best rearrangement setting 9
Bootstrap[80]: Time 2.492687 seconds, bootstrap likelihood -17775.889246, best rearrangement setting 15
Bootstrap[81]: Time 2.289058 seconds, bootstrap likelihood -17044.779039, best rearrangement setting 7
Bootstrap[82]: Time 2.078032 seconds, bootstrap likelihood -17344.755909, best rearrangement setting 6
Bootstrap[83]: Time 2.506224 seconds, bootstrap likelihood -17775.167338, best rearrangement setting 10
Bootstrap[84]: Time 2.582518 seconds, bootstrap likelihood -17331.050207, best rearrangement setting 11
Bootstrap[85]: Time 2.465580 seconds, bootstrap likelihood -17833.061787, best rearrangement setting 8
Bootstrap[86]: Time 2.108079 seconds, bootstrap likelihood -17402.922681, best rearrangement setting 7
Bootstrap[87]: Time 2.146043 seconds, bootstrap likelihood -17432.412924, best rearrangement setting 7
Bootstrap[88]: Time 2.672147 seconds, bootstrap likelihood -18051.946242, best rearrangement setting 12
Bootstrap[89]: Time 2.481512 seconds, bootstrap likelihood -17542.054513, best rearrangement setting 10
Bootstrap[90]: Time 2.129566 seconds, bootstrap likelihood -17464.690035, best rearrangement setting 8
Bootstrap[91]: Time 2.491126 seconds, bootstrap likelihood -17730.022404, best rearrangement setting 12
Bootstrap[92]: Time 2.569863 seconds, bootstrap likelihood -17309.684903, best rearrangement setting 13
Bootstrap[93]: Time 2.448262 seconds, bootstrap likelihood -17440.831472, best rearrangement setting 15
Bootstrap[94]: Time 2.300161 seconds, bootstrap likelihood -17635.369704, best rearrangement setting 5
Bootstrap[95]: Time 1.967736 seconds, bootstrap likelihood -17445.779019, best rearrangement setting 5
Bootstrap[96]: Time 2.220618 seconds, bootstrap likelihood -17459.829271, best rearrangement setting 13
Bootstrap[97]: Time 2.368197 seconds, bootstrap likelihood -17881.799332, best rearrangement setting 11
Bootstrap[98]: Time 1.914903 seconds, bootstrap likelihood -17589.787032, best rearrangement setting 6
Bootstrap[99]: Time 3.032820 seconds, bootstrap likelihood -17733.765128, best rearrangement setting 14
Bootstrap[100]: Time 2.839495 seconds, bootstrap likelihood -17542.043675, best rearrangement setting 12
Bootstrap[101]: Time 2.527881 seconds, bootstrap likelihood -17651.085066, best rearrangement setting 10
Bootstrap[102]: Time 2.628411 seconds, bootstrap likelihood -17460.116205, best rearrangement setting 8
Bootstrap[103]: Time 2.488952 seconds, bootstrap likelihood -17676.326366, best rearrangement setting 8
Bootstrap[104]: Time 2.587554 seconds, bootstrap likelihood -17584.608462, best rearrangement setting 15
Bootstrap[105]: Time 2.416932 seconds, bootstrap likelihood -17525.060423, best rearrangement setting 7
Bootstrap[106]: Time 2.361189 seconds, bootstrap likelihood -17166.729873, best rearrangement setting 6
Bootstrap[107]: Time 3.651311 seconds, bootstrap likelihood -17856.284796, best rearrangement setting 13
Bootstrap[108]: Time 2.655743 seconds, bootstrap likelihood -17293.862195, best rearrangement setting 14
Bootstrap[109]: Time 2.459227 seconds, bootstrap likelihood -17560.704505, best rearrangement setting 12
Bootstrap[110]: Time 2.508207 seconds, bootstrap likelihood -17511.873683, best rearrangement setting 7
Bootstrap[111]: Time 2.607328 seconds, bootstrap likelihood -17607.183050, best rearrangement setting 15
Bootstrap[112]: Time 2.549255 seconds, bootstrap likelihood -17433.568705, best rearrangement setting 14
Bootstrap[113]: Time 2.320625 seconds, bootstrap likelihood -17548.735542, best rearrangement setting 5
Bootstrap[114]: Time 2.345499 seconds, bootstrap likelihood -17773.650528, best rearrangement setting 6
Bootstrap[115]: Time 2.387024 seconds, bootstrap likelihood -17695.089647, best rearrangement setting 7
Bootstrap[116]: Time 2.545608 seconds, bootstrap likelihood -17607.167414, best rearrangement setting 11
Bootstrap[117]: Time 2.401791 seconds, bootstrap likelihood -17612.768162, best rearrangement setting 8
Bootstrap[118]: Time 2.690412 seconds, bootstrap likelihood -17472.527920, best rearrangement setting 9
Bootstrap[119]: Time 2.559551 seconds, bootstrap likelihood -17691.372227, best rearrangement setting 14
Bootstrap[120]: Time 2.674930 seconds, bootstrap likelihood -17437.026276, best rearrangement setting 12
Bootstrap[121]: Time 2.597941 seconds, bootstrap likelihood -17501.443561, best rearrangement setting 8
Bootstrap[122]: Time 2.304635 seconds, bootstrap likelihood -17661.132056, best rearrangement setting 9
Bootstrap[123]: Time 2.336339 seconds, bootstrap likelihood -17549.600231, best rearrangement setting 6
Bootstrap[124]: Time 2.491024 seconds, bootstrap likelihood -17666.759958, best rearrangement setting 11
Bootstrap[125]: Time 2.508041 seconds, bootstrap likelihood -17421.654662, best rearrangement setting 11
Bootstrap[126]: Time 2.423335 seconds, bootstrap likelihood -17313.844179, best rearrangement setting 12
Bootstrap[127]: Time 2.475122 seconds, bootstrap likelihood -17472.556997, best rearrangement setting 9
Bootstrap[128]: Time 2.834370 seconds, bootstrap likelihood -17528.051477, best rearrangement setting 11
Bootstrap[129]: Time 2.270172 seconds, bootstrap likelihood -17588.052083, best rearrangement setting 5
Bootstrap[130]: Time 2.623907 seconds, bootstrap likelihood -17182.166957, best rearrangement setting 10
Bootstrap[131]: Time 3.549988 seconds, bootstrap likelihood -17631.192662, best rearrangement setting 9
Bootstrap[132]: Time 2.458204 seconds, bootstrap likelihood -17675.646552, best rearrangement setting 14
Bootstrap[133]: Time 2.602415 seconds, bootstrap likelihood -17803.557972, best rearrangement setting 13
Bootstrap[134]: Time 2.276859 seconds, bootstrap likelihood -17696.856691, best rearrangement setting 6
Bootstrap[135]: Time 2.355816 seconds, bootstrap likelihood -17355.273690, best rearrangement setting 11
Bootstrap[136]: Time 2.592737 seconds, bootstrap likelihood -17557.756007, best rearrangement setting 13
Bootstrap[137]: Time 2.133993 seconds, bootstrap likelihood -17727.350346, best rearrangement setting 6
Bootstrap[138]: Time 2.727386 seconds, bootstrap likelihood -17805.678981, best rearrangement setting 15
Bootstrap[139]: Time 2.186505 seconds, bootstrap likelihood -17552.465692, best rearrangement setting 5
Bootstrap[140]: Time 3.855452 seconds, bootstrap likelihood -17617.844703, best rearrangement setting 13
Bootstrap[141]: Time 2.102352 seconds, bootstrap likelihood -17420.673945, best rearrangement setting 5
Bootstrap[142]: Time 2.778579 seconds, bootstrap likelihood -17493.092455, best rearrangement setting 15
Bootstrap[143]: Time 2.992650 seconds, bootstrap likelihood -17526.009365, best rearrangement setting 7
Bootstrap[144]: Time 2.751926 seconds, bootstrap likelihood -17918.749958, best rearrangement setting 13
Bootstrap[145]: Time 2.637089 seconds, bootstrap likelihood -17239.227075, best rearrangement setting 7
Bootstrap[146]: Time 2.402708 seconds, bootstrap likelihood -17320.221780, best rearrangement setting 9
Bootstrap[147]: Time 2.549748 seconds, bootstrap likelihood -17229.724859, best rearrangement setting 12
Bootstrap[148]: Time 2.381029 seconds, bootstrap likelihood -17729.460465, best rearrangement setting 8
Bootstrap[149]: Time 2.436989 seconds, bootstrap likelihood -17452.720514, best rearrangement setting 12
Bootstrap[150]: Time 2.448988 seconds, bootstrap likelihood -17435.044250, best rearrangement setting 14
Bootstrap[151]: Time 2.112007 seconds, bootstrap likelihood -17478.599772, best rearrangement setting 5
Bootstrap[152]: Time 2.250720 seconds, bootstrap likelihood -17544.224712, best rearrangement setting 5
Bootstrap[153]: Time 2.580407 seconds, bootstrap likelihood -17429.819187, best rearrangement setting 13
Bootstrap[154]: Time 3.084594 seconds, bootstrap likelihood -17875.851780, best rearrangement setting 14
Bootstrap[155]: Time 2.488832 seconds, bootstrap likelihood -17395.224575, best rearrangement setting 13
Bootstrap[156]: Time 2.316460 seconds, bootstrap likelihood -17586.523457, best rearrangement setting 11
Bootstrap[157]: Time 2.424771 seconds, bootstrap likelihood -17694.856883, best rearrangement setting 8
Bootstrap[158]: Time 2.813499 seconds, bootstrap likelihood -17812.353691, best rearrangement setting 8
Bootstrap[159]: Time 2.278571 seconds, bootstrap likelihood -17565.376670, best rearrangement setting 5
Bootstrap[160]: Time 2.423943 seconds, bootstrap likelihood -17435.708558, best rearrangement setting 15
Bootstrap[161]: Time 2.694192 seconds, bootstrap likelihood -17709.922002, best rearrangement setting 13
Bootstrap[162]: Time 2.326561 seconds, bootstrap likelihood -17348.280272, best rearrangement setting 13
Bootstrap[163]: Time 2.333239 seconds, bootstrap likelihood -17604.669975, best rearrangement setting 12
Bootstrap[164]: Time 1.012202 seconds, bootstrap likelihood -17559.409950, best rearrangement setting 7
Bootstrap[165]: Time 2.655601 seconds, bootstrap likelihood -17444.286687, best rearrangement setting 13
Bootstrap[166]: Time 2.584221 seconds, bootstrap likelihood -17606.822219, best rearrangement setting 10
Bootstrap[167]: Time 2.329316 seconds, bootstrap likelihood -17749.145728, best rearrangement setting 12
Bootstrap[168]: Time 2.678676 seconds, bootstrap likelihood -17590.793910, best rearrangement setting 14
Bootstrap[169]: Time 2.540990 seconds, bootstrap likelihood -17408.140318, best rearrangement setting 10
Bootstrap[170]: Time 4.053251 seconds, bootstrap likelihood -17426.224737, best rearrangement setting 5
Bootstrap[171]: Time 2.841894 seconds, bootstrap likelihood -17790.971559, best rearrangement setting 11
Bootstrap[172]: Time 2.926809 seconds, bootstrap likelihood -17453.680810, best rearrangement setting 12
Bootstrap[173]: Time 2.966299 seconds, bootstrap likelihood -17576.652753, best rearrangement setting 11
Bootstrap[174]: Time 2.701126 seconds, bootstrap likelihood -17596.663039, best rearrangement setting 15
Bootstrap[175]: Time 2.452331 seconds, bootstrap likelihood -17623.923998, best rearrangement setting 14
Bootstrap[176]: Time 2.693556 seconds, bootstrap likelihood -17484.800956, best rearrangement setting 8
Bootstrap[177]: Time 2.664277 seconds, bootstrap likelihood -17682.312174, best rearrangement setting 8
Bootstrap[178]: Time 2.666914 seconds, bootstrap likelihood -17435.390041, best rearrangement setting 14
Bootstrap[179]: Time 2.540828 seconds, bootstrap likelihood -17777.363053, best rearrangement setting 5
Bootstrap[180]: Time 2.655265 seconds, bootstrap likelihood -17191.575740, best rearrangement setting 12
Bootstrap[181]: Time 2.361664 seconds, bootstrap likelihood -17554.693667, best rearrangement setting 14
Bootstrap[182]: Time 2.215139 seconds, bootstrap likelihood -17369.024817, best rearrangement setting 7
Bootstrap[183]: Time 2.551918 seconds, bootstrap likelihood -17393.006090, best rearrangement setting 11
Bootstrap[184]: Time 2.435126 seconds, bootstrap likelihood -17641.809395, best rearrangement setting 15
Bootstrap[185]: Time 2.190700 seconds, bootstrap likelihood -17626.410522, best rearrangement setting 8
Bootstrap[186]: Time 2.641150 seconds, bootstrap likelihood -17512.663128, best rearrangement setting 13
Bootstrap[187]: Time 2.456005 seconds, bootstrap likelihood -17277.786359, best rearrangement setting 8
Bootstrap[188]: Time 3.692307 seconds, bootstrap likelihood -17425.509060, best rearrangement setting 12
Bootstrap[189]: Time 3.149923 seconds, bootstrap likelihood -17407.784279, best rearrangement setting 11
Bootstrap[190]: Time 3.586950 seconds, bootstrap likelihood -17400.624913, best rearrangement setting 15
Bootstrap[191]: Time 3.340305 seconds, bootstrap likelihood -17143.140826, best rearrangement setting 8
Bootstrap[192]: Time 2.774665 seconds, bootstrap likelihood -17569.223717, best rearrangement setting 8
Bootstrap[193]: Time 3.347012 seconds, bootstrap likelihood -17607.292810, best rearrangement setting 10
Bootstrap[194]: Time 3.019094 seconds, bootstrap likelihood -17822.970824, best rearrangement setting 8
Bootstrap[195]: Time 3.546786 seconds, bootstrap likelihood -17507.140510, best rearrangement setting 7
Bootstrap[196]: Time 3.690070 seconds, bootstrap likelihood -17586.399001, best rearrangement setting 11
Bootstrap[197]: Time 2.488435 seconds, bootstrap likelihood -17792.955505, best rearrangement setting 8
Bootstrap[198]: Time 2.450370 seconds, bootstrap likelihood -17633.224345, best rearrangement setting 15
Bootstrap[199]: Time 2.309164 seconds, bootstrap likelihood -17612.107111, best rearrangement setting 8
Bootstrap[200]: Time 2.653780 seconds, bootstrap likelihood -17895.355650, best rearrangement setting 12
Bootstrap[201]: Time 2.185170 seconds, bootstrap likelihood -17232.531211, best rearrangement setting 10
Bootstrap[202]: Time 2.618040 seconds, bootstrap likelihood -17699.624270, best rearrangement setting 12
Bootstrap[203]: Time 2.451385 seconds, bootstrap likelihood -17793.362298, best rearrangement setting 9
Bootstrap[204]: Time 2.572867 seconds, bootstrap likelihood -17598.789435, best rearrangement setting 7
Bootstrap[205]: Time 2.549920 seconds, bootstrap likelihood -17697.359285, best rearrangement setting 8
Bootstrap[206]: Time 3.593117 seconds, bootstrap likelihood -17610.004492, best rearrangement setting 15
Bootstrap[207]: Time 2.237365 seconds, bootstrap likelihood -17568.118125, best rearrangement setting 10
Bootstrap[208]: Time 2.810621 seconds, bootstrap likelihood -17855.237780, best rearrangement setting 15
Bootstrap[209]: Time 2.424214 seconds, bootstrap likelihood -17840.043601, best rearrangement setting 15
Bootstrap[210]: Time 2.504370 seconds, bootstrap likelihood -17626.279459, best rearrangement setting 8
Bootstrap[211]: Time 2.461795 seconds, bootstrap likelihood -17347.478909, best rearrangement setting 8
Bootstrap[212]: Time 1.907762 seconds, bootstrap likelihood -17510.683488, best rearrangement setting 5
Bootstrap[213]: Time 4.235576 seconds, bootstrap likelihood -17501.940543, best rearrangement setting 6
Bootstrap[214]: Time 2.599927 seconds, bootstrap likelihood -17421.299058, best rearrangement setting 13
Bootstrap[215]: Time 1.934529 seconds, bootstrap likelihood -17411.756316, best rearrangement setting 6
Bootstrap[216]: Time 2.649200 seconds, bootstrap likelihood -17459.256360, best rearrangement setting 13
Bootstrap[217]: Time 2.552344 seconds, bootstrap likelihood -17593.954189, best rearrangement setting 8
Bootstrap[218]: Time 2.610208 seconds, bootstrap likelihood -17273.845921, best rearrangement setting 12
Bootstrap[219]: Time 3.269879 seconds, bootstrap likelihood -17722.249526, best rearrangement setting 6
Bootstrap[220]: Time 2.758962 seconds, bootstrap likelihood -17467.830047, best rearrangement setting 8
Bootstrap[221]: Time 2.681704 seconds, bootstrap likelihood -17545.483181, best rearrangement setting 13
Bootstrap[222]: Time 2.247341 seconds, bootstrap likelihood -17469.235774, best rearrangement setting 6
Bootstrap[223]: Time 2.512697 seconds, bootstrap likelihood -17835.463420, best rearrangement setting 10
Bootstrap[224]: Time 2.460887 seconds, bootstrap likelihood -17528.629309, best rearrangement setting 11
Bootstrap[225]: Time 2.581467 seconds, bootstrap likelihood -17265.788095, best rearrangement setting 13
Bootstrap[226]: Time 2.277740 seconds, bootstrap likelihood -17550.352491, best rearrangement setting 7
Bootstrap[227]: Time 2.612512 seconds, bootstrap likelihood -17792.295502, best rearrangement setting 9
Bootstrap[228]: Time 2.442335 seconds, bootstrap likelihood -17868.219794, best rearrangement setting 13
Bootstrap[229]: Time 2.594215 seconds, bootstrap likelihood -17857.272839, best rearrangement setting 9
Bootstrap[230]: Time 2.514154 seconds, bootstrap likelihood -17566.935738, best rearrangement setting 15
Bootstrap[231]: Time 2.529910 seconds, bootstrap likelihood -17562.163306, best rearrangement setting 12
Bootstrap[232]: Time 2.585421 seconds, bootstrap likelihood -17808.257267, best rearrangement setting 15
Bootstrap[233]: Time 2.924130 seconds, bootstrap likelihood -17669.388203, best rearrangement setting 12
Bootstrap[234]: Time 1.943061 seconds, bootstrap likelihood -17581.713248, best rearrangement setting 6
Bootstrap[235]: Time 2.468705 seconds, bootstrap likelihood -17409.570686, best rearrangement setting 15
Bootstrap[236]: Time 4.065464 seconds, bootstrap likelihood -17516.380650, best rearrangement setting 9
Bootstrap[237]: Time 1.854183 seconds, bootstrap likelihood -17510.815591, best rearrangement setting 5
Bootstrap[238]: Time 2.589601 seconds, bootstrap likelihood -17569.637739, best rearrangement setting 11
Bootstrap[239]: Time 2.491321 seconds, bootstrap likelihood -17522.024441, best rearrangement setting 14
Bootstrap[240]: Time 2.407404 seconds, bootstrap likelihood -17431.955300, best rearrangement setting 13
Bootstrap[241]: Time 2.713176 seconds, bootstrap likelihood -17538.544182, best rearrangement setting 13
Bootstrap[242]: Time 2.688197 seconds, bootstrap likelihood -17621.516302, best rearrangement setting 9
Bootstrap[243]: Time 2.648794 seconds, bootstrap likelihood -17432.301497, best rearrangement setting 14
Bootstrap[244]: Time 2.100842 seconds, bootstrap likelihood -17479.068151, best rearrangement setting 5
Bootstrap[245]: Time 2.570106 seconds, bootstrap likelihood -17700.747481, best rearrangement setting 6
Bootstrap[246]: Time 1.896355 seconds, bootstrap likelihood -17251.798248, best rearrangement setting 5
Bootstrap[247]: Time 2.956657 seconds, bootstrap likelihood -17357.746141, best rearrangement setting 13
Bootstrap[248]: Time 2.285572 seconds, bootstrap likelihood -17688.041030, best rearrangement setting 10
Bootstrap[249]: Time 2.508648 seconds, bootstrap likelihood -17701.400994, best rearrangement setting 7
Bootstrap[250]: Time 2.657328 seconds, bootstrap likelihood -17582.720230, best rearrangement setting 7
Bootstrap[251]: Time 2.443834 seconds, bootstrap likelihood -17702.212403, best rearrangement setting 15
Bootstrap[252]: Time 2.664775 seconds, bootstrap likelihood -17477.544156, best rearrangement setting 6
Bootstrap[253]: Time 2.789605 seconds, bootstrap likelihood -17881.668380, best rearrangement setting 9
Bootstrap[254]: Time 2.450443 seconds, bootstrap likelihood -17590.843948, best rearrangement setting 9
Bootstrap[255]: Time 2.601796 seconds, bootstrap likelihood -17613.367583, best rearrangement setting 8
Bootstrap[256]: Time 2.539613 seconds, bootstrap likelihood -17542.299066, best rearrangement setting 15
Bootstrap[257]: Time 2.469807 seconds, bootstrap likelihood -17726.327473, best rearrangement setting 9
Bootstrap[258]: Time 2.585006 seconds, bootstrap likelihood -17574.330384, best rearrangement setting 11
Bootstrap[259]: Time 2.551088 seconds, bootstrap likelihood -17635.606710, best rearrangement setting 12
Bootstrap[260]: Time 2.292543 seconds, bootstrap likelihood -17506.843026, best rearrangement setting 6
Bootstrap[261]: Time 2.194828 seconds, bootstrap likelihood -17840.310891, best rearrangement setting 5
Bootstrap[262]: Time 2.179155 seconds, bootstrap likelihood -17403.180068, best rearrangement setting 10
Bootstrap[263]: Time 2.264621 seconds, bootstrap likelihood -17283.455669, best rearrangement setting 13
Bootstrap[264]: Time 2.494964 seconds, bootstrap likelihood -17574.450421, best rearrangement setting 11
Bootstrap[265]: Time 2.732090 seconds, bootstrap likelihood -17638.263754, best rearrangement setting 10
Bootstrap[266]: Time 2.475599 seconds, bootstrap likelihood -17289.319229, best rearrangement setting 7
Bootstrap[267]: Time 2.635505 seconds, bootstrap likelihood -17358.369192, best rearrangement setting 11
Bootstrap[268]: Time 2.760597 seconds, bootstrap likelihood -17366.810616, best rearrangement setting 12
Bootstrap[269]: Time 2.392731 seconds, bootstrap likelihood -17537.074987, best rearrangement setting 14
Bootstrap[270]: Time 2.372206 seconds, bootstrap likelihood -17556.714287, best rearrangement setting 6
Bootstrap[271]: Time 2.846871 seconds, bootstrap likelihood -17648.468254, best rearrangement setting 11
Bootstrap[272]: Time 2.454336 seconds, bootstrap likelihood -17614.062043, best rearrangement setting 5
Bootstrap[273]: Time 2.649111 seconds, bootstrap likelihood -17574.274383, best rearrangement setting 10
Bootstrap[274]: Time 2.739169 seconds, bootstrap likelihood -17653.285241, best rearrangement setting 9
Bootstrap[275]: Time 2.468160 seconds, bootstrap likelihood -17621.730575, best rearrangement setting 12
Bootstrap[276]: Time 2.527475 seconds, bootstrap likelihood -17362.396210, best rearrangement setting 10
Bootstrap[277]: Time 4.321577 seconds, bootstrap likelihood -17513.497752, best rearrangement setting 8
Bootstrap[278]: Time 2.740593 seconds, bootstrap likelihood -17655.246258, best rearrangement setting 14
Bootstrap[279]: Time 2.012042 seconds, bootstrap likelihood -17767.457087, best rearrangement setting 5
Bootstrap[280]: Time 2.545419 seconds, bootstrap likelihood -17500.477668, best rearrangement setting 7
Bootstrap[281]: Time 2.552705 seconds, bootstrap likelihood -17471.421312, best rearrangement setting 10
Bootstrap[282]: Time 2.703659 seconds, bootstrap likelihood -17469.494670, best rearrangement setting 12
Bootstrap[283]: Time 2.341836 seconds, bootstrap likelihood -17896.358459, best rearrangement setting 7
Bootstrap[284]: Time 1.801942 seconds, bootstrap likelihood -17293.550789, best rearrangement setting 5
Bootstrap[285]: Time 2.028315 seconds, bootstrap likelihood -17654.395703, best rearrangement setting 6
Bootstrap[286]: Time 2.574897 seconds, bootstrap likelihood -17696.089007, best rearrangement setting 15
Bootstrap[287]: Time 2.241231 seconds, bootstrap likelihood -17706.241899, best rearrangement setting 5
Bootstrap[288]: Time 4.995493 seconds, bootstrap likelihood -17518.852607, best rearrangement setting 13
Bootstrap[289]: Time 2.402633 seconds, bootstrap likelihood -17515.440593, best rearrangement setting 6
Bootstrap[290]: Time 2.631723 seconds, bootstrap likelihood -17393.588293, best rearrangement setting 7
Bootstrap[291]: Time 2.526201 seconds, bootstrap likelihood -17661.851684, best rearrangement setting 11
Bootstrap[292]: Time 2.183289 seconds, bootstrap likelihood -17541.220347, best rearrangement setting 6
Bootstrap[293]: Time 2.571743 seconds, bootstrap likelihood -17737.304696, best rearrangement setting 8
Bootstrap[294]: Time 2.563985 seconds, bootstrap likelihood -17737.350912, best rearrangement setting 12
Bootstrap[295]: Time 2.940798 seconds, bootstrap likelihood -17630.021825, best rearrangement setting 15
Bootstrap[296]: Time 2.588089 seconds, bootstrap likelihood -17268.411502, best rearrangement setting 14
Bootstrap[297]: Time 2.580935 seconds, bootstrap likelihood -17539.699301, best rearrangement setting 10
Bootstrap[298]: Time 2.546629 seconds, bootstrap likelihood -17497.702639, best rearrangement setting 13
Bootstrap[299]: Time 2.372710 seconds, bootstrap likelihood -17582.911496, best rearrangement setting 13
Bootstrap[300]: Time 2.727847 seconds, bootstrap likelihood -17708.723439, best rearrangement setting 11
Bootstrap[301]: Time 2.270991 seconds, bootstrap likelihood -17538.864185, best rearrangement setting 15
Bootstrap[302]: Time 2.492874 seconds, bootstrap likelihood -17431.439098, best rearrangement setting 13
Bootstrap[303]: Time 2.652797 seconds, bootstrap likelihood -17435.760930, best rearrangement setting 11
Bootstrap[304]: Time 2.716149 seconds, bootstrap likelihood -17564.325758, best rearrangement setting 9
Bootstrap[305]: Time 2.229608 seconds, bootstrap likelihood -17354.562112, best rearrangement setting 5
Bootstrap[306]: Time 2.572888 seconds, bootstrap likelihood -17689.775232, best rearrangement setting 12
Bootstrap[307]: Time 2.546670 seconds, bootstrap likelihood -17712.849615, best rearrangement setting 9
Bootstrap[308]: Time 2.664529 seconds, bootstrap likelihood -17675.313307, best rearrangement setting 11
Bootstrap[309]: Time 2.031105 seconds, bootstrap likelihood -17523.786916, best rearrangement setting 9
Bootstrap[310]: Time 3.461732 seconds, bootstrap likelihood -17500.273324, best rearrangement setting 7
Bootstrap[311]: Time 2.819872 seconds, bootstrap likelihood -17440.768404, best rearrangement setting 7
Bootstrap[312]: Time 2.947031 seconds, bootstrap likelihood -17731.942453, best rearrangement setting 8
Bootstrap[313]: Time 2.640778 seconds, bootstrap likelihood -17398.401743, best rearrangement setting 13
Bootstrap[314]: Time 2.180089 seconds, bootstrap likelihood -17826.582610, best rearrangement setting 8
Bootstrap[315]: Time 2.010106 seconds, bootstrap likelihood -17576.224061, best rearrangement setting 5
Bootstrap[316]: Time 2.338887 seconds, bootstrap likelihood -17713.364454, best rearrangement setting 10
Bootstrap[317]: Time 3.244132 seconds, bootstrap likelihood -17477.345218, best rearrangement setting 10
Bootstrap[318]: Time 3.790000 seconds, bootstrap likelihood -17614.171607, best rearrangement setting 14
Bootstrap[319]: Time 2.496256 seconds, bootstrap likelihood -17681.720324, best rearrangement setting 10
Bootstrap[320]: Time 2.513601 seconds, bootstrap likelihood -17660.011726, best rearrangement setting 13
Bootstrap[321]: Time 2.594605 seconds, bootstrap likelihood -17361.677601, best rearrangement setting 13
Bootstrap[322]: Time 2.591827 seconds, bootstrap likelihood -17427.528113, best rearrangement setting 13
Bootstrap[323]: Time 2.592848 seconds, bootstrap likelihood -17418.334370, best rearrangement setting 14
Bootstrap[324]: Time 2.905347 seconds, bootstrap likelihood -17246.576510, best rearrangement setting 12
Bootstrap[325]: Time 2.823639 seconds, bootstrap likelihood -17711.149710, best rearrangement setting 9
Bootstrap[326]: Time 2.608301 seconds, bootstrap likelihood -17441.293617, best rearrangement setting 8
Bootstrap[327]: Time 2.387650 seconds, bootstrap likelihood -17507.738258, best rearrangement setting 7
Bootstrap[328]: Time 2.474546 seconds, bootstrap likelihood -17664.799893, best rearrangement setting 9
Bootstrap[329]: Time 2.398104 seconds, bootstrap likelihood -17543.903685, best rearrangement setting 8
Bootstrap[330]: Time 2.478200 seconds, bootstrap likelihood -17704.599203, best rearrangement setting 8
Bootstrap[331]: Time 2.471184 seconds, bootstrap likelihood -17717.736678, best rearrangement setting 13
Bootstrap[332]: Time 2.037655 seconds, bootstrap likelihood -17393.312442, best rearrangement setting 5
Bootstrap[333]: Time 2.680186 seconds, bootstrap likelihood -17646.486086, best rearrangement setting 9
Bootstrap[334]: Time 2.529376 seconds, bootstrap likelihood -17245.297745, best rearrangement setting 11
Bootstrap[335]: Time 2.490085 seconds, bootstrap likelihood -17489.304143, best rearrangement setting 13
Bootstrap[336]: Time 2.705848 seconds, bootstrap likelihood -17596.657708, best rearrangement setting 14
Bootstrap[337]: Time 2.315993 seconds, bootstrap likelihood -17617.916177, best rearrangement setting 6
Bootstrap[338]: Time 2.384454 seconds, bootstrap likelihood -17748.121741, best rearrangement setting 7
Bootstrap[339]: Time 2.101716 seconds, bootstrap likelihood -17659.304217, best rearrangement setting 6
Bootstrap[340]: Time 2.471326 seconds, bootstrap likelihood -17489.324954, best rearrangement setting 15
Bootstrap[341]: Time 2.242302 seconds, bootstrap likelihood -17532.585057, best rearrangement setting 5
Bootstrap[342]: Time 2.499928 seconds, bootstrap likelihood -17439.570366, best rearrangement setting 13
Bootstrap[343]: Time 2.234210 seconds, bootstrap likelihood -17506.195951, best rearrangement setting 5
Bootstrap[344]: Time 2.693339 seconds, bootstrap likelihood -17494.440545, best rearrangement setting 12
Bootstrap[345]: Time 2.689981 seconds, bootstrap likelihood -17574.956628, best rearrangement setting 11
Bootstrap[346]: Time 2.409915 seconds, bootstrap likelihood -17347.518071, best rearrangement setting 6
Bootstrap[347]: Time 2.565049 seconds, bootstrap likelihood -17258.185047, best rearrangement setting 12
Bootstrap[348]: Time 1.881918 seconds, bootstrap likelihood -17517.208493, best rearrangement setting 5
Bootstrap[349]: Time 2.027575 seconds, bootstrap likelihood -17606.824803, best rearrangement setting 7
Bootstrap[350]: Time 2.305709 seconds, bootstrap likelihood -17504.990830, best rearrangement setting 6
Bootstrap[351]: Time 2.446378 seconds, bootstrap likelihood -17659.973713, best rearrangement setting 6
Bootstrap[352]: Time 2.377131 seconds, bootstrap likelihood -17605.242824, best rearrangement setting 7
Bootstrap[353]: Time 2.409279 seconds, bootstrap likelihood -17689.077539, best rearrangement setting 7
Bootstrap[354]: Time 2.599041 seconds, bootstrap likelihood -17673.420891, best rearrangement setting 11
Bootstrap[355]: Time 2.685420 seconds, bootstrap likelihood -17871.856194, best rearrangement setting 14
Bootstrap[356]: Time 2.582197 seconds, bootstrap likelihood -17653.847681, best rearrangement setting 15
Bootstrap[357]: Time 2.694116 seconds, bootstrap likelihood -17597.412199, best rearrangement setting 11
Bootstrap[358]: Time 2.740436 seconds, bootstrap likelihood -17614.994928, best rearrangement setting 14
Bootstrap[359]: Time 3.502373 seconds, bootstrap likelihood -17719.026811, best rearrangement setting 6
Bootstrap[360]: Time 4.459905 seconds, bootstrap likelihood -17136.454692, best rearrangement setting 6
Bootstrap[361]: Time 2.367896 seconds, bootstrap likelihood -17937.074844, best rearrangement setting 10
Bootstrap[362]: Time 2.128834 seconds, bootstrap likelihood -17433.911917, best rearrangement setting 8
Bootstrap[363]: Time 2.590616 seconds, bootstrap likelihood -17409.254888, best rearrangement setting 10
Bootstrap[364]: Time 2.699448 seconds, bootstrap likelihood -17201.349936, best rearrangement setting 9
Bootstrap[365]: Time 2.611632 seconds, bootstrap likelihood -17412.124831, best rearrangement setting 10
Bootstrap[366]: Time 2.128502 seconds, bootstrap likelihood -17535.221071, best rearrangement setting 8
Bootstrap[367]: Time 2.626917 seconds, bootstrap likelihood -17475.270839, best rearrangement setting 5
Bootstrap[368]: Time 2.647601 seconds, bootstrap likelihood -17493.421021, best rearrangement setting 11
Bootstrap[369]: Time 2.557496 seconds, bootstrap likelihood -17525.587118, best rearrangement setting 13
Bootstrap[370]: Time 2.740801 seconds, bootstrap likelihood -17555.523788, best rearrangement setting 13
Bootstrap[371]: Time 2.662027 seconds, bootstrap likelihood -17539.822056, best rearrangement setting 12
Bootstrap[372]: Time 2.753396 seconds, bootstrap likelihood -17901.918156, best rearrangement setting 10
Bootstrap[373]: Time 2.463571 seconds, bootstrap likelihood -17662.082278, best rearrangement setting 15
Bootstrap[374]: Time 2.188597 seconds, bootstrap likelihood -17517.043358, best rearrangement setting 5
Bootstrap[375]: Time 2.608082 seconds, bootstrap likelihood -17369.269252, best rearrangement setting 15
Bootstrap[376]: Time 2.541974 seconds, bootstrap likelihood -17673.500563, best rearrangement setting 7
Bootstrap[377]: Time 2.444584 seconds, bootstrap likelihood -17744.463612, best rearrangement setting 12
Bootstrap[378]: Time 2.544207 seconds, bootstrap likelihood -17198.333977, best rearrangement setting 13
Bootstrap[379]: Time 2.669730 seconds, bootstrap likelihood -17285.699592, best rearrangement setting 9
Bootstrap[380]: Time 2.763759 seconds, bootstrap likelihood -17564.906454, best rearrangement setting 10
Bootstrap[381]: Time 2.534984 seconds, bootstrap likelihood -17398.302234, best rearrangement setting 6
Bootstrap[382]: Time 2.276425 seconds, bootstrap likelihood -17528.253889, best rearrangement setting 8
Bootstrap[383]: Time 2.617702 seconds, bootstrap likelihood -17484.816386, best rearrangement setting 15
Bootstrap[384]: Time 2.748953 seconds, bootstrap likelihood -17432.518171, best rearrangement setting 10
Bootstrap[385]: Time 3.032866 seconds, bootstrap likelihood -17853.090352, best rearrangement setting 10
Bootstrap[386]: Time 2.233263 seconds, bootstrap likelihood -17476.298665, best rearrangement setting 15
Bootstrap[387]: Time 2.480961 seconds, bootstrap likelihood -17754.126762, best rearrangement setting 12
Bootstrap[388]: Time 2.761863 seconds, bootstrap likelihood -17440.166885, best rearrangement setting 10
Bootstrap[389]: Time 2.427696 seconds, bootstrap likelihood -17565.254137, best rearrangement setting 6
Bootstrap[390]: Time 2.360737 seconds, bootstrap likelihood -17371.219977, best rearrangement setting 14
Bootstrap[391]: Time 2.543982 seconds, bootstrap likelihood -17286.191713, best rearrangement setting 13
Bootstrap[392]: Time 2.683748 seconds, bootstrap likelihood -17681.986110, best rearrangement setting 7
Bootstrap[393]: Time 2.629058 seconds, bootstrap likelihood -17673.580416, best rearrangement setting 13
Bootstrap[394]: Time 2.643240 seconds, bootstrap likelihood -17432.467831, best rearrangement setting 15
Bootstrap[395]: Time 2.170642 seconds, bootstrap likelihood -17567.801079, best rearrangement setting 8
Bootstrap[396]: Time 2.377805 seconds, bootstrap likelihood -17720.447426, best rearrangement setting 7
Bootstrap[397]: Time 2.730179 seconds, bootstrap likelihood -17806.046543, best rearrangement setting 11
Bootstrap[398]: Time 2.596776 seconds, bootstrap likelihood -17539.441226, best rearrangement setting 11
Bootstrap[399]: Time 2.585521 seconds, bootstrap likelihood -17554.633303, best rearrangement setting 8
Bootstrap[400]: Time 2.179595 seconds, bootstrap likelihood -17692.568959, best rearrangement setting 5
Bootstrap[401]: Time 2.285954 seconds, bootstrap likelihood -16988.238305, best rearrangement setting 15
Bootstrap[402]: Time 2.097366 seconds, bootstrap likelihood -17666.503593, best rearrangement setting 5
Bootstrap[403]: Time 2.144871 seconds, bootstrap likelihood -17758.490740, best rearrangement setting 5
Bootstrap[404]: Time 2.425699 seconds, bootstrap likelihood -17591.042756, best rearrangement setting 6
Bootstrap[405]: Time 4.728491 seconds, bootstrap likelihood -17475.469099, best rearrangement setting 15
Bootstrap[406]: Time 2.729463 seconds, bootstrap likelihood -17692.174602, best rearrangement setting 9
Bootstrap[407]: Time 2.819284 seconds, bootstrap likelihood -17811.873491, best rearrangement setting 12
Bootstrap[408]: Time 2.820044 seconds, bootstrap likelihood -17491.879865, best rearrangement setting 9
Bootstrap[409]: Time 2.598043 seconds, bootstrap likelihood -17396.645465, best rearrangement setting 13
Bootstrap[410]: Time 2.769256 seconds, bootstrap likelihood -17423.829418, best rearrangement setting 15
Bootstrap[411]: Time 2.387225 seconds, bootstrap likelihood -17383.951855, best rearrangement setting 14
Bootstrap[412]: Time 2.435994 seconds, bootstrap likelihood -17311.408103, best rearrangement setting 7
Bootstrap[413]: Time 2.112282 seconds, bootstrap likelihood -17710.191909, best rearrangement setting 5
Bootstrap[414]: Time 2.472882 seconds, bootstrap likelihood -17435.557300, best rearrangement setting 6
Bootstrap[415]: Time 2.522734 seconds, bootstrap likelihood -17500.622318, best rearrangement setting 9
Bootstrap[416]: Time 2.413684 seconds, bootstrap likelihood -17606.880008, best rearrangement setting 6
Bootstrap[417]: Time 2.404131 seconds, bootstrap likelihood -17421.347854, best rearrangement setting 10
Bootstrap[418]: Time 2.540115 seconds, bootstrap likelihood -17561.246908, best rearrangement setting 15
Bootstrap[419]: Time 2.738719 seconds, bootstrap likelihood -17609.218422, best rearrangement setting 14
Bootstrap[420]: Time 2.306255 seconds, bootstrap likelihood -17759.299174, best rearrangement setting 5
Bootstrap[421]: Time 2.486370 seconds, bootstrap likelihood -17287.001960, best rearrangement setting 8
Bootstrap[422]: Time 2.572602 seconds, bootstrap likelihood -17685.321991, best rearrangement setting 9
Bootstrap[423]: Time 2.751666 seconds, bootstrap likelihood -17479.537371, best rearrangement setting 14
Bootstrap[424]: Time 2.479280 seconds, bootstrap likelihood -17563.640880, best rearrangement setting 8
Bootstrap[425]: Time 2.384353 seconds, bootstrap likelihood -17545.093101, best rearrangement setting 6
Bootstrap[426]: Time 2.392958 seconds, bootstrap likelihood -17489.448448, best rearrangement setting 7
Bootstrap[427]: Time 2.472239 seconds, bootstrap likelihood -17674.594422, best rearrangement setting 5
Bootstrap[428]: Time 1.144549 seconds, bootstrap likelihood -17780.242902, best rearrangement setting 9
Bootstrap[429]: Time 2.792163 seconds, bootstrap likelihood -17378.830673, best rearrangement setting 15
Bootstrap[430]: Time 3.100072 seconds, bootstrap likelihood -17795.413206, best rearrangement setting 14
Bootstrap[431]: Time 2.714859 seconds, bootstrap likelihood -17466.847604, best rearrangement setting 14
Bootstrap[432]: Time 2.515637 seconds, bootstrap likelihood -17626.187853, best rearrangement setting 8
Bootstrap[433]: Time 2.866443 seconds, bootstrap likelihood -17537.309030, best rearrangement setting 13
Bootstrap[434]: Time 2.661503 seconds, bootstrap likelihood -17360.834464, best rearrangement setting 11
Bootstrap[435]: Time 2.733231 seconds, bootstrap likelihood -17540.112963, best rearrangement setting 8
Bootstrap[436]: Time 2.527466 seconds, bootstrap likelihood -17338.975500, best rearrangement setting 11
Bootstrap[437]: Time 2.864362 seconds, bootstrap likelihood -17521.603416, best rearrangement setting 15
Bootstrap[438]: Time 2.549457 seconds, bootstrap likelihood -17339.424206, best rearrangement setting 15
Bootstrap[439]: Time 2.623967 seconds, bootstrap likelihood -17307.648830, best rearrangement setting 13
Bootstrap[440]: Time 2.922836 seconds, bootstrap likelihood -17470.002479, best rearrangement setting 15
Bootstrap[441]: Time 2.765984 seconds, bootstrap likelihood -17650.046135, best rearrangement setting 14
Bootstrap[442]: Time 2.691455 seconds, bootstrap likelihood -17652.084003, best rearrangement setting 6
Bootstrap[443]: Time 2.219676 seconds, bootstrap likelihood -17575.281779, best rearrangement setting 7
Bootstrap[444]: Time 2.466464 seconds, bootstrap likelihood -17606.723537, best rearrangement setting 13
Bootstrap[445]: Time 4.468474 seconds, bootstrap likelihood -17541.188157, best rearrangement setting 14
Bootstrap[446]: Time 2.639912 seconds, bootstrap likelihood -17285.822283, best rearrangement setting 13
Bootstrap[447]: Time 2.464380 seconds, bootstrap likelihood -17960.003761, best rearrangement setting 11
Bootstrap[448]: Time 3.133175 seconds, bootstrap likelihood -17551.470901, best rearrangement setting 8
Bootstrap[449]: Time 2.425370 seconds, bootstrap likelihood -17558.521599, best rearrangement setting 10
Bootstrap[450]: Time 2.731609 seconds, bootstrap likelihood -17581.138941, best rearrangement setting 9
Bootstrap[451]: Time 2.427137 seconds, bootstrap likelihood -17715.874120, best rearrangement setting 9
Bootstrap[452]: Time 4.671729 seconds, bootstrap likelihood -17206.054045, best rearrangement setting 14
Bootstrap[453]: Time 2.347260 seconds, bootstrap likelihood -17531.195581, best rearrangement setting 10
Bootstrap[454]: Time 2.335591 seconds, bootstrap likelihood -17462.114135, best rearrangement setting 12
Bootstrap[455]: Time 2.402141 seconds, bootstrap likelihood -17728.110677, best rearrangement setting 11
Bootstrap[456]: Time 2.253285 seconds, bootstrap likelihood -17581.714161, best rearrangement setting 7
Bootstrap[457]: Time 2.411266 seconds, bootstrap likelihood -17411.233157, best rearrangement setting 7
Bootstrap[458]: Time 2.746223 seconds, bootstrap likelihood -17427.024207, best rearrangement setting 15
Bootstrap[459]: Time 4.129942 seconds, bootstrap likelihood -17559.202523, best rearrangement setting 8
Bootstrap[460]: Time 2.242654 seconds, bootstrap likelihood -17528.892597, best rearrangement setting 6
Bootstrap[461]: Time 1.996119 seconds, bootstrap likelihood -17754.542472, best rearrangement setting 5
Bootstrap[462]: Time 2.350114 seconds, bootstrap likelihood -17501.260200, best rearrangement setting 8
Bootstrap[463]: Time 2.361419 seconds, bootstrap likelihood -17621.687879, best rearrangement setting 10
Bootstrap[464]: Time 2.485181 seconds, bootstrap likelihood -17562.680885, best rearrangement setting 9
Bootstrap[465]: Time 2.347406 seconds, bootstrap likelihood -17580.433796, best rearrangement setting 8
Bootstrap[466]: Time 4.509121 seconds, bootstrap likelihood -17544.420197, best rearrangement setting 11
Bootstrap[467]: Time 2.692024 seconds, bootstrap likelihood -17528.047153, best rearrangement setting 13
Bootstrap[468]: Time 2.905063 seconds, bootstrap likelihood -17563.540455, best rearrangement setting 10
Bootstrap[469]: Time 2.684523 seconds, bootstrap likelihood -17643.705475, best rearrangement setting 15
Bootstrap[470]: Time 2.498193 seconds, bootstrap likelihood -17422.651608, best rearrangement setting 10
Bootstrap[471]: Time 2.384685 seconds, bootstrap likelihood -17559.231867, best rearrangement setting 7
Bootstrap[472]: Time 2.460720 seconds, bootstrap likelihood -17382.513439, best rearrangement setting 14
Bootstrap[473]: Time 2.501456 seconds, bootstrap likelihood -17299.483636, best rearrangement setting 11
Bootstrap[474]: Time 3.407037 seconds, bootstrap likelihood -17678.476227, best rearrangement setting 10
Bootstrap[475]: Time 2.429993 seconds, bootstrap likelihood -17365.375098, best rearrangement setting 8
Bootstrap[476]: Time 2.631949 seconds, bootstrap likelihood -17630.709922, best rearrangement setting 15
Bootstrap[477]: Time 2.696819 seconds, bootstrap likelihood -17442.865874, best rearrangement setting 9
Bootstrap[478]: Time 2.464627 seconds, bootstrap likelihood -17426.190770, best rearrangement setting 9
Bootstrap[479]: Time 2.355782 seconds, bootstrap likelihood -17482.942466, best rearrangement setting 7
Bootstrap[480]: Time 2.850510 seconds, bootstrap likelihood -17354.942396, best rearrangement setting 9
Bootstrap[481]: Time 2.371657 seconds, bootstrap likelihood -17462.615682, best rearrangement setting 10
Bootstrap[482]: Time 2.091387 seconds, bootstrap likelihood -17458.717272, best rearrangement setting 6
Bootstrap[483]: Time 2.393537 seconds, bootstrap likelihood -17605.709955, best rearrangement setting 6
Bootstrap[484]: Time 2.600674 seconds, bootstrap likelihood -17208.455319, best rearrangement setting 8
Bootstrap[485]: Time 3.666462 seconds, bootstrap likelihood -17568.120061, best rearrangement setting 8
Bootstrap[486]: Time 2.704283 seconds, bootstrap likelihood -17628.093216, best rearrangement setting 10
Bootstrap[487]: Time 2.786903 seconds, bootstrap likelihood -17317.335662, best rearrangement setting 13
Bootstrap[488]: Time 2.146198 seconds, bootstrap likelihood -17372.916434, best rearrangement setting 6
Bootstrap[489]: Time 2.224440 seconds, bootstrap likelihood -17536.821753, best rearrangement setting 5
Bootstrap[490]: Time 2.675012 seconds, bootstrap likelihood -17336.519807, best rearrangement setting 13
Bootstrap[491]: Time 2.200528 seconds, bootstrap likelihood -17771.952709, best rearrangement setting 6
Bootstrap[492]: Time 2.704963 seconds, bootstrap likelihood -17400.715498, best rearrangement setting 14
Bootstrap[493]: Time 2.412539 seconds, bootstrap likelihood -17800.654780, best rearrangement setting 7
Bootstrap[494]: Time 2.539257 seconds, bootstrap likelihood -17559.897210, best rearrangement setting 15
Bootstrap[495]: Time 2.299316 seconds, bootstrap likelihood -17192.602070, best rearrangement setting 13
Bootstrap[496]: Time 2.475062 seconds, bootstrap likelihood -17501.232075, best rearrangement setting 14
Bootstrap[497]: Time 2.912994 seconds, bootstrap likelihood -17507.818273, best rearrangement setting 12
Bootstrap[498]: Time 2.259020 seconds, bootstrap likelihood -17558.345868, best rearrangement setting 6
Bootstrap[499]: Time 2.535254 seconds, bootstrap likelihood -17681.113858, best rearrangement setting 9
Bootstrap[500]: Time 2.762762 seconds, bootstrap likelihood -17448.366451, best rearrangement setting 15
Bootstrap[501]: Time 2.702483 seconds, bootstrap likelihood -17508.633845, best rearrangement setting 13
Bootstrap[502]: Time 2.213522 seconds, bootstrap likelihood -17599.174196, best rearrangement setting 5
Bootstrap[503]: Time 3.034661 seconds, bootstrap likelihood -17400.777974, best rearrangement setting 11
Bootstrap[504]: Time 2.252007 seconds, bootstrap likelihood -17635.283386, best rearrangement setting 10
Bootstrap[505]: Time 2.373636 seconds, bootstrap likelihood -17578.303998, best rearrangement setting 6
Bootstrap[506]: Time 2.304019 seconds, bootstrap likelihood -17646.105124, best rearrangement setting 5
Bootstrap[507]: Time 2.518737 seconds, bootstrap likelihood -17398.675502, best rearrangement setting 9
Bootstrap[508]: Time 2.573968 seconds, bootstrap likelihood -17556.652657, best rearrangement setting 15
Bootstrap[509]: Time 2.446932 seconds, bootstrap likelihood -17507.001892, best rearrangement setting 14
Bootstrap[510]: Time 2.260743 seconds, bootstrap likelihood -17337.124393, best rearrangement setting 5
Bootstrap[511]: Time 2.633435 seconds, bootstrap likelihood -17514.312387, best rearrangement setting 11
Bootstrap[512]: Time 2.452500 seconds, bootstrap likelihood -17143.577360, best rearrangement setting 14
Bootstrap[513]: Time 2.641247 seconds, bootstrap likelihood -17788.266757, best rearrangement setting 12
Bootstrap[514]: Time 2.414923 seconds, bootstrap likelihood -17317.904670, best rearrangement setting 9
Bootstrap[515]: Time 2.162256 seconds, bootstrap likelihood -17361.497590, best rearrangement setting 6
Bootstrap[516]: Time 2.213319 seconds, bootstrap likelihood -17693.693512, best rearrangement setting 6
Bootstrap[517]: Time 2.228233 seconds, bootstrap likelihood -17580.211221, best rearrangement setting 6
Bootstrap[518]: Time 2.734582 seconds, bootstrap likelihood -17519.383058, best rearrangement setting 9
Bootstrap[519]: Time 3.100082 seconds, bootstrap likelihood -17590.920316, best rearrangement setting 13
Bootstrap[520]: Time 2.963616 seconds, bootstrap likelihood -17506.491066, best rearrangement setting 9
Bootstrap[521]: Time 2.419094 seconds, bootstrap likelihood -17577.077399, best rearrangement setting 10
Bootstrap[522]: Time 2.130495 seconds, bootstrap likelihood -17521.044513, best rearrangement setting 7
Bootstrap[523]: Time 2.144567 seconds, bootstrap likelihood -17142.937285, best rearrangement setting 6
Bootstrap[524]: Time 2.403634 seconds, bootstrap likelihood -17326.952847, best rearrangement setting 11
Bootstrap[525]: Time 2.772152 seconds, bootstrap likelihood -17626.853504, best rearrangement setting 8
Bootstrap[526]: Time 2.803858 seconds, bootstrap likelihood -17706.424819, best rearrangement setting 14
Bootstrap[527]: Time 2.536347 seconds, bootstrap likelihood -17653.479196, best rearrangement setting 12
Bootstrap[528]: Time 2.396099 seconds, bootstrap likelihood -17018.597180, best rearrangement setting 11
Bootstrap[529]: Time 2.277369 seconds, bootstrap likelihood -17564.927912, best rearrangement setting 7
Bootstrap[530]: Time 2.639980 seconds, bootstrap likelihood -17500.967244, best rearrangement setting 7
Bootstrap[531]: Time 2.699939 seconds, bootstrap likelihood -17546.808394, best rearrangement setting 12
Bootstrap[532]: Time 2.354708 seconds, bootstrap likelihood -17538.143504, best rearrangement setting 10
Bootstrap[533]: Time 3.312367 seconds, bootstrap likelihood -17600.470957, best rearrangement setting 12
Bootstrap[534]: Time 2.636768 seconds, bootstrap likelihood -17689.937804, best rearrangement setting 15
Bootstrap[535]: Time 2.029831 seconds, bootstrap likelihood -17564.617138, best rearrangement setting 6
Bootstrap[536]: Time 3.541631 seconds, bootstrap likelihood -17408.136018, best rearrangement setting 8
Bootstrap[537]: Time 2.299698 seconds, bootstrap likelihood -17516.638094, best rearrangement setting 8
Bootstrap[538]: Time 2.590872 seconds, bootstrap likelihood -17502.490657, best rearrangement setting 12
Bootstrap[539]: Time 2.589774 seconds, bootstrap likelihood -17401.569185, best rearrangement setting 9
Bootstrap[540]: Time 2.174358 seconds, bootstrap likelihood -17342.122837, best rearrangement setting 7
Bootstrap[541]: Time 2.057612 seconds, bootstrap likelihood -17491.723617, best rearrangement setting 7
Bootstrap[542]: Time 2.551311 seconds, bootstrap likelihood -17607.638377, best rearrangement setting 9
Bootstrap[543]: Time 2.127891 seconds, bootstrap likelihood -17583.293010, best rearrangement setting 8
Bootstrap[544]: Time 4.587458 seconds, bootstrap likelihood -17698.647493, best rearrangement setting 14
Bootstrap[545]: Time 3.090240 seconds, bootstrap likelihood -17650.116091, best rearrangement setting 10
Bootstrap[546]: Time 2.440103 seconds, bootstrap likelihood -17407.149362, best rearrangement setting 13
Bootstrap[547]: Time 4.318856 seconds, bootstrap likelihood -17622.262310, best rearrangement setting 8
Bootstrap[548]: Time 2.518189 seconds, bootstrap likelihood -17442.489680, best rearrangement setting 9
Bootstrap[549]: Time 2.290518 seconds, bootstrap likelihood -17653.692590, best rearrangement setting 12
Bootstrap[550]: Time 1.952722 seconds, bootstrap likelihood -17784.265583, best rearrangement setting 5
Bootstrap[551]: Time 2.670767 seconds, bootstrap likelihood -17423.005426, best rearrangement setting 10
Bootstrap[552]: Time 2.564802 seconds, bootstrap likelihood -17624.002532, best rearrangement setting 15
Bootstrap[553]: Time 2.618394 seconds, bootstrap likelihood -17661.062435, best rearrangement setting 13
Bootstrap[554]: Time 2.581471 seconds, bootstrap likelihood -17438.148049, best rearrangement setting 9
Bootstrap[555]: Time 2.556881 seconds, bootstrap likelihood -17488.086574, best rearrangement setting 9
Bootstrap[556]: Time 2.588756 seconds, bootstrap likelihood -17781.167730, best rearrangement setting 8
Bootstrap[557]: Time 2.731829 seconds, bootstrap likelihood -17468.578425, best rearrangement setting 12
Bootstrap[558]: Time 3.985865 seconds, bootstrap likelihood -17560.947762, best rearrangement setting 10
Bootstrap[559]: Time 2.575504 seconds, bootstrap likelihood -17372.929851, best rearrangement setting 13
Bootstrap[560]: Time 2.587094 seconds, bootstrap likelihood -17875.719477, best rearrangement setting 10
Bootstrap[561]: Time 2.455121 seconds, bootstrap likelihood -17726.649723, best rearrangement setting 7
Bootstrap[562]: Time 2.694990 seconds, bootstrap likelihood -17551.966920, best rearrangement setting 10
Bootstrap[563]: Time 2.544652 seconds, bootstrap likelihood -17809.059341, best rearrangement setting 12
Bootstrap[564]: Time 2.758693 seconds, bootstrap likelihood -17767.620305, best rearrangement setting 13
Bootstrap[565]: Time 2.487118 seconds, bootstrap likelihood -17456.724290, best rearrangement setting 12
Bootstrap[566]: Time 2.887440 seconds, bootstrap likelihood -17648.009868, best rearrangement setting 12
Bootstrap[567]: Time 2.724404 seconds, bootstrap likelihood -17732.969687, best rearrangement setting 9
Bootstrap[568]: Time 4.913580 seconds, bootstrap likelihood -17681.190928, best rearrangement setting 10
Bootstrap[569]: Time 2.934913 seconds, bootstrap likelihood -17513.802925, best rearrangement setting 7
Bootstrap[570]: Time 2.477410 seconds, bootstrap likelihood -17673.800192, best rearrangement setting 5
Bootstrap[571]: Time 2.459704 seconds, bootstrap likelihood -17368.272946, best rearrangement setting 13
Bootstrap[572]: Time 2.744967 seconds, bootstrap likelihood -17680.946860, best rearrangement setting 12
Bootstrap[573]: Time 2.361530 seconds, bootstrap likelihood -17788.425926, best rearrangement setting 12
Bootstrap[574]: Time 1.846940 seconds, bootstrap likelihood -17489.989601, best rearrangement setting 5
Bootstrap[575]: Time 2.471984 seconds, bootstrap likelihood -17547.119010, best rearrangement setting 14
Bootstrap[576]: Time 2.324631 seconds, bootstrap likelihood -17384.842786, best rearrangement setting 11
Bootstrap[577]: Time 2.160450 seconds, bootstrap likelihood -17497.067992, best rearrangement setting 6
Bootstrap[578]: Time 2.688445 seconds, bootstrap likelihood -17696.596200, best rearrangement setting 7
Bootstrap[579]: Time 2.569477 seconds, bootstrap likelihood -17780.941847, best rearrangement setting 15
Bootstrap[580]: Time 2.678268 seconds, bootstrap likelihood -17552.750576, best rearrangement setting 10
Bootstrap[581]: Time 2.430202 seconds, bootstrap likelihood -17540.326544, best rearrangement setting 10
Bootstrap[582]: Time 2.346265 seconds, bootstrap likelihood -17768.636640, best rearrangement setting 11
Bootstrap[583]: Time 2.342776 seconds, bootstrap likelihood -17304.386725, best rearrangement setting 11
Bootstrap[584]: Time 2.741522 seconds, bootstrap likelihood -17732.739116, best rearrangement setting 14
Bootstrap[585]: Time 2.355443 seconds, bootstrap likelihood -17489.785323, best rearrangement setting 14
Bootstrap[586]: Time 2.444927 seconds, bootstrap likelihood -17376.141925, best rearrangement setting 10
Bootstrap[587]: Time 2.541876 seconds, bootstrap likelihood -17283.515402, best rearrangement setting 14
Bootstrap[588]: Time 2.563553 seconds, bootstrap likelihood -17891.150631, best rearrangement setting 11
Bootstrap[589]: Time 2.109858 seconds, bootstrap likelihood -17252.048461, best rearrangement setting 5
Bootstrap[590]: Time 2.304418 seconds, bootstrap likelihood -17693.455204, best rearrangement setting 9
Bootstrap[591]: Time 2.250520 seconds, bootstrap likelihood -17629.347167, best rearrangement setting 6
Bootstrap[592]: Time 2.391416 seconds, bootstrap likelihood -17547.134601, best rearrangement setting 7
Bootstrap[593]: Time 2.074295 seconds, bootstrap likelihood -17521.070495, best rearrangement setting 5
Bootstrap[594]: Time 2.319398 seconds, bootstrap likelihood -17426.139545, best rearrangement setting 10
Bootstrap[595]: Time 1.949444 seconds, bootstrap likelihood -17715.287128, best rearrangement setting 5
Bootstrap[596]: Time 2.511484 seconds, bootstrap likelihood -17400.470376, best rearrangement setting 12
Bootstrap[597]: Time 2.299560 seconds, bootstrap likelihood -17458.738499, best rearrangement setting 15
Bootstrap[598]: Time 2.588694 seconds, bootstrap likelihood -17545.530426, best rearrangement setting 10
Bootstrap[599]: Time 2.694540 seconds, bootstrap likelihood -17440.273699, best rearrangement setting 13
Bootstrap[600]: Time 2.369101 seconds, bootstrap likelihood -17473.184559, best rearrangement setting 6
Bootstrap[601]: Time 2.327707 seconds, bootstrap likelihood -17386.880070, best rearrangement setting 6
Bootstrap[602]: Time 2.568140 seconds, bootstrap likelihood -17571.703898, best rearrangement setting 12
Bootstrap[603]: Time 2.444511 seconds, bootstrap likelihood -17685.463430, best rearrangement setting 12
Bootstrap[604]: Time 2.513632 seconds, bootstrap likelihood -17716.815165, best rearrangement setting 7
Bootstrap[605]: Time 2.554427 seconds, bootstrap likelihood -17757.672499, best rearrangement setting 9
Bootstrap[606]: Time 2.614669 seconds, bootstrap likelihood -17542.300086, best rearrangement setting 9
Bootstrap[607]: Time 2.159898 seconds, bootstrap likelihood -17629.787487, best rearrangement setting 5
Bootstrap[608]: Time 2.604695 seconds, bootstrap likelihood -17854.733348, best rearrangement setting 11
Bootstrap[609]: Time 2.479172 seconds, bootstrap likelihood -17715.784108, best rearrangement setting 5
Bootstrap[610]: Time 2.806749 seconds, bootstrap likelihood -17698.754805, best rearrangement setting 12
Bootstrap[611]: Time 3.660023 seconds, bootstrap likelihood -17645.371238, best rearrangement setting 15
Bootstrap[612]: Time 2.355817 seconds, bootstrap likelihood -17745.204987, best rearrangement setting 5
Bootstrap[613]: Time 2.795057 seconds, bootstrap likelihood -17819.461297, best rearrangement setting 9
Bootstrap[614]: Time 2.402848 seconds, bootstrap likelihood -17732.293072, best rearrangement setting 7
Bootstrap[615]: Time 2.369247 seconds, bootstrap likelihood -17540.264237, best rearrangement setting 14
Bootstrap[616]: Time 2.726416 seconds, bootstrap likelihood -17585.652452, best rearrangement setting 11
Bootstrap[617]: Time 2.531047 seconds, bootstrap likelihood -17640.157252, best rearrangement setting 15
Bootstrap[618]: Time 2.165660 seconds, bootstrap likelihood -17734.860363, best rearrangement setting 8
Bootstrap[619]: Time 2.356799 seconds, bootstrap likelihood -17431.837681, best rearrangement setting 11
Bootstrap[620]: Time 3.459369 seconds, bootstrap likelihood -17419.084370, best rearrangement setting 5
Bootstrap[621]: Time 2.869911 seconds, bootstrap likelihood -17471.240354, best rearrangement setting 7
Bootstrap[622]: Time 2.735124 seconds, bootstrap likelihood -17692.097233, best rearrangement setting 15
Bootstrap[623]: Time 2.589927 seconds, bootstrap likelihood -17583.387705, best rearrangement setting 9
Bootstrap[624]: Time 2.432033 seconds, bootstrap likelihood -17552.950517, best rearrangement setting 9
Bootstrap[625]: Time 2.361903 seconds, bootstrap likelihood -17497.977094, best rearrangement setting 5
Bootstrap[626]: Time 2.925931 seconds, bootstrap likelihood -17689.900073, best rearrangement setting 10
Bootstrap[627]: Time 3.878775 seconds, bootstrap likelihood -17463.931418, best rearrangement setting 15
Bootstrap[628]: Time 3.279545 seconds, bootstrap likelihood -17347.304199, best rearrangement setting 13
Bootstrap[629]: Time 2.709656 seconds, bootstrap likelihood -17670.104183, best rearrangement setting 13
Bootstrap[630]: Time 4.209146 seconds, bootstrap likelihood -17448.370102, best rearrangement setting 7
Bootstrap[631]: Time 2.848830 seconds, bootstrap likelihood -17501.960532, best rearrangement setting 5
Bootstrap[632]: Time 2.969983 seconds, bootstrap likelihood -17727.151603, best rearrangement setting 15
Bootstrap[633]: Time 1.950703 seconds, bootstrap likelihood -17695.988260, best rearrangement setting 5
Bootstrap[634]: Time 2.657160 seconds, bootstrap likelihood -17434.219349, best rearrangement setting 14
Bootstrap[635]: Time 2.550578 seconds, bootstrap likelihood -17403.062052, best rearrangement setting 10
Bootstrap[636]: Time 2.614269 seconds, bootstrap likelihood -17809.427734, best rearrangement setting 10
Bootstrap[637]: Time 2.672174 seconds, bootstrap likelihood -17642.178241, best rearrangement setting 11
Bootstrap[638]: Time 2.499951 seconds, bootstrap likelihood -17450.152405, best rearrangement setting 13
Bootstrap[639]: Time 2.518525 seconds, bootstrap likelihood -17621.231506, best rearrangement setting 9
Bootstrap[640]: Time 2.582058 seconds, bootstrap likelihood -17539.287953, best rearrangement setting 14
Bootstrap[641]: Time 2.677791 seconds, bootstrap likelihood -17717.238077, best rearrangement setting 12
Bootstrap[642]: Time 3.475499 seconds, bootstrap likelihood -17845.594104, best rearrangement setting 15
Bootstrap[643]: Time 2.801988 seconds, bootstrap likelihood -17610.971127, best rearrangement setting 14
Bootstrap[644]: Time 2.563007 seconds, bootstrap likelihood -17574.244525, best rearrangement setting 7
Bootstrap[645]: Time 2.352592 seconds, bootstrap likelihood -17458.598040, best rearrangement setting 6
Bootstrap[646]: Time 2.501689 seconds, bootstrap likelihood -17620.480255, best rearrangement setting 13
Bootstrap[647]: Time 2.160312 seconds, bootstrap likelihood -17716.279525, best rearrangement setting 6
Bootstrap[648]: Time 2.839566 seconds, bootstrap likelihood -17470.180489, best rearrangement setting 13
Bootstrap[649]: Time 2.142639 seconds, bootstrap likelihood -17457.356638, best rearrangement setting 7
Bootstrap[650]: Time 2.421940 seconds, bootstrap likelihood -17241.061322, best rearrangement setting 12
Bootstrap[651]: Time 2.578527 seconds, bootstrap likelihood -17587.764000, best rearrangement setting 12
Bootstrap[652]: Time 3.830073 seconds, bootstrap likelihood -17807.232606, best rearrangement setting 15
Bootstrap[653]: Time 2.576854 seconds, bootstrap likelihood -17601.003354, best rearrangement setting 15
Bootstrap[654]: Time 2.360977 seconds, bootstrap likelihood -17640.890716, best rearrangement setting 6
Bootstrap[655]: Time 2.138712 seconds, bootstrap likelihood -17603.021297, best rearrangement setting 5
Bootstrap[656]: Time 1.935927 seconds, bootstrap likelihood -17489.513597, best rearrangement setting 6
Bootstrap[657]: Time 2.369196 seconds, bootstrap likelihood -17381.861574, best rearrangement setting 14
Bootstrap[658]: Time 2.510424 seconds, bootstrap likelihood -17498.244540, best rearrangement setting 13
Bootstrap[659]: Time 1.989853 seconds, bootstrap likelihood -17798.761503, best rearrangement setting 7
Bootstrap[660]: Time 2.516522 seconds, bootstrap likelihood -17607.875580, best rearrangement setting 12
Bootstrap[661]: Time 2.250383 seconds, bootstrap likelihood -17645.425174, best rearrangement setting 10
Bootstrap[662]: Time 2.295062 seconds, bootstrap likelihood -17675.430460, best rearrangement setting 14
Bootstrap[663]: Time 2.268298 seconds, bootstrap likelihood -17750.687402, best rearrangement setting 12
Bootstrap[664]: Time 2.221490 seconds, bootstrap likelihood -17463.982928, best rearrangement setting 12
Bootstrap[665]: Time 2.464042 seconds, bootstrap likelihood -17509.959798, best rearrangement setting 9
Bootstrap[666]: Time 2.483207 seconds, bootstrap likelihood -17483.259463, best rearrangement setting 12
Bootstrap[667]: Time 2.417822 seconds, bootstrap likelihood -17698.061040, best rearrangement setting 11
Bootstrap[668]: Time 2.113124 seconds, bootstrap likelihood -17584.004491, best rearrangement setting 7
Bootstrap[669]: Time 2.672346 seconds, bootstrap likelihood -17879.177791, best rearrangement setting 12
Bootstrap[670]: Time 2.244002 seconds, bootstrap likelihood -17666.156984, best rearrangement setting 5
Bootstrap[671]: Time 2.442325 seconds, bootstrap likelihood -17649.417161, best rearrangement setting 5
Bootstrap[672]: Time 2.454012 seconds, bootstrap likelihood -17478.555650, best rearrangement setting 10
Bootstrap[673]: Time 2.590900 seconds, bootstrap likelihood -17724.751750, best rearrangement setting 11
Bootstrap[674]: Time 2.573562 seconds, bootstrap likelihood -17329.603281, best rearrangement setting 11
Bootstrap[675]: Time 2.471239 seconds, bootstrap likelihood -17559.018153, best rearrangement setting 12
Bootstrap[676]: Time 2.315440 seconds, bootstrap likelihood -17580.311065, best rearrangement setting 6
Bootstrap[677]: Time 2.582006 seconds, bootstrap likelihood -17541.844253, best rearrangement setting 11
Bootstrap[678]: Time 2.586994 seconds, bootstrap likelihood -17295.079024, best rearrangement setting 15
Bootstrap[679]: Time 2.531162 seconds, bootstrap likelihood -17649.775060, best rearrangement setting 9
Bootstrap[680]: Time 2.556292 seconds, bootstrap likelihood -17411.462628, best rearrangement setting 10
Bootstrap[681]: Time 2.202784 seconds, bootstrap likelihood -17463.835952, best rearrangement setting 5
Bootstrap[682]: Time 2.113549 seconds, bootstrap likelihood -17372.680781, best rearrangement setting 5
Bootstrap[683]: Time 2.625881 seconds, bootstrap likelihood -17847.359500, best rearrangement setting 10
Bootstrap[684]: Time 2.835096 seconds, bootstrap likelihood -17676.441662, best rearrangement setting 10
Bootstrap[685]: Time 2.338498 seconds, bootstrap likelihood -17832.838806, best rearrangement setting 6
Bootstrap[686]: Time 2.437524 seconds, bootstrap likelihood -17545.448244, best rearrangement setting 5
Bootstrap[687]: Time 2.850000 seconds, bootstrap likelihood -17522.875200, best rearrangement setting 12
Bootstrap[688]: Time 2.604345 seconds, bootstrap likelihood -17522.263444, best rearrangement setting 13
Bootstrap[689]: Time 2.562169 seconds, bootstrap likelihood -17636.005502, best rearrangement setting 14
Bootstrap[690]: Time 2.612827 seconds, bootstrap likelihood -17702.057869, best rearrangement setting 7
Bootstrap[691]: Time 2.599585 seconds, bootstrap likelihood -17478.731492, best rearrangement setting 6
Bootstrap[692]: Time 2.391293 seconds, bootstrap likelihood -17426.748416, best rearrangement setting 7
Bootstrap[693]: Time 3.412451 seconds, bootstrap likelihood -17641.431385, best rearrangement setting 9
Bootstrap[694]: Time 2.489125 seconds, bootstrap likelihood -17440.946631, best rearrangement setting 15
Bootstrap[695]: Time 3.138508 seconds, bootstrap likelihood -17535.464585, best rearrangement setting 10
Bootstrap[696]: Time 2.394355 seconds, bootstrap likelihood -17326.963860, best rearrangement setting 11
Bootstrap[697]: Time 2.404682 seconds, bootstrap likelihood -17280.389062, best rearrangement setting 9
Bootstrap[698]: Time 1.967636 seconds, bootstrap likelihood -17507.660733, best rearrangement setting 5
Bootstrap[699]: Time 2.655126 seconds, bootstrap likelihood -17634.297488, best rearrangement setting 10
Bootstrap[700]: Time 2.459308 seconds, bootstrap likelihood -17657.699963, best rearrangement setting 8
Bootstrap[701]: Time 2.269022 seconds, bootstrap likelihood -17438.616449, best rearrangement setting 5
Bootstrap[702]: Time 2.384325 seconds, bootstrap likelihood -17221.584375, best rearrangement setting 6
Bootstrap[703]: Time 2.572193 seconds, bootstrap likelihood -17557.950372, best rearrangement setting 10
Bootstrap[704]: Time 2.120826 seconds, bootstrap likelihood -17287.619955, best rearrangement setting 6
Bootstrap[705]: Time 2.601210 seconds, bootstrap likelihood -17655.843942, best rearrangement setting 8
Bootstrap[706]: Time 2.859715 seconds, bootstrap likelihood -17459.962487, best rearrangement setting 15
Bootstrap[707]: Time 2.127369 seconds, bootstrap likelihood -17397.944572, best rearrangement setting 5
Bootstrap[708]: Time 2.573418 seconds, bootstrap likelihood -17546.730462, best rearrangement setting 11
Bootstrap[709]: Time 2.201550 seconds, bootstrap likelihood -17392.221718, best rearrangement setting 10
Bootstrap[710]: Time 4.961430 seconds, bootstrap likelihood -17486.642233, best rearrangement setting 9
Bootstrap[711]: Time 2.589871 seconds, bootstrap likelihood -17395.260332, best rearrangement setting 11
Bootstrap[712]: Time 1.994275 seconds, bootstrap likelihood -17919.261454, best rearrangement setting 5
Bootstrap[713]: Time 2.370403 seconds, bootstrap likelihood -17539.628365, best rearrangement setting 13
Bootstrap[714]: Time 2.361031 seconds, bootstrap likelihood -17528.985740, best rearrangement setting 12
Bootstrap[715]: Time 2.283988 seconds, bootstrap likelihood -17572.365029, best rearrangement setting 5
Bootstrap[716]: Time 2.436076 seconds, bootstrap likelihood -17535.281187, best rearrangement setting 11
Bootstrap[717]: Time 3.046012 seconds, bootstrap likelihood -17668.228474, best rearrangement setting 12
Bootstrap[718]: Time 2.667474 seconds, bootstrap likelihood -17860.543258, best rearrangement setting 8
Bootstrap[719]: Time 2.485733 seconds, bootstrap likelihood -17451.118141, best rearrangement setting 13
Bootstrap[720]: Time 2.312564 seconds, bootstrap likelihood -17721.208858, best rearrangement setting 5
Bootstrap[721]: Time 2.788690 seconds, bootstrap likelihood -17606.097073, best rearrangement setting 13
Bootstrap[722]: Time 2.532098 seconds, bootstrap likelihood -17529.748160, best rearrangement setting 12
Bootstrap[723]: Time 2.638264 seconds, bootstrap likelihood -17388.144526, best rearrangement setting 11
Bootstrap[724]: Time 2.783192 seconds, bootstrap likelihood -17675.963195, best rearrangement setting 14
Bootstrap[725]: Time 2.308053 seconds, bootstrap likelihood -17504.039733, best rearrangement setting 5
Bootstrap[726]: Time 3.872222 seconds, bootstrap likelihood -17528.999114, best rearrangement setting 15
Bootstrap[727]: Time 2.385100 seconds, bootstrap likelihood -17528.580351, best rearrangement setting 6
Bootstrap[728]: Time 2.196047 seconds, bootstrap likelihood -17567.546580, best rearrangement setting 6
Bootstrap[729]: Time 2.488666 seconds, bootstrap likelihood -17683.250872, best rearrangement setting 10
Bootstrap[730]: Time 2.603380 seconds, bootstrap likelihood -17491.819275, best rearrangement setting 12
Bootstrap[731]: Time 2.570123 seconds, bootstrap likelihood -17397.031498, best rearrangement setting 11
Bootstrap[732]: Time 2.396347 seconds, bootstrap likelihood -17018.540371, best rearrangement setting 6
Bootstrap[733]: Time 2.188357 seconds, bootstrap likelihood -17451.557896, best rearrangement setting 6
Bootstrap[734]: Time 3.139293 seconds, bootstrap likelihood -17693.532857, best rearrangement setting 11
Bootstrap[735]: Time 2.748734 seconds, bootstrap likelihood -17571.274021, best rearrangement setting 14
Bootstrap[736]: Time 2.489486 seconds, bootstrap likelihood -17588.915729, best rearrangement setting 11
Bootstrap[737]: Time 2.619394 seconds, bootstrap likelihood -17554.779953, best rearrangement setting 10
Bootstrap[738]: Time 5.215538 seconds, bootstrap likelihood -17722.582355, best rearrangement setting 7
Bootstrap[739]: Time 2.039944 seconds, bootstrap likelihood -17662.147854, best rearrangement setting 5
Bootstrap[740]: Time 2.604653 seconds, bootstrap likelihood -17568.481838, best rearrangement setting 9
Bootstrap[741]: Time 2.284046 seconds, bootstrap likelihood -17634.603790, best rearrangement setting 5
Bootstrap[742]: Time 2.567848 seconds, bootstrap likelihood -17538.476740, best rearrangement setting 9
Bootstrap[743]: Time 2.588947 seconds, bootstrap likelihood -17550.550435, best rearrangement setting 13
Bootstrap[744]: Time 2.552280 seconds, bootstrap likelihood -17701.946672, best rearrangement setting 7
Bootstrap[745]: Time 2.782604 seconds, bootstrap likelihood -17518.166468, best rearrangement setting 12
Bootstrap[746]: Time 2.544483 seconds, bootstrap likelihood -17520.682328, best rearrangement setting 14
Bootstrap[747]: Time 2.553755 seconds, bootstrap likelihood -17663.445112, best rearrangement setting 13
Bootstrap[748]: Time 2.322480 seconds, bootstrap likelihood -17788.945540, best rearrangement setting 5
Bootstrap[749]: Time 2.631280 seconds, bootstrap likelihood -17856.347731, best rearrangement setting 10
Bootstrap[750]: Time 2.884391 seconds, bootstrap likelihood -17674.625630, best rearrangement setting 10
Bootstrap[751]: Time 2.457252 seconds, bootstrap likelihood -17617.431782, best rearrangement setting 7
Bootstrap[752]: Time 2.920857 seconds, bootstrap likelihood -17426.493808, best rearrangement setting 13
Bootstrap[753]: Time 2.857902 seconds, bootstrap likelihood -17624.948868, best rearrangement setting 8
Bootstrap[754]: Time 2.491690 seconds, bootstrap likelihood -17866.717658, best rearrangement setting 12
Bootstrap[755]: Time 2.259562 seconds, bootstrap likelihood -17615.744639, best rearrangement setting 5
Bootstrap[756]: Time 1.958408 seconds, bootstrap likelihood -17636.988834, best rearrangement setting 5
Bootstrap[757]: Time 2.674683 seconds, bootstrap likelihood -17714.223440, best rearrangement setting 14
Bootstrap[758]: Time 2.336419 seconds, bootstrap likelihood -17658.791127, best rearrangement setting 6
Bootstrap[759]: Time 3.239453 seconds, bootstrap likelihood -17611.481605, best rearrangement setting 11
Bootstrap[760]: Time 2.676757 seconds, bootstrap likelihood -17455.515987, best rearrangement setting 7
Bootstrap[761]: Time 2.447291 seconds, bootstrap likelihood -17597.082001, best rearrangement setting 6
Bootstrap[762]: Time 2.234937 seconds, bootstrap likelihood -17491.802748, best rearrangement setting 6
Bootstrap[763]: Time 2.323679 seconds, bootstrap likelihood -17316.760376, best rearrangement setting 12
Bootstrap[764]: Time 2.725246 seconds, bootstrap likelihood -17426.064664, best rearrangement setting 10
Bootstrap[765]: Time 2.408139 seconds, bootstrap likelihood -17404.366394, best rearrangement setting 9
Bootstrap[766]: Time 2.471384 seconds, bootstrap likelihood -17470.061152, best rearrangement setting 15
Bootstrap[767]: Time 2.936939 seconds, bootstrap likelihood -17064.036737, best rearrangement setting 14
Bootstrap[768]: Time 2.544807 seconds, bootstrap likelihood -17139.445008, best rearrangement setting 15
Bootstrap[769]: Time 2.682123 seconds, bootstrap likelihood -17225.031702, best rearrangement setting 15
Bootstrap[770]: Time 2.829546 seconds, bootstrap likelihood -17556.916310, best rearrangement setting 9
Bootstrap[771]: Time 2.483111 seconds, bootstrap likelihood -17404.053287, best rearrangement setting 10
Bootstrap[772]: Time 2.835387 seconds, bootstrap likelihood -17533.013138, best rearrangement setting 14
Bootstrap[773]: Time 2.312506 seconds, bootstrap likelihood -17505.012221, best rearrangement setting 6
Bootstrap[774]: Time 2.257512 seconds, bootstrap likelihood -17543.751482, best rearrangement setting 6
Bootstrap[775]: Time 2.225687 seconds, bootstrap likelihood -17665.915084, best rearrangement setting 5
Bootstrap[776]: Time 2.698097 seconds, bootstrap likelihood -17556.729561, best rearrangement setting 14
Bootstrap[777]: Time 2.330491 seconds, bootstrap likelihood -17787.804837, best rearrangement setting 9
Bootstrap[778]: Time 2.525983 seconds, bootstrap likelihood -17761.493176, best rearrangement setting 9
Bootstrap[779]: Time 2.974022 seconds, bootstrap likelihood -17555.791030, best rearrangement setting 15
Bootstrap[780]: Time 2.890432 seconds, bootstrap likelihood -17701.213787, best rearrangement setting 8
Bootstrap[781]: Time 2.503520 seconds, bootstrap likelihood -17553.650222, best rearrangement setting 13
Bootstrap[782]: Time 2.945141 seconds, bootstrap likelihood -17774.139049, best rearrangement setting 5
Bootstrap[783]: Time 2.629798 seconds, bootstrap likelihood -17426.651100, best rearrangement setting 11
Bootstrap[784]: Time 4.380737 seconds, bootstrap likelihood -17687.751861, best rearrangement setting 10
Bootstrap[785]: Time 2.275149 seconds, bootstrap likelihood -17438.886258, best rearrangement setting 7
Bootstrap[786]: Time 2.311961 seconds, bootstrap likelihood -17317.534104, best rearrangement setting 11
Bootstrap[787]: Time 0.901316 seconds, bootstrap likelihood -17498.227731, best rearrangement setting 10
Bootstrap[788]: Time 2.642597 seconds, bootstrap likelihood -17112.378727, best rearrangement setting 13
Bootstrap[789]: Time 2.639381 seconds, bootstrap likelihood -17641.995627, best rearrangement setting 9
Bootstrap[790]: Time 5.113812 seconds, bootstrap likelihood -17532.219724, best rearrangement setting 11
Bootstrap[791]: Time 3.929918 seconds, bootstrap likelihood -17499.326326, best rearrangement setting 11
Bootstrap[792]: Time 2.596411 seconds, bootstrap likelihood -17293.459669, best rearrangement setting 15
Bootstrap[793]: Time 2.731258 seconds, bootstrap likelihood -17314.743122, best rearrangement setting 12
Bootstrap[794]: Time 2.707822 seconds, bootstrap likelihood -17590.296005, best rearrangement setting 14
Bootstrap[795]: Time 2.402045 seconds, bootstrap likelihood -17608.544031, best rearrangement setting 6
Bootstrap[796]: Time 2.552136 seconds, bootstrap likelihood -17330.553529, best rearrangement setting 8
Bootstrap[797]: Time 3.923457 seconds, bootstrap likelihood -17518.270632, best rearrangement setting 9
Bootstrap[798]: Time 2.606614 seconds, bootstrap likelihood -17552.904784, best rearrangement setting 10
Bootstrap[799]: Time 2.395935 seconds, bootstrap likelihood -17341.520578, best rearrangement setting 15


Stopped Rapid BS search after 800 replicates with MRE-based Bootstopping criterion
WRF Average of 100 random splits: 1.118207 %
Overall Time for 800 Rapid Bootstraps 2102.127726 seconds
Average Time per Rapid Bootstrap 2.627660 seconds
All 800 bootstrapped trees written to: /Users/bhe2/work/current/C037-Cand-auris-adhesin/01-global-adhesin-prediction/output/OrthoMCL/all-fungalRV-orthoMCL-v5/OG5_132045/raxml/RAxML_bootstrap.TH8
