GeneRax was called as follow:
generax --families families-clustalo.txt --species-tree generax/species-tree-shen2018.nwk --rec-model UndatedDTL --per-family-rates --prefix ../output/generax/generax-clustalo-DTL-shen2018 --max-spr-radius 5 

General information:
- Output prefix: ../output/generax/generax-clustalo-DTL-shen2018
- Families information: families-clustalo.txt
- Species tree: generax/species-tree-shen2018.nwk
- MPI Ranks: 56
- Random seed: 123
- Reconciliation model: UndatedDTL
- DTL rates: per family rates
- Infer ML reconciliation: ON
- Unrooted reconciliation likelihood: OFF
- Prune species tree mode: OFF

Gene tree correction information:
- Gene tree strategy: SPR
- Max gene SPR radius: 5

[00:00:00] Filtering invalid families...

End of instance initialization
[00:00:00] Starting species tree initialization...
[00:00:00] End of species tree initialization
[00:00:00] Filtering invalid families based on the starting species tree...

[00:00:00] Gathering statistics about the families...
[00:00:00] Input data information:
- Number of gene families: 1
- Number of species: 31
- Total number of genes: 186
- Average number of genes per family: 186
- Maximum number of genes per family: 186
- Species covered with the smallest family coverage: "Candida_nivariensis" (covered by 1/1 families)
- Average (over species) species family coverage: 1

[00:00:00] Optimizing reconciliation rates and gene trees with radius=1... 
	JointLL=-73361.6 RecLL=-431.581 LibpllLL=-72930

[00:00:16] Optimizing reconciliation rates and gene trees with radius=2... 
	JointLL=-73358.7 RecLL=-430.578 LibpllLL=-72928.1

[00:00:22] Optimizing reconciliation rates and gene trees with radius=3... 
	JointLL=-73354.7 RecLL=-420.929 LibpllLL=-72933.8

[00:00:56] Optimizing reconciliation rates and gene trees with radius=4... 
	JointLL=-73353.6 RecLL=-420.248 LibpllLL=-72933.4

[00:01:15] Optimizing reconciliation rates and gene trees with radius=5... 
	JointLL=-73353.6 RecLL=-420.248 LibpllLL=-72933.4

[00:01:44] Reconciling gene trees with the species tree...
[00:01:44] Terminating the instance..

[00:01:44] Reconciliation likelihood: -420.248
[00:01:44] Phylogenetic likelihood: -72933.4
[00:01:44] Joint likelihood: -73353.6
[00:01:44] Results directory: ../output/generax/generax-clustalo-DTL-shen2018
[00:01:44] End of GeneRax execution
