
Analysis Description
--------------------
GARD : Genetic Algorithms for Recombination Detection. Implements a
heuristic approach to screening alignments of sequences for
recombination, by using the CHC genetic algorithm to search for
phylogenetic incongruence among different partitions of the data. The
number of partitions is determined using a step-up procedure, while the
placement of breakpoints is searched for with the GA. The best fitting
model (based on c-AIC) is returned; and additional post-hoc tests run to
distinguish topological incongruence from rate-variation. v0.2 adds and
spooling results to JSON after each breakpoint search conclusion

- __Requirements__: A sequence alignment.

- __Citation__: **Automated Phylogenetic Detection of Recombination Using a Genetic
Algorithm**, _Mol Biol Evol 23(10), 1891–1901

- __Written by__: Sergei L Kosakovsky Pond

- __Contact Information__: spond@temple.edu

- __Analysis Version__: 0.2

type: nucleotide
rv: None
mode: Faster
>Loaded a nucleotide multiple sequence alignment with **9** sequences, **981** sites (802 of which are variable) from `/home/datamonkey/datamonkey-js-server/production/app/gard/output/62bf59a0e3fb78072bbc6dbe`
>Minimum size of a partition is set to be 15 sites


### Fitting the baseline (single-partition; no breakpoints) model
* Log(L) = -8704.91, AIC-c = 17456.96 (23 estimated parameters)

### Performing an exhaustive single breakpoint analysis
Done with single breakpoint analysis.
   Best sinlge break point location: 700
   c-AIC  = 17421.63506007887

### Performing multi breakpoint analysis using a genetic algorithm
Done with 2 breakpoint analysis.
    Best break point locations: 421, 700
    c-AIC = 17388.89972067581
Done with 3 breakpoint analysis.
    Best break point locations: 413, 579, 694
    c-AIC = 17359.07749548597
Done with 4 breakpoint analysis.
    Best break point locations: 123, 413, 579, 694
    c-AIC = 17346.11002017829
Done with 5 breakpoint analysis.
    Best break point locations: 122, 346, 413, 579, 694
    c-AIC = 17334.39246383897
