
Analysis Description
--------------------
GARD : Genetic Algorithms for Recombination Detection. Implements a
heuristic approach to screening alignments of sequences for
recombination, by using the CHC genetic algorithm to search for
phylogenetic incongruence among different partitions of the data. The
number of partitions is determined using a step-up procedure, while the
placement of breakpoints is searched for with the GA. The best fitting
model (based on c-AIC) is returned; and additional post-hoc tests run to
distinguish topological incongruence from rate-variation. v0.2 adds and
spooling results to JSON after each breakpoint search conclusion

- __Requirements__: A sequence alignment.

- __Citation__: **Automated Phylogenetic Detection of Recombination Using a Genetic
Algorithm**, _Mol Biol Evol 23(10), 1891–1901

- __Written by__: Sergei L Kosakovsky Pond

- __Contact Information__: spond@temple.edu

- __Analysis Version__: 0.2

type: nucleotide
rv: Gamma
>How many site rate classes to use (permissible range = [2,10], default value = 4, integer): rate-classes: 4
mode: Faster
>Loaded a nucleotide multiple sequence alignment with **9** sequences, **981** sites (802 of which are variable) from `/home/datamonkey/datamonkey-js-server/production/app/gard/output/62bf5f83e3fb78072bbc6e12`
>Minimum size of a partition is set to be 15 sites


### Fitting the baseline (single-partition; no breakpoints) model
* Log(L) = -8563.77, AIC-c = 17176.79 (24 estimated parameters)

### Performing an exhaustive single breakpoint analysis
Done with single breakpoint analysis.
   Best sinlge break point location: 695
   c-AIC  = 17126.073829053

### Performing multi breakpoint analysis using a genetic algorithm
Done with 2 breakpoint analysis.
    Best break point locations: 422, 700
    c-AIC = 17109.72271064968
Done with 3 breakpoint analysis.
    Best break point locations: 416, 701, 883
    c-AIC = 17083.40436559035
Done with 4 breakpoint analysis.
    Best break point locations: 133, 415, 701, 883
    c-AIC = 17083.04776526628
Done with 5 breakpoint analysis.
    Best break point locations: 133, 413, 579, 701, 883
    c-AIC = 17067.06939298622
Done with 6 breakpoint analysis.
    Best break point locations: 134, 355, 413, 579, 701, 883
    c-AIC = 17064.82772835801
